cod	c02	c04	tent	tsal	c03	fecha
7	39.94	39.06	30.31	30.38	39.94	2014-06-06 11:38:56
8	39.81	38.94	30.19	30.38	39.81	2014-06-06 11:39:57
9	39.69	38.88	30.19	30.38	39.69	2014-06-06 11:40:57
10	39.56	38.75	30.19	30.44	39.56	2014-06-06 11:41:58
11	39.44	38.69	30.13	30.44	39.44	2014-06-06 11:42:59
12	39.31	38.56	30	30.44	39.31	2014-06-06 11:43:59
13	39.25	38.44	29.88	30.5	39.25	2014-06-06 11:45:00
14	39.13	38.38	29.88	30.44	39.13	2014-06-06 11:46:01
15	39	38.25	29.94	30.38	39	2014-06-06 11:47:01
16	38.88	38.19	29.88	30.38	38.88	2014-06-06 11:48:02
17	38.81	38.06	29.75	30.38	38.81	2014-06-06 11:49:03
18	38.69	38	29.75	30.31	38.69	2014-06-06 11:50:03
19	38.56	37.88	29.75	30.31	38.63	2014-06-06 11:51:04
20	38.5	37.81	29.81	30.25	38.5	2014-06-06 11:52:05
21	38.38	37.69	29.75	30.25	38.38	2014-06-06 11:53:05
22	38.31	37.63	29.63	30.25	38.31	2014-06-06 11:54:06
23	38.19	37.5	29.69	30.19	38.19	2014-06-06 11:55:07
24	38.06	37.44	29.69	30.13	38.06	2014-06-06 11:56:07
25	38	37.31	29.63	30.06	38	2014-06-06 11:57:08
26	37.88	37.25	29.63	30.13	37.88	2014-06-06 11:58:09
27	37.75	37.19	29.56	30.13	37.81	2014-06-06 11:59:09
28	37.69	37.13	29.56	30.06	37.75	2014-06-06 12:00:10
29	37.56	37	29.56	30.06	37.63	2014-06-06 12:01:11
30	37.44	36.94	29.75	30.06	37.56	2014-06-06 12:02:11
31	37.31	36.88	29.69	30.06	37.44	2014-06-06 12:03:12
32	37.25	36.81	29.69	30	37.38	2014-06-06 12:04:13
33	37.13	36.75	29.69	29.94	37.25	2014-06-06 12:05:13
34	37.06	36.63	29.75	29.94	37.19	2014-06-06 12:06:14
35	37	36.5	29.69	29.81	37.06	2014-06-06 12:07:15
36	36.94	36.44	29.75	29.81	36.94	2014-06-06 12:08:15
37	36.81	36.38	29.75	29.75	36.88	2014-06-06 12:09:16
38	36.75	36.25	29.63	29.75	36.81	2014-06-06 12:10:16
39	36.63	36.13	29.63	29.69	36.69	2014-06-06 12:11:17
40	36.56	36.06	29.75	29.75	36.63	2014-06-06 12:12:18
41	36.5	36	29.88	29.81	36.56	2014-06-06 12:13:18
42	36.44	36	29.94	29.88	36.5	2014-06-06 12:14:19
43	36.31	35.88	29.94	29.81	36.38	2014-06-06 12:15:20
44	36.25	35.75	29.75	29.94	36.25	2014-06-06 12:16:20
45	36.13	35.69	29.69	29.94	36.19	2014-06-06 12:17:21
46	36.06	35.63	29.63	29.81	36.13	2014-06-06 12:18:22
47	36	35.56	29.69	29.75	36.06	2014-06-06 12:19:22
48	35.88	35.5	29.63	29.69	35.94	2014-06-06 12:20:23
49	35.56	35.44	29.63	29.63	35.88	2014-06-06 12:21:24
50	35.38	35.38	29.69	29.63	35.81	2014-06-06 12:22:24
51	35.38	35.31	29.69	29.63	35.75	2014-06-06 12:23:25
52	35.38	35.25	29.75	29.63	35.63	2014-06-06 12:24:25
53	35.25	35.19	29.75	29.69	35.56	2014-06-06 12:25:26
54	35.19	35.06	29.69	29.69	35.5	2014-06-06 12:26:27
55	35.13	35	29.63	29.56	35.38	2014-06-06 12:27:27
56	35.13	34.94	29.56	29.56	35.31	2014-06-06 12:28:28
57	35	34.88	29.56	29.5	35.25	2014-06-06 12:29:29
58	34.69	34.69	29.44	29.38	34.94	2014-06-06 12:30:29
59	34.44	34.44	29	28.94	34.63	2014-06-06 12:31:30
60	34.38	34.25	28.81	28.75	34.56	2014-06-06 12:32:31
61	34.31	34.19	28.69	28.69	34.5	2014-06-06 12:33:31
62	34.31	34.19	28.5	28.63	34.5	2014-06-06 12:34:32
63	34.25	34.19	28.5	28.63	34.44	2014-06-06 12:35:33
64	34.25	34.13	28.56	28.63	34.44	2014-06-06 12:36:33
65	34.19	34.13	28.56	28.63	34.38	2014-06-06 12:37:34
66	34.19	34.06	28.56	28.69	34.38	2014-06-06 12:38:35
67	34.19	34.06	28.56	28.69	34.31	2014-06-06 12:39:35
68	34.13	34	28.63	28.69	34.31	2014-06-06 12:40:36
69	34.06	34	28.63	28.69	34.25	2014-06-06 12:41:36
70	34.06	34	28.63	28.69	34.19	2014-06-06 12:42:37
71	34	33.94	28.63	28.69	34.13	2014-06-06 12:43:38
72	34	33.94	28.63	28.63	34.13	2014-06-06 12:44:38
73	33.94	33.88	28.56	28.56	34.06	2014-06-06 12:45:39
74	33.88	33.81	28.63	28.63	34	2014-06-06 12:46:40
75	33.88	33.75	28.56	28.56	33.94	2014-06-06 12:47:40
76	33.81	33.75	28.56	28.56	33.94	2014-06-06 12:48:41
77	33.75	33.69	28.56	28.56	33.88	2014-06-06 12:49:42
78	33.69	33.69	28.56	28.56	33.81	2014-06-06 12:50:42
79	33.69	33.63	28.5	28.63	33.81	2014-06-06 12:51:43
80	33.63	33.56	28.5	28.63	33.75	2014-06-06 12:52:44
81	33.56	33.5	28.44	28.63	33.63	2014-06-06 12:53:44
82	33.38	33.94	28.25	28.38	33.69	2014-06-06 12:54:45
83	33.19	34.25	27.88	28	33.75	2014-06-06 12:55:46
84	33.13	34.56	27.63	27.69	33.81	2014-06-06 12:56:46
85	33	34.88	27.44	27.38	33.88	2014-06-06 12:57:47
86	33	35.19	27.25	27.19	33.88	2014-06-06 12:58:48
87	32.94	35.38	27.06	27	33.94	2014-06-06 12:59:48
88	32.88	35.56	26.94	26.88	34	2014-06-06 13:00:49
89	32.88	35.75	26.81	26.81	34	2014-06-06 13:01:50
90	32.94	35.94	26.81	26.75	34	2014-06-06 13:02:50
91	32.88	36.06	26.75	26.63	34.06	2014-06-06 13:03:51
92	32.81	36.19	26.81	26.63	34.06	2014-06-06 13:04:51
93	32.88	36.25	26.81	26.63	34.13	2014-06-06 13:05:52
94	33.44	36.31	26.75	26.56	34.19	2014-06-06 13:06:53
95	34.25	36.38	26.75	26.56	34.25	2014-06-06 13:07:53
96	34.75	36.44	26.69	26.56	34.25	2014-06-06 13:08:54
97	35.06	36.5	26.63	26.5	34.25	2014-06-06 13:09:55
98	35.19	36.63	26.56	26.44	34.31	2014-06-06 13:10:55
99	35.06	36.69	26.5	26.38	34.38	2014-06-06 13:11:56
100	34.5	36.75	26.38	26.31	34.44	2014-06-06 13:12:57
101	34.13	36.88	26.25	26.31	34.5	2014-06-06 13:13:58
102	33.88	36.94	26.19	26.31	34.56	2014-06-06 13:14:58
103	33.75	37	26.25	26.31	34.63	2014-06-06 13:15:59
104	34.31	37	26.25	26.31	34.63	2014-06-06 13:17:00
105	34.63	37.06	26.25	26.31	34.69	2014-06-06 13:18:00
106	34.69	37.13	26.25	26.31	34.75	2014-06-06 13:19:01
107	35.13	37.94	26.31	26.31	35.25	2014-06-06 13:20:02
108	35.81	39.31	26.31	26.38	35.88	2014-06-06 13:21:02
109	36.25	40.44	26.38	26.44	36.25	2014-06-06 13:22:03
110	36.5	41.31	26.38	26.44	36.5	2014-06-06 13:23:04
111	36.69	41.94	26.44	26.44	36.63	2014-06-06 13:24:04
112	36.88	42.44	26.44	26.44	36.81	2014-06-06 13:25:05
113	37.06	42.81	26.5	26.5	37	2014-06-06 13:26:06
114	37.19	43.13	26.5	26.56	37.13	2014-06-06 13:27:06
115	37.31	42.19	26.56	26.63	37.25	2014-06-06 13:28:07
116	37.56	39.63	26.56	26.63	37.44	2014-06-06 13:29:08
117	37.75	38.69	26.56	26.63	37.69	2014-06-06 13:30:08
118	37.94	38.38	26.63	26.63	37.88	2014-06-06 13:31:09
119	38.06	38.38	26.63	26.69	38.06	2014-06-06 13:32:10
120	38.25	38.44	26.63	26.63	38.19	2014-06-06 13:33:10
121	38.38	38.56	26.63	26.63	38.38	2014-06-06 13:34:11
122	38.5	38.69	26.63	26.63	38.5	2014-06-06 13:35:12
123	38.63	38.81	26.63	26.63	38.63	2014-06-06 13:36:12
124	38.75	38.88	26.56	26.56	38.75	2014-06-06 13:37:13
125	38.88	39	26.63	26.63	38.88	2014-06-06 13:38:14
126	39	39.13	26.56	26.69	39	2014-06-06 13:39:14
127	39.06	39.25	26.56	26.69	39.13	2014-06-06 13:40:15
128	39.19	39.38	26.5	26.69	39.25	2014-06-06 13:41:15
129	39.31	39.5	26.56	26.75	39.38	2014-06-06 13:42:16
130	39.44	39.56	26.63	26.75	39.5	2014-06-06 13:43:17
131	39.5	39.69	26.63	26.81	39.63	2014-06-06 13:44:17
132	39.69	39.81	26.63	26.88	39.69	2014-06-06 13:45:18
133	39.75	39.94	26.63	26.94	39.81	2014-06-06 13:46:19
134	39.88	40	26.69	26.94	39.94	2014-06-06 13:47:19
135	40	40.13	26.69	27	40.06	2014-06-06 13:48:20
136	40.06	40.25	26.69	27	40.13	2014-06-06 13:49:21
137	40.19	40.31	26.75	27	40.25	2014-06-06 13:50:21
138	40.25	40.44	26.75	27.06	40.38	2014-06-06 13:51:22
139	40.38	40.5	26.88	27	40.44	2014-06-06 13:52:23
140	40.44	40.63	26.88	27.06	40.56	2014-06-06 13:53:23
141	40.5	40.69	26.88	27.13	40.69	2014-06-06 13:54:24
142	40.63	40.81	26.88	27.13	40.75	2014-06-06 13:55:25
143	40.69	40.94	26.88	27.19	40.88	2014-06-06 13:56:25
144	40.81	41	26.88	27.19	40.94	2014-06-06 13:57:26
145	40.88	41.06	26.81	27.19	41	2014-06-06 13:58:27
146	41	41.19	26.88	27.19	41.06	2014-06-06 13:59:27
147	41.06	41.25	26.81	27.19	41.19	2014-06-06 14:00:28
148	41.19	41.38	26.81	27.19	41.25	2014-06-06 14:01:29
149	41.25	41.44	26.81	27.19	41.38	2014-06-06 14:02:29
150	41.31	41.5	26.81	27.19	41.44	2014-06-06 14:03:30
151	41.38	41.63	26.81	27.25	41.5	2014-06-06 14:04:31
152	41.44	41.63	26.81	27.25	41.63	2014-06-06 14:05:31
153	41.56	41.69	26.81	27.25	41.69	2014-06-06 14:06:32
154	41.63	41.81	26.81	27.25	41.81	2014-06-06 14:07:33
155	41.69	41.88	26.81	27.25	41.88	2014-06-06 14:08:33
156	41.81	41.88	26.81	27.25	41.94	2014-06-06 14:09:34
157	41.88	41.81	26.88	27.25	42	2014-06-06 14:10:35
158	41.94	41.81	26.88	27.25	42.06	2014-06-06 14:11:35
159	41.94	41.88	26.88	27.31	42.13	2014-06-06 14:12:36
160	42.06	41.94	26.88	27.31	42.19	2014-06-06 14:13:37
161	42.13	42	26.88	27.31	42.31	2014-06-06 14:14:37
162	42.19	42.06	26.88	27.38	42.38	2014-06-06 14:15:38
163	42.25	42.13	26.94	27.38	42.38	2014-06-06 14:16:39
164	42.25	42.19	26.94	27.38	42.44	2014-06-06 14:17:39
165	42.31	42.25	27	27.38	42.5	2014-06-06 14:18:40
166	42.38	42.31	27	27.31	42.56	2014-06-06 14:19:41
167	42.44	42.38	27	27.38	42.63	2014-06-06 14:20:41
168	42.5	42.44	27.06	27.38	42.69	2014-06-06 14:21:42
169	42.56	42.5	27.06	27.38	42.75	2014-06-06 14:22:42
170	42.56	42.56	27.06	27.38	42.81	2014-06-06 14:23:43
171	42.63	42.56	27.06	27.38	42.88	2014-06-06 14:24:44
172	42.69	42.63	27.06	27.44	42.94	2014-06-06 14:25:44
173	42.75	42.69	27.13	27.44	43	2014-06-06 14:26:45
174	42.81	42.75	27.06	27.44	43	2014-06-06 14:27:46
175	42.81	42.75	27.13	27.44	43.06	2014-06-06 14:28:46
176	42.88	42.88	27.13	27.5	43.13	2014-06-06 14:29:47
177	42.94	42.88	27.13	27.5	43.19	2014-06-06 14:30:48
178	43	42.94	27.06	27.5	43.25	2014-06-06 14:31:48
179	43	43	27.06	27.56	43.25	2014-06-06 14:32:49
180	43.06	43	27.06	27.56	43.31	2014-06-06 14:33:50
181	43.06	43.06	27.06	27.56	43.38	2014-06-06 14:34:50
182	43.13	43.13	27.06	27.56	43.44	2014-06-06 14:35:51
183	43.19	43.19	27	27.56	43.44	2014-06-06 14:36:52
184	43.25	43.19	27.06	27.56	43.5	2014-06-06 14:37:52
185	43.25	43.25	27.06	27.56	43.56	2014-06-06 14:38:53
186	43.31	43.31	27.06	27.56	43.56	2014-06-06 14:39:54
187	43.38	43.38	27.06	27.56	43.63	2014-06-06 14:40:54
188	43.38	43.38	27.13	27.63	43.69	2014-06-06 14:41:55
189	43.44	43.44	27.13	27.63	43.69	2014-06-06 14:42:55
190	43.5	43.5	27.19	27.63	43.69	2014-06-06 14:43:56
191	43.5	43.5	27.13	27.63	43.75	2014-06-06 14:44:57
192	43.56	43.56	27.13	27.63	43.81	2014-06-06 14:45:57
193	43.56	43.56	27.13	27.63	43.81	2014-06-06 14:46:58
194	43.63	43.56	27.19	27.63	43.88	2014-06-06 14:47:59
195	43.63	43.63	27.19	27.69	43.94	2014-06-06 14:48:59
196	43.69	43.69	27.19	27.69	43.94	2014-06-06 14:50:00
197	43.69	43.75	27.19	27.69	44	2014-06-06 14:51:01
198	43.75	43.75	27.19	27.69	44.06	2014-06-06 14:52:01
199	43.81	43.81	27.25	27.69	44.06	2014-06-06 14:53:02
200	43.81	43.88	27.19	27.69	44.13	2014-06-06 14:54:03
201	43.81	43.88	27.19	27.75	44.13	2014-06-06 14:55:03
202	43.88	43.94	27.19	27.75	44.19	2014-06-06 14:56:04
203	43.88	43.94	27.19	27.69	44.19	2014-06-06 14:57:05
204	43.94	44	27.19	27.69	44.25	2014-06-06 14:58:05
205	44	44	27.19	27.69	44.25	2014-06-06 14:59:06
206	44	44.06	27.19	27.69	44.31	2014-06-06 15:00:07
207	44	44.06	27.19	27.75	44.31	2014-06-06 15:01:07
208	44.06	44.13	27.19	27.75	44.31	2014-06-06 15:02:08
209	44.13	44.19	27.19	27.75	44.38	2014-06-06 15:03:09
210	44.13	44.19	27.25	27.75	44.44	2014-06-06 15:04:09
211	44.19	44.25	27.25	27.75	44.44	2014-06-06 15:05:10
212	44.19	44.25	27.25	27.75	44.44	2014-06-06 15:06:11
213	44.19	44.25	27.25	27.75	44.5	2014-06-06 15:07:11
214	44.25	44.31	27.25	27.75	44.5	2014-06-06 15:08:12
215	44.31	44.31	27.25	27.69	44.56	2014-06-06 15:09:13
216	44.31	44.38	27.31	27.69	44.56	2014-06-06 15:10:13
217	44.31	44.44	27.31	27.69	44.56	2014-06-06 15:11:14
218	44.31	44.44	27.31	27.69	44.63	2014-06-06 15:12:15
219	44.38	44.5	27.31	27.69	44.63	2014-06-06 15:13:15
220	44.44	44.5	27.38	27.69	44.69	2014-06-06 15:14:16
221	44.44	44.56	27.38	27.69	44.69	2014-06-06 15:15:16
222	44.44	44.56	27.38	27.69	44.75	2014-06-06 15:16:17
223	44.5	44.56	27.38	27.75	44.75	2014-06-06 15:17:18
224	44.5	44.63	27.38	27.75	44.75	2014-06-06 15:18:18
225	44.56	44.63	27.31	27.75	44.75	2014-06-06 15:19:19
226	44.56	44.63	27.38	27.81	44.81	2014-06-06 15:20:20
227	44.56	44.69	27.44	27.88	44.81	2014-06-06 15:21:20
228	44.56	44.69	27.44	27.81	44.88	2014-06-06 15:22:21
229	44.63	44.75	27.44	27.88	44.88	2014-06-06 15:23:22
230	44.63	44.75	27.44	27.88	44.88	2014-06-06 15:24:22
231	44.63	44.81	27.38	27.88	44.94	2014-06-06 15:25:23
232	44.63	44.81	27.38	27.88	44.94	2014-06-06 15:26:23
233	44.69	44.88	27.44	27.88	44.94	2014-06-06 15:27:24
234	44.69	44.88	27.44	27.88	45	2014-06-06 15:28:25
235	44.75	44.88	27.5	27.88	45	2014-06-06 15:29:25
236	44.75	44.94	27.44	27.88	45	2014-06-06 15:30:26
237	44.75	44.94	27.38	27.94	45.06	2014-06-06 15:31:27
238	44.81	44.94	27.44	27.94	45.06	2014-06-06 15:32:27
239	44.81	44.94	27.44	27.94	45.13	2014-06-06 15:33:28
240	44.81	44.94	27.44	27.94	45.13	2014-06-06 15:34:29
241	44.81	45	27.44	27.94	45.13	2014-06-06 15:35:29
242	44.88	45	27.44	27.94	45.13	2014-06-06 15:36:30
243	44.88	45.06	27.44	27.94	45.19	2014-06-06 15:37:31
244	44.94	45.06	27.44	27.94	45.19	2014-06-06 15:38:31
245	44.94	45.06	27.44	27.88	45.19	2014-06-06 15:39:32
246	44.94	45.06	27.44	27.88	45.19	2014-06-06 15:40:33
247	44.94	45.13	27.44	27.88	45.19	2014-06-06 15:41:33
248	44.94	45.13	27.44	27.94	45.19	2014-06-06 15:42:34
249	45	45.13	27.44	27.94	45.25	2014-06-06 15:43:35
250	45.06	45.19	27.44	28	45.25	2014-06-06 15:44:35
251	45.06	45.19	27.44	28	45.25	2014-06-06 15:45:36
252	45.06	45.25	27.44	28	45.31	2014-06-06 15:46:36
253	45.06	45.25	27.56	28	45.31	2014-06-06 15:47:36
254	45.06	45.19	27.56	28	45.31	2014-06-06 15:48:37
255	45.06	45.25	27.56	28	45.31	2014-06-06 15:49:37
256	45.13	45.25	27.56	28.06	45.31	2014-06-06 15:50:37
257	45.13	45.31	27.63	28.06	45.31	2014-06-06 15:51:37
258	45.19	45.31	27.63	28.06	45.38	2014-06-06 15:52:37
259	45.19	45.31	27.56	28	45.44	2014-06-06 15:53:38
260	45.19	45.31	27.56	28.06	45.44	2014-06-06 15:54:38
261	45.19	45.31	27.56	28.06	45.44	2014-06-06 15:55:38
262	45.19	45.38	27.56	28	45.44	2014-06-06 15:56:38
263	45.19	45.38	27.63	27.94	45.44	2014-06-06 15:57:38
264	45.25	45.38	27.69	27.94	45.44	2014-06-06 15:58:39
265	45.25	45.38	27.69	27.94	45.5	2014-06-06 15:59:39
266	45.25	45.38	27.69	28	45.5	2014-06-06 16:00:39
267	45.25	45.38	27.69	27.94	45.5	2014-06-06 16:01:39
268	45.31	45.44	27.69	27.94	45.5	2014-06-06 16:02:39
269	45.31	45.44	27.69	28	45.5	2014-06-06 16:03:40
270	45.31	45.5	27.63	28	45.56	2014-06-06 16:04:40
271	45.38	45.5	27.63	28	45.56	2014-06-06 16:05:40
272	45.38	45.5	27.69	28	45.56	2014-06-06 16:06:40
273	45.38	45.56	27.69	28	45.56	2014-06-06 16:07:41
274	45.38	45.5	27.63	27.94	45.56	2014-06-06 16:08:41
275	45.44	45.5	27.56	28	45.63	2014-06-06 16:09:41
276	45.38	45.56	27.56	28	45.63	2014-06-06 16:10:41
277	45.44	45.56	27.56	28	45.63	2014-06-06 16:11:41
278	45.44	45.56	27.63	28.06	45.63	2014-06-06 16:12:42
279	45.44	45.56	27.56	28.06	45.63	2014-06-06 16:13:42
280	45.44	45.56	27.56	28.06	45.63	2014-06-06 16:14:42
281	45.44	45.56	27.56	28.06	45.69	2014-06-06 16:15:42
282	45.5	45.56	27.56	28.06	45.69	2014-06-06 16:16:42
283	45.44	45.63	27.56	28.06	45.69	2014-06-06 16:17:43
284	45.5	45.63	27.56	28.06	45.69	2014-06-06 16:18:43
285	45.5	45.63	27.56	28.06	45.69	2014-06-06 16:19:43
286	45.5	45.63	27.56	28.06	45.69	2014-06-06 16:20:43
287	45.5	45.63	27.63	28	45.69	2014-06-06 16:21:43
288	45.56	45.63	27.56	28.06	45.75	2014-06-06 16:22:44
289	45.56	45.63	27.63	28.06	45.75	2014-06-06 16:23:44
290	45.56	45.63	27.63	28.06	45.75	2014-06-06 16:24:44
291	45.56	45.69	27.63	28.06	45.75	2014-06-06 16:25:44
292	45.56	45.69	27.56	28.06	45.75	2014-06-06 16:26:44
293	45.63	45.69	27.56	28.06	45.75	2014-06-06 16:27:45
294	45.63	45.69	27.56	28.06	45.81	2014-06-06 16:28:45
295	45.63	45.69	27.56	28.06	45.81	2014-06-06 16:29:45
296	45.63	45.69	27.63	28.06	45.81	2014-06-06 16:30:45
297	45.63	45.69	27.63	28.06	45.81	2014-06-06 16:31:45
298	45.63	45.69	27.56	28.06	45.81	2014-06-06 16:32:46
299	45.63	45.75	27.63	28.06	45.81	2014-06-06 16:33:46
300	45.63	45.75	27.63	28.13	45.81	2014-06-06 16:34:46
301	45.69	45.75	27.63	28.06	45.88	2014-06-06 16:35:46
302	45.69	45.75	27.56	28.06	45.81	2014-06-06 16:36:46
303	45.69	45.75	27.56	28.06	45.88	2014-06-06 16:37:47
304	45.69	45.75	27.63	28.06	45.88	2014-06-06 16:38:47
305	45.69	45.75	27.56	28.13	45.88	2014-06-06 16:39:47
306	45.75	45.75	27.56	28.06	45.88	2014-06-06 16:40:47
307	45.75	45.75	27.56	28.13	45.88	2014-06-06 16:41:47
308	45.75	45.75	27.63	28.13	45.88	2014-06-06 16:42:48
309	45.75	45.75	27.56	28.13	45.88	2014-06-06 16:43:48
310	45.75	45.75	27.63	28.13	45.88	2014-06-06 16:44:48
311	45.75	45.81	27.63	28.06	45.88	2014-06-06 16:45:48
312	45.75	45.81	27.69	28.13	45.88	2014-06-06 16:46:48
313	45.75	45.81	27.69	28.19	45.88	2014-06-06 16:47:49
314	45.75	45.81	27.63	28.13	45.94	2014-06-06 16:48:49
315	45.75	45.81	27.69	28.06	45.94	2014-06-06 16:49:49
316	45.81	45.81	27.69	28	45.94	2014-06-06 16:50:49
317	45.81	45.81	27.69	28	45.94	2014-06-06 16:51:50
318	45.81	45.88	27.75	28.06	45.94	2014-06-06 16:52:50
319	45.81	45.88	27.75	28.06	45.94	2014-06-06 16:53:50
320	45.81	45.88	27.75	28.06	45.94	2014-06-06 16:54:50
321	45.88	45.88	27.75	28.06	46	2014-06-06 16:55:50
322	45.88	45.88	27.75	28.06	46	2014-06-06 16:56:51
323	45.88	45.88	27.75	28.06	46	2014-06-06 16:57:51
324	45.88	45.88	27.75	28.06	46	2014-06-06 16:58:51
325	45.88	45.94	27.75	28.13	46	2014-06-06 16:59:51
326	45.88	45.94	27.81	28.13	46	2014-06-06 17:00:52
327	45.88	45.94	27.81	28.13	46	2014-06-06 17:01:52
328	45.88	45.94	27.75	28.19	46	2014-06-06 17:02:52
329	45.88	45.94	27.75	28.19	46.06	2014-06-06 17:03:52
330	45.88	45.94	27.75	28.25	46.06	2014-06-06 17:04:52
331	45.88	45.94	27.75	28.31	46.06	2014-06-06 17:05:53
332	45.88	45.94	27.75	28.31	46.06	2014-06-06 17:06:53
333	45.88	45.94	27.75	28.25	46.06	2014-06-06 17:07:53
334	45.94	45.94	27.69	28.25	46.06	2014-06-06 17:08:53
335	45.88	45.94	27.69	28.25	46.06	2014-06-06 17:09:53
336	45.94	45.94	27.69	28.25	46.06	2014-06-06 17:10:54
337	45.88	45.94	27.69	28.25	46.06	2014-06-06 17:11:54
338	45.88	46	27.69	28.25	46.06	2014-06-06 17:12:54
339	45.94	46	27.75	28.25	46.13	2014-06-06 17:13:54
340	45.94	46	27.69	28.19	46.13	2014-06-06 17:14:54
341	45.94	46	27.75	28.25	46.13	2014-06-06 17:15:55
342	45.94	46	27.69	28.25	46.13	2014-06-06 17:16:55
343	45.94	46	27.69	28.25	46.13	2014-06-06 17:17:55
344	45.94	46.06	27.81	28.25	46.13	2014-06-06 17:18:55
345	45.94	46.06	27.81	28.25	46.13	2014-06-06 17:19:55
346	45.94	46	27.81	28.25	46.13	2014-06-06 17:20:56
347	45.94	46.06	27.75	28.25	46.13	2014-06-06 17:21:56
348	46	46	27.75	28.25	46.13	2014-06-06 17:22:56
349	46	46.06	27.75	28.25	46.19	2014-06-06 17:23:56
350	46	46.06	27.75	28.25	46.19	2014-06-06 17:24:56
351	46	46.06	27.75	28.25	46.13	2014-06-06 17:25:57
352	46	46.06	27.69	28.25	46.13	2014-06-06 17:26:57
353	46.06	46.06	27.75	28.31	46.13	2014-06-06 17:27:57
354	46.06	46.06	27.75	28.25	46.13	2014-06-06 17:28:57
355	46.06	46.06	27.75	28.25	46.19	2014-06-06 17:29:57
356	46.06	46.06	27.75	28.25	46.19	2014-06-06 17:30:58
357	46.06	46.06	27.75	28.31	46.19	2014-06-06 17:31:58
358	46.06	46.06	27.75	28.25	46.19	2014-06-06 17:32:58
359	46.06	46.06	27.81	28.31	46.19	2014-06-06 17:33:58
360	46.06	46.13	27.81	28.31	46.19	2014-06-06 17:34:58
361	46.06	46.13	27.81	28.31	46.19	2014-06-06 17:35:59
362	46.06	46.06	27.81	28.31	46.19	2014-06-06 17:36:59
363	46.06	46.13	27.88	28.31	46.19	2014-06-06 17:37:59
364	46.06	46.06	27.88	28.31	46.19	2014-06-06 17:38:59
365	46.06	46.06	27.94	28.25	46.25	2014-06-06 17:39:59
366	46.06	46.13	27.88	28.19	46.25	2014-06-06 17:41:00
367	46.06	46.13	27.94	28.19	46.25	2014-06-06 17:42:00
368	46.06	46.13	27.94	28.19	46.25	2014-06-06 17:43:00
369	46.06	46.13	27.94	28.19	46.25	2014-06-06 17:44:00
370	46.06	46.13	27.88	28.19	46.25	2014-06-06 17:45:01
371	46.06	46.19	27.88	28.19	46.25	2014-06-06 17:46:01
372	46.06	46.13	27.81	28.19	46.25	2014-06-06 17:47:01
373	46.13	46.19	27.81	28.19	46.25	2014-06-06 17:48:01
374	46.13	46.19	27.81	28.19	46.25	2014-06-06 17:49:01
375	46.13	46.19	27.81	28.19	46.25	2014-06-06 17:50:02
376	46.13	46.19	27.81	28.19	46.25	2014-06-06 17:51:02
377	46.13	46.13	27.81	28.25	46.31	2014-06-06 17:52:02
378	46.13	46.13	27.81	28.25	46.25	2014-06-06 17:53:02
379	46.13	46.19	27.81	28.25	46.25	2014-06-06 17:54:02
380	46.19	46.19	27.75	28.31	46.25	2014-06-06 17:55:03
381	46.19	46.19	27.75	28.31	46.25	2014-06-06 17:56:03
382	46.19	46.19	27.75	28.31	46.25	2014-06-06 17:57:03
383	46.19	46.19	27.81	28.31	46.31	2014-06-06 17:58:03
384	46.19	46.19	27.75	28.25	46.31	2014-06-06 17:59:03
385	46.13	46.19	27.81	28.25	46.31	2014-06-06 18:00:04
386	46.19	46.13	27.81	28.25	46.31	2014-06-06 18:01:04
387	46.19	46.19	27.75	28.25	46.31	2014-06-06 18:02:04
388	46.13	46.19	27.75	28.25	46.31	2014-06-06 18:03:04
389	46.19	46.19	27.81	28.25	46.31	2014-06-06 18:04:05
390	46.19	46.19	27.81	28.31	46.25	2014-06-06 18:05:05
391	46.19	46.19	27.81	28.31	46.31	2014-06-06 18:06:05
392	46.19	46.19	27.81	28.25	46.31	2014-06-06 18:07:05
393	46.19	46.19	27.75	28.31	46.31	2014-06-06 18:08:05
394	46.19	46.19	27.75	28.31	46.31	2014-06-06 18:09:06
395	46.19	46.19	27.75	28.31	46.31	2014-06-06 18:10:06
396	46.19	46.19	27.69	28.31	46.31	2014-06-06 18:11:06
397	46.19	46.25	27.75	28.31	46.31	2014-06-06 18:12:06
398	46.19	46.19	27.75	28.31	46.31	2014-06-06 18:13:06
399	46.19	46.19	27.75	28.31	46.31	2014-06-06 18:14:07
400	46.19	46.19	27.75	28.31	46.31	2014-06-06 18:15:07
401	46.19	46.19	27.75	28.31	46.31	2014-06-06 18:16:07
402	46.19	46.25	27.69	28.31	46.31	2014-06-06 18:17:07
403	46.19	46.25	27.69	28.31	46.31	2014-06-06 18:18:07
404	46.19	46.25	27.69	28.31	46.31	2014-06-06 18:19:08
405	46.25	46.25	27.69	28.31	46.38	2014-06-06 18:20:08
406	46.25	46.25	27.75	28.31	46.31	2014-06-06 18:21:08
407	46.25	46.25	27.75	28.38	46.31	2014-06-06 18:22:08
408	46.19	46.25	27.81	28.31	46.31	2014-06-06 18:23:09
409	46.25	46.25	27.88	28.38	46.31	2014-06-06 18:24:09
410	46.25	46.25	27.81	28.31	46.38	2014-06-06 18:25:09
411	46.25	46.25	27.88	28.31	46.38	2014-06-06 18:26:09
412	46.25	46.25	27.88	28.31	46.38	2014-06-06 18:27:09
413	46.25	46.25	27.88	28.31	46.38	2014-06-06 18:28:10
414	46.25	46.25	27.81	28.31	46.38	2014-06-06 18:29:10
415	46.25	46.25	27.81	28.31	46.38	2014-06-06 18:30:10
416	46.25	46.31	27.88	28.25	46.38	2014-06-06 18:31:10
417	46.25	46.25	27.88	28.25	46.38	2014-06-06 18:32:10
418	46.25	46.31	27.88	28.25	46.38	2014-06-06 18:33:11
419	46.31	46.31	27.94	28.25	46.38	2014-06-06 18:34:11
420	46.25	46.31	27.94	28.25	46.38	2014-06-06 18:35:11
421	46.25	46.31	27.94	28.25	46.38	2014-06-06 18:36:11
422	46.31	46.31	27.94	28.25	46.38	2014-06-06 18:37:12
423	46.31	46.31	27.94	28.31	46.44	2014-06-06 18:38:12
424	46.25	46.31	27.88	28.31	46.38	2014-06-06 18:39:12
425	46.31	46.31	27.88	28.25	46.44	2014-06-06 18:40:12
426	46.25	46.31	27.88	28.25	46.44	2014-06-06 18:41:12
427	46.31	46.31	27.81	28.25	46.44	2014-06-06 18:42:13
428	46.25	46.31	27.75	28.31	46.38	2014-06-06 18:43:13
429	46.31	46.31	27.75	28.25	46.38	2014-06-06 18:44:13
430	46.31	46.31	27.75	28.31	46.38	2014-06-06 18:45:13
431	46.31	46.31	27.75	28.31	46.38	2014-06-06 18:46:14
432	46.31	46.31	27.75	28.31	46.44	2014-06-06 18:47:14
433	46.31	46.31	27.75	28.38	46.44	2014-06-06 18:48:14
434	46.31	46.31	27.75	28.31	46.44	2014-06-06 18:49:14
435	46.31	46.31	27.75	28.31	46.44	2014-06-06 18:50:14
436	46.31	46.31	27.75	28.31	46.44	2014-06-06 18:51:14
437	46.31	46.31	27.75	28.31	46.44	2014-06-06 18:52:15
438	46.31	46.38	27.75	28.31	46.44	2014-06-06 18:53:15
439	46.31	46.31	27.69	28.31	46.44	2014-06-06 18:54:15
440	46.31	46.31	27.69	28.38	46.44	2014-06-06 18:55:15
441	46.31	46.38	27.75	28.31	46.44	2014-06-06 18:56:16
442	46.31	46.31	27.75	28.31	46.44	2014-06-06 18:57:16
443	46.31	46.31	27.69	28.31	46.44	2014-06-06 18:58:16
444	46.31	46.31	27.69	28.25	46.44	2014-06-06 18:59:16
445	46.38	46.38	27.69	28.25	46.44	2014-06-06 19:00:16
446	46.31	46.38	27.69	28.31	46.44	2014-06-06 19:01:17
447	46.31	46.38	27.69	28.31	46.5	2014-06-06 19:02:17
448	46.31	46.31	27.69	28.31	46.44	2014-06-06 19:03:17
449	46.31	46.38	27.69	28.31	46.5	2014-06-06 19:04:17
450	46.31	46.31	27.69	28.31	46.44	2014-06-06 19:05:17
451	46.38	46.38	27.75	28.25	46.44	2014-06-06 19:06:18
452	46.38	46.38	27.69	28.25	46.44	2014-06-06 19:07:18
453	46.38	46.38	27.69	28.25	46.44	2014-06-06 19:08:18
454	46.38	46.38	27.69	28.25	46.44	2014-06-06 19:09:18
455	46.38	46.38	27.69	28.25	46.5	2014-06-06 19:10:18
456	46.31	46.31	27.63	28.25	46.5	2014-06-06 19:11:19
457	46.31	46.38	27.69	28.25	46.44	2014-06-06 19:12:19
458	46.31	46.38	27.69	28.25	46.44	2014-06-06 19:13:19
459	46.31	46.38	27.69	28.25	46.44	2014-06-06 19:14:19
460	46.31	46.38	27.69	28.31	46.44	2014-06-06 19:15:19
461	46.38	46.38	27.75	28.31	46.44	2014-06-06 19:16:19
462	46.31	46.38	27.75	28.31	46.44	2014-06-06 19:17:20
463	46.31	46.38	27.75	28.31	46.44	2014-06-06 19:18:20
464	46.31	46.31	27.75	28.25	46.44	2014-06-06 19:19:20
465	46.31	46.38	27.75	28.31	46.5	2014-06-06 19:20:20
466	46.31	46.38	27.81	28.25	46.5	2014-06-06 19:21:21
467	46.31	46.31	27.81	28.25	46.44	2014-06-06 19:22:21
468	46.31	46.38	27.81	28.25	46.5	2014-06-06 19:23:21
469	46.31	46.38	27.81	28.25	46.5	2014-06-06 19:24:22
470	46.31	46.31	27.81	28.25	46.5	2014-06-06 19:25:22
471	46.31	46.31	27.81	28.19	46.5	2014-06-06 19:26:22
472	46.31	46.38	27.81	28.19	46.44	2014-06-06 19:27:22
473	46.31	46.38	27.81	28.25	46.5	2014-06-06 19:28:23
474	46.31	46.38	27.81	28.19	46.5	2014-06-06 19:29:23
475	46.31	46.38	27.81	28.19	46.5	2014-06-06 19:30:23
476	46.38	46.38	27.81	28.19	46.5	2014-06-06 19:31:24
477	46.31	46.38	27.75	28.19	46.5	2014-06-06 19:32:24
478	46.38	46.38	27.75	28.19	46.5	2014-06-06 19:33:24
479	46.38	46.38	27.75	28.19	46.5	2014-06-06 19:34:24
480	46.38	46.38	27.69	28.19	46.5	2014-06-06 19:35:25
481	46.38	46.38	27.75	28.19	46.5	2014-06-06 19:36:25
482	46.38	46.38	27.75	28.25	46.5	2014-06-06 19:37:25
483	46.38	46.38	27.75	28.19	46.5	2014-06-06 19:38:26
484	46.31	46.38	27.81	28.19	46.5	2014-06-06 19:39:26
485	46.38	46.38	27.81	28.25	46.5	2014-06-06 19:40:26
486	46.31	46.38	27.75	28.25	46.5	2014-06-06 19:41:26
487	46.31	46.38	27.81	28.25	46.5	2014-06-06 19:42:27
488	46.38	46.38	27.75	28.25	46.5	2014-06-06 19:43:27
489	46.38	46.38	27.69	28.25	46.5	2014-06-06 19:44:27
490	46.38	46.38	27.69	28.25	46.5	2014-06-06 19:45:28
491	46.38	46.38	27.69	28.25	46.5	2014-06-06 19:46:28
492	46.38	46.38	27.75	28.19	46.5	2014-06-06 19:47:28
493	46.38	46.38	27.69	28.19	46.5	2014-06-06 19:48:28
494	46.38	46.38	27.69	28.25	46.5	2014-06-06 19:49:29
495	46.31	46.38	27.69	28.25	46.5	2014-06-06 19:50:29
496	46.31	46.38	27.75	28.25	46.5	2014-06-06 19:51:29
497	46.31	46.38	27.69	28.25	46.5	2014-06-06 19:52:30
498	46.31	46.38	27.69	28.25	46.5	2014-06-06 19:53:30
499	46.38	46.38	27.69	28.25	46.5	2014-06-06 19:54:30
500	46.38	46.38	27.63	28.25	46.5	2014-06-06 19:55:30
501	46.38	46.38	27.63	28.25	46.5	2014-06-06 19:56:31
502	46.38	46.38	27.69	28.25	46.5	2014-06-06 19:57:31
503	46.38	46.38	27.69	28.25	46.5	2014-06-06 19:58:31
504	46.38	46.38	27.69	28.25	46.5	2014-06-06 19:59:32
505	46.38	46.38	27.63	28.25	46.5	2014-06-06 20:00:32
506	46.38	46.38	27.63	28.25	46.5	2014-06-06 20:01:32
507	46.38	46.44	27.63	28.25	46.5	2014-06-06 20:02:32
508	46.38	46.38	27.63	28.25	46.5	2014-06-06 20:03:33
509	46.38	46.38	27.63	28.25	46.5	2014-06-06 20:04:33
510	46.38	46.38	27.63	28.19	46.5	2014-06-06 20:05:33
511	46.38	46.38	27.69	28.25	46.5	2014-06-06 20:06:34
512	46.38	46.38	27.63	28.25	46.5	2014-06-06 20:07:34
513	46.38	46.38	27.69	28.25	46.5	2014-06-06 20:08:34
514	46.38	46.38	27.69	28.25	46.5	2014-06-06 20:09:34
515	46.38	46.38	27.75	28.25	46.5	2014-06-06 20:10:35
516	46.38	46.38	27.75	28.25	46.5	2014-06-06 20:11:35
517	46.38	46.38	27.75	28.19	46.5	2014-06-06 20:12:35
518	46.38	46.44	27.75	28.19	46.5	2014-06-06 20:13:36
519	46.38	46.38	27.69	28.25	46.5	2014-06-06 20:14:36
520	46.38	46.38	27.69	28.19	46.5	2014-06-06 20:15:36
521	46.38	46.38	27.75	28.13	46.5	2014-06-06 20:16:36
522	46.38	46.38	27.75	28.13	46.5	2014-06-06 20:17:37
523	46.38	46.38	27.81	28.13	46.5	2014-06-06 20:18:37
524	46.38	46.38	27.81	28.13	46.5	2014-06-06 20:19:37
525	46.38	46.38	27.75	28.13	46.5	2014-06-06 20:20:38
526	46.38	46.38	27.69	28.13	46.5	2014-06-06 20:21:38
527	46.38	46.38	27.75	28.13	46.5	2014-06-06 20:22:38
528	46.38	46.31	27.75	28.19	46.5	2014-06-06 20:23:38
529	46.38	46.38	27.75	28.19	46.5	2014-06-06 20:24:39
530	46.38	46.38	27.69	28.19	46.5	2014-06-06 20:25:39
531	46.44	46.38	27.69	28.19	46.5	2014-06-06 20:26:39
532	46.38	46.38	27.69	28.25	46.5	2014-06-06 20:27:40
533	46.38	46.38	27.75	28.25	46.5	2014-06-06 20:28:40
534	46.38	46.38	27.75	28.25	46.5	2014-06-06 20:29:40
535	46.38	46.38	27.75	28.19	46.5	2014-06-06 20:30:40
536	46.38	46.38	27.75	28.25	46.5	2014-06-06 20:31:41
537	46.38	46.38	27.75	28.25	46.5	2014-06-06 20:32:41
538	46.38	46.38	27.75	28.25	46.5	2014-06-06 20:33:41
539	46.38	46.38	27.69	28.25	46.5	2014-06-06 20:34:42
540	46.38	46.38	27.69	28.25	46.5	2014-06-06 20:35:42
541	46.38	46.38	27.69	28.25	46.5	2014-06-06 20:36:42
542	46.38	46.38	27.69	28.25	46.5	2014-06-06 20:37:42
543	46.38	46.31	27.69	28.25	46.5	2014-06-06 20:38:43
544	46.38	46.38	27.69	28.25	46.5	2014-06-06 20:39:43
545	46.38	46.38	27.69	28.19	46.5	2014-06-06 20:40:43
546	46.38	46.38	27.69	28.25	46.5	2014-06-06 20:41:44
547	46.38	46.38	27.69	28.19	46.5	2014-06-06 20:42:44
548	46.38	46.38	27.69	28.25	46.44	2014-06-06 20:43:44
549	46.38	46.38	27.69	28.19	46.44	2014-06-06 20:44:44
550	46.38	46.38	27.69	28.25	46.5	2014-06-06 20:45:45
551	46.38	46.38	27.69	28.25	46.5	2014-06-06 20:46:45
552	46.38	46.38	27.69	28.19	46.5	2014-06-06 20:47:45
553	46.38	46.38	27.69	28.25	46.5	2014-06-06 20:48:46
554	46.38	46.38	27.69	28.25	46.5	2014-06-06 20:49:46
555	46.38	46.38	27.63	28.25	46.5	2014-06-06 20:50:46
556	46.38	46.38	27.69	28.25	46.5	2014-06-06 20:51:46
557	46.38	46.38	27.69	28.25	46.5	2014-06-06 20:52:47
558	46.38	46.38	27.75	28.25	46.5	2014-06-06 20:53:47
559	46.38	46.38	27.75	28.25	46.5	2014-06-06 20:54:47
560	46.38	46.38	27.75	28.19	46.5	2014-06-06 20:55:48
561	46.38	46.38	27.75	28.19	46.5	2014-06-06 20:56:48
562	46.38	46.44	27.75	28.25	46.5	2014-06-06 20:57:48
563	46.38	46.38	27.69	28.25	46.5	2014-06-06 20:58:48
564	46.38	46.38	27.69	28.19	46.5	2014-06-06 20:59:49
565	46.38	46.38	27.69	28.25	46.5	2014-06-06 21:00:49
566	46.38	46.38	27.69	28.25	46.5	2014-06-06 21:01:49
567	46.38	46.38	27.69	28.25	46.5	2014-06-06 21:02:50
568	46.38	46.38	27.69	28.19	46.5	2014-06-06 21:03:50
569	46.38	46.38	27.75	28.19	46.5	2014-06-06 21:04:50
570	46.38	46.38	27.75	28.19	46.5	2014-06-06 21:05:50
571	46.38	46.38	27.75	28.19	46.5	2014-06-06 21:06:51
572	46.38	46.38	27.75	28.19	46.5	2014-06-06 21:07:51
573	46.38	46.38	27.81	28.13	46.5	2014-06-06 21:08:51
574	46.38	46.38	27.75	28.19	46.5	2014-06-06 21:09:52
575	46.38	46.38	27.75	28.19	46.5	2014-06-06 21:10:52
576	46.38	46.38	27.69	28.19	46.5	2014-06-06 21:11:52
577	46.38	46.38	27.69	28.19	46.5	2014-06-06 21:12:52
578	46.38	46.38	27.75	28.19	46.5	2014-06-06 21:13:53
579	46.38	46.38	27.69	28.19	46.5	2014-06-06 21:14:53
580	46.38	46.38	27.69	28.19	46.5	2014-06-06 21:15:53
581	46.38	46.38	27.69	28.19	46.5	2014-06-06 21:16:54
582	46.38	46.38	27.63	28.25	46.5	2014-06-06 21:17:54
583	46.38	46.38	27.69	28.19	46.5	2014-06-06 21:18:54
584	46.38	46.38	27.69	28.19	46.5	2014-06-06 21:19:54
585	46.38	46.38	27.69	28.19	46.5	2014-06-06 21:20:55
586	46.38	46.38	27.69	28.19	46.5	2014-06-06 21:21:55
587	46.38	46.38	27.69	28.19	46.5	2014-06-06 21:22:55
588	46.38	46.38	27.63	28.19	46.5	2014-06-06 21:23:56
589	46.38	46.38	27.63	28.19	46.5	2014-06-06 21:24:56
590	46.38	46.38	27.63	28.19	46.44	2014-06-06 21:25:56
591	46.38	46.38	27.63	28.19	46.5	2014-06-06 21:26:56
592	46.38	46.38	27.63	28.25	46.5	2014-06-06 21:27:57
593	46.38	46.38	27.63	28.19	46.5	2014-06-06 21:28:57
594	46.38	46.38	27.63	28.25	46.5	2014-06-06 21:29:57
595	46.38	46.38	27.69	28.19	46.5	2014-06-06 21:30:58
596	46.38	46.38	27.63	28.25	46.5	2014-06-06 21:31:58
597	46.31	46.38	27.69	28.25	46.5	2014-06-06 21:32:58
598	46.31	46.38	27.69	28.25	46.5	2014-06-06 21:33:58
599	46.31	46.38	27.69	28.19	46.5	2014-06-06 21:34:59
600	46.38	46.38	27.69	28.25	46.5	2014-06-06 21:35:59
601	46.38	46.38	27.69	28.25	46.5	2014-06-06 21:36:59
602	46.38	46.38	27.69	28.25	46.5	2014-06-06 21:38:00
603	46.31	46.38	27.69	28.19	46.44	2014-06-06 21:39:00
604	46.38	46.38	27.69	28.19	46.44	2014-06-06 21:40:00
605	46.31	46.38	27.69	28.19	46.5	2014-06-06 21:41:00
606	46.31	46.38	27.69	28.19	46.44	2014-06-06 21:42:01
607	46.38	46.31	27.69	28.19	46.44	2014-06-06 21:43:01
608	46.38	46.38	27.63	28.25	46.44	2014-06-06 21:44:01
609	46.38	46.38	27.63	28.25	46.5	2014-06-06 21:45:02
610	46.38	46.38	27.69	28.19	46.5	2014-06-06 21:46:02
611	46.38	46.38	27.69	28.25	46.5	2014-06-06 21:47:02
612	46.38	46.38	27.63	28.25	46.44	2014-06-06 21:48:02
613	46.38	46.38	27.63	28.25	46.5	2014-06-06 21:49:03
614	46.31	46.38	27.63	28.19	46.44	2014-06-06 21:50:03
615	46.38	46.38	27.63	28.25	46.44	2014-06-06 21:51:03
616	46.38	46.38	27.63	28.25	46.5	2014-06-06 21:52:04
617	46.38	46.38	27.69	28.25	46.5	2014-06-06 21:53:04
618	46.38	46.38	27.69	28.19	46.5	2014-06-06 21:54:04
619	46.31	46.38	27.69	28.19	46.5	2014-06-06 21:55:04
620	46.38	46.38	27.75	28.19	46.5	2014-06-06 21:56:05
621	46.38	46.38	27.75	28.19	46.5	2014-06-06 21:57:05
622	46.31	46.38	27.75	28.19	46.5	2014-06-06 21:58:05
623	46.38	46.38	27.75	28.13	46.5	2014-06-06 21:59:06
624	46.31	46.38	27.81	28.06	46.5	2014-06-06 22:00:06
625	46.38	46.38	27.81	28.06	46.5	2014-06-06 22:01:06
626	46.38	46.38	27.81	28.06	46.5	2014-06-06 22:02:06
627	46.38	46.44	27.81	28.13	46.5	2014-06-06 22:03:07
628	46.38	46.38	27.81	28.13	46.5	2014-06-06 22:04:07
629	46.38	46.38	27.75	28.13	46.5	2014-06-06 22:05:07
630	46.31	46.38	27.69	28.13	46.5	2014-06-06 22:06:08
631	46.38	46.38	27.63	28.13	46.5	2014-06-06 22:07:08
632	46.38	46.38	27.63	28.13	46.44	2014-06-06 22:08:08
633	46.38	46.38	27.69	28.13	46.44	2014-06-06 22:09:08
634	46.38	46.38	27.69	28.19	46.44	2014-06-06 22:10:09
635	46.38	46.38	27.69	28.19	46.44	2014-06-06 22:11:09
636	46.38	46.38	27.63	28.25	46.44	2014-06-06 22:12:09
637	46.31	46.38	27.69	28.19	46.44	2014-06-06 22:13:10
638	46.31	46.38	27.69	28.19	46.44	2014-06-06 22:14:10
639	46.38	46.38	27.63	28.19	46.5	2014-06-06 22:15:10
640	46.38	46.38	27.63	28.19	46.5	2014-06-06 22:16:10
641	46.38	46.38	27.63	28.19	46.5	2014-06-06 22:17:11
642	46.38	46.38	27.56	28.19	46.5	2014-06-06 22:18:11
643	46.38	46.38	27.63	28.19	46.5	2014-06-06 22:19:11
644	46.38	46.38	27.69	28.13	46.5	2014-06-06 22:20:12
645	46.38	46.38	27.63	28.19	46.44	2014-06-06 22:21:12
646	46.31	46.38	27.63	28.13	46.44	2014-06-06 22:22:12
647	46.38	46.38	27.63	28.19	46.44	2014-06-06 22:23:12
648	46.31	46.38	27.63	28.13	46.5	2014-06-06 22:24:13
649	46.31	46.38	27.63	28.19	46.44	2014-06-06 22:25:13
650	46.31	46.38	27.56	28.19	46.44	2014-06-06 22:26:13
651	46.31	46.31	27.56	28.13	46.44	2014-06-06 22:27:14
652	46.31	46.31	27.56	28.19	46.44	2014-06-06 22:28:14
653	46.31	46.38	27.63	28.19	46.44	2014-06-06 22:29:14
654	46.31	46.38	27.56	28.19	46.44	2014-06-06 22:30:14
655	46.31	46.38	27.63	28.19	46.5	2014-06-06 22:31:15
656	46.31	46.38	27.63	28.13	46.5	2014-06-06 22:32:15
657	46.31	46.38	27.56	28.13	46.44	2014-06-06 22:33:15
658	46.31	46.38	27.63	28.19	46.44	2014-06-06 22:34:16
659	46.31	46.38	27.63	28.19	46.44	2014-06-06 22:35:16
660	46.31	46.38	27.63	28.13	46.44	2014-06-06 22:36:16
661	46.31	46.38	27.69	28.13	46.5	2014-06-06 22:37:16
662	46.38	46.38	27.63	28.13	46.44	2014-06-06 22:38:17
663	46.31	46.38	27.63	28.13	46.44	2014-06-06 22:39:17
664	46.31	46.38	27.63	28.06	46.44	2014-06-06 22:40:17
665	46.31	46.31	27.56	28.13	46.44	2014-06-06 22:41:18
666	46.31	46.31	27.56	28.19	46.5	2014-06-06 22:42:18
667	46.38	46.31	27.63	28.19	46.5	2014-06-06 22:43:18
668	46.38	46.31	27.56	28.13	46.44	2014-06-06 22:44:18
669	46.31	46.31	27.56	28.19	46.44	2014-06-06 22:45:19
670	46.31	46.31	27.69	28.06	46.44	2014-06-06 22:46:19
671	46.31	46.31	27.69	28.06	46.44	2014-06-06 22:47:19
672	46.31	46.38	27.69	28.06	46.44	2014-06-06 22:48:20
673	46.31	46.31	27.69	28	46.44	2014-06-06 22:49:20
674	46.31	46.31	27.63	28.06	46.44	2014-06-06 22:50:20
675	46.31	46.31	27.69	28.06	46.44	2014-06-06 22:51:20
676	46.31	46.38	27.69	28	46.44	2014-06-06 22:52:21
677	46.31	46.31	27.69	28	46.44	2014-06-06 22:53:21
678	46.31	46.38	27.69	28	46.44	2014-06-06 22:54:21
679	46.31	46.38	27.63	28	46.44	2014-06-06 22:55:22
680	46.31	46.38	27.63	28	46.44	2014-06-06 22:56:22
681	46.31	46.38	27.69	28	46.44	2014-06-06 22:57:22
682	46.31	46.31	27.63	28	46.44	2014-06-06 22:58:22
683	46.31	46.38	27.63	28.06	46.44	2014-06-06 22:59:23
684	46.31	46.38	27.63	28.06	46.44	2014-06-06 23:00:23
685	46.31	46.38	27.63	28.06	46.5	2014-06-06 23:01:23
686	46.31	46.31	27.56	28.13	46.44	2014-06-06 23:02:24
687	46.31	46.31	27.56	28.13	46.44	2014-06-06 23:03:24
688	46.31	46.31	27.56	28.13	46.44	2014-06-06 23:04:24
689	46.31	46.31	27.69	28.13	46.44	2014-06-06 23:05:24
690	46.31	46.31	27.69	28.13	46.44	2014-06-06 23:06:25
691	46.25	46.31	27.56	28.13	46.44	2014-06-06 23:07:25
692	46.31	46.31	27.56	28.13	46.44	2014-06-06 23:08:25
693	46.31	46.31	27.63	28.13	46.44	2014-06-06 23:09:26
694	46.31	46.31	27.56	28.13	46.44	2014-06-06 23:10:26
695	46.31	46.38	27.56	28.13	46.44	2014-06-06 23:11:26
696	46.31	46.31	27.56	28.06	46.44	2014-06-06 23:12:26
697	46.31	46.31	27.56	28.06	46.44	2014-06-06 23:13:27
698	46.31	46.31	27.63	28.06	46.44	2014-06-06 23:14:27
699	46.31	46.31	27.63	28.06	46.44	2014-06-06 23:15:27
700	46.31	46.31	27.63	28.13	46.44	2014-06-06 23:16:28
701	46.31	46.31	27.63	28.06	46.44	2014-06-06 23:17:28
702	46.31	46.31	27.56	28.06	46.44	2014-06-06 23:18:28
703	46.31	46.31	27.56	28.06	46.44	2014-06-06 23:19:28
704	46.31	46.31	27.5	28.06	46.44	2014-06-06 23:20:29
705	46.31	46.31	27.5	28.13	46.44	2014-06-06 23:21:29
706	46.31	46.31	27.5	28.13	46.44	2014-06-06 23:22:29
707	46.25	46.31	27.5	28.06	46.44	2014-06-06 23:23:30
708	46.31	46.38	27.56	28.06	46.44	2014-06-06 23:24:30
709	46.25	46.31	27.5	28.13	46.44	2014-06-06 23:25:30
710	46.25	46.31	27.56	28.06	46.44	2014-06-06 23:26:30
711	46.25	46.31	27.5	28.06	46.44	2014-06-06 23:27:31
712	46.25	46.31	27.56	28.06	46.44	2014-06-06 23:28:31
713	46.25	46.31	27.56	28.06	46.44	2014-06-06 23:29:31
714	46.31	46.31	27.5	28.13	46.44	2014-06-06 23:30:32
715	46.25	46.31	27.56	28.13	46.44	2014-06-06 23:31:32
716	46.25	46.31	27.5	28.13	46.44	2014-06-06 23:32:32
717	46.25	46.31	27.56	28.06	46.44	2014-06-06 23:33:32
718	46.31	46.31	27.63	28.06	46.44	2014-06-06 23:34:33
719	46.31	46.31	27.56	28.06	46.44	2014-06-06 23:35:33
720	46.25	46.31	27.56	28.06	46.44	2014-06-06 23:36:33
721	46.31	46.31	27.56	28.06	46.44	2014-06-06 23:37:34
722	46.31	46.31	27.56	28.06	46.44	2014-06-06 23:38:34
723	46.31	46.31	27.56	28.06	46.44	2014-06-06 23:39:34
724	46.31	46.31	27.56	28	46.38	2014-06-06 23:40:34
725	46.25	46.31	27.56	28.06	46.38	2014-06-06 23:41:35
726	46.25	46.31	27.63	28	46.44	2014-06-06 23:42:35
727	46.25	46.31	27.63	28	46.44	2014-06-06 23:43:35
728	46.25	46.31	27.63	28	46.38	2014-06-06 23:44:36
729	46.25	46.31	27.63	27.94	46.38	2014-06-06 23:45:36
730	46.25	46.31	27.56	27.94	46.44	2014-06-06 23:46:36
731	46.25	46.31	27.56	27.94	46.38	2014-06-06 23:47:36
732	46.25	46.31	27.5	27.94	46.38	2014-06-06 23:48:37
733	46.25	46.31	27.5	27.94	46.38	2014-06-06 23:49:37
734	46.25	46.31	27.5	28	46.38	2014-06-06 23:50:37
735	46.25	46.31	27.5	28.06	46.38	2014-06-06 23:51:38
736	46.25	46.31	27.5	28.06	46.38	2014-06-06 23:52:38
737	46.25	46.31	27.5	28	46.38	2014-06-06 23:53:38
738	46.25	46.31	27.44	28.06	46.38	2014-06-06 23:54:38
739	46.25	46.31	27.44	28.06	46.38	2014-06-06 23:55:39
740	46.25	46.25	27.44	28.06	46.38	2014-06-06 23:56:39
741	46.25	46.31	27.5	28.06	46.38	2014-06-06 23:57:39
742	46.25	46.31	27.44	28.06	46.44	2014-06-06 23:58:40
743	46.25	46.25	27.44	28.06	46.38	2014-06-06 23:59:40
744	46.19	46.25	27.5	28.06	46.38	2014-06-07 00:00:40
745	46.25	46.25	27.5	28.06	46.38	2014-06-07 00:01:40
746	46.25	46.31	27.44	28.06	46.38	2014-06-07 00:02:41
747	46.19	46.31	27.44	28.06	46.38	2014-06-07 00:03:41
748	46.25	46.25	27.5	28.06	46.38	2014-06-07 00:04:41
749	46.25	46.31	27.5	28.06	46.38	2014-06-07 00:05:42
750	46.25	46.25	27.44	28.06	46.38	2014-06-07 00:06:42
751	46.25	46.25	27.44	28.06	46.38	2014-06-07 00:07:42
752	46.25	46.25	27.44	28	46.38	2014-06-07 00:08:42
753	46.25	46.25	27.44	28.06	46.38	2014-06-07 00:09:43
754	46.19	46.25	27.44	28.06	46.38	2014-06-07 00:10:43
755	46.25	46.25	27.5	28.13	46.38	2014-06-07 00:11:43
756	46.25	46.31	27.5	28.06	46.38	2014-06-07 00:12:44
757	46.25	46.25	27.56	28.06	46.38	2014-06-07 00:13:44
758	46.25	46.25	27.56	28.06	46.38	2014-06-07 00:14:44
759	46.25	46.25	27.56	28.06	46.38	2014-06-07 00:15:44
760	46.25	46.31	27.56	28.06	46.38	2014-06-07 00:16:45
761	46.25	46.31	27.56	28.06	46.38	2014-06-07 00:17:45
762	46.19	46.31	27.56	28.06	46.38	2014-06-07 00:18:45
763	46.25	46.25	27.56	28.06	46.38	2014-06-07 00:19:46
764	46.25	46.25	27.56	28.06	46.38	2014-06-07 00:20:46
765	46.19	46.31	27.56	28.06	46.44	2014-06-07 00:21:46
766	46.25	46.31	27.63	28.06	46.38	2014-06-07 00:22:46
767	46.25	46.25	27.56	28.06	46.44	2014-06-07 00:23:47
768	46.25	46.25	27.56	28.06	46.38	2014-06-07 00:24:47
769	46.25	46.25	27.56	28.06	46.38	2014-06-07 00:25:47
770	46.25	46.25	27.63	28.06	46.38	2014-06-07 00:26:48
771	46.25	46.31	27.63	28.06	46.38	2014-06-07 00:27:48
772	46.25	46.25	27.56	28.06	46.44	2014-06-07 00:28:48
773	46.25	46.25	27.56	28.06	46.38	2014-06-07 00:29:48
774	46.19	46.25	27.63	28	46.44	2014-06-07 00:30:49
775	46.25	46.31	27.56	28	46.38	2014-06-07 00:31:49
776	46.25	46.31	27.56	28	46.38	2014-06-07 00:32:49
777	46.25	46.25	27.56	28	46.38	2014-06-07 00:33:50
778	46.25	46.31	27.56	28	46.38	2014-06-07 00:34:50
779	46.25	46.25	27.56	27.94	46.38	2014-06-07 00:35:50
780	46.19	46.31	27.63	27.94	46.38	2014-06-07 00:36:50
781	46.25	46.31	27.63	27.94	46.38	2014-06-07 00:37:51
782	46.19	46.25	27.56	27.88	46.38	2014-06-07 00:38:51
783	46.19	46.25	27.56	27.94	46.38	2014-06-07 00:39:51
784	46.19	46.25	27.56	27.94	46.38	2014-06-07 00:40:52
785	46.19	46.25	27.5	28	46.38	2014-06-07 00:41:52
786	46.19	46.25	27.5	28	46.38	2014-06-07 00:42:52
787	46.25	46.25	27.44	28	46.38	2014-06-07 00:43:52
788	46.25	46.25	27.44	28	46.38	2014-06-07 00:44:53
789	46.19	46.25	27.44	28	46.38	2014-06-07 00:45:53
790	46.19	46.25	27.5	28.06	46.38	2014-06-07 00:46:53
791	46.19	46.31	27.44	28.06	46.38	2014-06-07 00:47:54
792	46.19	46.25	27.5	28.06	46.38	2014-06-07 00:48:54
793	46.19	46.25	27.5	28.06	46.38	2014-06-07 00:49:54
794	46.19	46.25	27.5	28.06	46.38	2014-06-07 00:50:54
795	46.19	46.25	27.5	28.06	46.38	2014-06-07 00:51:55
796	46.25	46.25	27.5	28	46.38	2014-06-07 00:52:55
797	46.19	46.25	27.5	28	46.38	2014-06-07 00:53:55
798	46.19	46.25	27.56	28.06	46.38	2014-06-07 00:54:56
799	46.25	46.25	27.56	28.06	46.38	2014-06-07 00:55:56
800	46.25	46.25	27.56	28.06	46.38	2014-06-07 00:56:56
801	46.19	46.25	27.5	28	46.38	2014-06-07 00:57:56
802	46.19	46.25	27.5	28	46.38	2014-06-07 00:58:57
803	46.19	46.25	27.5	28	46.38	2014-06-07 00:59:57
804	46.19	46.25	27.5	28	46.38	2014-06-07 01:00:57
805	46.19	46.25	27.5	28	46.38	2014-06-07 01:01:58
806	46.19	46.25	27.5	28	46.38	2014-06-07 01:02:58
807	46.19	46.25	27.5	28	46.38	2014-06-07 01:03:58
808	46.25	46.25	27.56	28	46.38	2014-06-07 01:04:58
809	46.25	46.25	27.5	28	46.38	2014-06-07 01:05:59
810	46.25	46.25	27.5	28	46.38	2014-06-07 01:06:59
811	46.19	46.25	27.44	28	46.38	2014-06-07 01:07:59
812	46.19	46.19	27.44	28	46.38	2014-06-07 01:09:00
813	46.25	46.19	27.5	28	46.38	2014-06-07 01:10:00
814	46.19	46.19	27.44	28	46.38	2014-06-07 01:11:00
815	46.19	46.25	27.5	28.06	46.38	2014-06-07 01:12:00
816	46.19	46.25	27.5	28	46.38	2014-06-07 01:13:01
817	46.25	46.25	27.5	28	46.38	2014-06-07 01:14:01
818	46.19	46.25	27.5	28	46.38	2014-06-07 01:15:01
819	46.19	46.25	27.5	28	46.38	2014-06-07 01:16:02
820	46.19	46.25	27.5	28	46.31	2014-06-07 01:17:02
821	46.19	46.25	27.5	28	46.38	2014-06-07 01:18:02
822	46.19	46.25	27.5	28	46.38	2014-06-07 01:19:02
823	46.19	46.19	27.5	28	46.31	2014-06-07 01:20:03
824	46.25	46.19	27.5	28	46.31	2014-06-07 01:21:03
825	46.19	46.19	27.56	28	46.31	2014-06-07 01:22:03
826	46.19	46.19	27.56	28	46.38	2014-06-07 01:23:04
827	46.19	46.25	27.56	28	46.38	2014-06-07 01:24:04
828	46.19	46.25	27.5	28	46.38	2014-06-07 01:25:04
829	46.19	46.25	27.5	27.94	46.38	2014-06-07 01:26:04
830	46.19	46.25	27.56	27.94	46.38	2014-06-07 01:27:05
831	46.19	46.25	27.56	27.88	46.38	2014-06-07 01:28:05
832	46.19	46.19	27.56	27.88	46.38	2014-06-07 01:29:05
833	46.19	46.19	27.56	27.81	46.31	2014-06-07 01:30:06
834	46.19	46.25	27.56	27.81	46.31	2014-06-07 01:31:06
835	46.19	46.25	27.5	27.81	46.31	2014-06-07 01:32:06
836	46.19	46.25	27.5	27.88	46.31	2014-06-07 01:33:06
837	46.19	46.25	27.44	27.88	46.31	2014-06-07 01:34:07
838	46.19	46.19	27.44	27.88	46.31	2014-06-07 01:35:07
839	46.19	46.25	27.44	27.94	46.31	2014-06-07 01:36:07
840	46.19	46.19	27.44	28	46.31	2014-06-07 01:37:08
841	46.19	46.19	27.38	28	46.31	2014-06-07 01:38:08
842	46.19	46.25	27.44	28	46.31	2014-06-07 01:39:08
843	46.19	46.25	27.44	28	46.38	2014-06-07 01:40:08
844	46.19	46.19	27.44	28	46.38	2014-06-07 01:41:09
845	46.19	46.25	27.5	28.06	46.38	2014-06-07 01:42:09
846	46.19	46.25	27.44	28.06	46.31	2014-06-07 01:43:09
847	46.19	46.25	27.5	28	46.31	2014-06-07 01:44:10
848	46.19	46.25	27.56	28	46.31	2014-06-07 01:45:10
849	46.19	46.25	27.63	28.06	46.38	2014-06-07 01:46:10
850	46.19	46.19	27.56	28	46.31	2014-06-07 01:47:10
851	46.19	46.25	27.5	28	46.31	2014-06-07 01:48:11
852	46.19	46.25	27.5	28	46.38	2014-06-07 01:49:11
853	46.19	46.25	27.5	28	46.31	2014-06-07 01:50:11
854	46.19	46.19	27.44	28	46.31	2014-06-07 01:51:12
855	46.19	46.25	27.5	28	46.31	2014-06-07 01:52:12
856	46.19	46.25	27.5	28	46.31	2014-06-07 01:53:12
857	46.19	46.25	27.5	28	46.38	2014-06-07 01:54:12
858	46.19	46.25	27.5	28	46.38	2014-06-07 01:55:13
859	46.19	46.25	27.56	28	46.31	2014-06-07 01:56:13
860	46.19	46.19	27.56	28.06	46.31	2014-06-07 01:57:13
861	46.19	46.19	27.56	28	46.31	2014-06-07 01:58:14
862	46.19	46.19	27.44	28	46.38	2014-06-07 01:59:14
863	46.19	46.19	27.5	28	46.31	2014-06-07 02:00:14
864	46.19	46.19	27.5	28	46.31	2014-06-07 02:01:14
865	46.19	46.25	27.5	28	46.31	2014-06-07 02:02:15
866	46.19	46.19	27.5	28	46.31	2014-06-07 02:03:15
867	46.19	46.25	27.5	28	46.31	2014-06-07 02:04:15
868	46.19	46.19	27.5	28	46.31	2014-06-07 02:05:16
869	46.19	46.25	27.5	27.94	46.31	2014-06-07 02:06:16
870	46.19	46.25	27.5	27.94	46.31	2014-06-07 02:07:16
871	46.19	46.19	27.5	27.94	46.31	2014-06-07 02:08:16
872	46.19	46.25	27.5	27.94	46.31	2014-06-07 02:09:17
873	46.19	46.19	27.56	28	46.31	2014-06-07 02:10:17
874	46.19	46.25	27.5	27.94	46.31	2014-06-07 02:11:17
875	46.19	46.25	27.44	27.94	46.31	2014-06-07 02:12:18
876	46.19	46.25	27.44	27.94	46.31	2014-06-07 02:13:18
877	46.19	46.19	27.44	27.94	46.31	2014-06-07 02:14:18
878	46.19	46.19	27.5	27.94	46.31	2014-06-07 02:15:18
879	46.19	46.19	27.5	27.94	46.31	2014-06-07 02:16:19
880	46.19	46.19	27.56	27.94	46.31	2014-06-07 02:17:19
881	46.19	46.19	27.56	27.94	46.31	2014-06-07 02:18:19
882	46.13	46.19	27.56	27.88	46.31	2014-06-07 02:19:20
883	46.13	46.19	27.56	27.88	46.31	2014-06-07 02:20:20
884	46.13	46.19	27.5	27.81	46.31	2014-06-07 02:21:20
885	46.13	46.19	27.5	27.81	46.31	2014-06-07 02:22:20
886	46.13	46.19	27.44	27.81	46.31	2014-06-07 02:23:21
887	46.13	46.19	27.44	27.81	46.31	2014-06-07 02:24:21
888	46.13	46.19	27.44	27.88	46.31	2014-06-07 02:25:21
889	46.19	46.19	27.38	27.94	46.31	2014-06-07 02:26:22
890	46.13	46.19	27.38	27.88	46.31	2014-06-07 02:27:22
891	46.13	46.19	27.38	27.88	46.31	2014-06-07 02:28:22
892	46.13	46.19	27.38	27.88	46.31	2014-06-07 02:29:22
893	46.13	46.19	27.38	27.94	46.31	2014-06-07 02:30:23
894	46.13	46.19	27.38	27.94	46.31	2014-06-07 02:31:23
895	46.13	46.19	27.38	27.94	46.31	2014-06-07 02:32:23
896	46.13	46.19	27.44	27.94	46.31	2014-06-07 02:33:24
897	46.19	46.19	27.44	27.94	46.31	2014-06-07 02:34:24
898	46.13	46.13	27.44	28	46.31	2014-06-07 02:35:24
899	46.13	46.19	27.5	27.94	46.31	2014-06-07 02:36:24
900	46.13	46.13	27.44	28	46.31	2014-06-07 02:37:25
901	46.19	46.19	27.44	28	46.31	2014-06-07 02:38:25
902	46.13	46.19	27.44	28	46.31	2014-06-07 02:39:25
903	46.13	46.19	27.44	27.94	46.31	2014-06-07 02:40:26
904	46.13	46.19	27.5	27.94	46.31	2014-06-07 02:41:26
905	46.13	46.19	27.44	27.94	46.31	2014-06-07 02:42:26
906	46.13	46.19	27.44	27.94	46.31	2014-06-07 02:43:26
907	46.13	46.19	27.44	27.94	46.31	2014-06-07 02:44:27
908	46.13	46.19	27.5	27.94	46.31	2014-06-07 02:45:27
909	46.13	46.19	27.44	27.94	46.31	2014-06-07 02:46:27
910	46.13	46.19	27.44	27.94	46.31	2014-06-07 02:47:28
911	46.13	46.19	27.5	28	46.31	2014-06-07 02:48:28
912	46.13	46.19	27.5	28	46.31	2014-06-07 02:49:28
913	46.13	46.19	27.5	28	46.31	2014-06-07 02:50:28
914	46.13	46.19	27.44	27.94	46.31	2014-06-07 02:51:29
915	46.13	46.13	27.44	27.94	46.31	2014-06-07 02:52:29
916	46.13	46.19	27.5	27.94	46.31	2014-06-07 02:53:29
917	46.13	46.19	27.5	27.94	46.31	2014-06-07 02:54:30
918	46.13	46.19	27.5	27.94	46.31	2014-06-07 02:55:30
919	46.13	46.19	27.5	27.94	46.31	2014-06-07 02:56:30
920	46.13	46.19	27.5	27.94	46.31	2014-06-07 02:57:30
921	46.13	46.19	27.56	27.88	46.31	2014-06-07 02:58:31
922	46.13	46.19	27.5	27.88	46.31	2014-06-07 02:59:31
923	46.13	46.13	27.56	27.88	46.25	2014-06-07 03:00:31
924	46.13	46.19	27.56	27.88	46.31	2014-06-07 03:01:32
925	46.13	46.19	27.5	27.88	46.31	2014-06-07 03:02:32
926	46.13	46.19	27.44	27.94	46.31	2014-06-07 03:03:32
927	46.13	46.19	27.5	27.88	46.31	2014-06-07 03:04:32
928	46.13	46.19	27.5	27.88	46.31	2014-06-07 03:05:33
929	46.13	46.19	27.44	27.88	46.31	2014-06-07 03:06:33
930	46.13	46.19	27.44	27.88	46.31	2014-06-07 03:07:33
931	46.13	46.19	27.44	27.88	46.25	2014-06-07 03:08:34
932	46.13	46.13	27.44	27.81	46.25	2014-06-07 03:09:34
933	46.13	46.13	27.44	27.81	46.25	2014-06-07 03:10:34
934	46.13	46.13	27.44	27.81	46.25	2014-06-07 03:11:34
935	46.13	46.13	27.44	27.81	46.25	2014-06-07 03:12:35
936	46.13	46.19	27.38	27.81	46.25	2014-06-07 03:13:35
937	46.06	46.19	27.31	27.81	46.31	2014-06-07 03:14:35
938	46.13	46.19	27.31	27.81	46.31	2014-06-07 03:15:36
939	46.06	46.19	27.31	27.81	46.31	2014-06-07 03:16:36
940	46.13	46.19	27.31	27.81	46.25	2014-06-07 03:17:36
941	46.13	46.13	27.31	27.81	46.31	2014-06-07 03:18:36
942	46.13	46.19	27.31	27.81	46.25	2014-06-07 03:19:37
943	46.13	46.19	27.31	27.88	46.31	2014-06-07 03:20:37
944	46.13	46.19	27.31	27.88	46.31	2014-06-07 03:21:37
945	46.13	46.19	27.31	27.88	46.25	2014-06-07 03:22:38
946	46.13	46.19	27.25	27.88	46.25	2014-06-07 03:23:38
947	46.13	46.19	27.25	27.88	46.31	2014-06-07 03:24:38
948	46.13	46.19	27.25	27.88	46.25	2014-06-07 03:25:38
949	46.13	46.19	27.25	27.88	46.25	2014-06-07 03:26:39
950	46.13	46.19	27.31	27.94	46.31	2014-06-07 03:27:39
951	46.06	46.19	27.38	27.94	46.25	2014-06-07 03:28:39
952	46.13	46.13	27.38	27.94	46.25	2014-06-07 03:29:40
953	46.13	46.13	27.38	27.94	46.25	2014-06-07 03:30:40
954	46.13	46.13	27.38	27.94	46.25	2014-06-07 03:31:40
955	46.06	46.13	27.38	27.94	46.25	2014-06-07 03:32:40
956	46.13	46.13	27.44	27.94	46.25	2014-06-07 03:33:41
957	46.13	46.19	27.44	27.94	46.25	2014-06-07 03:34:41
958	46.13	46.19	27.5	27.94	46.25	2014-06-07 03:35:41
959	46.13	46.13	27.5	27.88	46.31	2014-06-07 03:36:42
960	46.13	46.13	27.5	27.88	46.31	2014-06-07 03:37:42
961	46.06	46.13	27.5	27.88	46.31	2014-06-07 03:38:42
962	46.13	46.13	27.5	27.88	46.31	2014-06-07 03:39:42
963	46.13	46.19	27.5	27.88	46.31	2014-06-07 03:40:43
964	46.06	46.13	27.44	27.88	46.25	2014-06-07 03:41:43
965	46.13	46.19	27.44	27.88	46.25	2014-06-07 03:42:43
966	46.13	46.19	27.38	27.88	46.31	2014-06-07 03:43:44
967	46.13	46.13	27.38	27.88	46.25	2014-06-07 03:44:44
968	46.13	46.13	27.38	27.88	46.25	2014-06-07 03:45:44
969	46.13	46.13	27.38	27.88	46.25	2014-06-07 03:46:44
970	46.13	46.13	27.38	27.94	46.25	2014-06-07 03:47:45
971	46.13	46.13	27.44	27.94	46.25	2014-06-07 03:48:45
972	46.13	46.19	27.5	27.94	46.25	2014-06-07 03:49:45
973	46.13	46.13	27.5	27.94	46.31	2014-06-07 03:50:46
974	46.06	46.19	27.44	27.94	46.25	2014-06-07 03:51:46
975	46.13	46.19	27.44	27.94	46.25	2014-06-07 03:52:46
976	46.13	46.19	27.44	27.88	46.25	2014-06-07 03:53:46
977	46.13	46.13	27.44	27.94	46.25	2014-06-07 03:54:47
978	46.13	46.13	27.44	27.88	46.25	2014-06-07 03:55:47
979	46.13	46.13	27.38	27.88	46.25	2014-06-07 03:56:47
980	46.13	46.19	27.38	27.88	46.25	2014-06-07 03:57:48
981	46.13	46.13	27.38	27.88	46.25	2014-06-07 03:58:48
982	46.06	46.13	27.38	27.88	46.25	2014-06-07 03:59:48
983	46.06	46.13	27.44	27.81	46.25	2014-06-07 04:00:48
984	46.06	46.13	27.5	27.88	46.25	2014-06-07 04:01:49
985	46.06	46.13	27.5	27.81	46.31	2014-06-07 04:02:49
986	46.06	46.13	27.44	27.75	46.25	2014-06-07 04:03:49
987	46.13	46.19	27.38	27.75	46.25	2014-06-07 04:04:50
988	46.06	46.13	27.38	27.75	46.25	2014-06-07 04:05:50
989	46.06	46.13	27.38	27.75	46.25	2014-06-07 04:06:50
990	46.06	46.13	27.31	27.75	46.19	2014-06-07 04:07:50
991	46.06	46.13	27.38	27.75	46.19	2014-06-07 04:08:51
992	46.06	46.13	27.38	27.75	46.25	2014-06-07 04:09:51
993	46.06	46.13	27.44	27.81	46.25	2014-06-07 04:10:51
994	46.06	46.13	27.38	27.81	46.25	2014-06-07 04:11:52
995	46.06	46.13	27.38	27.88	46.25	2014-06-07 04:12:52
996	46.06	46.13	27.38	27.88	46.25	2014-06-07 04:13:52
997	46.06	46.13	27.38	27.94	46.25	2014-06-07 04:14:52
998	46.13	46.13	27.38	27.88	46.25	2014-06-07 04:15:53
999	46.13	46.13	27.38	27.94	46.25	2014-06-07 04:16:53
1000	46.06	46.13	27.38	27.88	46.25	2014-06-07 04:17:53
1001	46.06	46.13	27.44	27.94	46.25	2014-06-07 04:18:54
1002	46.06	46.13	27.44	27.88	46.25	2014-06-07 04:19:54
1003	46.06	46.13	27.44	27.94	46.25	2014-06-07 04:20:54
1004	46.06	46.13	27.44	27.94	46.25	2014-06-07 04:21:54
1005	46.13	46.13	27.38	27.94	46.25	2014-06-07 04:22:55
1006	46.13	46.13	27.44	27.88	46.25	2014-06-07 04:23:55
1007	46.13	46.13	27.44	27.94	46.25	2014-06-07 04:24:55
1008	46.13	46.13	27.38	27.94	46.25	2014-06-07 04:25:56
1009	46.13	46.13	27.44	27.88	46.25	2014-06-07 04:26:56
1010	46.06	46.13	27.44	27.88	46.25	2014-06-07 04:27:56
1011	46.06	46.13	27.38	27.88	46.25	2014-06-07 04:28:56
1012	46.06	46.13	27.38	27.88	46.25	2014-06-07 04:29:57
1013	46.06	46.06	27.38	27.88	46.25	2014-06-07 04:30:57
1014	46.06	46.13	27.38	27.88	46.25	2014-06-07 04:31:57
1015	46.06	46.13	27.44	27.88	46.25	2014-06-07 04:32:58
1016	46.06	46.13	27.38	27.88	46.19	2014-06-07 04:33:58
1017	46.06	46.06	27.38	27.88	46.25	2014-06-07 04:34:58
1018	46.06	46.13	27.38	27.88	46.25	2014-06-07 04:35:58
1019	46.06	46.13	27.44	27.88	46.25	2014-06-07 04:36:59
1020	46.06	46.13	27.44	27.88	46.25	2014-06-07 04:37:59
1021	46.06	46.13	27.5	27.88	46.25	2014-06-07 04:38:59
1022	46.06	46.13	27.44	27.88	46.25	2014-06-07 04:40:00
1023	46.06	46.13	27.38	27.88	46.25	2014-06-07 04:41:00
1024	46.06	46.13	27.38	27.88	46.25	2014-06-07 04:42:00
1025	46.06	46.13	27.38	27.88	46.25	2014-06-07 04:43:00
1026	46.06	46.13	27.38	27.88	46.25	2014-06-07 04:44:01
1027	46.06	46.13	27.38	27.88	46.25	2014-06-07 04:45:01
1028	46.06	46.13	27.38	27.94	46.25	2014-06-07 04:46:01
1029	46.06	46.13	27.44	27.88	46.25	2014-06-07 04:47:02
1030	46.06	46.13	27.38	27.88	46.25	2014-06-07 04:48:02
1031	46.06	46.13	27.44	27.88	46.25	2014-06-07 04:49:02
1032	46.06	46.13	27.44	27.88	46.25	2014-06-07 04:50:02
1033	46.06	46.13	27.44	27.88	46.25	2014-06-07 04:51:03
1034	46.06	46.13	27.44	27.88	46.25	2014-06-07 04:52:03
1035	46.06	46.13	27.44	27.88	46.25	2014-06-07 04:53:03
1036	46.06	46.13	27.44	27.88	46.25	2014-06-07 04:54:04
1037	46.06	46.13	27.44	27.81	46.25	2014-06-07 04:55:04
1038	46.06	46.13	27.44	27.81	46.25	2014-06-07 04:56:04
1039	46.06	46.13	27.44	27.75	46.25	2014-06-07 04:57:04
1040	46.06	46.13	27.44	27.69	46.19	2014-06-07 04:58:05
1041	46.06	46.13	27.38	27.75	46.25	2014-06-07 04:59:05
1042	46.06	46.13	27.31	27.75	46.19	2014-06-07 05:00:05
1043	46.06	46.13	27.31	27.75	46.19	2014-06-07 05:01:05
1044	46.06	46.13	27.31	27.75	46.25	2014-06-07 05:02:06
1045	46.06	46.13	27.31	27.81	46.25	2014-06-07 05:03:06
1046	46.06	46.06	27.38	27.81	46.25	2014-06-07 05:04:06
1047	46.06	46.13	27.38	27.88	46.25	2014-06-07 05:05:07
1048	46.06	46.13	27.31	27.88	46.19	2014-06-07 05:06:07
1049	46.06	46.13	27.31	27.88	46.19	2014-06-07 05:07:07
1050	46.06	46.13	27.25	27.88	46.19	2014-06-07 05:08:07
1051	46.06	46.13	27.25	27.88	46.25	2014-06-07 05:09:08
1052	46.06	46.06	27.25	27.88	46.25	2014-06-07 05:10:08
1053	46.06	46.13	27.25	27.88	46.25	2014-06-07 05:11:08
1054	46.06	46.06	27.31	27.88	46.25	2014-06-07 05:12:09
1055	46.06	46.13	27.31	27.88	46.25	2014-06-07 05:13:09
1056	46.06	46.13	27.38	27.88	46.25	2014-06-07 05:14:09
1057	46.06	46.13	27.38	27.88	46.25	2014-06-07 05:15:09
1058	46.06	46.13	27.38	27.88	46.25	2014-06-07 05:16:10
1059	46.06	46.13	27.38	27.88	46.25	2014-06-07 05:17:10
1060	46.06	46.13	27.38	27.88	46.19	2014-06-07 05:18:10
1061	46.06	46.13	27.31	27.88	46.19	2014-06-07 05:19:11
1062	46.06	46.13	27.38	27.88	46.19	2014-06-07 05:20:11
1063	46.06	46.13	27.38	27.88	46.25	2014-06-07 05:21:11
1064	46.06	46.13	27.38	27.88	46.25	2014-06-07 05:22:11
1065	46.06	46.13	27.38	27.88	46.25	2014-06-07 05:23:12
1066	46.06	46.13	27.38	27.88	46.25	2014-06-07 05:24:12
1067	46.06	46.13	27.38	27.88	46.25	2014-06-07 05:25:12
1068	46.06	46.13	27.38	27.88	46.25	2014-06-07 05:26:13
1069	46.06	46.13	27.38	27.88	46.25	2014-06-07 05:27:13
1070	46.06	46.13	27.38	27.88	46.25	2014-06-07 05:28:13
1071	46.06	46.13	27.38	27.81	46.25	2014-06-07 05:29:13
1072	46.06	46.13	27.31	27.88	46.25	2014-06-07 05:30:14
1073	46.06	46.13	27.38	27.88	46.25	2014-06-07 05:31:14
1074	46.06	46.13	27.38	27.88	46.25	2014-06-07 05:32:14
1075	46.06	46.13	27.31	27.88	46.25	2014-06-07 05:33:15
1076	46.13	46.13	27.31	27.88	46.25	2014-06-07 05:34:15
1077	46.06	46.13	27.31	27.88	46.25	2014-06-07 05:35:15
1078	46.13	46.13	27.31	27.81	46.25	2014-06-07 05:36:15
1079	46.06	46.13	27.31	27.81	46.25	2014-06-07 05:37:16
1080	46.06	46.13	27.31	27.81	46.25	2014-06-07 05:38:16
1081	46.06	46.13	27.31	27.81	46.25	2014-06-07 05:39:16
1082	46.13	46.13	27.31	27.88	46.25	2014-06-07 05:40:17
1083	46.06	46.13	27.25	27.88	46.25	2014-06-07 05:41:17
1084	46.06	46.13	27.31	27.88	46.25	2014-06-07 05:42:17
1085	46.06	46.13	27.31	27.81	46.25	2014-06-07 05:43:17
1086	46.06	46.13	27.31	27.81	46.25	2014-06-07 05:44:18
1087	46.13	46.13	27.31	27.81	46.25	2014-06-07 05:45:18
1088	46.06	46.13	27.38	27.81	46.25	2014-06-07 05:46:18
1089	46.06	46.13	27.38	27.88	46.25	2014-06-07 05:47:19
1090	46.06	46.13	27.38	27.81	46.25	2014-06-07 05:48:19
1091	46.06	46.13	27.31	27.75	46.19	2014-06-07 05:49:19
1092	46.06	46.13	27.38	27.75	46.25	2014-06-07 05:50:19
1093	46.06	46.13	27.31	27.75	46.19	2014-06-07 05:51:20
1094	46.06	46.13	27.31	27.75	46.19	2014-06-07 05:52:20
1095	46.06	46.13	27.38	27.75	46.19	2014-06-07 05:53:20
1096	46.06	46.13	27.38	27.81	46.25	2014-06-07 05:54:21
1097	46.06	46.13	27.38	27.81	46.25	2014-06-07 05:55:21
1098	46.06	46.13	27.38	27.88	46.25	2014-06-07 05:56:21
1099	46.06	46.13	27.38	27.81	46.25	2014-06-07 05:57:21
1100	46.06	46.13	27.31	27.81	46.25	2014-06-07 05:58:22
1101	46.06	46.13	27.38	27.81	46.25	2014-06-07 05:59:22
1102	46.06	46.13	27.38	27.88	46.25	2014-06-07 06:00:22
1103	46.06	46.13	27.31	27.88	46.25	2014-06-07 06:01:23
1104	46.06	46.13	27.31	27.81	46.19	2014-06-07 06:02:23
1105	46.06	46.13	27.31	27.88	46.25	2014-06-07 06:03:23
1106	46.06	46.13	27.31	27.81	46.19	2014-06-07 06:04:23
1107	46.06	46.13	27.31	27.81	46.25	2014-06-07 06:05:24
1108	46.06	46.06	27.31	27.88	46.19	2014-06-07 06:06:24
1109	46.06	46.06	27.31	27.88	46.19	2014-06-07 06:07:24
1110	46.06	46.13	27.38	27.88	46.25	2014-06-07 06:08:25
1111	46.06	46.13	27.38	27.81	46.25	2014-06-07 06:09:25
1112	46.06	46.13	27.38	27.88	46.25	2014-06-07 06:10:25
1113	46.06	46.13	27.31	27.88	46.25	2014-06-07 06:11:25
1114	46.06	46.13	27.38	27.88	46.25	2014-06-07 06:12:26
1115	46.06	46.13	27.31	27.81	46.25	2014-06-07 06:13:26
1116	46.06	46.13	27.25	27.88	46.25	2014-06-07 06:14:26
1117	46.06	46.13	27.25	27.81	46.25	2014-06-07 06:15:27
1118	46.06	46.13	27.31	27.81	46.25	2014-06-07 06:16:27
1119	46.06	46.13	27.31	27.81	46.19	2014-06-07 06:17:27
1120	46.06	46.13	27.31	27.81	46.25	2014-06-07 06:18:27
1121	46.06	46.13	27.31	27.81	46.25	2014-06-07 06:19:28
1122	46.06	46.13	27.31	27.81	46.25	2014-06-07 06:20:28
1123	46.06	46.06	27.31	27.81	46.25	2014-06-07 06:21:28
1124	46.06	46.13	27.31	27.81	46.25	2014-06-07 06:22:29
1125	46.06	46.13	27.31	27.81	46.19	2014-06-07 06:23:29
1126	46.06	46.13	27.31	27.81	46.25	2014-06-07 06:24:29
1127	46.06	46.13	27.31	27.81	46.19	2014-06-07 06:25:29
1128	46.06	46.13	27.38	27.81	46.25	2014-06-07 06:26:30
1129	46.06	46.06	27.38	27.75	46.25	2014-06-07 06:27:30
1130	46.06	46.06	27.38	27.75	46.25	2014-06-07 06:28:30
1131	46.06	46.06	27.31	27.81	46.19	2014-06-07 06:29:31
1132	46.06	46.06	27.31	27.75	46.25	2014-06-07 06:30:31
1133	46.06	46.06	27.31	27.75	46.19	2014-06-07 06:31:31
1134	46.06	46.06	27.31	27.81	46.19	2014-06-07 06:32:31
1135	46.06	46.13	27.31	27.75	46.19	2014-06-07 06:33:32
1136	46.06	46.13	27.38	27.75	46.19	2014-06-07 06:34:32
1137	46.06	46.06	27.31	27.75	46.19	2014-06-07 06:35:32
1138	46.06	46.06	27.31	27.75	46.19	2014-06-07 06:36:33
1139	46.06	46.13	27.25	27.75	46.19	2014-06-07 06:37:33
1140	46.06	46.06	27.31	27.75	46.19	2014-06-07 06:38:33
1141	46.06	46.13	27.31	27.75	46.19	2014-06-07 06:39:33
1142	46.06	46.06	27.31	27.69	46.19	2014-06-07 06:40:34
1143	46	46.06	27.31	27.69	46.19	2014-06-07 06:41:34
1144	46	46.13	27.31	27.69	46.19	2014-06-07 06:42:34
1145	46	46.06	27.31	27.63	46.19	2014-06-07 06:43:35
1146	46	46.06	27.31	27.69	46.19	2014-06-07 06:44:35
1147	46	46.06	27.31	27.69	46.19	2014-06-07 06:45:35
1148	46	46.06	27.31	27.69	46.19	2014-06-07 06:46:35
1149	46	46.06	27.31	27.75	46.19	2014-06-07 06:47:36
1150	46.06	46.06	27.31	27.81	46.19	2014-06-07 06:48:36
1151	46	46.06	27.25	27.81	46.19	2014-06-07 06:49:36
1152	46	46.06	27.25	27.81	46.19	2014-06-07 06:50:37
1153	46	46.06	27.31	27.81	46.19	2014-06-07 06:51:37
1154	46.06	46.06	27.31	27.81	46.19	2014-06-07 06:52:37
1155	46	46.06	27.25	27.81	46.19	2014-06-07 06:53:37
1156	46	46.06	27.31	27.81	46.19	2014-06-07 06:54:38
1157	46	46.06	27.31	27.81	46.19	2014-06-07 06:55:38
1158	46.06	46.06	27.38	27.81	46.19	2014-06-07 06:56:38
1159	46	46.06	27.38	27.81	46.19	2014-06-07 06:57:39
1160	46	46.06	27.31	27.81	46.19	2014-06-07 06:58:39
1161	46	46.06	27.31	27.81	46.19	2014-06-07 06:59:39
1162	46	46.06	27.31	27.81	46.19	2014-06-07 07:00:39
1163	46	46.06	27.31	27.81	46.19	2014-06-07 07:01:40
1164	46.06	46.06	27.31	27.81	46.19	2014-06-07 07:02:40
1165	46.06	46.06	27.31	27.81	46.19	2014-06-07 07:03:40
1166	46	46.06	27.38	27.75	46.19	2014-06-07 07:04:41
1167	46.06	46.06	27.31	27.81	46.19	2014-06-07 07:05:41
1168	46	46.06	27.31	27.81	46.19	2014-06-07 07:06:41
1169	46	46.06	27.38	27.81	46.19	2014-06-07 07:07:41
1170	46.06	46.06	27.38	27.81	46.19	2014-06-07 07:08:42
1171	46	46.06	27.38	27.81	46.19	2014-06-07 07:09:42
1172	46.06	46.06	27.38	27.75	46.19	2014-06-07 07:10:42
1173	46.06	46.06	27.31	27.75	46.19	2014-06-07 07:11:43
1174	46.06	46.06	27.31	27.81	46.19	2014-06-07 07:12:43
1175	46.06	46.06	27.25	27.81	46.19	2014-06-07 07:13:43
1176	46	46.06	27.25	27.81	46.19	2014-06-07 07:14:43
1177	46	46.06	27.25	27.81	46.19	2014-06-07 07:15:44
1178	46.06	46.06	27.25	27.75	46.19	2014-06-07 07:16:44
1179	46	46.06	27.25	27.81	46.19	2014-06-07 07:17:44
1180	46.06	46.06	27.25	27.81	46.19	2014-06-07 07:18:45
1181	46.06	46.06	27.31	27.81	46.19	2014-06-07 07:19:45
1182	46.06	46.06	27.25	27.81	46.19	2014-06-07 07:20:45
1183	46.06	46.06	27.31	27.81	46.19	2014-06-07 07:21:45
1184	46.06	46.06	27.38	27.75	46.19	2014-06-07 07:22:46
1185	46.06	46.06	27.38	27.75	46.19	2014-06-07 07:23:46
1186	46.06	46.06	27.38	27.75	46.19	2014-06-07 07:24:46
1187	46	46.06	27.38	27.75	46.19	2014-06-07 07:25:47
1188	46.06	46.06	27.38	27.75	46.19	2014-06-07 07:26:47
1189	46.06	46.06	27.38	27.75	46.19	2014-06-07 07:27:47
1190	46	46.06	27.38	27.75	46.19	2014-06-07 07:28:47
1191	46.06	46.06	27.38	27.75	46.19	2014-06-07 07:29:48
1192	46	46.06	27.38	27.75	46.19	2014-06-07 07:30:48
1193	46	46.06	27.38	27.75	46.19	2014-06-07 07:31:48
1194	46	46.06	27.38	27.69	46.19	2014-06-07 07:32:49
1195	46.06	46.06	27.31	27.63	46.19	2014-06-07 07:33:49
1196	46.06	46.06	27.31	27.63	46.19	2014-06-07 07:34:49
1197	46	46.06	27.31	27.63	46.19	2014-06-07 07:35:49
1198	46.06	46.06	27.31	27.69	46.19	2014-06-07 07:36:50
1199	46.06	46	27.25	27.69	46.19	2014-06-07 07:37:50
1200	46.06	46.06	27.25	27.75	46.19	2014-06-07 07:38:50
1201	46	46.06	27.25	27.75	46.19	2014-06-07 07:39:51
1202	46	46.06	27.25	27.81	46.19	2014-06-07 07:40:51
1203	46.06	46.06	27.25	27.81	46.19	2014-06-07 07:41:51
1204	46	46.06	27.25	27.81	46.19	2014-06-07 07:42:51
1205	46	46.06	27.25	27.81	46.19	2014-06-07 07:43:52
1206	46	46.06	27.25	27.81	46.19	2014-06-07 07:44:52
1207	46	46.06	27.25	27.81	46.19	2014-06-07 07:45:52
1208	46	46.06	27.25	27.81	46.19	2014-06-07 07:46:53
1209	46	46.06	27.25	27.81	46.19	2014-06-07 07:47:53
1210	46	46.06	27.25	27.81	46.19	2014-06-07 07:48:53
1211	46	46.06	27.25	27.81	46.19	2014-06-07 07:49:53
1212	46.06	46.06	27.25	27.81	46.19	2014-06-07 07:50:54
1213	46	46.06	27.25	27.81	46.19	2014-06-07 07:51:54
1214	46	46.06	27.25	27.81	46.19	2014-06-07 07:52:54
1215	46	46.06	27.25	27.81	46.19	2014-06-07 07:53:55
1216	46	46.06	27.25	27.81	46.19	2014-06-07 07:54:55
1217	46	46.06	27.19	27.81	46.19	2014-06-07 07:55:55
1218	46	46.06	27.25	27.81	46.19	2014-06-07 07:56:55
1219	46	46.06	27.25	27.75	46.19	2014-06-07 07:57:56
1220	46	46.06	27.25	27.75	46.19	2014-06-07 07:58:56
1221	46.06	46.06	27.25	27.75	46.19	2014-06-07 07:59:56
1222	46.06	46.06	27.25	27.75	46.19	2014-06-07 08:00:57
1223	46.06	46.06	27.25	27.75	46.19	2014-06-07 08:01:57
1224	46.06	46.06	27.19	27.75	46.13	2014-06-07 08:02:57
1225	46	46	27.25	27.75	46.19	2014-06-07 08:03:57
1226	46.06	46	27.25	27.75	46.19	2014-06-07 08:04:58
1227	46	46	27.19	27.75	46.19	2014-06-07 08:05:58
1228	46	46.06	27.19	27.75	46.19	2014-06-07 08:06:58
1229	46	46.06	27.25	27.81	46.19	2014-06-07 08:07:59
1230	46	46.06	27.25	27.75	46.19	2014-06-07 08:08:59
1231	46	46.06	27.25	27.81	46.13	2014-06-07 08:09:59
1232	46	46.06	27.25	27.81	46.13	2014-06-07 08:10:59
1233	46	46.06	27.25	27.75	46.19	2014-06-07 08:12:00
1234	46	46.06	27.25	27.75	46.19	2014-06-07 08:13:00
1235	46	46.06	27.31	27.81	46.19	2014-06-07 08:14:00
1236	46	46.06	27.25	27.75	46.19	2014-06-07 08:15:01
1237	46	46.06	27.31	27.75	46.19	2014-06-07 08:16:01
1238	46	46.06	27.25	27.75	46.19	2014-06-07 08:17:01
1239	46	46	27.31	27.75	46.19	2014-06-07 08:18:01
1240	46	46.06	27.31	27.69	46.19	2014-06-07 08:19:02
1241	46	46.06	27.31	27.75	46.19	2014-06-07 08:20:02
1242	46	46.06	27.31	27.75	46.19	2014-06-07 08:21:02
1243	46	46.06	27.31	27.75	46.19	2014-06-07 08:22:03
1244	46	46.06	27.38	27.69	46.13	2014-06-07 08:23:03
1245	46	46.06	27.44	27.69	46.13	2014-06-07 08:24:03
1246	46	46.06	27.38	27.69	46.19	2014-06-07 08:25:03
1247	46	46.06	27.38	27.69	46.19	2014-06-07 08:26:04
1248	46	46.06	27.38	27.63	46.19	2014-06-07 08:27:04
1249	46	46.06	27.38	27.63	46.19	2014-06-07 08:28:04
1250	46	46.06	27.31	27.63	46.19	2014-06-07 08:29:05
1251	46	46.06	27.25	27.63	46.19	2014-06-07 08:30:05
1252	46	46.06	27.25	27.69	46.19	2014-06-07 08:31:05
1253	46	46.06	27.31	27.75	46.19	2014-06-07 08:32:05
1254	46	46.06	27.38	27.75	46.19	2014-06-07 08:33:06
1255	46	46.06	27.31	27.75	46.19	2014-06-07 08:34:06
1256	46	46.06	27.31	27.75	46.19	2014-06-07 08:35:06
1257	46	46.06	27.25	27.81	46.13	2014-06-07 08:36:07
1258	46	46.06	27.25	27.81	46.19	2014-06-07 08:37:07
1259	46	46.06	27.19	27.81	46.19	2014-06-07 08:38:07
1260	46	46.06	27.25	27.75	46.19	2014-06-07 08:39:07
1261	46	46.06	27.19	27.81	46.13	2014-06-07 08:40:08
1262	46	46.06	27.19	27.75	46.19	2014-06-07 08:41:08
1263	46	46.06	27.25	27.81	46.13	2014-06-07 08:42:08
1264	46	46.06	27.25	27.81	46.19	2014-06-07 08:43:09
1265	46	46.06	27.25	27.81	46.19	2014-06-07 08:44:09
1266	46	46.06	27.25	27.81	46.13	2014-06-07 08:45:09
1267	46	46.06	27.25	27.75	46.13	2014-06-07 08:46:09
1268	46	46.06	27.25	27.75	46.13	2014-06-07 08:47:10
1269	46	46.06	27.25	27.75	46.19	2014-06-07 08:48:10
1270	46	46.06	27.25	27.75	46.19	2014-06-07 08:49:10
1271	46	46.06	27.25	27.75	46.19	2014-06-07 08:50:11
1272	46	46.06	27.25	27.75	46.19	2014-06-07 08:51:11
1273	46	46.06	27.25	27.81	46.19	2014-06-07 08:52:11
1274	46	46.06	27.31	27.75	46.13	2014-06-07 08:53:11
1275	46	46.06	27.31	27.75	46.13	2014-06-07 08:54:12
1276	46	46.06	27.31	27.75	46.13	2014-06-07 08:55:12
1277	46	46.06	27.25	27.81	46.19	2014-06-07 08:56:12
1278	46	46.06	27.25	27.75	46.19	2014-06-07 08:57:13
1279	46	46.06	27.19	27.75	46.19	2014-06-07 08:58:13
1280	46	46.06	27.25	27.81	46.19	2014-06-07 08:59:13
1281	46	46.06	27.25	27.75	46.19	2014-06-07 09:00:13
1282	46	46.06	27.25	27.81	46.19	2014-06-07 09:01:14
1283	46	46.06	27.31	27.81	46.19	2014-06-07 09:02:14
1284	46	46.06	27.25	27.81	46.19	2014-06-07 09:03:14
1285	46	46.06	27.25	27.75	46.19	2014-06-07 09:04:14
1286	46	46	27.25	27.81	46.19	2014-06-07 09:05:15
1287	46	46	27.25	27.81	46.19	2014-06-07 09:06:15
1288	46	46	27.31	27.75	46.19	2014-06-07 09:07:15
1289	46	46	27.25	27.75	46.19	2014-06-07 09:08:16
1290	46	46.06	27.31	27.81	46.19	2014-06-07 09:09:16
1291	46	46.06	27.31	27.81	46.13	2014-06-07 09:10:16
1292	46	46.06	27.25	27.81	46.13	2014-06-07 09:11:16
1293	46	46.06	27.25	27.81	46.19	2014-06-07 09:12:17
1294	46	46.06	27.31	27.81	46.19	2014-06-07 09:13:17
1295	46	46.06	27.38	27.75	46.19	2014-06-07 09:14:17
1296	46	46	27.38	27.69	46.19	2014-06-07 09:15:18
1297	46	46	27.31	27.69	46.19	2014-06-07 09:16:18
1298	46	46	27.31	27.69	46.19	2014-06-07 09:17:18
1299	46	46	27.31	27.63	46.19	2014-06-07 09:18:18
1300	46	46.06	27.19	27.69	46.19	2014-06-07 09:19:19
1301	46	46.06	27.25	27.69	46.13	2014-06-07 09:20:19
1302	46	46.06	27.25	27.75	46.13	2014-06-07 09:21:19
1303	46	46.06	27.25	27.75	46.13	2014-06-07 09:22:20
1304	46	46.06	27.25	27.75	46.19	2014-06-07 09:23:20
1305	46	46.06	27.19	27.75	46.19	2014-06-07 09:24:20
1306	46	46.06	27.19	27.75	46.19	2014-06-07 09:25:20
1307	46	46.06	27.19	27.75	46.13	2014-06-07 09:26:21
1308	46	46.06	27.25	27.81	46.13	2014-06-07 09:27:21
1309	46	46	27.25	27.81	46.13	2014-06-07 09:28:21
1310	46	46	27.25	27.81	46.19	2014-06-07 09:29:22
1311	46	46.06	27.25	27.81	46.19	2014-06-07 09:30:22
1312	46	46.06	27.25	27.81	46.13	2014-06-07 09:31:22
1313	46	46.06	27.19	27.81	46.13	2014-06-07 09:32:22
1314	46	46	27.25	27.81	46.13	2014-06-07 09:33:23
1315	46	46	27.19	27.81	46.19	2014-06-07 09:34:23
1316	46	46.06	27.19	27.81	46.19	2014-06-07 09:35:23
1317	46	46	27.25	27.81	46.19	2014-06-07 09:36:24
1318	46	46.06	27.25	27.81	46.19	2014-06-07 09:37:24
1319	46	46.06	27.25	27.81	46.13	2014-06-07 09:38:24
1320	46	46.06	27.19	27.81	46.19	2014-06-07 09:39:24
1321	46	46.06	27.25	27.81	46.13	2014-06-07 09:40:25
1322	46	46	27.25	27.81	46.19	2014-06-07 09:41:25
1323	46	46.06	27.25	27.81	46.19	2014-06-07 09:42:25
1324	46	46.06	27.25	27.81	46.19	2014-06-07 09:43:26
1325	46	46	27.19	27.81	46.13	2014-06-07 09:44:26
1326	46	46.06	27.25	27.81	46.19	2014-06-07 09:45:26
1327	46	46.06	27.25	27.81	46.19	2014-06-07 09:46:26
1328	46	46.06	27.31	27.81	46.13	2014-06-07 09:47:27
1329	46	46.06	27.31	27.81	46.13	2014-06-07 09:48:27
1330	46	46.06	27.31	27.81	46.19	2014-06-07 09:49:27
1331	46	46.06	27.25	27.81	46.13	2014-06-07 09:50:28
1332	46	46.06	27.31	27.81	46.19	2014-06-07 09:51:28
1333	46	46.06	27.25	27.81	46.19	2014-06-07 09:52:28
1334	46	46.06	27.31	27.81	46.19	2014-06-07 09:53:28
1335	46	46.06	27.31	27.81	46.19	2014-06-07 09:54:29
1336	46	46.06	27.31	27.81	46.19	2014-06-07 09:55:29
1337	46	46.06	27.25	27.81	46.19	2014-06-07 09:56:29
1338	46	46.06	27.31	27.88	46.19	2014-06-07 09:57:30
1339	46	46.06	27.31	27.81	46.19	2014-06-07 09:58:30
1340	46	46.06	27.31	27.88	46.19	2014-06-07 09:59:30
1341	46	46.06	27.25	27.81	46.19	2014-06-07 10:00:30
1342	46	46.06	27.31	27.81	46.19	2014-06-07 10:01:31
1343	46	46.06	27.38	27.81	46.19	2014-06-07 10:02:31
1344	46	46.06	27.38	27.81	46.19	2014-06-07 10:03:31
1345	46	46.06	27.38	27.81	46.19	2014-06-07 10:04:32
1346	46	46.06	27.38	27.75	46.19	2014-06-07 10:05:32
1347	46	46.06	27.38	27.81	46.13	2014-06-07 10:06:32
1348	46	46.06	27.31	27.75	46.13	2014-06-07 10:07:32
1349	46	46.06	27.31	27.75	46.13	2014-06-07 10:08:33
1350	46	46.06	27.31	27.75	46.13	2014-06-07 10:09:33
1351	46	46.06	27.31	27.75	46.19	2014-06-07 10:10:33
1352	46	46.06	27.38	27.75	46.19	2014-06-07 10:11:34
1353	46	46.06	27.31	27.75	46.19	2014-06-07 10:12:34
1354	46	46.06	27.25	27.75	46.19	2014-06-07 10:13:34
1355	46	46.06	27.25	27.75	46.19	2014-06-07 10:14:34
1356	46	46.06	27.25	27.75	46.19	2014-06-07 10:15:35
1357	46	46.06	27.31	27.81	46.19	2014-06-07 10:16:35
1358	46	46.06	27.25	27.81	46.19	2014-06-07 10:17:35
1359	46	46.06	27.25	27.81	46.19	2014-06-07 10:18:36
1360	46	46.06	27.25	27.81	46.13	2014-06-07 10:19:36
1361	46	46.06	27.25	27.88	46.13	2014-06-07 10:20:36
1362	46	46.06	27.31	27.88	46.13	2014-06-07 10:21:36
1363	46	46	27.31	27.88	46.19	2014-06-07 10:22:37
1364	46	46	27.38	27.88	46.19	2014-06-07 10:23:37
1365	46	46.06	27.38	27.88	46.13	2014-06-07 10:24:37
1366	45.94	46.06	27.31	27.88	46.13	2014-06-07 10:25:38
1367	46	46.06	27.38	27.88	46.13	2014-06-07 10:26:38
1368	46	46.06	27.38	27.88	46.13	2014-06-07 10:27:38
1369	46	46.06	27.25	27.88	46.19	2014-06-07 10:28:38
1370	46	46.06	27.25	27.88	46.13	2014-06-07 10:29:39
1371	46	46.06	27.31	27.88	46.13	2014-06-07 10:30:39
1372	46	46.06	27.25	27.88	46.13	2014-06-07 10:31:39
1373	46	46.06	27.31	27.88	46.19	2014-06-07 10:32:40
1374	46	46.06	27.38	27.88	46.19	2014-06-07 10:33:40
1375	46	46	27.31	27.88	46.19	2014-06-07 10:34:40
1376	46	46.06	27.38	27.88	46.19	2014-06-07 10:35:40
1377	46	46	27.31	27.81	46.19	2014-06-07 10:36:41
1378	46	46	27.38	27.88	46.19	2014-06-07 10:37:41
1379	46	46.06	27.31	27.88	46.19	2014-06-07 10:38:41
1380	46	46.06	27.38	27.88	46.19	2014-06-07 10:39:42
1381	46	46.06	27.31	27.88	46.19	2014-06-07 10:40:42
1382	46	46.06	27.38	27.88	46.19	2014-06-07 10:41:42
1383	46	46.06	27.38	27.94	46.19	2014-06-07 10:42:42
1384	46	46.06	27.38	27.88	46.19	2014-06-07 10:43:43
1385	46	46.06	27.44	27.94	46.19	2014-06-07 10:44:43
1386	46	46.06	27.44	27.88	46.19	2014-06-07 10:45:43
1387	46	46.06	27.44	27.94	46.19	2014-06-07 10:46:44
1388	46.06	46.06	27.44	27.88	46.19	2014-06-07 10:47:44
1389	46.06	46.06	27.44	27.94	46.19	2014-06-07 10:48:44
1390	46.06	46.06	27.44	27.88	46.19	2014-06-07 10:49:44
1391	46	46.06	27.5	27.88	46.19	2014-06-07 10:50:45
1392	46.06	46.06	27.5	27.88	46.19	2014-06-07 10:51:45
1393	46.06	46.06	27.44	27.94	46.19	2014-06-07 10:52:45
1394	46.06	46.06	27.44	27.94	46.19	2014-06-07 10:53:46
1395	46	46.06	27.5	27.88	46.19	2014-06-07 10:54:46
1396	46.06	46.06	27.5	27.88	46.19	2014-06-07 10:55:46
1397	46	46.06	27.5	27.81	46.19	2014-06-07 10:56:46
1398	46.06	46.06	27.5	27.81	46.19	2014-06-07 10:57:47
1399	46.06	46.06	27.44	27.81	46.19	2014-06-07 10:58:47
1400	46	46.13	27.38	27.81	46.19	2014-06-07 10:59:47
1401	46.06	46.06	27.38	27.81	46.19	2014-06-07 11:00:48
1402	46.06	46.06	27.31	27.88	46.19	2014-06-07 11:01:48
1403	46.06	46.06	27.38	27.81	46.19	2014-06-07 11:02:48
1404	46.06	46.06	27.38	27.88	46.19	2014-06-07 11:03:48
1405	46.06	46.06	27.38	27.88	46.19	2014-06-07 11:04:49
1406	46.06	46.06	27.38	27.81	46.19	2014-06-07 11:05:49
1407	46.06	46.06	27.38	27.88	46.19	2014-06-07 11:06:49
1408	46.06	46.06	27.31	27.88	46.19	2014-06-07 11:07:50
1409	46	46.06	27.38	27.88	46.19	2014-06-07 11:08:50
1410	46.06	46.06	27.38	27.88	46.19	2014-06-07 11:09:50
1411	46.06	46.06	27.38	27.88	46.19	2014-06-07 11:10:50
1412	46.06	46.06	27.44	27.88	46.19	2014-06-07 11:11:51
1413	46.06	46.06	27.44	27.88	46.19	2014-06-07 11:12:51
1414	46.06	46.06	27.44	27.94	46.19	2014-06-07 11:13:51
1415	46.06	46.06	27.44	27.94	46.19	2014-06-07 11:14:52
1416	46.06	46.06	27.44	27.94	46.19	2014-06-07 11:15:52
1417	46.06	46.06	27.44	27.94	46.19	2014-06-07 11:16:52
1418	46.06	46.06	27.38	27.94	46.19	2014-06-07 11:17:52
1419	46.06	46.06	27.38	27.94	46.19	2014-06-07 11:18:53
1420	46.06	46.06	27.38	27.94	46.19	2014-06-07 11:19:53
1421	46	46.06	27.44	27.94	46.19	2014-06-07 11:20:53
1422	46.06	46.06	27.44	27.94	46.25	2014-06-07 11:21:54
1423	46.06	46.13	27.44	27.88	46.19	2014-06-07 11:22:54
1424	46.06	46.06	27.44	27.94	46.19	2014-06-07 11:23:54
1425	46.06	46.13	27.44	27.94	46.19	2014-06-07 11:24:54
1426	46.06	46.06	27.44	27.94	46.19	2014-06-07 11:25:55
1427	46.06	46.06	27.44	27.94	46.19	2014-06-07 11:26:55
1428	46.06	46.06	27.44	27.94	46.19	2014-06-07 11:27:55
1429	46.06	46.06	27.44	27.94	46.19	2014-06-07 11:28:56
1430	46.06	46.06	27.44	27.94	46.25	2014-06-07 11:29:56
1431	46.06	46.06	27.44	27.94	46.19	2014-06-07 11:30:56
1432	46.06	46.13	27.44	27.94	46.19	2014-06-07 11:31:56
1433	46.06	46.13	27.44	27.94	46.25	2014-06-07 11:32:57
1434	46.06	46.13	27.44	27.94	46.25	2014-06-07 11:33:57
1435	46.06	46.13	27.44	27.94	46.25	2014-06-07 11:34:57
1436	46.06	46.13	27.38	27.94	46.25	2014-06-07 11:35:58
1437	46.06	46.13	27.38	27.94	46.19	2014-06-07 11:36:58
1438	46.06	46.13	27.38	27.94	46.19	2014-06-07 11:37:58
1439	46.06	46.06	27.38	27.94	46.19	2014-06-07 11:38:58
1440	46.06	46.06	27.38	27.94	46.19	2014-06-07 11:39:59
1441	46.06	46.06	27.38	27.94	46.19	2014-06-07 11:40:59
1442	46.06	46.06	27.44	27.94	46.19	2014-06-07 11:41:59
1443	46.06	46.13	27.38	27.88	46.25	2014-06-07 11:43:00
1444	46.06	46.13	27.44	27.88	46.25	2014-06-07 11:44:00
1445	46.06	46.13	27.44	27.94	46.25	2014-06-07 11:45:00
1446	46.06	46.13	27.5	27.94	46.19	2014-06-07 11:46:00
1447	46.06	46.06	27.56	27.94	46.25	2014-06-07 11:47:01
1448	46.06	46.06	27.56	27.88	46.19	2014-06-07 11:48:01
1449	46.06	46.06	27.56	27.88	46.25	2014-06-07 11:49:01
1450	46.06	46.13	27.56	27.88	46.25	2014-06-07 11:50:02
1451	46.06	46.13	27.5	27.88	46.19	2014-06-07 11:51:02
1452	46.06	46.13	27.5	27.81	46.19	2014-06-07 11:52:02
1453	46.06	46.13	27.5	27.88	46.19	2014-06-07 11:53:02
1454	46.06	46.13	27.56	27.88	46.25	2014-06-07 11:54:03
1455	46.06	46.13	27.56	27.88	46.25	2014-06-07 11:55:03
1456	46.06	46.13	27.56	27.81	46.25	2014-06-07 11:56:03
1457	46.06	46.13	27.56	27.81	46.25	2014-06-07 11:57:04
1458	46.06	46.13	27.5	27.88	46.25	2014-06-07 11:58:04
1459	46.06	46.13	27.56	27.94	46.25	2014-06-07 11:59:04
1460	46.06	46.13	27.63	27.94	46.25	2014-06-07 12:00:04
1461	46.06	46.13	27.56	27.94	46.25	2014-06-07 12:01:05
1462	46.06	46.13	27.56	27.94	46.25	2014-06-07 12:02:05
1463	46.13	46.13	27.56	27.94	46.25	2014-06-07 12:03:05
1464	46.13	46.13	27.5	28.06	46.25	2014-06-07 12:04:06
1465	46.06	46.13	27.56	28.06	46.25	2014-06-07 12:05:06
1466	46.06	46.13	27.56	28.06	46.25	2014-06-07 12:06:06
1467	46.06	46.13	27.56	28.06	46.25	2014-06-07 12:07:06
1468	46.06	46.19	27.56	28.06	46.25	2014-06-07 12:08:07
1469	46.13	46.13	27.56	28.06	46.31	2014-06-07 12:09:07
1470	46.13	46.13	27.56	28.06	46.25	2014-06-07 12:10:07
1471	46.13	46.13	27.56	28.06	46.25	2014-06-07 12:11:08
1472	46.06	46.13	27.56	28.06	46.31	2014-06-07 12:12:08
1473	46.13	46.13	27.56	28.13	46.31	2014-06-07 12:13:08
1474	46.13	46.13	27.56	28.06	46.31	2014-06-07 12:14:08
1475	46.13	46.13	27.63	28.06	46.31	2014-06-07 12:15:09
1476	46.13	46.13	27.63	28	46.31	2014-06-07 12:16:09
1477	46.13	46.19	27.63	28.06	46.31	2014-06-07 12:17:09
1478	46.13	46.19	27.56	28.06	46.31	2014-06-07 12:18:10
1479	46.13	46.19	27.63	28.06	46.25	2014-06-07 12:19:10
1480	46.13	46.19	27.56	28.06	46.31	2014-06-07 12:20:10
1481	46.13	46.19	27.56	28.06	46.31	2014-06-07 12:21:10
1482	46.13	46.19	27.5	28.06	46.31	2014-06-07 12:22:11
1483	46.13	46.19	27.5	28.13	46.31	2014-06-07 12:23:11
1484	46.13	46.19	27.5	28.06	46.31	2014-06-07 12:24:11
1485	46.13	46.19	27.5	28	46.31	2014-06-07 12:25:12
1486	46.13	46.19	27.5	28.06	46.31	2014-06-07 12:26:12
1487	46.13	46.19	27.56	28.06	46.31	2014-06-07 12:27:12
1488	46.19	46.19	27.5	28.13	46.31	2014-06-07 12:28:12
1489	46.13	46.13	27.5	28.13	46.31	2014-06-07 12:29:13
1490	46.13	46.19	27.5	28.06	46.31	2014-06-07 12:30:13
1491	46.19	46.19	27.5	28.06	46.31	2014-06-07 12:31:13
1492	46.19	46.19	27.5	28.06	46.31	2014-06-07 12:32:14
1493	46.13	46.19	27.5	28	46.31	2014-06-07 12:33:14
1494	46.13	46.19	27.5	28	46.31	2014-06-07 12:34:14
1495	46.13	46.19	27.5	28	46.31	2014-06-07 12:35:14
1496	46.13	46.19	27.5	28.06	46.31	2014-06-07 12:36:15
1497	46.19	46.19	27.5	28.06	46.31	2014-06-07 12:37:15
1498	46.13	46.13	27.56	28.13	46.31	2014-06-07 12:38:15
1499	46.13	46.19	27.56	28.13	46.31	2014-06-07 12:39:16
1500	46.13	46.19	27.63	28.06	46.31	2014-06-07 12:40:16
1501	46.19	46.19	27.63	28	46.31	2014-06-07 12:41:16
1502	46.19	46.19	27.69	28	46.31	2014-06-07 12:42:16
1503	46.13	46.19	27.69	28	46.31	2014-06-07 12:43:17
1504	46.13	46.19	27.69	27.94	46.31	2014-06-07 12:44:17
1505	46.19	46.19	27.69	27.94	46.31	2014-06-07 12:45:17
1506	46.19	46.25	27.75	28	46.31	2014-06-07 12:46:18
1507	46.13	46.19	27.75	28	46.31	2014-06-07 12:47:18
1508	46.19	46.19	27.75	28.06	46.31	2014-06-07 12:48:18
1509	46.19	46.13	27.75	28	46.31	2014-06-07 12:49:18
1510	46.19	46.19	27.75	28	46.31	2014-06-07 12:50:19
1511	46.19	46.19	27.75	28	46.31	2014-06-07 12:51:19
1512	46.19	46.19	27.75	28	46.31	2014-06-07 12:52:19
1513	46.19	46.25	27.75	28	46.38	2014-06-07 12:53:20
1514	46.19	46.19	27.75	28.06	46.31	2014-06-07 12:54:20
1515	46.19	46.25	27.81	28.06	46.31	2014-06-07 12:55:20
1516	46.13	46.25	27.81	28.06	46.31	2014-06-07 12:56:20
1517	46.19	46.25	27.75	28.06	46.31	2014-06-07 12:57:21
1518	46.19	46.25	27.75	28.13	46.31	2014-06-07 12:58:21
1519	46.19	46.25	27.75	28.06	46.38	2014-06-07 12:59:21
1520	46.19	46.25	27.75	28.06	46.31	2014-06-07 13:00:22
1521	46.19	46.25	27.81	28.13	46.31	2014-06-07 13:01:22
1522	46.19	46.25	27.75	28.13	46.38	2014-06-07 13:02:22
1523	46.19	46.25	27.81	28.06	46.38	2014-06-07 13:03:22
1524	46.19	46.25	27.81	28.06	46.38	2014-06-07 13:04:23
1525	46.19	46.25	27.81	28.13	46.38	2014-06-07 13:05:23
1526	46.19	46.25	27.81	28.13	46.38	2014-06-07 13:06:23
1527	46.19	46.25	27.81	28.13	46.38	2014-06-07 13:07:24
1528	46.19	46.25	27.81	28.13	46.38	2014-06-07 13:08:24
1529	46.19	46.25	27.75	28.13	46.38	2014-06-07 13:09:24
1530	46.19	46.25	27.81	28.06	46.38	2014-06-07 13:10:24
1531	46.25	46.25	27.75	28.06	46.38	2014-06-07 13:11:25
1532	46.19	46.25	27.75	28.06	46.38	2014-06-07 13:12:25
1533	46.19	46.25	27.75	28.06	46.38	2014-06-07 13:13:25
1534	46.19	46.25	27.75	28	46.38	2014-06-07 13:14:26
1535	46.25	46.25	27.75	28	46.38	2014-06-07 13:15:26
1536	46.19	46.25	27.75	28.06	46.38	2014-06-07 13:16:26
1537	46.25	46.25	27.75	28.06	46.31	2014-06-07 13:17:26
1538	46.19	46.25	27.75	28.06	46.38	2014-06-07 13:18:27
1539	46.25	46.25	27.81	28	46.38	2014-06-07 13:19:27
1540	46.25	46.25	27.81	28.06	46.38	2014-06-07 13:20:27
1541	46.25	46.25	27.81	28	46.44	2014-06-07 13:21:27
1542	46.25	46.25	27.81	28	46.38	2014-06-07 13:22:28
1543	46.19	46.25	27.81	28	46.38	2014-06-07 13:23:28
