cod	c02	c04	tent	tsal	aceite	fecha
1416	37.06	34.88	23.19	23.19	24.31	2014-05-30 09:33:25
1417	38.25	36.19	23.13	23.19	24.31	2014-05-30 09:34:25
1418	39.38	37.5	23.19	23.19	24.31	2014-05-30 09:35:25
1419	40.31	38.56	23.19	23.25	24.31	2014-05-30 09:36:25
1420	40.94	39.31	23.19	23.19	24.31	2014-05-30 09:37:25
1421	41.44	39.81	23.19	23.19	24.31	2014-05-30 09:38:25
1422	41.81	40.19	23.19	23.19	24.31	2014-05-30 09:39:26
1423	42.06	40.5	23.19	23.25	24.38	2014-05-30 09:40:26
1424	42.31	40.63	23.19	23.25	24.31	2014-05-30 09:41:26
1425	42.5	40.81	23.25	23.25	24.31	2014-05-30 09:42:26
1426	42.69	40.88	23.25	23.25	24.31	2014-05-30 09:43:26
1427	42.75	40.94	23.25	23.31	24.38	2014-05-30 09:44:26
1428	42.81	41	23.25	23.31	24.31	2014-05-30 09:45:27
1429	42.94	41.13	23.25	23.31	24.38	2014-05-30 09:46:27
1430	42.94	41.13	23.25	23.38	24.31	2014-05-30 09:47:27
1431	43	41.19	23.31	23.38	24.38	2014-05-30 09:48:27
1432	43.06	41.19	23.31	23.38	24.38	2014-05-30 09:49:27
1433	43.19	41.31	23.31	23.38	24.38	2014-05-30 09:50:27
1434	43.25	41.38	23.31	23.38	24.38	2014-05-30 09:51:27
1435	43.38	41.44	23.31	23.44	24.38	2014-05-30 09:52:28
1436	43.38	41.5	23.31	23.44	24.31	2014-05-30 09:53:28
1437	43.5	41.5	23.31	23.44	24.38	2014-05-30 09:54:28
1438	43.56	41.5	23.31	23.44	24.38	2014-05-30 09:55:28
1439	43.63	41.56	23.38	23.44	24.38	2014-05-30 09:56:28
1440	43.69	41.56	23.38	23.5	24.38	2014-05-30 09:57:28
1441	43.75	41.69	23.38	23.44	24.38	2014-05-30 09:58:28
1442	43.75	41.69	23.38	23.5	24.38	2014-05-30 09:59:29
1443	43.88	41.75	23.44	23.5	24.38	2014-05-30 10:00:29
1444	43.94	41.88	23.44	23.56	24.38	2014-05-30 10:01:29
1445	44	41.94	23.44	23.56	24.38	2014-05-30 10:02:29
1446	44.06	42	23.44	23.56	24.38	2014-05-30 10:03:29
1447	44.13	42.13	23.5	23.56	24.38	2014-05-30 10:04:29
1448	44.19	42.13	23.5	23.56	24.38	2014-05-30 10:05:29
1449	44.31	42.19	23.5	23.56	24.44	2014-05-30 10:06:29
1450	44.31	42.19	23.5	23.63	24.44	2014-05-30 10:07:30
1451	44.38	42.25	23.5	23.63	24.38	2014-05-30 10:08:30
1452	44.44	42.31	23.56	23.63	24.44	2014-05-30 10:09:30
1453	44.44	42.38	23.56	23.63	24.44	2014-05-30 10:10:30
1454	44.5	42.44	23.56	23.63	24.44	2014-05-30 10:11:30
1455	44.56	42.44	23.56	23.69	24.44	2014-05-30 10:12:30
1456	44.63	42.56	23.56	23.69	24.44	2014-05-30 10:13:30
1457	44.63	42.56	23.56	23.69	24.44	2014-05-30 10:14:31
1458	44.69	42.63	23.56	23.69	24.44	2014-05-30 10:15:31
1459	44.75	42.69	23.56	23.63	24.44	2014-05-30 10:16:31
1460	44.81	42.69	23.56	23.69	24.44	2014-05-30 10:17:31
1461	44.88	42.75	23.56	23.69	24.44	2014-05-30 10:18:31
1462	44.94	42.81	23.63	23.69	24.44	2014-05-30 10:19:31
1463	44.94	42.81	23.63	23.69	24.44	2014-05-30 10:20:31
1464	45	42.94	23.63	23.69	24.44	2014-05-30 10:21:31
1465	45.06	42.94	23.63	23.69	24.44	2014-05-30 10:22:31
1466	45.19	43	23.63	23.75	24.44	2014-05-30 10:23:32
1467	45.25	43	23.69	23.75	24.44	2014-05-30 10:24:32
1468	45.25	43.06	23.69	23.75	24.5	2014-05-30 10:25:32
1469	45.31	43.13	23.69	23.75	24.5	2014-05-30 10:26:32
1470	45.31	43.13	23.69	23.75	24.44	2014-05-30 10:27:32
1471	45.38	43.19	23.75	23.75	24.5	2014-05-30 10:28:32
1472	45.44	43.25	23.75	23.75	24.5	2014-05-30 10:29:32
1473	45.5	43.31	23.69	23.81	24.5	2014-05-30 10:30:33
1474	45.56	43.31	23.69	23.81	24.5	2014-05-30 10:31:33
1475	45.56	43.38	23.69	23.81	24.5	2014-05-30 10:32:33
1476	45.63	43.44	23.69	23.88	24.5	2014-05-30 10:33:33
1477	45.69	43.44	23.69	23.88	24.56	2014-05-30 10:34:33
1478	45.69	43.5	23.75	23.88	24.5	2014-05-30 10:35:33
1479	45.75	43.56	23.75	23.81	24.56	2014-05-30 10:36:33
1480	45.75	43.63	23.75	23.88	24.5	2014-05-30 10:37:34
1481	45.81	43.56	23.75	23.81	24.56	2014-05-30 10:38:34
1482	45.81	43.63	23.75	23.81	24.56	2014-05-30 10:39:34
1483	45.88	43.69	23.75	23.81	24.56	2014-05-30 10:40:34
1484	45.88	43.69	23.75	23.88	24.56	2014-05-30 10:41:34
1485	45.94	43.75	23.75	23.81	24.56	2014-05-30 10:42:34
1486	45.94	43.75	23.75	23.88	24.56	2014-05-30 10:43:34
1487	46	43.75	23.81	23.88	24.56	2014-05-30 10:44:34
1488	46.06	43.75	23.75	23.94	24.63	2014-05-30 10:45:34
1489	46.13	43.81	23.75	23.94	24.56	2014-05-30 10:46:35
1490	46.19	43.88	23.75	23.94	24.63	2014-05-30 10:47:35
1491	46.19	43.88	23.81	23.94	24.56	2014-05-30 10:48:35
1492	46.25	43.94	23.81	23.94	24.63	2014-05-30 10:49:35
1493	46.25	44	23.81	23.88	24.63	2014-05-30 10:50:35
1494	46.25	44	23.88	24	24.63	2014-05-30 10:51:35
1495	46.25	44	23.81	24	24.63	2014-05-30 10:52:35
1496	46.31	44	23.88	24	24.63	2014-05-30 10:53:36
1497	46.38	44.06	23.81	24	24.63	2014-05-30 10:54:36
1498	46.44	44.13	23.88	23.94	24.63	2014-05-30 10:55:36
1499	46.44	44.19	23.88	23.94	24.63	2014-05-30 10:56:36
1500	46.5	44.19	23.88	23.94	24.63	2014-05-30 10:57:36
1501	46.5	44.19	23.88	24	24.69	2014-05-30 10:58:36
1502	46.5	44.19	23.88	24.06	24.69	2014-05-30 10:59:36
1503	46.5	44.19	23.88	24	24.69	2014-05-30 11:00:37
1504	46.56	44.19	23.88	24	24.69	2014-05-30 11:01:37
1505	46.63	44.25	23.81	24	24.69	2014-05-30 11:02:37
1506	46.63	44.31	23.88	24	24.69	2014-05-30 11:03:37
1507	46.63	44.38	23.88	24.06	24.69	2014-05-30 11:04:37
1508	46.69	44.38	23.88	24.06	24.69	2014-05-30 11:05:37
1509	46.69	44.44	23.88	24	24.75	2014-05-30 11:06:38
1510	46.75	44.5	23.94	24	24.69	2014-05-30 11:07:38
1511	46.75	44.5	23.88	24	24.75	2014-05-30 11:08:38
1512	46.81	44.5	23.88	24	24.75	2014-05-30 11:09:38
1513	46.81	44.5	23.94	24	24.75	2014-05-30 11:10:38
1514	46.81	44.5	23.94	24.06	24.75	2014-05-30 11:11:38
1515	46.81	44.5	24	24.13	24.75	2014-05-30 11:12:38
1516	46.88	44.56	24	24.19	24.75	2014-05-30 11:13:39
1517	46.88	44.63	24.06	24.25	24.75	2014-05-30 11:14:39
1518	46.94	44.63	24.06	24.25	24.75	2014-05-30 11:15:39
1519	46.94	44.69	24	24.19	24.81	2014-05-30 11:16:39
1520	47	44.75	24.06	24.13	24.81	2014-05-30 11:17:39
1521	47	44.75	24	24.13	24.81	2014-05-30 11:18:39
1522	47	44.75	24.06	24.19	24.81	2014-05-30 11:19:39
1523	47.06	44.69	24.06	24.25	24.81	2014-05-30 11:20:40
1524	47.06	44.75	24.06	24.25	24.81	2014-05-30 11:21:40
1525	47.13	44.81	24.06	24.25	24.81	2014-05-30 11:22:40
1526	47.13	44.88	24.13	24.25	24.81	2014-05-30 11:23:40
1527	47.13	44.88	24.13	24.25	24.88	2014-05-30 11:24:40
1528	47.13	44.94	24.13	24.25	24.88	2014-05-30 11:25:40
1529	47.13	44.94	24.13	24.19	24.88	2014-05-30 11:26:41
1530	47.13	45	24.13	24.19	24.88	2014-05-30 11:27:41
1531	47.19	45	24.13	24.19	24.88	2014-05-30 11:28:41
1532	47.19	45	24.13	24.25	24.88	2014-05-30 11:29:41
1533	47.25	45.06	24.13	24.25	24.88	2014-05-30 11:30:41
1534	47.25	45.06	24.13	24.25	24.88	2014-05-30 11:31:41
1535	47.25	45.06	24.06	24.25	24.88	2014-05-30 11:32:42
1536	47.31	45.06	24.06	24.25	24.94	2014-05-30 11:33:42
1537	47.38	45.13	24.06	24.25	24.94	2014-05-30 11:34:42
1538	47.38	45.13	24.06	24.19	24.94	2014-05-30 11:35:42
1539	47.38	45.13	24.13	24.19	24.94	2014-05-30 11:36:42
1540	47.38	45.19	24.13	24.25	24.94	2014-05-30 11:37:42
1541	47.44	45.19	24.06	24.25	24.94	2014-05-30 11:38:43
1542	47.44	45.19	24.13	24.19	24.94	2014-05-30 11:39:43
1543	47.44	45.25	24.06	24.19	25	2014-05-30 11:40:43
1544	47.44	45.25	24.19	24.25	25	2014-05-30 11:41:43
1545	47.44	45.25	24.13	24.25	25	2014-05-30 11:42:43
1546	47.5	45.31	24.13	24.25	25	2014-05-30 11:43:43
1547	47.56	45.31	24.19	24.31	25	2014-05-30 11:44:44
1548	47.63	45.31	24.13	24.25	25	2014-05-30 11:45:44
1549	47.63	45.31	24.13	24.25	25	2014-05-30 11:46:44
1550	47.56	45.31	24.13	24.19	25	2014-05-30 11:47:44
1551	47.63	45.31	24.06	24.19	25.06	2014-05-30 11:48:44
1552	47.63	45.31	24.13	24.25	25.06	2014-05-30 11:49:44
1553	47.63	45.38	24.06	24.25	25.06	2014-05-30 11:50:44
1554	47.63	45.38	24.06	24.25	25.06	2014-05-30 11:51:44
1555	47.63	45.38	24.06	24.19	25.06	2014-05-30 11:52:45
1556	47.63	45.38	24.06	24.19	25.06	2014-05-30 11:53:45
1557	47.69	45.38	24.06	24.25	25.06	2014-05-30 11:54:45
1558	47.69	45.44	24.06	24.31	25.06	2014-05-30 11:55:45
1559	47.63	45.38	24.06	24.31	25.06	2014-05-30 11:56:45
1560	47.69	45.38	24.06	24.25	25.06	2014-05-30 11:57:45
1561	47.69	45.38	24.06	24.31	25.13	2014-05-30 11:58:45
1562	47.75	45.44	24.19	24.38	25.13	2014-05-30 11:59:46
1563	47.75	45.5	24.19	24.38	25.13	2014-05-30 12:00:46
1564	47.75	45.5	24.19	24.31	25.13	2014-05-30 12:01:46
1565	47.75	45.56	24.25	24.31	25.13	2014-05-30 12:02:46
1566	47.75	45.56	24.19	24.38	25.13	2014-05-30 12:03:46
1567	47.81	45.5	24.25	24.38	25.13	2014-05-30 12:04:46
1568	47.81	45.56	24.25	24.38	25.19	2014-05-30 12:05:46
1569	47.81	45.56	24.19	24.38	25.19	2014-05-30 12:06:47
1570	47.88	45.63	24.25	24.44	25.19	2014-05-30 12:07:47
1571	47.88	45.63	24.25	24.44	25.19	2014-05-30 12:08:47
1572	47.88	45.63	24.31	24.5	25.19	2014-05-30 12:09:47
1573	47.88	45.63	24.25	24.44	25.19	2014-05-30 12:10:47
1574	47.88	45.63	24.31	24.5	25.19	2014-05-30 12:11:47
1575	47.88	45.63	24.31	24.5	25.19	2014-05-30 12:12:48
1576	47.88	45.69	24.31	24.5	25.19	2014-05-30 12:13:48
1577	47.94	45.75	24.31	24.5	25.25	2014-05-30 12:14:48
1578	47.94	45.75	24.31	24.5	25.25	2014-05-30 12:15:48
1579	47.94	45.75	24.31	24.5	25.25	2014-05-30 12:16:48
1580	47.94	45.75	24.31	24.56	25.25	2014-05-30 12:17:48
1581	47.94	45.75	24.31	24.5	25.25	2014-05-30 12:18:48
1582	47.94	45.81	24.31	24.56	25.25	2014-05-30 12:19:49
1583	48	45.81	24.38	24.5	25.25	2014-05-30 12:20:49
1584	48.06	45.81	24.31	24.5	25.31	2014-05-30 12:21:49
1585	48.06	45.75	24.38	24.5	25.31	2014-05-30 12:22:49
1586	48.13	45.75	24.44	24.5	25.31	2014-05-30 12:23:49
1587	48.13	45.75	24.38	24.56	25.31	2014-05-30 12:24:49
1588	48.06	45.75	24.38	24.56	25.31	2014-05-30 12:25:49
1589	48.06	45.81	24.44	24.56	25.31	2014-05-30 12:26:50
1590	48.06	45.81	24.38	24.56	25.31	2014-05-30 12:27:50
1591	48.13	45.81	24.44	24.63	25.31	2014-05-30 12:28:50
1592	48.13	45.88	24.38	24.56	25.31	2014-05-30 12:29:50
1593	48.13	45.88	24.44	24.63	25.31	2014-05-30 12:30:50
1594	48.19	45.88	24.5	24.63	25.38	2014-05-30 12:31:50
1595	48.19	45.88	24.5	24.63	25.38	2014-05-30 12:32:51
1596	48.19	45.88	24.56	24.69	25.38	2014-05-30 12:33:51
1597	48.19	45.88	24.56	24.75	25.38	2014-05-30 12:34:51
1598	48.19	45.88	24.56	24.81	25.38	2014-05-30 12:35:51
1599	48.19	45.88	24.63	24.75	25.38	2014-05-30 12:36:51
1600	48.19	45.94	24.63	24.69	25.38	2014-05-30 12:37:51
1601	48.25	45.94	24.63	24.75	25.44	2014-05-30 12:38:51
1602	48.25	46	24.63	24.75	25.44	2014-05-30 12:39:52
1603	48.25	46	24.63	24.81	25.44	2014-05-30 12:40:52
1604	48.25	46	24.69	24.75	25.44	2014-05-30 12:41:52
1605	48.25	46.06	24.63	24.75	25.44	2014-05-30 12:42:52
1606	48.25	46.06	24.56	24.75	25.44	2014-05-30 12:43:52
1607	48.31	46.06	24.56	24.69	25.44	2014-05-30 12:44:52
1608	48.31	46.06	24.5	24.69	25.5	2014-05-30 12:45:53
1609	48.31	46.06	24.5	24.69	25.44	2014-05-30 12:46:53
1610	48.31	46.13	24.56	24.69	25.5	2014-05-30 12:47:53
1611	48.31	46.13	24.5	24.69	25.5	2014-05-30 12:48:53
1612	48.31	46.13	24.5	24.75	25.5	2014-05-30 12:49:53
1613	48.38	46.13	24.5	24.69	25.5	2014-05-30 12:50:53
1614	48.38	46.13	24.5	24.69	25.56	2014-05-30 12:51:54
1615	48.44	46.19	24.5	24.69	25.5	2014-05-30 12:52:54
1616	48.44	46.13	24.5	24.69	25.5	2014-05-30 12:53:54
1617	48.44	46.13	24.56	24.75	25.5	2014-05-30 12:54:54
1618	48.44	46.19	24.56	24.75	25.56	2014-05-30 12:55:54
1619	48.44	46.13	24.56	24.75	25.56	2014-05-30 12:56:54
1620	48.44	46.13	24.56	24.75	25.56	2014-05-30 12:57:54
1621	48.44	46.13	24.56	24.75	25.56	2014-05-30 12:58:55
1622	48.44	46.06	24.63	24.81	25.56	2014-05-30 12:59:55
1623	48.44	46.13	24.63	24.81	25.56	2014-05-30 13:00:55
1624	48.44	46.13	24.63	24.75	25.63	2014-05-30 13:01:55
1625	48.44	46.19	24.56	24.75	25.56	2014-05-30 13:02:55
1626	48.5	46.25	24.69	24.81	25.63	2014-05-30 13:03:55
1627	48.5	46.25	24.63	24.81	25.63	2014-05-30 13:04:56
1628	48.5	46.25	24.63	24.75	25.63	2014-05-30 13:05:56
1629	48.5	46.19	24.63	24.75	25.63	2014-05-30 13:06:56
1630	48.5	46.19	24.5	24.75	25.63	2014-05-30 13:07:56
1631	48.56	46.19	24.5	24.75	25.63	2014-05-30 13:08:56
1632	48.56	46.25	24.56	24.69	25.63	2014-05-30 13:09:56
1633	48.56	46.25	24.5	24.69	25.63	2014-05-30 13:10:57
1634	48.56	46.25	24.5	24.63	25.69	2014-05-30 13:11:57
1635	48.5	46.25	24.5	24.63	25.69	2014-05-30 13:12:57
1636	48.56	46.25	24.44	24.69	25.69	2014-05-30 13:13:57
1637	48.56	46.31	24.38	24.63	25.69	2014-05-30 13:14:57
1638	48.56	46.31	24.44	24.69	25.69	2014-05-30 13:15:57
1639	48.56	46.38	24.44	24.63	25.69	2014-05-30 13:16:58
1640	48.56	46.38	24.44	24.63	25.69	2014-05-30 13:17:58
1641	48.56	46.38	24.44	24.63	25.69	2014-05-30 13:18:58
1642	48.63	46.31	24.44	24.69	25.75	2014-05-30 13:19:58
1643	48.63	46.31	24.44	24.63	25.69	2014-05-30 13:20:58
1644	48.69	46.31	24.44	24.69	25.75	2014-05-30 13:21:58
1645	48.63	46.38	24.44	24.69	25.75	2014-05-30 13:22:59
1646	48.63	46.38	24.44	24.69	25.75	2014-05-30 13:23:59
1647	48.63	46.38	24.44	24.63	25.75	2014-05-30 13:24:59
1648	48.63	46.38	24.44	24.63	25.75	2014-05-30 13:25:59
1649	48.63	46.44	24.44	24.63	25.75	2014-05-30 13:26:59
1650	48.63	46.38	24.44	24.69	25.75	2014-05-30 13:27:59
1651	48.63	46.44	24.44	24.63	25.75	2014-05-30 13:28:59
1652	48.69	46.38	24.44	24.63	25.75	2014-05-30 13:30:00
1653	48.69	46.31	24.38	24.63	25.81	2014-05-30 13:31:00
1654	48.69	46.38	24.38	24.63	25.81	2014-05-30 13:32:00
1655	48.69	46.38	24.38	24.63	25.81	2014-05-30 13:33:00
1656	48.69	46.44	24.38	24.63	25.81	2014-05-30 13:34:00
1657	48.69	46.38	24.44	24.63	25.81	2014-05-30 13:35:00
1658	48.69	46.44	24.38	24.69	25.81	2014-05-30 13:36:01
1659	48.69	46.44	24.38	24.56	25.81	2014-05-30 13:37:01
1660	48.69	46.44	24.38	24.56	25.88	2014-05-30 13:38:01
1661	48.69	46.38	24.44	24.63	25.81	2014-05-30 13:39:01
1662	48.69	46.44	24.44	24.63	25.88	2014-05-30 13:40:01
1663	48.69	46.44	24.44	24.56	25.81	2014-05-30 13:41:01
1664	48.69	46.44	24.44	24.63	25.88	2014-05-30 13:42:01
1665	48.69	46.38	24.44	24.63	25.88	2014-05-30 13:43:02
1666	48.69	46.38	24.44	24.69	25.88	2014-05-30 13:44:02
1667	48.69	46.44	24.44	24.69	25.88	2014-05-30 13:45:02
1668	48.75	46.5	24.44	24.69	25.88	2014-05-30 13:46:02
1669	48.75	46.5	24.5	24.69	25.88	2014-05-30 13:47:02
1670	48.75	46.5	24.5	24.69	25.88	2014-05-30 13:48:02
1671	48.75	46.44	24.5	24.69	25.88	2014-05-30 13:49:03
1672	48.75	46.44	24.56	24.69	25.88	2014-05-30 13:50:03
1673	48.75	46.5	24.56	24.75	25.88	2014-05-30 13:51:03
1674	48.81	46.5	24.56	24.75	25.88	2014-05-30 13:52:03
1675	48.81	46.5	24.56	24.75	25.88	2014-05-30 13:53:03
1676	48.81	46.5	24.56	24.81	25.94	2014-05-30 13:54:03
1677	48.81	46.5	24.56	24.75	25.88	2014-05-30 13:55:04
1678	48.81	46.5	24.56	24.81	25.94	2014-05-30 13:56:04
1679	48.88	46.56	24.63	24.81	25.94	2014-05-30 13:57:04
1680	48.88	46.5	24.69	24.81	25.94	2014-05-30 13:58:04
1681	48.88	46.44	24.69	24.88	25.94	2014-05-30 13:59:04
1682	48.88	46.5	24.63	24.81	25.94	2014-05-30 14:00:04
1683	48.88	46.44	24.63	24.81	25.94	2014-05-30 14:01:04
1684	48.88	46.44	24.63	24.81	25.94	2014-05-30 14:02:04
1685	48.81	46.44	24.69	24.88	25.94	2014-05-30 14:03:05
1686	48.81	46.5	24.69	24.88	25.94	2014-05-30 14:04:05
1687	48.81	46.5	24.63	24.88	25.94	2014-05-30 14:05:05
1688	48.81	46.56	24.63	24.88	26	2014-05-30 14:06:05
1689	48.81	46.56	24.63	24.88	25.94	2014-05-30 14:07:05
1690	48.81	46.63	24.69	24.88	26	2014-05-30 14:08:05
1691	48.88	46.63	24.69	24.88	26	2014-05-30 14:09:05
1692	48.88	46.63	24.63	24.88	26	2014-05-30 14:10:06
1693	48.88	46.63	24.69	24.81	26	2014-05-30 14:11:06
1694	48.88	46.56	24.69	24.81	26	2014-05-30 14:12:06
1695	48.88	46.63	24.75	24.81	26	2014-05-30 14:13:06
1696	48.88	46.56	24.75	24.88	26	2014-05-30 14:14:06
1697	48.88	46.63	24.81	24.81	26	2014-05-30 14:15:06
1698	48.94	46.69	24.75	24.88	26	2014-05-30 14:16:06
1699	48.94	46.63	24.75	24.88	26	2014-05-30 14:17:06
1700	48.94	46.63	24.75	24.88	26	2014-05-30 14:18:06
1701	48.94	46.56	24.75	24.94	26	2014-05-30 14:19:07
1702	48.94	46.63	24.81	24.94	26	2014-05-30 14:20:07
1703	48.94	46.63	24.81	24.94	26.06	2014-05-30 14:21:07
1704	48.88	46.69	24.81	24.94	26.06	2014-05-30 14:22:07
1705	48.88	46.69	24.88	24.94	26.06	2014-05-30 14:23:07
1706	48.94	46.63	24.88	24.94	26.06	2014-05-30 14:24:07
1707	48.94	46.63	24.88	24.94	26.06	2014-05-30 14:25:07
1708	48.94	46.63	24.88	25	26.06	2014-05-30 14:26:08
1709	48.88	46.69	24.88	25.06	26.06	2014-05-30 14:27:08
1710	48.94	46.69	24.88	25.06	26.06	2014-05-30 14:28:08
1711	48.94	46.69	24.81	25	26.06	2014-05-30 14:29:08
1712	48.94	46.69	24.75	25	26.06	2014-05-30 14:30:08
1713	48.94	46.69	24.75	24.94	26.06	2014-05-30 14:31:08
1714	48.94	46.75	24.81	24.94	26.13	2014-05-30 14:32:08
1715	49	46.75	24.81	24.94	26.13	2014-05-30 14:33:09
1716	49	46.75	24.81	25	26.13	2014-05-30 14:34:09
1717	49	46.75	24.81	25	26.13	2014-05-30 14:35:09
1718	49	46.75	24.88	24.94	26.13	2014-05-30 14:36:09
1719	49	46.75	24.81	25	26.13	2014-05-30 14:37:09
1720	49	46.75	24.81	25	26.13	2014-05-30 14:38:09
1721	49.06	46.75	24.81	25	26.13	2014-05-30 14:39:10
1722	49.06	46.75	24.88	25.06	26.13	2014-05-30 14:40:10
1723	49.06	46.75	24.88	25.06	26.13	2014-05-30 14:41:10
1724	49.06	46.81	24.94	25.13	26.13	2014-05-30 14:42:10
1725	49.06	46.81	25	25.13	26.19	2014-05-30 14:43:10
1726	49.06	46.81	25	25.13	26.13	2014-05-30 14:44:10
1727	49.06	46.81	25.06	25.13	26.19	2014-05-30 14:45:11
1728	49.06	46.81	25	25.13	26.19	2014-05-30 14:46:11
1729	49.13	46.81	25.06	25.13	26.19	2014-05-30 14:47:11
1730	49.06	46.81	25	25.13	26.19	2014-05-30 14:48:11
1731	49.13	46.81	25.06	25.13	26.19	2014-05-30 14:49:11
1732	49.13	46.75	25.06	25.19	26.19	2014-05-30 14:50:11
1733	49.13	46.75	25.13	25.19	26.19	2014-05-30 14:51:12
1734	49.13	46.75	25.13	25.19	26.19	2014-05-30 14:52:12
1735	49.13	46.81	25.13	25.19	26.19	2014-05-30 14:53:12
1736	49.13	46.81	25.19	25.19	26.19	2014-05-30 14:54:12
1737	49.13	46.81	25.13	25.19	26.25	2014-05-30 14:55:12
1738	49.06	46.88	25.13	25.19	26.19	2014-05-30 14:56:12
1739	49.13	46.88	25.13	25.19	26.25	2014-05-30 14:57:13
1740	49.13	46.88	25.19	25.19	26.25	2014-05-30 14:58:13
1741	49.19	46.81	25.13	25.19	26.25	2014-05-30 14:59:13
1742	49.19	46.88	25.13	25.19	26.25	2014-05-30 15:00:13
1743	49.19	46.88	25.13	25.19	26.25	2014-05-30 15:01:13
1744	49.13	46.88	25.13	25.19	26.25	2014-05-30 15:02:13
1745	49.13	46.88	25.19	25.19	26.25	2014-05-30 15:03:13
1746	49.19	46.94	25.13	25.25	26.25	2014-05-30 15:04:14
1747	49.19	46.94	25.19	25.25	26.25	2014-05-30 15:05:14
1748	49.19	46.94	25.19	25.25	26.31	2014-05-30 15:06:14
1749	49.19	46.88	25.25	25.25	26.31	2014-05-30 15:07:14
1750	49.19	46.88	25.25	25.25	26.31	2014-05-30 15:08:14
1751	49.19	46.88	25.25	25.31	26.31	2014-05-30 15:09:14
1752	49.13	46.81	25.19	25.31	26.31	2014-05-30 15:10:15
1753	49.19	46.81	25.25	25.31	26.31	2014-05-30 15:11:15
1754	49.19	46.88	25.19	25.31	26.31	2014-05-30 15:12:15
1755	49.19	46.88	25.31	25.31	26.31	2014-05-30 15:13:15
1756	49.19	46.88	25.25	25.31	26.31	2014-05-30 15:14:15
1757	49.19	46.88	25.25	25.31	26.31	2014-05-30 15:15:15
1758	49.19	46.94	25.19	25.31	26.31	2014-05-30 15:16:16
1759	49.25	47	25.25	25.25	26.31	2014-05-30 15:17:16
1760	49.25	47	25.25	25.25	26.38	2014-05-30 15:18:16
1761	49.25	47	25.19	25.25	26.38	2014-05-30 15:19:16
1762	49.25	47	25.19	25.25	26.38	2014-05-30 15:20:16
1763	49.25	47	25.19	25.25	26.38	2014-05-30 15:21:16
1764	49.19	47	25.19	25.25	26.38	2014-05-30 15:22:16
1765	49.19	47	25.13	25.25	26.38	2014-05-30 15:23:17
1766	49.19	47	25.06	25.25	26.38	2014-05-30 15:24:17
1767	49.19	47	25.13	25.25	26.38	2014-05-30 15:25:17
1768	49.19	47	25.06	25.25	26.38	2014-05-30 15:26:17
1769	49.25	47	25.06	25.25	26.38	2014-05-30 15:27:17
1770	49.25	47	25.06	25.25	26.38	2014-05-30 15:28:17
1771	49.31	47	25.06	25.25	26.38	2014-05-30 15:29:17
1772	49.31	47	25.13	25.25	26.38	2014-05-30 15:30:18
1773	49.31	47	25.19	25.25	26.44	2014-05-30 15:31:18
1774	49.31	47	25.13	25.25	26.44	2014-05-30 15:32:18
1775	49.31	47	25.19	25.31	26.44	2014-05-30 15:33:18
1776	49.31	47.06	25.19	25.25	26.38	2014-05-30 15:34:18
1777	49.38	47.06	25.19	25.31	26.44	2014-05-30 15:35:18
1778	49.38	47	25.19	25.31	26.44	2014-05-30 15:36:19
1779	49.31	47	25.19	25.31	26.44	2014-05-30 15:37:19
1780	49.38	47.06	25.19	25.31	26.44	2014-05-30 15:38:19
1781	49.38	47.06	25.19	25.31	26.44	2014-05-30 15:39:19
1782	49.31	47.06	25.19	25.31	26.44	2014-05-30 15:40:19
1783	49.31	47.06	25.13	25.31	26.44	2014-05-30 15:41:19
1784	49.31	47.06	25.19	25.31	26.44	2014-05-30 15:42:19
1785	49.31	47.06	25.13	25.31	26.44	2014-05-30 15:43:20
1786	49.31	47.06	25.19	25.31	26.44	2014-05-30 15:44:20
1787	49.31	47.13	25.13	25.31	26.44	2014-05-30 15:45:20
1788	49.31	47.06	25.25	25.31	26.44	2014-05-30 15:46:20
1789	49.31	47.13	25.19	25.25	26.44	2014-05-30 15:47:20
1790	49.31	47.13	25.19	25.31	26.5	2014-05-30 15:48:20
1791	49.31	47.13	25.31	25.31	26.5	2014-05-30 15:49:20
1792	49.31	47.13	25.31	25.38	26.5	2014-05-30 15:50:21
1793	49.31	47.13	25.25	25.38	26.5	2014-05-30 15:51:21
1794	49.38	47.13	25.25	25.38	26.5	2014-05-30 15:52:21
1795	49.38	47.13	25.31	25.38	26.5	2014-05-30 15:53:21
1796	49.44	47.13	25.38	25.38	26.5	2014-05-30 15:54:21
1797	49.44	47.13	25.31	25.38	26.5	2014-05-30 15:55:21
1798	49.44	47.13	25.25	25.38	26.5	2014-05-30 15:56:22
1799	49.44	47.13	25.31	25.38	26.5	2014-05-30 15:57:22
1800	49.44	47.13	25.31	25.38	26.56	2014-05-30 15:58:22
1801	49.44	47.19	25.38	25.38	26.56	2014-05-30 15:59:22
1802	49.44	47.13	25.38	25.38	26.5	2014-05-30 16:00:22
1803	49.44	47.13	25.31	25.38	26.56	2014-05-30 16:01:22
1804	49.44	47.13	25.31	25.38	26.56	2014-05-30 16:02:22
1805	49.44	47.13	25.38	25.38	26.56	2014-05-30 16:03:23
1806	49.44	47.13	25.38	25.38	26.56	2014-05-30 16:04:23
1807	49.44	47.13	25.38	25.38	26.56	2014-05-30 16:05:23
1808	49.44	47.19	25.38	25.44	26.56	2014-05-30 16:06:23
1809	49.5	47.19	25.31	25.44	26.56	2014-05-30 16:07:23
1810	49.5	47.19	25.38	25.44	26.56	2014-05-30 16:08:23
1811	49.5	47.19	25.38	25.44	26.56	2014-05-30 16:09:24
1812	49.5	47.19	25.38	25.44	26.56	2014-05-30 16:10:24
1813	49.44	47.19	25.38	25.44	26.56	2014-05-30 16:11:24
1814	49.44	47.19	25.38	25.44	26.56	2014-05-30 16:12:24
1815	49.5	47.25	25.44	25.5	26.56	2014-05-30 16:13:24
1816	49.5	47.25	25.38	25.44	26.56	2014-05-30 16:14:24
1817	49.5	47.25	25.31	25.44	26.63	2014-05-30 16:15:24
1818	49.5	47.25	25.38	25.44	26.56	2014-05-30 16:16:25
1819	49.56	47.25	25.38	25.44	26.63	2014-05-30 16:17:25
1820	49.5	47.25	25.31	25.44	26.63	2014-05-30 16:18:25
1821	49.5	47.25	25.31	25.44	26.63	2014-05-30 16:19:25
1822	49.5	47.25	25.38	25.44	26.63	2014-05-30 16:20:25
1823	49.5	47.25	25.31	25.44	26.63	2014-05-30 16:21:25
1824	49.5	47.25	25.38	25.5	26.63	2014-05-30 16:22:26
1825	49.5	47.25	25.38	25.44	26.63	2014-05-30 16:23:26
1826	49.5	47.25	25.31	25.44	26.63	2014-05-30 16:24:26
1827	49.5	47.25	25.31	25.44	26.63	2014-05-30 16:25:26
1828	49.5	47.25	25.31	25.44	26.63	2014-05-30 16:26:26
1829	49.5	47.25	25.31	25.44	26.63	2014-05-30 16:27:26
1830	49.56	47.25	25.31	25.44	26.63	2014-05-30 16:28:26
1831	49.56	47.25	25.31	25.44	26.63	2014-05-30 16:29:27
1832	49.56	47.25	25.38	25.44	26.69	2014-05-30 16:30:27
1833	49.56	47.25	25.31	25.44	26.69	2014-05-30 16:31:27
1834	49.63	47.25	25.38	25.44	26.69	2014-05-30 16:32:27
1835	49.63	47.19	25.38	25.44	26.69	2014-05-30 16:33:27
1836	49.63	47.25	25.38	25.44	26.69	2014-05-30 16:34:27
1837	49.56	47.31	25.38	25.44	26.69	2014-05-30 16:35:27
1838	49.56	47.25	25.38	25.44	26.69	2014-05-30 16:36:28
1839	49.63	47.31	25.38	25.44	26.69	2014-05-30 16:37:28
1840	49.63	47.31	25.44	25.5	26.69	2014-05-30 16:38:28
1841	49.56	47.31	25.44	25.44	26.69	2014-05-30 16:39:28
1842	49.56	47.31	25.38	25.5	26.69	2014-05-30 16:40:28
1843	49.56	47.31	25.44	25.5	26.69	2014-05-30 16:41:28
1844	49.56	47.31	25.38	25.5	26.69	2014-05-30 16:42:29
1845	49.56	47.31	25.44	25.5	26.69	2014-05-30 16:43:29
1846	49.56	47.31	25.44	25.5	26.69	2014-05-30 16:44:29
1847	49.56	47.31	25.38	25.5	26.69	2014-05-30 16:45:29
1848	49.56	47.31	25.38	25.44	26.69	2014-05-30 16:46:29
1849	49.56	47.31	25.38	25.5	26.75	2014-05-30 16:47:30
1850	49.56	47.31	25.38	25.44	26.69	2014-05-30 16:48:30
1851	49.56	47.31	25.44	25.44	26.75	2014-05-30 16:49:30
1852	49.56	47.31	25.44	25.44	26.75	2014-05-30 16:50:30
1853	49.56	47.38	25.44	25.44	26.75	2014-05-30 16:51:30
1854	49.56	47.31	25.38	25.44	26.75	2014-05-30 16:52:30
1855	49.56	47.38	25.44	25.44	26.75	2014-05-30 16:53:31
1856	49.56	47.38	25.44	25.5	26.75	2014-05-30 16:54:31
1857	49.56	47.38	25.38	25.5	26.75	2014-05-30 16:55:31
1858	49.56	47.38	25.38	25.5	26.75	2014-05-30 16:56:31
1859	49.56	47.38	25.31	25.5	26.75	2014-05-30 16:57:31
1860	49.56	47.38	25.38	25.5	26.75	2014-05-30 16:58:31
1861	49.56	47.38	25.38	25.5	26.75	2014-05-30 16:59:32
1862	49.56	47.38	25.38	25.5	26.75	2014-05-30 17:00:32
1863	49.56	47.31	25.38	25.5	26.75	2014-05-30 17:01:32
1864	49.56	47.38	25.38	25.5	26.75	2014-05-30 17:02:32
1865	49.56	47.38	25.38	25.44	26.75	2014-05-30 17:03:32
1866	49.63	47.38	25.38	25.5	26.81	2014-05-30 17:04:33
1867	49.63	47.31	25.38	25.5	26.81	2014-05-30 17:05:33
1868	49.63	47.38	25.38	25.5	26.81	2014-05-30 17:06:33
1869	49.63	47.38	25.44	25.44	26.75	2014-05-30 17:07:33
1870	49.63	47.38	25.38	25.44	26.75	2014-05-30 17:08:33
1871	49.63	47.38	25.38	25.44	26.81	2014-05-30 17:09:34
1872	49.63	47.38	25.38	25.44	26.81	2014-05-30 17:10:34
1873	49.63	47.38	25.38	25.44	26.81	2014-05-30 17:11:34
1874	49.63	47.31	25.38	25.38	26.81	2014-05-30 17:12:34
1875	49.63	47.25	25.38	25.44	26.81	2014-05-30 17:13:34
1876	49.63	47.31	25.38	25.44	26.81	2014-05-30 17:14:34
1877	49.63	47.25	25.38	25.44	26.81	2014-05-30 17:15:35
1878	49.63	47.31	25.38	25.38	26.81	2014-05-30 17:16:35
1879	49.69	47.31	25.38	25.38	26.81	2014-05-30 17:17:35
1880	49.69	47.31	25.31	25.38	26.81	2014-05-30 17:18:35
1881	49.63	47.38	25.38	25.38	26.81	2014-05-30 17:19:35
1882	49.63	47.38	25.38	25.38	26.81	2014-05-30 17:20:35
1883	49.63	47.44	25.38	25.38	26.81	2014-05-30 17:21:36
1884	49.63	47.44	25.38	25.38	26.81	2014-05-30 17:22:36
1885	49.63	47.44	25.31	25.44	26.81	2014-05-30 17:23:36
1886	49.69	47.44	25.38	25.38	26.81	2014-05-30 17:24:36
1887	49.69	47.44	25.38	25.38	26.81	2014-05-30 17:25:36
1888	49.69	47.38	25.31	25.38	26.81	2014-05-30 17:26:36
1889	49.69	47.38	25.25	25.38	26.81	2014-05-30 17:27:37
1890	49.63	47.31	25.25	25.44	26.81	2014-05-30 17:28:37
1891	49.63	47.38	25.31	25.38	26.81	2014-05-30 17:29:37
1892	49.63	47.38	25.31	25.38	26.81	2014-05-30 17:30:37
1893	49.63	47.38	25.31	25.44	26.81	2014-05-30 17:31:37
1894	49.63	47.44	25.31	25.44	26.81	2014-05-30 17:32:37
1895	49.63	47.38	25.31	25.44	26.88	2014-05-30 17:33:38
1896	49.63	47.38	25.31	25.44	26.88	2014-05-30 17:34:38
1897	49.63	47.38	25.38	25.5	26.88	2014-05-30 17:35:38
1898	49.63	47.44	25.38	25.5	26.88	2014-05-30 17:36:38
1899	49.63	47.44	25.38	25.5	26.88	2014-05-30 17:37:38
1900	49.63	47.44	25.38	25.44	26.88	2014-05-30 17:38:39
1901	49.63	47.38	25.38	25.44	26.88	2014-05-30 17:39:39
1902	49.63	47.44	25.31	25.5	26.88	2014-05-30 17:40:39
1903	49.63	47.44	25.31	25.44	26.88	2014-05-30 17:41:39
1904	49.69	47.44	25.38	25.44	26.88	2014-05-30 17:42:39
1905	49.69	47.44	25.38	25.5	26.88	2014-05-30 17:43:39
1906	49.69	47.44	25.38	25.5	26.88	2014-05-30 17:44:40
1907	49.69	47.44	25.31	25.5	26.88	2014-05-30 17:45:40
1908	49.69	47.44	25.31	25.44	26.88	2014-05-30 17:46:40
1909	49.69	47.44	25.38	25.44	26.88	2014-05-30 17:47:40
1910	49.69	47.38	25.31	25.44	26.88	2014-05-30 17:48:40
1911	49.69	47.38	25.38	25.44	26.88	2014-05-30 17:49:40
1912	49.69	47.31	25.38	25.44	26.88	2014-05-30 17:50:41
1913	49.69	47.38	25.38	25.44	26.88	2014-05-30 17:51:41
1914	49.69	47.31	25.38	25.44	26.88	2014-05-30 17:52:41
1915	49.75	47.31	25.38	25.44	26.88	2014-05-30 17:53:41
1916	49.75	47.38	25.38	25.38	26.88	2014-05-30 17:54:41
1917	49.75	47.38	25.31	25.44	26.88	2014-05-30 17:55:41
1918	49.75	47.38	25.31	25.44	26.94	2014-05-30 17:56:42
1919	49.75	47.31	25.31	25.44	26.88	2014-05-30 17:57:42
1920	49.69	47.38	25.25	25.38	26.88	2014-05-30 17:58:42
1921	49.69	47.44	25.25	25.38	26.88	2014-05-30 17:59:42
1922	49.69	47.44	25.25	25.38	26.94	2014-05-30 18:00:42
1923	49.75	47.44	25.31	25.38	26.94	2014-05-30 18:01:43
1924	49.75	47.44	25.31	25.38	26.94	2014-05-30 18:02:43
1925	49.75	47.44	25.31	25.38	26.88	2014-05-30 18:03:43
1926	49.75	47.44	25.25	25.44	26.94	2014-05-30 18:04:43
1927	49.75	47.44	25.31	25.44	26.88	2014-05-30 18:05:43
1928	49.75	47.44	25.25	25.38	26.88	2014-05-30 18:06:43
1929	49.75	47.38	25.31	25.38	26.94	2014-05-30 18:07:43
1930	49.75	47.44	25.25	25.38	26.94	2014-05-30 18:08:44
1931	49.75	47.44	25.25	25.38	26.94	2014-05-30 18:09:44
1932	49.75	47.44	25.25	25.38	26.94	2014-05-30 18:10:44
1933	49.75	47.44	25.25	25.44	26.88	2014-05-30 18:11:44
1934	49.75	47.44	25.19	25.38	26.94	2014-05-30 18:12:44
1935	49.75	47.44	25.19	25.38	26.94	2014-05-30 18:13:45
1936	49.69	47.44	25.25	25.38	26.94	2014-05-30 18:14:45
1937	49.69	47.5	25.19	25.38	26.94	2014-05-30 18:15:45
1938	49.69	47.5	25.25	25.38	26.94	2014-05-30 18:16:45
1939	49.69	47.5	25.25	25.38	26.94	2014-05-30 18:17:45
1940	49.69	47.44	25.25	25.38	26.94	2014-05-30 18:18:45
1941	49.69	47.44	25.31	25.38	26.94	2014-05-30 18:19:46
1942	49.69	47.44	25.25	25.38	26.94	2014-05-30 18:20:46
1943	49.69	47.38	25.25	25.38	26.94	2014-05-30 18:21:46
1944	49.69	47.38	25.31	25.38	26.94	2014-05-30 18:22:46
1945	49.69	47.38	25.31	25.38	26.94	2014-05-30 18:23:46
1946	49.69	47.38	25.25	25.31	26.94	2014-05-30 18:24:46
1947	49.69	47.38	25.19	25.38	26.94	2014-05-30 18:25:47
1948	49.69	47.38	25.19	25.38	26.94	2014-05-30 18:26:47
1949	49.69	47.38	25.13	25.38	26.94	2014-05-30 18:27:47
1950	49.69	47.38	25.13	25.31	26.94	2014-05-30 18:28:47
1951	49.69	47.38	25.19	25.31	26.94	2014-05-30 18:29:47
1952	49.75	47.44	25.19	25.31	26.94	2014-05-30 18:30:47
1953	49.69	47.44	25.25	25.31	26.94	2014-05-30 18:31:48
1954	49.69	47.44	25.13	25.31	26.94	2014-05-30 18:32:48
1955	49.69	47.44	25.13	25.31	26.94	2014-05-30 18:33:48
1956	49.69	47.38	25.13	25.31	26.94	2014-05-30 18:34:48
1957	49.69	47.44	25.13	25.25	26.94	2014-05-30 18:35:48
1958	49.69	47.44	25.06	25.25	26.94	2014-05-30 18:36:48
1959	49.69	47.38	25	25.25	26.94	2014-05-30 18:37:49
1960	49.69	47.38	25	25.19	26.94	2014-05-30 18:38:49
1961	49.69	47.38	25.06	25.19	26.94	2014-05-30 18:39:49
1962	49.69	47.38	25	25.19	26.94	2014-05-30 18:40:49
1963	49.69	47.38	25.06	25.19	26.94	2014-05-30 18:41:49
1964	49.69	47.38	25	25.19	26.94	2014-05-30 18:42:49
1965	49.63	47.38	25	25.19	26.94	2014-05-30 18:43:49
1966	49.69	47.38	25.06	25.19	26.94	2014-05-30 18:44:49
1967	49.69	47.44	25.06	25.19	26.94	2014-05-30 18:45:50
1968	49.69	47.44	25.06	25.19	26.94	2014-05-30 18:46:50
1969	49.75	47.44	25.06	25.19	26.94	2014-05-30 18:47:50
1970	49.75	47.44	25	25.19	26.94	2014-05-30 18:48:50
1971	49.69	47.44	25.06	25.19	26.94	2014-05-30 18:49:50
1972	49.69	47.5	25.06	25.19	26.94	2014-05-30 18:50:50
1973	49.75	47.5	25.06	25.19	26.94	2014-05-30 18:51:50
1974	49.75	47.5	25.06	25.19	26.94	2014-05-30 18:52:50
1975	49.75	47.44	25.06	25.25	26.94	2014-05-30 18:53:50
1976	49.75	47.44	25.06	25.19	26.94	2014-05-30 18:54:51
1977	49.75	47.44	25.06	25.19	26.94	2014-05-30 18:55:51
1978	49.75	47.44	25.06	25.19	26.94	2014-05-30 18:56:51
1979	49.75	47.44	25.06	25.25	26.94	2014-05-30 18:57:51
1980	49.69	47.44	25	25.19	26.94	2014-05-30 18:58:51
1981	49.69	47.44	25.06	25.19	26.94	2014-05-30 18:59:51
1982	49.69	47.44	25.06	25.19	26.94	2014-05-30 19:00:51
1983	49.69	47.5	25	25.19	26.94	2014-05-30 19:01:51
1984	49.69	47.44	25.06	25.19	26.94	2014-05-30 19:02:52
1985	49.69	47.44	25.06	25.19	26.94	2014-05-30 19:03:52
1986	49.69	47.44	25.06	25.25	26.94	2014-05-30 19:04:52
1987	49.75	47.44	25.06	25.25	26.94	2014-05-30 19:05:52
1988	49.69	47.44	25.06	25.25	26.94	2014-05-30 19:06:52
1989	49.69	47.44	25.13	25.25	26.94	2014-05-30 19:07:52
1990	49.69	47.44	25.06	25.25	26.94	2014-05-30 19:08:52
1991	49.69	47.44	25.13	25.25	26.94	2014-05-30 19:09:53
1992	49.69	47.44	25.06	25.25	26.94	2014-05-30 19:10:53
1993	49.69	47.44	25.06	25.25	26.94	2014-05-30 19:11:53
1994	49.69	47.38	25.06	25.25	26.94	2014-05-30 19:12:53
1995	49.69	47.44	25.06	25.25	26.94	2014-05-30 19:13:53
1996	49.69	47.44	25.06	25.19	26.94	2014-05-30 19:14:53
1997	49.69	47.44	25.13	25.25	26.94	2014-05-30 19:15:53
1998	49.69	47.44	25.06	25.25	26.94	2014-05-30 19:16:53
1999	49.69	47.38	25.06	25.25	26.94	2014-05-30 19:17:54
2000	49.63	47.38	25	25.19	26.94	2014-05-30 19:18:54
2001	49.69	47.44	25.06	25.19	26.94	2014-05-30 19:19:54
2002	49.69	47.44	25.06	25.19	26.94	2014-05-30 19:20:54
2003	49.75	47.44	25.06	25.19	26.94	2014-05-30 19:21:54
2004	49.75	47.44	25	25.19	26.94	2014-05-30 19:22:54
2005	49.75	47.44	25	25.19	26.94	2014-05-30 19:23:54
2006	49.69	47.44	25.06	25.25	26.94	2014-05-30 19:24:55
2007	49.69	47.44	25.06	25.19	26.94	2014-05-30 19:25:55
2008	49.69	47.44	25.06	25.19	26.94	2014-05-30 19:26:55
2009	49.69	47.44	25.06	25.19	26.94	2014-05-30 19:27:55
2010	49.69	47.44	25	25.19	26.94	2014-05-30 19:28:55
2011	49.69	47.44	25	25.19	26.94	2014-05-30 19:29:55
2012	49.69	47.44	25	25.19	26.94	2014-05-30 19:30:55
2013	49.69	47.44	25.06	25.25	26.94	2014-05-30 19:31:55
2014	49.69	47.44	24.94	25.25	26.94	2014-05-30 19:32:56
2015	49.69	47.44	25	25.19	26.94	2014-05-30 19:33:56
2016	49.63	47.44	24.94	25.19	26.94	2014-05-30 19:34:56
2017	49.69	47.44	24.94	25.19	26.94	2014-05-30 19:35:56
2018	49.69	47.44	25	25.19	26.94	2014-05-30 19:36:56
2019	49.63	47.44	25	25.19	26.94	2014-05-30 19:37:56
2020	49.63	47.44	25	25.19	26.94	2014-05-30 19:38:57
2021	49.63	47.44	25	25.19	26.94	2014-05-30 19:39:57
2022	49.69	47.44	25	25.19	26.94	2014-05-30 19:40:57
2023	49.69	47.38	25.06	25.19	26.94	2014-05-30 19:41:57
2024	49.69	47.38	25	25.19	26.94	2014-05-30 19:42:57
2025	49.69	47.44	25	25.13	26.94	2014-05-30 19:43:57
2026	49.69	47.44	25	25.19	26.94	2014-05-30 19:44:57
2027	49.69	47.44	24.94	25.13	26.94	2014-05-30 19:45:57
2028	49.63	47.44	24.88	25.13	26.94	2014-05-30 19:46:57
2029	49.63	47.44	24.94	25.13	26.94	2014-05-30 19:47:57
2030	49.63	47.44	24.88	25.13	26.94	2014-05-30 19:48:57
2031	49.63	47.44	24.94	25.06	26.94	2014-05-30 19:49:57
2032	49.63	47.44	24.88	25.06	26.94	2014-05-30 19:50:57
2033	49.63	47.44	24.88	25.06	26.94	2014-05-30 19:51:58
2034	49.63	47.44	24.88	25.06	26.94	2014-05-30 19:52:58
2035	49.63	47.44	24.94	25.13	26.94	2014-05-30 19:53:58
2036	49.56	47.38	24.88	25.13	26.94	2014-05-30 19:54:58
2037	49.56	47.38	24.94	25.13	26.94	2014-05-30 19:55:58
2038	49.56	47.38	24.88	25.13	26.94	2014-05-30 19:56:58
2039	49.56	47.38	24.94	25.13	26.94	2014-05-30 19:57:58
2040	49.63	47.38	24.94	25.13	26.94	2014-05-30 19:58:58
2041	49.63	47.38	24.94	25.13	26.94	2014-05-30 19:59:59
2042	49.63	47.38	24.94	25.13	26.94	2014-05-30 20:00:59
2043	49.63	47.38	24.88	25.13	26.94	2014-05-30 20:01:59
2044	49.63	47.38	24.94	25.13	26.94	2014-05-30 20:02:59
2045	49.63	47.38	24.88	25.13	26.94	2014-05-30 20:03:59
2046	49.63	47.38	24.94	25.13	26.94	2014-05-30 20:04:59
2047	49.69	47.38	24.94	25.13	26.94	2014-05-30 20:05:59
2048	49.69	47.44	24.88	25.13	26.94	2014-05-30 20:07:00
2049	49.63	47.44	24.88	25.06	26.94	2014-05-30 20:08:00
2050	49.63	47.44	24.88	25.13	26.94	2014-05-30 20:09:00
2051	49.63	47.38	24.88	25.13	26.94	2014-05-30 20:10:00
2052	49.63	47.38	24.88	25.06	26.94	2014-05-30 20:11:00
2053	49.63	47.38	24.88	25.06	26.88	2014-05-30 20:12:00
2054	49.56	47.38	24.81	25	26.88	2014-05-30 20:13:00
2055	49.63	47.38	24.81	25	26.94	2014-05-30 20:14:00
2056	49.63	47.38	24.81	25	26.94	2014-05-30 20:15:00
2057	49.56	47.38	24.81	25	26.94	2014-05-30 20:16:01
2058	49.56	47.38	24.81	25	26.88	2014-05-30 20:17:01
2059	49.63	47.31	24.81	25	26.94	2014-05-30 20:18:01
2060	49.63	47.31	24.75	25	26.94	2014-05-30 20:19:01
2061	49.63	47.31	24.75	25	26.94	2014-05-30 20:20:01
2062	49.63	47.38	24.75	25	26.94	2014-05-30 20:21:01
2063	49.63	47.38	24.75	25	26.88	2014-05-30 20:22:01
2064	49.63	47.38	24.69	24.94	26.88	2014-05-30 20:23:01
2065	49.63	47.38	24.75	24.94	26.94	2014-05-30 20:24:01
2066	49.63	47.31	24.69	24.94	26.88	2014-05-30 20:25:01
2067	49.63	47.38	24.69	24.94	26.88	2014-05-30 20:26:01
2068	49.63	47.38	24.63	24.94	26.88	2014-05-30 20:27:02
2069	49.63	47.38	24.63	24.94	26.88	2014-05-30 20:28:02
2070	49.63	47.31	24.63	24.88	26.88	2014-05-30 20:29:02
2071	49.63	47.31	24.63	24.88	26.88	2014-05-30 20:30:02
2072	49.63	47.31	24.63	24.88	26.88	2014-05-30 20:31:02
2073	49.63	47.31	24.63	24.88	26.88	2014-05-30 20:32:02
2074	49.63	47.31	24.63	24.88	26.88	2014-05-30 20:33:02
2075	49.63	47.38	24.63	24.88	26.88	2014-05-30 20:34:02
2076	49.63	47.31	24.69	24.88	26.88	2014-05-30 20:35:02
2077	49.63	47.25	24.63	24.88	26.88	2014-05-30 20:36:02
2078	49.63	47.31	24.69	24.94	26.88	2014-05-30 20:37:02
2079	49.63	47.31	24.69	24.94	26.88	2014-05-30 20:38:02
2080	49.63	47.31	24.69	24.94	26.88	2014-05-30 20:39:02
2081	49.63	47.31	24.69	24.94	26.88	2014-05-30 20:40:02
2082	49.63	47.31	24.75	24.94	26.88	2014-05-30 20:41:02
2083	49.63	47.31	24.69	24.94	26.88	2014-05-30 20:42:03
2084	49.56	47.31	24.69	24.88	26.88	2014-05-30 20:43:03
2085	49.56	47.31	24.63	24.94	26.88	2014-05-30 20:44:03
2086	49.56	47.31	24.63	24.94	26.88	2014-05-30 20:45:03
2087	49.56	47.31	24.63	24.94	26.88	2014-05-30 20:46:03
2088	49.56	47.31	24.69	24.94	26.88	2014-05-30 20:47:03
2089	49.56	47.25	24.69	24.94	26.88	2014-05-30 20:48:03
2090	49.5	47.25	24.63	24.94	26.88	2014-05-30 20:49:03
2091	49.5	47.25	24.63	24.88	26.88	2014-05-30 20:50:03
2092	49.5	47.25	24.63	24.88	26.88	2014-05-30 20:51:04
2093	49.5	47.31	24.56	24.88	26.88	2014-05-30 20:52:04
2094	49.56	47.31	24.63	24.94	26.88	2014-05-30 20:53:04
2095	49.56	47.31	24.63	24.88	26.88	2014-05-30 20:54:04
2096	49.56	47.31	24.63	24.88	26.88	2014-05-30 20:55:04
2097	49.56	47.25	24.63	24.88	26.88	2014-05-30 20:56:04
2098	49.56	47.25	24.56	24.81	26.81	2014-05-30 20:57:04
2099	49.56	47.19	24.56	24.81	26.81	2014-05-30 20:58:04
2100	49.56	47.19	24.56	24.81	26.88	2014-05-30 20:59:05
2101	49.56	47.13	24.63	24.81	26.81	2014-05-30 21:00:05
2102	49.56	47.13	24.56	24.81	26.81	2014-05-30 21:01:05
2103	49.56	47.13	24.56	24.75	26.81	2014-05-30 21:02:05
2104	49.56	47.19	24.5	24.75	26.81	2014-05-30 21:03:05
2105	49.56	47.19	24.5	24.69	26.81	2014-05-30 21:04:05
2106	49.56	47.25	24.5	24.75	26.81	2014-05-30 21:05:05
2107	49.5	47.25	24.44	24.75	26.81	2014-05-30 21:06:06
2108	49.5	47.25	24.44	24.75	26.81	2014-05-30 21:07:06
2109	49.5	47.25	24.38	24.69	26.81	2014-05-30 21:08:06
2110	49.5	47.25	24.44	24.69	26.81	2014-05-30 21:09:06
2111	49.5	47.25	24.44	24.69	26.81	2014-05-30 21:10:06
2112	49.5	47.25	24.44	24.75	26.81	2014-05-30 21:11:06
2113	49.5	47.25	24.44	24.69	26.81	2014-05-30 21:12:06
2114	49.5	47.19	24.44	24.69	26.81	2014-05-30 21:13:07
2115	49.5	47.19	24.44	24.75	26.81	2014-05-30 21:14:07
2116	49.5	47.19	24.5	24.75	26.81	2014-05-30 21:15:07
2117	49.5	47.19	24.44	24.75	26.81	2014-05-30 21:16:07
2118	49.5	47.19	24.44	24.69	26.81	2014-05-30 21:17:07
2119	49.44	47.25	24.44	24.69	26.81	2014-05-30 21:18:07
2120	49.44	47.25	24.44	24.69	26.81	2014-05-30 21:19:07
2121	49.44	47.25	24.38	24.69	26.81	2014-05-30 21:20:08
2122	49.5	47.25	24.38	24.69	26.81	2014-05-30 21:21:08
2123	49.5	47.25	24.44	24.69	26.81	2014-05-30 21:22:08
2124	49.5	47.19	24.44	24.69	26.75	2014-05-30 21:23:08
2125	49.5	47.19	24.38	24.69	26.81	2014-05-30 21:24:08
2126	49.5	47.19	24.38	24.69	26.75	2014-05-30 21:25:08
2127	49.5	47.13	24.38	24.63	26.75	2014-05-30 21:26:08
2128	49.5	47.19	24.38	24.63	26.75	2014-05-30 21:27:08
2129	49.5	47.19	24.38	24.63	26.75	2014-05-30 21:28:09
2130	49.5	47.19	24.38	24.63	26.75	2014-05-30 21:29:09
2131	49.44	47.19	24.31	24.63	26.75	2014-05-30 21:30:09
2132	49.44	47.19	24.38	24.63	26.75	2014-05-30 21:31:09
2133	49.44	47.19	24.31	24.63	26.75	2014-05-30 21:32:09
2134	49.44	47.19	24.38	24.63	26.75	2014-05-30 21:33:09
2135	49.44	47.19	24.31	24.63	26.75	2014-05-30 21:34:09
2136	49.44	47.19	24.38	24.63	26.75	2014-05-30 21:35:09
2137	49.44	47.19	24.38	24.63	26.75	2014-05-30 21:36:09
2138	49.5	47.19	24.38	24.63	26.75	2014-05-30 21:37:09
2139	49.44	47.19	24.38	24.63	26.75	2014-05-30 21:38:09
2140	49.44	47.19	24.31	24.56	26.75	2014-05-30 21:39:09
2141	49.44	47.19	24.38	24.63	26.75	2014-05-30 21:40:10
2142	49.5	47.19	24.31	24.63	26.75	2014-05-30 21:41:10
2143	49.5	47.13	24.31	24.63	26.69	2014-05-30 21:42:10
2144	49.5	47.13	24.31	24.56	26.75	2014-05-30 21:43:10
2145	49.44	47.19	24.31	24.63	26.75	2014-05-30 21:44:10
2146	49.44	47.19	24.31	24.63	26.69	2014-05-30 21:45:10
2147	49.38	47.13	24.31	24.56	26.75	2014-05-30 21:46:10
2148	49.38	47.13	24.31	24.63	26.75	2014-05-30 21:47:10
2149	49.38	47.19	24.31	24.63	26.69	2014-05-30 21:48:11
2150	49.38	47.13	24.44	24.63	26.69	2014-05-30 21:49:11
2151	49.31	47.13	24.44	24.63	26.69	2014-05-30 21:50:11
2152	49.31	47.13	24.44	24.69	26.69	2014-05-30 21:51:11
2153	49.31	47.13	24.44	24.69	26.69	2014-05-30 21:52:11
2154	49.38	47.13	24.38	24.63	26.69	2014-05-30 21:53:11
2155	49.38	47.13	24.31	24.56	26.69	2014-05-30 21:54:11
2156	49.38	47.13	24.31	24.5	26.69	2014-05-30 21:55:12
2157	49.38	47.13	24.31	24.56	26.69	2014-05-30 21:56:12
2158	49.38	47.13	24.31	24.5	26.69	2014-05-30 21:57:12
2159	49.38	47.13	24.31	24.5	26.69	2014-05-30 21:58:12
2160	49.38	47.13	24.25	24.56	26.69	2014-05-30 21:59:12
2161	49.38	47.06	24.25	24.56	26.69	2014-05-30 22:00:12
2162	49.38	47.06	24.25	24.56	26.69	2014-05-30 22:01:12
2163	49.38	47	24.25	24.56	26.69	2014-05-30 22:02:13
2164	49.38	47	24.25	24.5	26.69	2014-05-30 22:03:13
2165	49.38	47.06	24.25	24.5	26.63	2014-05-30 22:04:13
2166	49.38	47.06	24.25	24.5	26.69	2014-05-30 22:05:13
2167	49.31	47.06	24.25	24.5	26.69	2014-05-30 22:06:13
2168	49.31	47.06	24.25	24.5	26.69	2014-05-30 22:07:14
2169	49.31	47	24.25	24.5	26.69	2014-05-30 22:08:14
2170	49.31	47	24.25	24.5	26.63	2014-05-30 22:09:14
2171	49.38	47	24.25	24.5	26.63	2014-05-30 22:10:14
2172	49.38	47	24.25	24.44	26.63	2014-05-30 22:11:14
2173	49.31	47	24.25	24.44	26.63	2014-05-30 22:12:14
2174	49.38	46.94	24.25	24.5	26.63	2014-05-30 22:13:15
2175	49.31	47	24.25	24.5	26.63	2014-05-30 22:14:15
2176	49.31	47	24.25	24.5	26.63	2014-05-30 22:15:15
2177	49.31	47	24.25	24.44	26.63	2014-05-30 22:16:15
2178	49.31	47.06	24.19	24.44	26.63	2014-05-30 22:17:15
2179	49.31	47.06	24.25	24.44	26.63	2014-05-30 22:18:15
2180	49.38	47.06	24.25	24.44	26.63	2014-05-30 22:19:15
2181	49.31	47	24.25	24.44	26.63	2014-05-30 22:20:16
2182	49.31	47.06	24.25	24.44	26.63	2014-05-30 22:21:16
2183	49.31	47.06	24.25	24.5	26.63	2014-05-30 22:22:16
2184	49.31	47	24.25	24.5	26.63	2014-05-30 22:23:16
2185	49.31	47	24.25	24.44	26.63	2014-05-30 22:24:16
2186	49.25	47.06	24.25	24.44	26.63	2014-05-30 22:25:16
2187	49.25	47	24.25	24.5	26.63	2014-05-30 22:26:17
2188	49.25	47	24.31	24.56	26.63	2014-05-30 22:27:17
2189	49.31	47	24.31	24.5	26.63	2014-05-30 22:28:17
2190	49.31	47	24.31	24.5	26.56	2014-05-30 22:29:17
2191	49.25	47	24.31	24.56	26.56	2014-05-30 22:30:17
2192	49.25	47	24.31	24.5	26.63	2014-05-30 22:31:17
2193	49.25	47	24.31	24.5	26.56	2014-05-30 22:32:18
2194	49.25	47	24.31	24.5	26.56	2014-05-30 22:33:18
2195	49.19	47	24.31	24.56	26.56	2014-05-30 22:34:18
2196	49.19	47	24.31	24.56	26.56	2014-05-30 22:35:18
2197	49.19	47	24.31	24.5	26.63	2014-05-30 22:36:18
2198	49.25	47	24.38	24.56	26.56	2014-05-30 22:37:18
2199	49.19	47	24.38	24.56	26.56	2014-05-30 22:38:18
2200	49.25	47	24.38	24.56	26.56	2014-05-30 22:39:19
2201	49.25	47	24.31	24.56	26.56	2014-05-30 22:40:19
2202	49.25	47	24.25	24.56	26.56	2014-05-30 22:41:19
2203	49.25	47	24.31	24.56	26.56	2014-05-30 22:42:19
2204	49.25	46.94	24.31	24.56	26.56	2014-05-30 22:43:19
2205	49.25	46.88	24.31	24.56	26.56	2014-05-30 22:44:19
2206	49.25	46.88	24.25	24.5	26.56	2014-05-30 22:45:20
2207	49.25	46.88	24.25	24.56	26.56	2014-05-30 22:46:20
2208	49.19	46.88	24.25	24.56	26.56	2014-05-30 22:47:20
2209	49.25	46.88	24.25	24.5	26.56	2014-05-30 22:48:20
2210	49.19	46.94	24.25	24.5	26.56	2014-05-30 22:49:20
2211	49.19	46.94	24.31	24.56	26.56	2014-05-30 22:50:20
2212	49.19	46.94	24.25	24.5	26.56	2014-05-30 22:51:21
2213	49.19	46.94	24.25	24.5	26.5	2014-05-30 22:52:21
2214	49.19	46.94	24.19	24.44	26.5	2014-05-30 22:53:21
2215	49.19	46.94	24.25	24.5	26.5	2014-05-30 22:54:21
2216	49.19	46.94	24.25	24.5	26.56	2014-05-30 22:55:21
2217	49.19	46.94	24.25	24.5	26.5	2014-05-30 22:56:22
2218	49.19	46.94	24.25	24.5	26.5	2014-05-30 22:57:22
2219	49.19	46.94	24.25	24.44	26.56	2014-05-30 22:58:22
2220	49.19	46.94	24.25	24.5	26.5	2014-05-30 22:59:22
2221	49.19	46.94	24.19	24.44	26.5	2014-05-30 23:00:22
2222	49.19	46.94	24.19	24.44	26.5	2014-05-30 23:01:22
2223	49.19	47	24.25	24.44	26.5	2014-05-30 23:02:23
2224	49.19	46.94	24.19	24.44	26.5	2014-05-30 23:03:23
2225	49.19	46.94	24.19	24.44	26.5	2014-05-30 23:04:23
2226	49.19	46.94	24.19	24.5	26.5	2014-05-30 23:05:23
2227	49.19	46.94	24.19	24.44	26.5	2014-05-30 23:06:23
2228	49.19	46.94	24.19	24.44	26.5	2014-05-30 23:07:23
2229	49.19	46.94	24.19	24.44	26.5	2014-05-30 23:08:24
2230	49.19	46.94	24.19	24.44	26.5	2014-05-30 23:09:24
2231	49.19	46.94	24.19	24.44	26.5	2014-05-30 23:10:24
2232	49.19	46.94	24.25	24.5	26.5	2014-05-30 23:11:24
2233	49.19	46.94	24.25	24.44	26.5	2014-05-30 23:12:24
2234	49.19	46.94	24.25	24.5	26.5	2014-05-30 23:13:25
2235	49.19	46.88	24.25	24.5	26.5	2014-05-30 23:14:25
2236	49.19	46.88	24.25	24.5	26.5	2014-05-30 23:15:25
2237	49.19	46.94	24.25	24.5	26.5	2014-05-30 23:16:25
2238	49.19	46.94	24.19	24.5	26.5	2014-05-30 23:17:25
2239	49.19	46.94	24.25	24.5	26.5	2014-05-30 23:18:25
2240	49.19	46.94	24.25	24.5	26.5	2014-05-30 23:19:26
2241	49.19	46.88	24.25	24.5	26.44	2014-05-30 23:20:26
2242	49.13	46.88	24.25	24.5	26.44	2014-05-30 23:21:26
2243	49.13	46.88	24.19	24.5	26.44	2014-05-30 23:22:26
2244	49.19	46.88	24.19	24.5	26.44	2014-05-30 23:23:26
2245	49.13	46.88	24.19	24.44	26.44	2014-05-30 23:24:26
2246	49.13	46.88	24.19	24.44	26.44	2014-05-30 23:25:26
2247	49.13	46.88	24.19	24.44	26.5	2014-05-30 23:26:26
2248	49.13	46.88	24.19	24.44	26.44	2014-05-30 23:27:26
2249	49.13	46.88	24.19	24.44	26.44	2014-05-30 23:28:26
2250	49.13	46.88	24.19	24.44	26.44	2014-05-30 23:29:26
2251	49.13	46.88	24.19	24.5	26.44	2014-05-30 23:30:26
2252	49.13	46.88	24.13	24.44	26.44	2014-05-30 23:31:26
2253	49.13	46.88	24.13	24.44	26.44	2014-05-30 23:32:27
2254	49.13	46.88	24.19	24.44	26.44	2014-05-30 23:33:27
2255	49.13	46.88	24.19	24.44	26.44	2014-05-30 23:34:27
2256	49.13	46.88	24.25	24.44	26.44	2014-05-30 23:35:27
2257	49.13	46.81	24.19	24.44	26.44	2014-05-30 23:36:27
2258	49.13	46.88	24.19	24.44	26.44	2014-05-30 23:37:27
2259	49.13	46.88	24.19	24.44	26.44	2014-05-30 23:38:28
2260	49.13	46.88	24.19	24.44	26.44	2014-05-30 23:39:28
2261	49.13	46.88	24.19	24.44	26.44	2014-05-30 23:40:28
2262	49.06	46.88	24.13	24.44	26.44	2014-05-30 23:41:28
2263	49.13	46.81	24.13	24.44	26.44	2014-05-30 23:42:28
2264	49.06	46.81	24.13	24.44	26.38	2014-05-30 23:43:29
2265	49.13	46.81	24.13	24.44	26.38	2014-05-30 23:44:29
2266	49.06	46.81	24.13	24.44	26.38	2014-05-30 23:45:29
2267	49.06	46.81	24.13	24.44	26.38	2014-05-30 23:46:29
2268	49.06	46.81	24.13	24.44	26.38	2014-05-30 23:47:29
2269	49.13	46.81	24.13	24.38	26.38	2014-05-30 23:48:29
2270	49.06	46.81	24.13	24.38	26.38	2014-05-30 23:49:30
2271	49.06	46.81	24.13	24.38	26.38	2014-05-30 23:50:30
2272	49.06	46.81	24.13	24.38	26.38	2014-05-30 23:51:30
2273	49.06	46.81	24.13	24.38	26.38	2014-05-30 23:52:30
2274	49.06	46.81	24.13	24.38	26.38	2014-05-30 23:53:30
2275	49.06	46.81	24.13	24.38	26.38	2014-05-30 23:54:30
2276	49.06	46.81	24.19	24.38	26.38	2014-05-30 23:55:30
2277	49.06	46.81	24.19	24.38	26.38	2014-05-30 23:56:31
2278	49.06	46.81	24.13	24.38	26.38	2014-05-30 23:57:31
2279	49.06	46.81	24.19	24.38	26.38	2014-05-30 23:58:31
2280	49.06	46.81	24.19	24.38	26.38	2014-05-30 23:59:31
2281	49.06	46.81	24.19	24.38	26.38	2014-05-31 00:00:31
2282	49.06	46.81	24.13	24.38	26.38	2014-05-31 00:01:31
2283	49.06	46.75	24.13	24.38	26.38	2014-05-31 00:02:31
2284	49.06	46.81	24.13	24.31	26.38	2014-05-31 00:03:32
2285	49.06	46.81	24.13	24.38	26.38	2014-05-31 00:04:32
2286	49.06	46.75	24.13	24.38	26.38	2014-05-31 00:05:32
2287	49.06	46.69	24.19	24.38	26.38	2014-05-31 00:06:32
2288	49.06	46.69	24.19	24.44	26.38	2014-05-31 00:07:32
2289	49.06	46.75	24.25	24.44	26.38	2014-05-31 00:08:32
2290	49.06	46.81	24.19	24.44	26.38	2014-05-31 00:09:32
2291	49.06	46.81	24.19	24.44	26.31	2014-05-31 00:10:33
2292	49	46.81	24.13	24.44	26.38	2014-05-31 00:11:33
2293	49	46.75	24.13	24.44	26.31	2014-05-31 00:12:33
2294	49	46.75	24.13	24.38	26.31	2014-05-31 00:13:33
2295	49.06	46.69	24.13	24.38	26.38	2014-05-31 00:14:33
2296	49.06	46.69	24.06	24.38	26.38	2014-05-31 00:15:33
2297	49.06	46.63	24.06	24.38	26.31	2014-05-31 00:16:34
2298	49.06	46.63	24.06	24.38	26.31	2014-05-31 00:17:34
2299	49.06	46.69	24.06	24.38	26.31	2014-05-31 00:18:34
2300	49	46.69	24.06	24.38	26.31	2014-05-31 00:19:34
2301	49	46.69	24.06	24.38	26.31	2014-05-31 00:20:34
2302	49	46.69	24.06	24.38	26.31	2014-05-31 00:21:34
2303	49	46.75	24.06	24.38	26.31	2014-05-31 00:22:35
2304	49	46.75	24.06	24.38	26.31	2014-05-31 00:23:35
2305	49	46.75	24.06	24.38	26.31	2014-05-31 00:24:35
2306	49	46.75	24.06	24.38	26.31	2014-05-31 00:25:35
2307	49	46.75	24.06	24.38	26.31	2014-05-31 00:26:35
2308	49	46.75	24.06	24.38	26.31	2014-05-31 00:27:35
2309	49	46.75	24	24.31	26.31	2014-05-31 00:28:36
2310	49	46.69	24.06	24.38	26.31	2014-05-31 00:29:36
2311	49	46.69	24.06	24.31	26.31	2014-05-31 00:30:36
2312	49	46.69	24.06	24.38	26.31	2014-05-31 00:31:36
2313	49	46.69	24.06	24.31	26.31	2014-05-31 00:32:36
2314	48.94	46.75	24.06	24.31	26.31	2014-05-31 00:33:36
2315	48.94	46.69	24.06	24.38	26.31	2014-05-31 00:34:37
2316	48.94	46.75	24.06	24.31	26.25	2014-05-31 00:35:37
2317	49	46.69	24.06	24.31	26.31	2014-05-31 00:36:37
2318	49	46.69	24.06	24.38	26.31	2014-05-31 00:37:37
2319	49	46.69	24.06	24.38	26.31	2014-05-31 00:38:37
2320	49	46.69	24.06	24.31	26.31	2014-05-31 00:39:37
2321	48.94	46.69	24.06	24.31	26.25	2014-05-31 00:40:38
2322	48.94	46.63	24	24.31	26.31	2014-05-31 00:41:38
2323	48.94	46.63	24	24.31	26.31	2014-05-31 00:42:38
2324	48.94	46.63	24	24.31	26.31	2014-05-31 00:43:37
2325	48.94	46.63	24	24.25	26.25	2014-05-31 00:44:37
2326	48.94	46.69	24	24.31	26.25	2014-05-31 00:45:38
2327	48.94	46.69	23.94	24.31	26.25	2014-05-31 00:46:38
2328	48.94	46.69	24	24.31	26.31	2014-05-31 00:47:38
2329	48.94	46.69	24	24.31	26.25	2014-05-31 00:48:38
2330	48.94	46.69	24.06	24.31	26.25	2014-05-31 00:49:38
2331	48.94	46.69	24	24.25	26.25	2014-05-31 00:50:38
2332	48.94	46.69	24	24.25	26.25	2014-05-31 00:51:38
2333	48.94	46.69	24.06	24.25	26.25	2014-05-31 00:52:38
2334	48.94	46.69	24.06	24.31	26.25	2014-05-31 00:53:38
2335	48.88	46.69	24.13	24.25	26.25	2014-05-31 00:54:39
2336	48.94	46.69	24.13	24.31	26.25	2014-05-31 00:55:39
2337	48.94	46.63	24.19	24.31	26.25	2014-05-31 00:56:39
2338	48.88	46.63	24.13	24.25	26.25	2014-05-31 00:57:39
2339	48.94	46.63	24.13	24.31	26.25	2014-05-31 00:58:39
2340	48.94	46.63	24.13	24.31	26.25	2014-05-31 00:59:39
2341	48.94	46.63	24.13	24.31	26.25	2014-05-31 01:00:40
2342	48.94	46.69	24.06	24.31	26.25	2014-05-31 01:01:40
2343	48.94	46.69	24.06	24.25	26.25	2014-05-31 01:02:40
2344	48.94	46.69	24.06	24.31	26.25	2014-05-31 01:03:40
2345	48.94	46.69	24.06	24.31	26.25	2014-05-31 01:04:40
2346	48.94	46.69	24.06	24.31	26.25	2014-05-31 01:05:40
2347	49	46.69	24.06	24.31	26.25	2014-05-31 01:06:41
2348	49	46.69	24.06	24.31	26.25	2014-05-31 01:07:41
2349	49	46.69	24	24.31	26.25	2014-05-31 01:08:41
2350	48.94	46.63	24	24.31	26.25	2014-05-31 01:09:41
2351	48.88	46.69	24	24.31	26.25	2014-05-31 01:10:41
2352	48.88	46.63	24	24.31	26.25	2014-05-31 01:11:42
2353	48.88	46.63	24	24.31	26.25	2014-05-31 01:12:42
2354	48.88	46.63	24	24.31	26.25	2014-05-31 01:13:42
2355	48.88	46.69	24.06	24.31	26.25	2014-05-31 01:14:42
2356	48.88	46.63	24	24.31	26.25	2014-05-31 01:15:42
2357	48.88	46.63	24	24.31	26.25	2014-05-31 01:16:42
2358	48.88	46.63	24	24.31	26.25	2014-05-31 01:17:43
2359	48.88	46.63	24	24.25	26.25	2014-05-31 01:18:43
2360	48.88	46.63	24	24.25	26.25	2014-05-31 01:19:43
2361	48.88	46.63	24	24.25	26.19	2014-05-31 01:20:43
2362	48.88	46.56	24	24.25	26.19	2014-05-31 01:21:43
2363	48.88	46.56	23.94	24.25	26.19	2014-05-31 01:22:44
2364	48.88	46.63	23.94	24.25	26.19	2014-05-31 01:23:44
2365	48.88	46.63	23.94	24.25	26.19	2014-05-31 01:24:44
2366	48.88	46.56	23.94	24.25	26.19	2014-05-31 01:25:44
2367	48.88	46.63	23.94	24.25	26.19	2014-05-31 01:26:44
2368	48.81	46.56	23.94	24.25	26.19	2014-05-31 01:27:45
2369	48.81	46.63	23.88	24.25	26.19	2014-05-31 01:28:45
2370	48.81	46.56	23.88	24.19	26.19	2014-05-31 01:29:45
2371	48.81	46.56	23.88	24.25	26.19	2014-05-31 01:30:45
2372	48.81	46.56	23.94	24.25	26.19	2014-05-31 01:31:45
2373	48.81	46.56	23.88	24.25	26.19	2014-05-31 01:32:45
2374	48.81	46.56	23.88	24.19	26.19	2014-05-31 01:33:46
2375	48.81	46.56	23.88	24.25	26.19	2014-05-31 01:34:46
2376	48.81	46.56	23.88	24.25	26.19	2014-05-31 01:35:46
2377	48.81	46.63	23.88	24.25	26.19	2014-05-31 01:36:46
2378	48.81	46.56	23.88	24.25	26.19	2014-05-31 01:37:46
2379	48.81	46.56	23.88	24.25	26.13	2014-05-31 01:38:47
2380	48.75	46.56	23.88	24.25	26.19	2014-05-31 01:39:47
2381	48.75	46.56	23.88	24.25	26.19	2014-05-31 01:40:47
2382	48.75	46.5	23.88	24.19	26.19	2014-05-31 01:41:47
2383	48.75	46.56	23.88	24.19	26.19	2014-05-31 01:42:47
2384	48.75	46.5	23.88	24.19	26.13	2014-05-31 01:43:47
2385	48.81	46.56	23.94	24.19	26.19	2014-05-31 01:44:48
2386	48.81	46.56	23.88	24.25	26.19	2014-05-31 01:45:48
2387	48.81	46.56	23.94	24.25	26.13	2014-05-31 01:46:48
2388	48.81	46.56	23.88	24.25	26.13	2014-05-31 01:47:48
2389	48.81	46.56	23.88	24.19	26.19	2014-05-31 01:48:48
2390	48.81	46.56	23.88	24.19	26.13	2014-05-31 01:49:49
2391	48.81	46.56	23.88	24.19	26.13	2014-05-31 01:50:49
2392	48.81	46.56	24	24.25	26.13	2014-05-31 01:51:49
2393	48.81	46.56	24	24.25	26.19	2014-05-31 01:52:49
2394	48.81	46.5	24	24.25	26.13	2014-05-31 01:53:49
2395	48.75	46.5	24	24.25	26.13	2014-05-31 01:54:49
2396	48.75	46.5	23.94	24.25	26.13	2014-05-31 01:55:50
2397	48.81	46.56	23.94	24.25	26.13	2014-05-31 01:56:50
2398	48.81	46.56	23.94	24.19	26.13	2014-05-31 01:57:50
2399	48.81	46.5	23.94	24.19	26.13	2014-05-31 01:58:50
2400	48.81	46.5	23.94	24.19	26.13	2014-05-31 01:59:50
2401	48.81	46.5	24	24.19	26.13	2014-05-31 02:00:51
2402	48.75	46.56	23.94	24.25	26.13	2014-05-31 02:01:51
2403	48.75	46.56	23.94	24.25	26.13	2014-05-31 02:02:51
2404	48.75	46.56	23.94	24.25	26.13	2014-05-31 02:03:51
2405	48.81	46.56	23.94	24.19	26.13	2014-05-31 02:04:51
2406	48.81	46.56	23.94	24.25	26.13	2014-05-31 02:05:51
2407	48.81	46.56	23.88	24.19	26.13	2014-05-31 02:06:52
2408	48.81	46.56	23.88	24.19	26.13	2014-05-31 02:07:52
2409	48.81	46.56	23.88	24.19	26.13	2014-05-31 02:08:52
2410	48.81	46.56	23.88	24.19	26.13	2014-05-31 02:09:52
2411	48.81	46.56	23.94	24.25	26.13	2014-05-31 02:10:52
2412	48.81	46.56	23.94	24.19	26.13	2014-05-31 02:11:52
2413	48.81	46.56	23.88	24.19	26.13	2014-05-31 02:12:53
2414	48.75	46.56	23.88	24.19	26.13	2014-05-31 02:13:53
2415	48.75	46.5	23.88	24.19	26.13	2014-05-31 02:14:53
2416	48.81	46.44	23.88	24.19	26.13	2014-05-31 02:15:53
2417	48.75	46.44	23.88	24.19	26.13	2014-05-31 02:16:53
2418	48.75	46.44	23.88	24.19	26.13	2014-05-31 02:17:54
2419	48.75	46.44	23.88	24.19	26.13	2014-05-31 02:18:54
2420	48.75	46.44	23.88	24.19	26.13	2014-05-31 02:19:54
2421	48.81	46.44	23.88	24.19	26.13	2014-05-31 02:20:54
2422	48.81	46.5	23.88	24.19	26.13	2014-05-31 02:21:54
2423	48.81	46.5	23.88	24.19	26.13	2014-05-31 02:22:55
2424	48.75	46.5	23.88	24.19	26.06	2014-05-31 02:23:55
2425	48.75	46.5	23.81	24.19	26.06	2014-05-31 02:24:55
2426	48.75	46.5	23.81	24.19	26.06	2014-05-31 02:25:55
2427	48.75	46.5	23.81	24.19	26.06	2014-05-31 02:26:55
2428	48.69	46.5	23.81	24.19	26.13	2014-05-31 02:27:55
2429	48.75	46.56	23.81	24.19	26.13	2014-05-31 02:28:56
2430	48.75	46.5	23.81	24.13	26.06	2014-05-31 02:29:56
2431	48.75	46.5	23.88	24.13	26.06	2014-05-31 02:30:56
2432	48.75	46.44	23.81	24.13	26.06	2014-05-31 02:31:56
2433	48.75	46.5	23.88	24.13	26.06	2014-05-31 02:32:56
2434	48.75	46.44	23.81	24.19	26.06	2014-05-31 02:33:57
2435	48.75	46.44	23.81	24.13	26.06	2014-05-31 02:34:57
2436	48.75	46.44	23.81	24.13	26.06	2014-05-31 02:35:57
2437	48.75	46.44	23.81	24.13	26.06	2014-05-31 02:36:57
2438	48.75	46.5	23.81	24.13	26.06	2014-05-31 02:37:57
2439	48.75	46.5	23.81	24.13	26.06	2014-05-31 02:38:57
2440	48.75	46.5	23.81	24.13	26.06	2014-05-31 02:39:58
2441	48.69	46.5	23.81	24.13	26.06	2014-05-31 02:40:58
2442	48.69	46.5	23.81	24.13	26.06	2014-05-31 02:41:58
2443	48.69	46.5	23.81	24.13	26.06	2014-05-31 02:42:58
2444	48.69	46.44	23.81	24.13	26.06	2014-05-31 02:43:58
2445	48.69	46.38	23.81	24.13	26.06	2014-05-31 02:44:59
2446	48.75	46.38	23.81	24.13	26.06	2014-05-31 02:45:59
2447	48.69	46.44	23.81	24.13	26.06	2014-05-31 02:46:59
2448	48.69	46.44	23.81	24.13	26.06	2014-05-31 02:47:59
2449	48.69	46.44	23.81	24.13	26.06	2014-05-31 02:48:59
2450	48.69	46.44	23.81	24.13	26.06	2014-05-31 02:50:00
2451	48.75	46.44	23.81	24.13	26.06	2014-05-31 02:51:00
2452	48.69	46.44	23.81	24.13	26.06	2014-05-31 02:52:00
2453	48.69	46.44	23.81	24.13	26.06	2014-05-31 02:53:00
2454	48.69	46.44	23.88	24.13	26.06	2014-05-31 02:54:00
2455	48.69	46.44	23.88	24.13	26.06	2014-05-31 02:55:01
2456	48.75	46.38	23.81	24.13	26.06	2014-05-31 02:56:01
2457	48.75	46.38	23.81	24.13	26.06	2014-05-31 02:57:01
2458	48.69	46.44	23.81	24.13	26.06	2014-05-31 02:58:01
2459	48.75	46.44	23.88	24.19	26.06	2014-05-31 02:59:01
2460	48.75	46.44	23.88	24.13	26.06	2014-05-31 03:00:02
2461	48.75	46.5	23.88	24.13	26	2014-05-31 03:01:02
2462	48.75	46.44	23.88	24.19	26	2014-05-31 03:02:02
2463	48.69	46.44	23.81	24.13	26	2014-05-31 03:03:02
2464	48.69	46.38	23.88	24.19	26	2014-05-31 03:04:02
2465	48.69	46.38	23.81	24.19	26	2014-05-31 03:05:02
2466	48.69	46.44	23.88	24.13	26	2014-05-31 03:06:03
2467	48.75	46.44	23.81	24.19	26	2014-05-31 03:07:03
2468	48.69	46.44	23.81	24.13	26	2014-05-31 03:08:03
2469	48.69	46.38	23.81	24.19	26	2014-05-31 03:09:03
2470	48.69	46.44	23.81	24.13	26	2014-05-31 03:10:03
2471	48.69	46.44	23.81	24.19	26	2014-05-31 03:11:03
2472	48.69	46.38	23.81	24.13	26	2014-05-31 03:12:04
2473	48.69	46.31	23.81	24.13	26	2014-05-31 03:13:04
2474	48.63	46.38	23.81	24.13	26	2014-05-31 03:14:04
2475	48.69	46.38	23.81	24.13	26	2014-05-31 03:15:04
2476	48.69	46.44	23.81	24.13	26	2014-05-31 03:16:04
2477	48.69	46.38	23.81	24.13	26	2014-05-31 03:17:05
2478	48.75	46.44	23.81	24.13	26	2014-05-31 03:18:05
2479	48.69	46.44	23.81	24.13	26	2014-05-31 03:19:05
2480	48.69	46.44	23.81	24.13	26	2014-05-31 03:20:05
2481	48.69	46.44	23.75	24.13	26	2014-05-31 03:21:05
2482	48.69	46.44	23.75	24.06	26	2014-05-31 03:22:06
2483	48.69	46.44	23.75	24.13	26	2014-05-31 03:23:06
2484	48.63	46.44	23.75	24.13	26	2014-05-31 03:24:06
2485	48.63	46.38	23.75	24.13	26	2014-05-31 03:25:06
2486	48.63	46.38	23.75	24.13	26	2014-05-31 03:26:06
2487	48.63	46.31	23.75	24.06	26	2014-05-31 03:27:06
2488	48.63	46.31	23.75	24.06	26	2014-05-31 03:28:07
2489	48.63	46.31	23.75	24.06	26	2014-05-31 03:29:07
2490	48.63	46.31	23.75	24.13	26	2014-05-31 03:30:07
2491	48.63	46.38	23.75	24.13	25.94	2014-05-31 03:31:07
2492	48.69	46.38	23.75	24.13	25.94	2014-05-31 03:32:07
2493	48.63	46.38	23.75	24.06	26	2014-05-31 03:33:07
2494	48.63	46.38	23.81	24.13	25.94	2014-05-31 03:34:08
2495	48.69	46.38	23.75	24.13	26	2014-05-31 03:35:08
2496	48.69	46.38	23.75	24.13	25.94	2014-05-31 03:36:08
2497	48.69	46.44	23.75	24.13	25.94	2014-05-31 03:37:08
2498	48.69	46.38	23.75	24.13	25.94	2014-05-31 03:38:08
2499	48.69	46.38	23.75	24.13	25.94	2014-05-31 03:39:08
2500	48.63	46.38	23.75	24.06	25.94	2014-05-31 03:40:09
2501	48.63	46.38	23.75	24.06	25.94	2014-05-31 03:41:09
2502	48.56	46.31	23.75	24.13	25.94	2014-05-31 03:42:09
2503	48.63	46.31	23.75	24.13	25.94	2014-05-31 03:43:09
2504	48.63	46.31	23.75	24.06	25.94	2014-05-31 03:44:09
2505	48.63	46.31	23.75	24.06	25.94	2014-05-31 03:45:10
2506	48.63	46.31	23.75	24.06	25.94	2014-05-31 03:46:10
2507	48.63	46.31	23.75	24.06	25.94	2014-05-31 03:47:10
2508	48.63	46.31	23.75	24.06	25.94	2014-05-31 03:48:10
2509	48.63	46.31	23.75	24.06	25.94	2014-05-31 03:49:10
2510	48.56	46.31	23.75	24.06	25.94	2014-05-31 03:50:10
2511	48.63	46.31	23.75	24.06	25.94	2014-05-31 03:51:11
2512	48.56	46.31	23.75	24.06	25.94	2014-05-31 03:52:11
2513	48.56	46.31	23.75	24.06	25.94	2014-05-31 03:53:11
2514	48.56	46.38	23.75	24.06	25.94	2014-05-31 03:54:11
2515	48.56	46.38	23.81	24.13	25.94	2014-05-31 03:55:11
2516	48.63	46.38	23.75	24.06	25.94	2014-05-31 03:56:12
2517	48.63	46.38	23.81	24.06	25.94	2014-05-31 03:57:12
2518	48.63	46.38	23.81	24.06	25.94	2014-05-31 03:58:12
2519	48.56	46.38	23.75	24.06	25.94	2014-05-31 03:59:12
2520	48.63	46.38	23.81	24.13	25.94	2014-05-31 04:00:12
2521	48.63	46.38	23.75	24.13	25.94	2014-05-31 04:01:13
2522	48.56	46.38	23.75	24.06	25.94	2014-05-31 04:02:13
2523	48.56	46.38	23.81	24.06	25.88	2014-05-31 04:03:13
2524	48.63	46.38	23.81	24.06	25.94	2014-05-31 04:04:13
2525	48.63	46.38	23.75	24.13	25.94	2014-05-31 04:05:13
2526	48.63	46.38	23.75	24.06	25.94	2014-05-31 04:06:13
2527	48.63	46.38	23.75	24.06	25.94	2014-05-31 04:07:14
2528	48.69	46.38	23.75	24.06	25.88	2014-05-31 04:08:14
2529	48.69	46.38	23.75	24.06	25.94	2014-05-31 04:09:14
2530	48.63	46.31	23.75	24.06	25.94	2014-05-31 04:10:14
2531	48.63	46.31	23.69	24.06	25.88	2014-05-31 04:11:14
2532	48.56	46.31	23.75	24.06	25.94	2014-05-31 04:12:15
2533	48.63	46.31	23.75	24.06	25.94	2014-05-31 04:13:15
2534	48.63	46.31	23.75	24.06	25.94	2014-05-31 04:14:15
2535	48.56	46.31	23.75	24.06	25.88	2014-05-31 04:15:15
2536	48.63	46.31	23.75	24.06	25.88	2014-05-31 04:16:15
2537	48.56	46.38	23.75	24.06	25.94	2014-05-31 04:17:15
2538	48.56	46.38	23.75	24.06	25.94	2014-05-31 04:18:16
2539	48.56	46.31	23.69	24.06	25.94	2014-05-31 04:19:16
2540	48.56	46.38	23.75	24.06	25.94	2014-05-31 04:20:16
2541	48.56	46.38	23.75	24	25.88	2014-05-31 04:21:16
2542	48.56	46.31	23.75	24.06	25.88	2014-05-31 04:22:16
2543	48.56	46.25	23.69	24.06	25.88	2014-05-31 04:23:17
2544	48.56	46.25	23.69	24.06	25.88	2014-05-31 04:24:17
2545	48.56	46.19	23.69	24	25.88	2014-05-31 04:25:17
2546	48.56	46.25	23.69	24	25.88	2014-05-31 04:26:17
2547	48.56	46.25	23.69	24	25.88	2014-05-31 04:27:17
2548	48.56	46.25	23.69	24	25.88	2014-05-31 04:28:18
2549	48.56	46.31	23.69	24	25.88	2014-05-31 04:29:18
2550	48.56	46.31	23.69	24	25.88	2014-05-31 04:30:18
2551	48.56	46.31	23.69	24	25.88	2014-05-31 04:31:18
2552	48.63	46.25	23.63	24	25.88	2014-05-31 04:32:18
2553	48.63	46.25	23.63	24	25.88	2014-05-31 04:33:18
2554	48.56	46.25	23.63	23.94	25.88	2014-05-31 04:34:19
2555	48.56	46.31	23.69	24	25.88	2014-05-31 04:35:19
2556	48.56	46.31	23.63	24	25.88	2014-05-31 04:36:19
2557	48.56	46.25	23.63	23.94	25.88	2014-05-31 04:37:19
2558	48.56	46.31	23.63	24	25.88	2014-05-31 04:38:19
2559	48.56	46.25	23.63	24	25.88	2014-05-31 04:39:20
2560	48.56	46.31	23.63	24	25.88	2014-05-31 04:40:20
2561	48.56	46.31	23.63	24	25.88	2014-05-31 04:41:20
2562	48.56	46.31	23.69	24	25.88	2014-05-31 04:42:20
2563	48.56	46.31	23.69	23.94	25.88	2014-05-31 04:43:20
2564	48.56	46.31	23.69	23.94	25.88	2014-05-31 04:44:21
2565	48.56	46.31	23.69	24	25.88	2014-05-31 04:45:21
2566	48.56	46.31	23.63	24	25.88	2014-05-31 04:46:21
2567	48.56	46.31	23.63	24	25.88	2014-05-31 04:47:21
2568	48.56	46.31	23.69	24	25.88	2014-05-31 04:48:21
2569	48.56	46.31	23.63	24	25.88	2014-05-31 04:49:21
2570	48.56	46.31	23.63	24	25.88	2014-05-31 04:50:22
2571	48.56	46.31	23.63	23.94	25.81	2014-05-31 04:51:22
2572	48.56	46.31	23.63	24	25.88	2014-05-31 04:52:22
2573	48.56	46.31	23.69	23.94	25.88	2014-05-31 04:53:22
2574	48.56	46.31	23.63	23.94	25.81	2014-05-31 04:54:22
2575	48.56	46.25	23.63	23.94	25.88	2014-05-31 04:55:23
2576	48.56	46.19	23.69	23.94	25.81	2014-05-31 04:56:23
2577	48.56	46.19	23.69	24	25.81	2014-05-31 04:57:23
2578	48.56	46.25	23.69	24	25.81	2014-05-31 04:58:23
2579	48.56	46.25	23.69	24	25.88	2014-05-31 04:59:23
2580	48.5	46.31	23.69	24	25.88	2014-05-31 05:00:23
2581	48.5	46.31	23.69	24	25.81	2014-05-31 05:01:24
2582	48.5	46.31	23.69	24	25.81	2014-05-31 05:02:24
2583	48.56	46.25	23.69	24	25.81	2014-05-31 05:03:24
2584	48.56	46.25	23.69	24	25.81	2014-05-31 05:04:24
2585	48.56	46.25	23.63	24	25.81	2014-05-31 05:05:24
2586	48.56	46.25	23.63	24	25.81	2014-05-31 05:06:25
2587	48.5	46.25	23.63	24	25.81	2014-05-31 05:07:25
2588	48.5	46.19	23.63	24	25.81	2014-05-31 05:08:25
2589	48.56	46.19	23.63	23.94	25.81	2014-05-31 05:09:25
2590	48.56	46.25	23.63	24	25.81	2014-05-31 05:10:25
2591	48.56	46.25	23.63	24	25.81	2014-05-31 05:11:26
2592	48.56	46.25	23.63	24	25.81	2014-05-31 05:12:26
2593	48.56	46.25	23.63	24	25.81	2014-05-31 05:13:26
2594	48.5	46.31	23.63	24	25.81	2014-05-31 05:14:26
2595	48.5	46.25	23.69	24	25.81	2014-05-31 05:15:26
2596	48.56	46.19	23.63	23.94	25.81	2014-05-31 05:16:27
2597	48.56	46.19	23.63	23.94	25.81	2014-05-31 05:17:27
2598	48.56	46.25	23.63	23.94	25.81	2014-05-31 05:18:27
2599	48.5	46.25	23.63	24	25.81	2014-05-31 05:19:27
2600	48.5	46.25	23.63	23.94	25.81	2014-05-31 05:20:27
2601	48.5	46.25	23.69	24	25.81	2014-05-31 05:21:27
2602	48.5	46.25	23.63	23.94	25.81	2014-05-31 05:22:28
2603	48.5	46.25	23.63	24	25.81	2014-05-31 05:23:28
2604	48.5	46.25	23.63	23.94	25.81	2014-05-31 05:24:28
2605	48.5	46.25	23.63	23.94	25.81	2014-05-31 05:25:28
2606	48.44	46.25	23.63	23.94	25.81	2014-05-31 05:26:28
2607	48.5	46.25	23.63	23.94	25.81	2014-05-31 05:27:29
2608	48.5	46.25	23.63	23.94	25.81	2014-05-31 05:28:29
2609	48.5	46.25	23.63	23.94	25.81	2014-05-31 05:29:29
2610	48.5	46.25	23.56	23.94	25.81	2014-05-31 05:30:29
2611	48.5	46.25	23.56	23.94	25.81	2014-05-31 05:31:29
2612	48.5	46.25	23.63	23.94	25.75	2014-05-31 05:32:29
2613	48.5	46.25	23.56	23.94	25.81	2014-05-31 05:33:30
2614	48.5	46.19	23.56	23.94	25.75	2014-05-31 05:34:30
2615	48.5	46.19	23.56	23.94	25.81	2014-05-31 05:35:30
2616	48.5	46.19	23.56	23.94	25.81	2014-05-31 05:36:30
2617	48.5	46.19	23.56	23.94	25.81	2014-05-31 05:37:30
2618	48.5	46.25	23.63	23.94	25.81	2014-05-31 05:38:31
2619	48.5	46.25	23.63	23.94	25.75	2014-05-31 05:39:31
2620	48.5	46.25	23.56	23.94	25.81	2014-05-31 05:40:31
2621	48.5	46.25	23.56	23.94	25.81	2014-05-31 05:41:31
2622	48.5	46.25	23.56	23.94	25.81	2014-05-31 05:42:31
2623	48.5	46.19	23.56	23.94	25.75	2014-05-31 05:43:31
2624	48.44	46.19	23.63	23.88	25.75	2014-05-31 05:44:32
2625	48.5	46.13	23.63	23.94	25.75	2014-05-31 05:45:32
2626	48.5	46.19	23.63	23.88	25.75	2014-05-31 05:46:32
2627	48.5	46.19	23.63	23.94	25.75	2014-05-31 05:47:32
2628	48.5	46.19	23.63	23.88	25.75	2014-05-31 05:48:32
2629	48.5	46.25	23.56	23.88	25.75	2014-05-31 05:49:33
2630	48.5	46.25	23.56	23.88	25.75	2014-05-31 05:50:33
2631	48.5	46.25	23.56	23.88	25.75	2014-05-31 05:51:33
2632	48.56	46.25	23.56	23.88	25.75	2014-05-31 05:52:33
2633	48.5	46.25	23.56	23.88	25.75	2014-05-31 05:53:33
2634	48.5	46.25	23.56	23.88	25.75	2014-05-31 05:54:34
2635	48.5	46.25	23.56	23.88	25.75	2014-05-31 05:55:34
2636	48.5	46.19	23.56	23.88	25.75	2014-05-31 05:56:34
2637	48.5	46.19	23.56	23.88	25.75	2014-05-31 05:57:34
2638	48.5	46.13	23.56	23.88	25.75	2014-05-31 05:58:34
2639	48.5	46.13	23.56	23.88	25.75	2014-05-31 05:59:34
2640	48.5	46.13	23.5	23.88	25.75	2014-05-31 06:00:35
2641	48.5	46.13	23.56	23.88	25.75	2014-05-31 06:01:35
2642	48.5	46.19	23.56	23.88	25.75	2014-05-31 06:02:35
2643	48.5	46.19	23.56	23.88	25.75	2014-05-31 06:03:35
2644	48.44	46.19	23.56	23.88	25.75	2014-05-31 06:04:35
2645	48.5	46.19	23.5	23.88	25.75	2014-05-31 06:05:36
2646	48.5	46.19	23.56	23.88	25.75	2014-05-31 06:06:36
2647	48.5	46.13	23.56	23.88	25.75	2014-05-31 06:07:36
2648	48.5	46.13	23.56	23.88	25.75	2014-05-31 06:08:36
2649	48.5	46.19	23.56	23.88	25.75	2014-05-31 06:09:36
2650	48.5	46.19	23.56	23.88	25.75	2014-05-31 06:10:37
2651	48.5	46.19	23.5	23.88	25.75	2014-05-31 06:11:37
2652	48.5	46.19	23.56	23.88	25.75	2014-05-31 06:12:37
2653	48.5	46.19	23.56	23.88	25.75	2014-05-31 06:13:37
2654	48.5	46.19	23.56	23.88	25.75	2014-05-31 06:14:37
2655	48.5	46.19	23.56	23.88	25.75	2014-05-31 06:15:37
2656	48.5	46.19	23.56	23.88	25.75	2014-05-31 06:16:38
2657	48.5	46.19	23.56	23.88	25.75	2014-05-31 06:17:38
2658	48.44	46.19	23.56	23.88	25.69	2014-05-31 06:18:38
2659	48.44	46.19	23.56	23.88	25.75	2014-05-31 06:19:38
2660	48.5	46.19	23.56	23.88	25.75	2014-05-31 06:20:39
2661	48.44	46.13	23.56	23.88	25.75	2014-05-31 06:21:39
2662	48.5	46.13	23.5	23.88	25.69	2014-05-31 06:22:39
2663	48.5	46.19	23.5	23.88	25.69	2014-05-31 06:23:39
2664	48.5	46.19	23.5	23.88	25.75	2014-05-31 06:24:39
2665	48.44	46.19	23.56	23.88	25.69	2014-05-31 06:25:40
2666	48.44	46.19	23.56	23.88	25.69	2014-05-31 06:26:40
2667	48.44	46.19	23.56	23.88	25.69	2014-05-31 06:27:40
2668	48.44	46.19	23.5	23.88	25.69	2014-05-31 06:28:40
2669	48.44	46.19	23.5	23.81	25.69	2014-05-31 06:29:40
2670	48.44	46.19	23.5	23.81	25.69	2014-05-31 06:30:41
2671	48.44	46.19	23.5	23.88	25.69	2014-05-31 06:31:41
2672	48.44	46.13	23.5	23.88	25.69	2014-05-31 06:32:41
2673	48.44	46.13	23.5	23.81	25.69	2014-05-31 06:33:41
2674	48.44	46.13	23.5	23.81	25.69	2014-05-31 06:34:41
2675	48.44	46.19	23.5	23.81	25.69	2014-05-31 06:35:42
2676	48.5	46.19	23.5	23.81	25.69	2014-05-31 06:36:42
2677	48.5	46.19	23.5	23.81	25.69	2014-05-31 06:37:42
2678	48.5	46.19	23.5	23.81	25.69	2014-05-31 06:38:42
2679	48.5	46.19	23.5	23.81	25.69	2014-05-31 06:39:42
2680	48.44	46.19	23.5	23.81	25.69	2014-05-31 06:40:42
2681	48.44	46.19	23.5	23.88	25.69	2014-05-31 06:41:43
2682	48.44	46.19	23.5	23.81	25.69	2014-05-31 06:42:43
2683	48.44	46.19	23.5	23.81	25.69	2014-05-31 06:43:43
2684	48.44	46.19	23.5	23.88	25.69	2014-05-31 06:44:43
2685	48.44	46.13	23.5	23.81	25.69	2014-05-31 06:45:43
2686	48.44	46.13	23.44	23.81	25.69	2014-05-31 06:46:44
2687	48.38	46.19	23.5	23.81	25.69	2014-05-31 06:47:44
2688	48.44	46.19	23.5	23.81	25.69	2014-05-31 06:48:44
2689	48.44	46.19	23.5	23.81	25.69	2014-05-31 06:49:44
2690	48.44	46.19	23.5	23.81	25.69	2014-05-31 06:50:44
2691	48.38	46.13	23.5	23.81	25.69	2014-05-31 06:51:45
2692	48.44	46.13	23.5	23.81	25.69	2014-05-31 06:52:45
2693	48.44	46.13	23.44	23.81	25.69	2014-05-31 06:53:45
2694	48.38	46.06	23.5	23.81	25.69	2014-05-31 06:54:45
2695	48.38	46.06	23.5	23.81	25.69	2014-05-31 06:55:45
2696	48.38	46.13	23.5	23.81	25.69	2014-05-31 06:56:46
2697	48.38	46.13	23.5	23.81	25.69	2014-05-31 06:57:46
2698	48.44	46.13	23.44	23.81	25.69	2014-05-31 06:58:46
2699	48.38	46.19	23.5	23.81	25.69	2014-05-31 06:59:46
2700	48.44	46.13	23.44	23.81	25.69	2014-05-31 07:00:46
2701	48.44	46.13	23.44	23.81	25.69	2014-05-31 07:01:47
2702	48.38	46.13	23.5	23.75	25.69	2014-05-31 07:02:47
2703	48.44	46.13	23.44	23.75	25.69	2014-05-31 07:03:47
2704	48.44	46.13	23.44	23.81	25.69	2014-05-31 07:04:47
2705	48.44	46.13	23.5	23.81	25.63	2014-05-31 07:05:47
2706	48.38	46.13	23.5	23.81	25.69	2014-05-31 07:06:48
2707	48.38	46.13	23.5	23.81	25.63	2014-05-31 07:07:48
2708	48.38	46.13	23.5	23.81	25.69	2014-05-31 07:08:48
2709	48.38	46.13	23.5	23.81	25.63	2014-05-31 07:09:48
2710	48.44	46.13	23.5	23.81	25.69	2014-05-31 07:10:48
2711	48.38	46.19	23.5	23.81	25.63	2014-05-31 07:11:48
2712	48.38	46.19	23.5	23.81	25.63	2014-05-31 07:12:49
2713	48.38	46.19	23.5	23.81	25.63	2014-05-31 07:13:49
2714	48.38	46.19	23.5	23.81	25.63	2014-05-31 07:14:49
2715	48.38	46.19	23.5	23.81	25.63	2014-05-31 07:15:49
2716	48.38	46.19	23.5	23.81	25.63	2014-05-31 07:16:50
2717	48.38	46.19	23.5	23.81	25.63	2014-05-31 07:17:50
2718	48.44	46.13	23.5	23.81	25.63	2014-05-31 07:18:50
2719	48.44	46.19	23.5	23.81	25.63	2014-05-31 07:19:50
2720	48.38	46.13	23.44	23.81	25.63	2014-05-31 07:20:50
2721	48.38	46.13	23.5	23.81	25.63	2014-05-31 07:21:51
2722	48.38	46.13	23.5	23.81	25.63	2014-05-31 07:22:51
2723	48.38	46.13	23.44	23.81	25.63	2014-05-31 07:23:51
2724	48.38	46.13	23.44	23.81	25.63	2014-05-31 07:24:51
2725	48.38	46.13	23.5	23.81	25.63	2014-05-31 07:25:51
2726	48.38	46.13	23.5	23.81	25.63	2014-05-31 07:26:52
2727	48.38	46.13	23.5	23.81	25.63	2014-05-31 07:27:52
2728	48.38	46.13	23.44	23.81	25.63	2014-05-31 07:28:52
2729	48.38	46.13	23.44	23.75	25.63	2014-05-31 07:29:52
2730	48.31	46.13	23.44	23.75	25.63	2014-05-31 07:30:52
2731	48.38	46.06	23.44	23.75	25.63	2014-05-31 07:31:53
2732	48.38	46	23.44	23.75	25.63	2014-05-31 07:32:53
2733	48.38	46	23.44	23.75	25.63	2014-05-31 07:33:53
2734	48.38	46.06	23.44	23.75	25.63	2014-05-31 07:34:53
2735	48.38	46.13	23.44	23.75	25.63	2014-05-31 07:35:53
2736	48.38	46.13	23.44	23.75	25.63	2014-05-31 07:36:53
2737	48.38	46.13	23.44	23.75	25.63	2014-05-31 07:37:54
2738	48.38	46.13	23.44	23.75	25.63	2014-05-31 07:38:54
2739	48.38	46.13	23.44	23.75	25.63	2014-05-31 07:39:54
2740	48.38	46.13	23.44	23.75	25.63	2014-05-31 07:40:54
2741	48.38	46.13	23.44	23.75	25.63	2014-05-31 07:41:54
2742	48.38	46.13	23.38	23.75	25.63	2014-05-31 07:42:55
2743	48.38	46.13	23.38	23.75	25.63	2014-05-31 07:43:55
2744	48.38	46.06	23.44	23.75	25.63	2014-05-31 07:44:55
2745	48.38	46.06	23.38	23.69	25.63	2014-05-31 07:45:55
2746	48.31	46	23.38	23.69	25.56	2014-05-31 07:46:55
2747	48.31	46.06	23.38	23.75	25.63	2014-05-31 07:47:56
2748	48.31	46.13	23.38	23.69	25.56	2014-05-31 07:48:56
2749	48.31	46.13	23.38	23.69	25.63	2014-05-31 07:49:56
2750	48.31	46.13	23.38	23.69	25.56	2014-05-31 07:50:56
2751	48.38	46.06	23.38	23.69	25.63	2014-05-31 07:51:56
2752	48.38	46.06	23.38	23.75	25.56	2014-05-31 07:52:57
2753	48.38	46.06	23.38	23.75	25.56	2014-05-31 07:53:57
2754	48.38	46.06	23.38	23.75	25.63	2014-05-31 07:54:57
2755	48.38	46.06	23.44	23.75	25.56	2014-05-31 07:55:57
2756	48.38	46.13	23.44	23.75	25.56	2014-05-31 07:56:57
2757	48.38	46.13	23.44	23.75	25.63	2014-05-31 07:57:58
2758	48.38	46.06	23.44	23.75	25.63	2014-05-31 07:58:58
2759	48.31	46.06	23.5	23.75	25.63	2014-05-31 07:59:58
2760	48.38	46	23.5	23.81	25.56	2014-05-31 08:00:58
2761	48.38	46	23.44	23.75	25.56	2014-05-31 08:01:58
2762	48.38	46	23.44	23.75	25.56	2014-05-31 08:02:59
2763	48.38	46.06	23.44	23.75	25.56	2014-05-31 08:03:59
2764	48.38	46.06	23.44	23.75	25.56	2014-05-31 08:04:59
2765	48.38	46.06	23.44	23.75	25.56	2014-05-31 08:05:59
2766	48.38	46.06	23.44	23.75	25.56	2014-05-31 08:06:59
2767	48.38	46.13	23.44	23.75	25.56	2014-05-31 08:07:59
2768	48.38	46	23.44	23.75	25.56	2014-05-31 08:09:00
2769	48.31	46	23.44	23.75	25.56	2014-05-31 08:10:00
2770	48.31	46.06	23.44	23.75	25.56	2014-05-31 08:11:00
2771	48.31	46.06	23.44	23.75	25.56	2014-05-31 08:12:00
2772	48.38	46.06	23.44	23.75	25.56	2014-05-31 08:13:00
2773	48.38	46.06	23.44	23.75	25.56	2014-05-31 08:14:01
2774	48.38	46.13	23.44	23.75	25.56	2014-05-31 08:15:01
2775	48.38	46.06	23.44	23.75	25.56	2014-05-31 08:16:01
2776	48.31	46.13	23.44	23.75	25.56	2014-05-31 08:17:01
2777	48.38	46.13	23.44	23.75	25.56	2014-05-31 08:18:01
2778	48.44	46.06	23.44	23.81	25.56	2014-05-31 08:19:02
2779	48.38	46.13	23.5	23.75	25.56	2014-05-31 08:20:02
2780	48.38	46.13	23.44	23.75	25.56	2014-05-31 08:21:02
2781	48.38	46.13	23.44	23.75	25.56	2014-05-31 08:22:02
2782	48.38	46.06	23.44	23.75	25.56	2014-05-31 08:23:02
2783	48.38	46.06	23.44	23.75	25.56	2014-05-31 08:24:03
2784	48.38	46.06	23.44	23.75	25.56	2014-05-31 08:25:03
2785	48.38	46.06	23.44	23.75	25.56	2014-05-31 08:26:03
2786	48.38	46.06	23.44	23.81	25.56	2014-05-31 08:27:03
2787	48.38	46.06	23.44	23.75	25.56	2014-05-31 08:28:03
2788	48.38	46.06	23.44	23.75	25.56	2014-05-31 08:29:04
2789	48.38	46.06	23.44	23.75	25.56	2014-05-31 08:30:04
2790	48.38	46.06	23.44	23.75	25.56	2014-05-31 08:31:04
2791	48.31	46.06	23.44	23.75	25.56	2014-05-31 08:32:04
2792	48.31	46.13	23.44	23.75	25.56	2014-05-31 08:33:04
2793	48.31	46.06	23.44	23.75	25.56	2014-05-31 08:34:05
2794	48.38	46.13	23.44	23.75	25.56	2014-05-31 08:35:05
2795	48.38	46.06	23.44	23.75	25.56	2014-05-31 08:36:05
2796	48.38	46.06	23.44	23.75	25.56	2014-05-31 08:37:05
2797	48.38	46.06	23.44	23.75	25.56	2014-05-31 08:38:05
2798	48.38	46.06	23.44	23.75	25.56	2014-05-31 08:39:06
2799	48.31	46.06	23.44	23.75	25.56	2014-05-31 08:40:06
2800	48.31	46.06	23.44	23.75	25.56	2014-05-31 08:41:06
2801	48.31	46.13	23.44	23.75	25.56	2014-05-31 08:42:06
2802	48.31	46.13	23.44	23.75	25.56	2014-05-31 08:43:06
2803	48.31	46.13	23.44	23.81	25.56	2014-05-31 08:44:06
2804	48.31	46.06	23.44	23.75	25.5	2014-05-31 08:45:07
2805	48.31	46.13	23.5	23.75	25.56	2014-05-31 08:46:07
2806	48.31	46.06	23.5	23.81	25.56	2014-05-31 08:47:07
2807	48.31	46.06	23.56	23.81	25.56	2014-05-31 08:48:07
2808	48.31	46	23.5	23.81	25.56	2014-05-31 08:49:07
2809	48.31	46	23.5	23.81	25.56	2014-05-31 08:50:08
2810	48.38	46.06	23.5	23.81	25.5	2014-05-31 08:51:08
2811	48.38	46.06	23.5	23.81	25.56	2014-05-31 08:52:08
2812	48.38	46.06	23.5	23.81	25.5	2014-05-31 08:53:08
2813	48.31	46.13	23.5	23.81	25.5	2014-05-31 08:54:08
2814	48.38	46.13	23.5	23.81	25.5	2014-05-31 08:55:09
2815	48.38	46.06	23.56	23.81	25.56	2014-05-31 08:56:09
2816	48.31	46.06	23.5	23.81	25.56	2014-05-31 08:57:09
2817	48.38	46.06	23.5	23.81	25.56	2014-05-31 08:58:09
2818	48.31	46	23.5	23.81	25.5	2014-05-31 08:59:09
2819	48.31	46	23.5	23.81	25.5	2014-05-31 09:00:10
2820	48.31	46	23.5	23.81	25.5	2014-05-31 09:01:10
2821	48.31	46.06	23.5	23.81	25.56	2014-05-31 09:02:10
2822	48.38	46.06	23.5	23.88	25.5	2014-05-31 09:03:10
2823	48.38	46.13	23.5	23.81	25.56	2014-05-31 09:04:10
2824	48.38	46.06	23.5	23.81	25.5	2014-05-31 09:05:11
2825	48.38	46.06	23.5	23.81	25.5	2014-05-31 09:06:11
2826	48.38	46.06	23.5	23.81	25.56	2014-05-31 09:07:11
2827	48.38	46	23.5	23.81	25.5	2014-05-31 09:08:11
2828	48.38	46	23.5	23.88	25.5	2014-05-31 09:09:11
2829	48.38	46.06	23.56	23.81	25.56	2014-05-31 09:10:12
2830	48.38	46.06	23.5	23.81	25.5	2014-05-31 09:11:12
2831	48.31	46.06	23.56	23.81	25.5	2014-05-31 09:12:12
2832	48.31	46.13	23.5	23.81	25.5	2014-05-31 09:13:12
2833	48.31	46.06	23.5	23.81	25.5	2014-05-31 09:14:12
2834	48.31	46.06	23.5	23.81	25.5	2014-05-31 09:15:13
2835	48.38	46.06	23.5	23.81	25.5	2014-05-31 09:16:13
2836	48.38	46.06	23.5	23.81	25.5	2014-05-31 09:17:13
2837	48.38	46.13	23.5	23.81	25.5	2014-05-31 09:18:13
2838	48.38	46.06	23.56	23.81	25.5	2014-05-31 09:19:13
2839	48.38	46.06	23.5	23.81	25.56	2014-05-31 09:20:13
2840	48.31	46.06	23.5	23.81	25.56	2014-05-31 09:21:14
2841	48.38	46.06	23.5	23.81	25.5	2014-05-31 09:22:14
2842	48.38	46.06	23.5	23.81	25.5	2014-05-31 09:23:14
2843	48.38	46.13	23.5	23.81	25.5	2014-05-31 09:24:14
2844	48.38	46.13	23.5	23.81	25.56	2014-05-31 09:25:14
2845	48.38	46.13	23.5	23.81	25.5	2014-05-31 09:26:15
2846	48.38	46.13	23.5	23.81	25.5	2014-05-31 09:27:15
2847	48.31	46.06	23.5	23.81	25.5	2014-05-31 09:28:15
2848	48.38	46.13	23.5	23.81	25.5	2014-05-31 09:29:15
2849	48.38	46.06	23.5	23.81	25.5	2014-05-31 09:30:15
2850	48.38	46	23.5	23.81	25.5	2014-05-31 09:31:16
2851	48.38	46.06	23.5	23.81	25.5	2014-05-31 09:32:16
2852	48.38	46.06	23.5	23.81	25.56	2014-05-31 09:33:16
2853	48.38	46.06	23.5	23.81	25.5	2014-05-31 09:34:16
2854	48.38	46.06	23.5	23.81	25.5	2014-05-31 09:35:16
2855	48.38	46.06	23.5	23.81	25.5	2014-05-31 09:36:17
2856	48.38	46	23.5	23.81	25.5	2014-05-31 09:37:17
2857	48.38	46	23.5	23.81	25.5	2014-05-31 09:38:17
2858	48.38	46.06	23.5	23.81	25.56	2014-05-31 09:39:17
2859	48.31	46.06	23.5	23.81	25.5	2014-05-31 09:40:17
2860	48.31	46.06	23.56	23.81	25.5	2014-05-31 09:41:17
2861	48.31	46.06	23.56	23.81	25.5	2014-05-31 09:42:18
2862	48.31	46	23.56	23.81	25.5	2014-05-31 09:43:18
2863	48.38	46	23.56	23.88	25.5	2014-05-31 09:44:18
2864	48.38	46.06	23.56	23.88	25.56	2014-05-31 09:45:18
2865	48.38	46.06	23.63	23.88	25.5	2014-05-31 09:46:18
2866	48.38	46.06	23.63	23.88	25.5	2014-05-31 09:47:19
2867	48.38	46.06	23.69	23.94	25.56	2014-05-31 09:48:19
2868	48.38	46.13	23.69	23.88	25.5	2014-05-31 09:49:19
2869	48.44	46.13	23.69	23.88	25.56	2014-05-31 09:50:19
2870	48.38	46.06	23.69	23.94	25.5	2014-05-31 09:51:19
2871	48.38	46.13	23.69	23.94	25.5	2014-05-31 09:52:20
2872	48.38	46.13	23.69	23.94	25.56	2014-05-31 09:53:20
2873	48.38	46.13	23.69	23.88	25.5	2014-05-31 09:54:20
2874	48.38	46.13	23.75	23.88	25.5	2014-05-31 09:55:20
2875	48.38	46.13	23.69	23.88	25.5	2014-05-31 09:56:20
2876	48.38	46.13	23.69	23.88	25.5	2014-05-31 09:57:21
2877	48.38	46.13	23.69	23.88	25.56	2014-05-31 09:58:21
2878	48.38	46.13	23.69	23.94	25.5	2014-05-31 09:59:21
2879	48.44	46.13	23.75	23.94	25.5	2014-05-31 10:00:21
2880	48.38	46.13	23.75	23.94	25.56	2014-05-31 10:01:21
2881	48.44	46.13	23.81	23.94	25.5	2014-05-31 10:02:22
2882	48.5	46.19	23.69	23.94	25.5	2014-05-31 10:03:22
2883	48.5	46.19	23.75	23.94	25.5	2014-05-31 10:04:22
2884	48.44	46.13	23.69	23.94	25.56	2014-05-31 10:05:22
2885	48.44	46.13	23.69	23.94	25.5	2014-05-31 10:06:22
2886	48.38	46.13	23.63	23.94	25.56	2014-05-31 10:07:23
2887	48.44	46.13	23.69	23.94	25.56	2014-05-31 10:08:23
2888	48.38	46.13	23.69	23.94	25.56	2014-05-31 10:09:23
2889	48.44	46.13	23.69	23.94	25.56	2014-05-31 10:10:23
2890	48.44	46.13	23.69	23.94	25.5	2014-05-31 10:11:23
2891	48.44	46.13	23.75	23.94	25.5	2014-05-31 10:12:24
2892	48.44	46.13	23.75	23.94	25.56	2014-05-31 10:13:24
2893	48.44	46.13	23.75	23.88	25.56	2014-05-31 10:14:24
2894	48.44	46.19	23.75	23.94	25.56	2014-05-31 10:15:24
2895	48.44	46.13	23.75	23.94	25.56	2014-05-31 10:16:24
2896	48.44	46.13	23.69	23.94	25.56	2014-05-31 10:17:25
2897	48.38	46.13	23.69	23.94	25.56	2014-05-31 10:18:25
2898	48.38	46.13	23.69	23.94	25.56	2014-05-31 10:19:25
2899	48.38	46.13	23.69	23.94	25.56	2014-05-31 10:20:25
2900	48.38	46.13	23.75	23.94	25.56	2014-05-31 10:21:25
2901	48.38	46.13	23.75	23.94	25.56	2014-05-31 10:22:26
2902	48.31	46.06	23.75	23.94	25.56	2014-05-31 10:23:26
2903	48.38	46.06	23.69	23.94	25.56	2014-05-31 10:24:26
2904	48.38	46.06	23.69	23.94	25.56	2014-05-31 10:25:26
2905	48.44	46	23.69	23.94	25.56	2014-05-31 10:26:26
2906	48.38	46.06	23.69	23.94	25.56	2014-05-31 10:27:27
2907	48.38	46	23.75	23.94	25.56	2014-05-31 10:28:27
2908	48.44	46	23.75	23.94	25.56	2014-05-31 10:29:27
2909	48.44	46.06	23.75	23.94	25.56	2014-05-31 10:30:27
2910	48.44	46.13	23.75	23.94	25.56	2014-05-31 10:31:27
2911	48.44	46.13	23.75	23.94	25.56	2014-05-31 10:32:28
2912	48.44	46.13	23.69	24	25.56	2014-05-31 10:33:28
2913	48.44	46.19	23.69	24	25.56	2014-05-31 10:34:28
2914	48.44	46.13	23.69	23.94	25.56	2014-05-31 10:35:28
2915	48.38	46.13	23.75	23.94	25.56	2014-05-31 10:36:28
2916	48.44	46.19	23.75	24	25.56	2014-05-31 10:37:29
2917	48.44	46.19	23.75	24	25.56	2014-05-31 10:38:29
2918	48.44	46.19	23.75	24	25.56	2014-05-31 10:39:29
2919	48.44	46.19	23.75	24	25.56	2014-05-31 10:40:29
2920	48.44	46.19	23.81	24	25.56	2014-05-31 10:41:29
2921	48.5	46.19	23.81	24	25.56	2014-05-31 10:42:30
2922	48.5	46.19	23.81	24	25.56	2014-05-31 10:43:30
2923	48.44	46.19	23.75	23.94	25.56	2014-05-31 10:44:30
2924	48.44	46.19	23.75	23.94	25.56	2014-05-31 10:45:30
2925	48.44	46.19	23.81	24	25.56	2014-05-31 10:46:30
2926	48.44	46.19	23.75	24	25.56	2014-05-31 10:47:30
2927	48.44	46.19	23.81	24	25.56	2014-05-31 10:48:31
2928	48.44	46.19	23.81	24	25.56	2014-05-31 10:49:31
2929	48.44	46.19	23.81	24	25.56	2014-05-31 10:50:31
2930	48.44	46.19	23.81	24.06	25.56	2014-05-31 10:51:31
2931	48.44	46.19	23.81	24.06	25.56	2014-05-31 10:52:31
2932	48.44	46.13	23.81	24	25.56	2014-05-31 10:53:32
2933	48.44	46.13	23.81	24.06	25.56	2014-05-31 10:54:32
2934	48.44	46.06	23.81	24.06	25.56	2014-05-31 10:55:32
2935	48.5	46.06	23.81	24	25.56	2014-05-31 10:56:32
2936	48.5	46.13	23.81	24	25.56	2014-05-31 10:57:32
2937	48.5	46.13	23.81	24	25.56	2014-05-31 10:58:32
2938	48.5	46.13	23.81	24	25.56	2014-05-31 10:59:33
2939	48.5	46.19	23.81	24	25.63	2014-05-31 11:00:33
2940	48.5	46.19	23.81	24.06	25.56	2014-05-31 11:01:33
2941	48.5	46.19	23.88	24	25.56	2014-05-31 11:02:33
2942	48.44	46.19	23.81	24	25.56	2014-05-31 11:03:33
2943	48.5	46.19	23.81	24.06	25.63	2014-05-31 11:04:34
2944	48.5	46.25	23.81	24	25.56	2014-05-31 11:05:34
2945	48.5	46.19	23.81	24	25.63	2014-05-31 11:06:34
2946	48.5	46.25	23.75	24	25.63	2014-05-31 11:07:34
2947	48.5	46.25	23.75	24.06	25.63	2014-05-31 11:08:34
2948	48.56	46.25	23.81	24	25.63	2014-05-31 11:09:35
2949	48.56	46.25	23.81	24	25.63	2014-05-31 11:10:35
2950	48.56	46.19	23.81	24	25.63	2014-05-31 11:11:35
2951	48.5	46.25	23.75	24	25.63	2014-05-31 11:12:35
2952	48.5	46.25	23.75	24	25.63	2014-05-31 11:13:35
2953	48.5	46.19	23.81	24	25.63	2014-05-31 11:14:35
2954	48.5	46.25	23.81	24	25.63	2014-05-31 11:15:36
2955	48.5	46.25	23.75	24	25.63	2014-05-31 11:16:36
2956	48.56	46.25	23.81	24	25.63	2014-05-31 11:17:36
2957	48.56	46.25	23.75	24	25.63	2014-05-31 11:18:36
2958	48.56	46.25	23.69	24	25.63	2014-05-31 11:19:36
2959	48.56	46.25	23.75	24	25.63	2014-05-31 11:20:36
2960	48.5	46.25	23.81	24.06	25.63	2014-05-31 11:21:37
