cod	c02	c04	tent	tsal	c03	fecha
1	25.81	25.75	27.56	27.5	25.81	2014-06-11 16:08:34
2	25.81	25.75	27.56	27.5	25.75	2014-06-11 16:09:34
3	25.81	25.75	27.56	27.5	25.75	2014-06-11 16:10:33
4	25.81	25.75	27.63	27.5	25.81	2014-06-11 16:11:33
5	25.88	25.75	27.63	27.56	25.81	2014-06-11 16:12:33
6	25.88	25.75	27.63	27.5	25.81	2014-06-11 16:13:33
7	25.88	25.81	27.63	27.56	25.81	2014-06-11 16:14:32
8	25.88	25.81	27.63	27.56	25.81	2014-06-11 16:15:32
9	25.88	25.81	27.63	27.56	25.81	2014-06-11 16:16:32
10	25.88	25.81	27.69	27.56	25.81	2014-06-11 16:17:32
11	25.88	25.81	27.69	27.63	25.81	2014-06-11 16:18:31
12	25.88	25.81	27.69	27.63	25.88	2014-06-11 16:19:31
13	25.94	25.81	27.69	27.56	25.88	2014-06-11 16:20:31
14	25.94	25.81	27.75	27.63	25.88	2014-06-11 16:21:31
15	25.94	25.88	27.75	27.63	25.88	2014-06-11 16:22:30
16	25.94	25.81	27.75	27.63	25.88	2014-06-11 16:23:30
17	25.94	25.88	27.75	27.63	25.88	2014-06-11 16:24:30
18	25.94	25.88	27.75	27.63	25.88	2014-06-11 16:25:30
19	25.94	25.88	27.75	27.63	25.88	2014-06-11 16:26:29
20	25.94	25.88	27.69	27.63	25.88	2014-06-11 16:27:29
21	25.94	25.88	27.75	27.63	25.94	2014-06-11 16:28:29
22	26	25.88	27.75	27.63	25.88	2014-06-11 16:29:29
23	26	25.88	27.75	27.69	25.94	2014-06-11 16:30:28
24	26	25.88	27.75	27.69	25.94	2014-06-11 16:31:28
25	26	25.88	27.81	27.69	25.94	2014-06-11 16:32:28
26	26	25.94	27.75	27.69	25.94	2014-06-11 16:33:28
27	26	25.94	27.81	27.69	25.94	2014-06-11 16:34:27
28	26	25.94	27.81	27.69	26	2014-06-11 16:35:27
29	26	25.94	27.81	27.75	26	2014-06-11 16:36:27
30	26	25.94	27.81	27.75	26	2014-06-11 16:37:26
31	26.06	25.94	27.81	27.75	26	2014-06-11 16:38:26
32	26.06	25.94	27.81	27.75	26	2014-06-11 16:39:26
33	26.06	26	27.81	27.75	26	2014-06-11 16:40:26
34	26.06	25.94	27.88	27.75	26	2014-06-11 16:41:25
35	26.06	25.94	27.88	27.75	26	2014-06-11 16:42:25
36	26.06	26	27.88	27.75	26	2014-06-11 16:43:25
37	26.06	26	27.88	27.81	26	2014-06-11 16:44:25
38	26.06	26	27.88	27.81	26	2014-06-11 16:45:24
39	26.13	26	27.94	27.81	26.06	2014-06-11 16:46:24
40	26.06	26	27.94	27.81	26.06	2014-06-11 16:47:24
41	26.13	26	27.94	27.81	26.06	2014-06-11 16:48:24
42	26.13	26.06	27.94	27.81	26.06	2014-06-11 16:49:23
43	26.13	26	27.94	27.88	26.06	2014-06-11 16:50:23
44	26.13	26.06	27.94	27.88	26.06	2014-06-11 16:51:23
45	26.13	26.06	27.94	27.88	26.06	2014-06-11 16:52:23
46	26.13	26.06	28	27.88	26.06	2014-06-11 16:53:22
47	26.13	26.06	28	27.94	26.13	2014-06-11 16:54:22
48	26.13	26.06	28	27.88	26.06	2014-06-11 16:55:22
49	26.13	26.06	28	27.88	26.13	2014-06-11 16:56:21
50	26.19	26.06	28	27.94	26.13	2014-06-11 16:57:21
51	26.19	26.06	28	27.94	26.13	2014-06-11 16:58:21
52	26.19	26.06	28	27.94	26.13	2014-06-11 16:59:21
53	26.19	26.13	28	27.94	26.13	2014-06-11 17:00:20
54	26.19	26.13	28.06	27.94	26.13	2014-06-11 17:01:20
55	26.19	26.13	28.06	27.94	26.13	2014-06-11 17:02:20
56	26.19	26.13	28.06	28	26.19	2014-06-11 17:03:20
57	26.19	26.13	28.06	27.94	26.13	2014-06-11 17:04:19
58	26.25	26.13	28.06	28	26.13	2014-06-11 17:05:19
59	26.25	26.13	28.06	28	26.19	2014-06-11 17:06:19
60	26.25	26.13	28.06	28	26.19	2014-06-11 17:07:19
61	26.25	26.13	28.06	28	26.19	2014-06-11 17:08:18
62	26.25	26.13	28.06	28	26.19	2014-06-11 17:09:18
63	26.25	26.19	28.06	28	26.19	2014-06-11 17:10:18
64	26.25	26.19	28.06	28	26.19	2014-06-11 17:11:18
65	26.25	26.19	28.06	28	26.19	2014-06-11 17:12:17
66	26.31	26.19	28.06	28	26.19	2014-06-11 17:13:17
67	26.31	26.19	28.06	28.06	26.25	2014-06-11 17:14:17
68	26.31	26.19	28.13	28	26.25	2014-06-11 17:15:17
69	26.31	26.19	28.13	28	26.25	2014-06-11 17:16:16
70	26.31	26.19	28.13	28.06	26.25	2014-06-11 17:17:16
71	26.31	26.25	28.13	28	26.25	2014-06-11 17:18:16
72	26.31	26.25	28.13	28	26.25	2014-06-11 17:19:15
73	26.31	26.25	28.13	28	26.25	2014-06-11 17:20:15
74	26.31	26.25	28.13	28	26.31	2014-06-11 17:21:15
75	26.31	26.25	28.13	28	26.25	2014-06-11 17:22:15
76	26.31	26.25	28.13	28.06	26.31	2014-06-11 17:23:14
77	26.38	26.25	28.13	28.06	26.31	2014-06-11 17:24:14
78	26.38	26.25	28.13	28.06	26.31	2014-06-11 17:25:14
79	26.38	26.25	28.13	28.06	26.31	2014-06-11 17:26:14
80	26.38	26.31	28.13	28.06	26.31	2014-06-11 17:27:13
81	26.38	26.25	28.13	28.06	26.31	2014-06-11 17:28:13
82	26.38	26.31	28.13	28.06	26.31	2014-06-11 17:29:13
83	26.38	26.25	28.13	28.06	26.31	2014-06-11 17:30:13
84	26.38	26.31	28.13	28.06	26.31	2014-06-11 17:31:12
85	26.38	26.31	28.19	28.06	26.38	2014-06-11 17:32:12
86	26.38	26.31	28.19	28.13	26.31	2014-06-11 17:33:12
87	26.38	26.31	28.19	28.13	26.38	2014-06-11 17:34:12
88	26.38	26.31	28.19	28.13	26.38	2014-06-11 17:35:11
89	26.44	26.31	28.19	28.13	26.38	2014-06-11 17:36:11
90	26.44	26.31	28.19	28.13	26.38	2014-06-11 17:37:11
91	26.44	26.38	28.19	28.13	26.38	2014-06-11 17:38:10
92	26.44	26.38	28.19	28.19	26.38	2014-06-11 17:39:10
93	26.44	26.38	28.19	28.13	26.38	2014-06-11 17:40:10
94	26.5	26.31	28.19	28.13	26.38	2014-06-11 17:41:10
95	26.44	26.38	28.19	28.13	26.38	2014-06-11 17:42:09
96	26.5	26.38	28.19	28.13	26.44	2014-06-11 17:43:09
97	26.5	26.38	28.19	28.13	26.44	2014-06-11 17:44:09
98	26.5	26.38	28.19	28.13	26.44	2014-06-11 17:45:09
99	26.5	26.38	28.25	28.19	26.44	2014-06-11 17:46:08
100	26.5	26.38	28.25	28.19	26.44	2014-06-11 17:47:08
101	26.5	26.44	28.25	28.19	26.44	2014-06-11 17:48:08
102	26.5	26.38	28.25	28.19	26.44	2014-06-11 17:49:08
103	27	26.44	28.31	28.25	26.44	2014-06-11 17:50:07
104	26.13	26.38	28.38	28.31	26.44	2014-06-11 17:51:07
105	25.75	26.44	28.44	28.31	26.5	2014-06-11 17:52:07
106	25.69	26.44	28.38	28.31	26.44	2014-06-11 17:53:07
107	25.63	26.44	28.38	28.25	26.5	2014-06-11 17:54:06
108	25.63	26.44	28.38	28.25	26.5	2014-06-11 17:55:06
109	25.56	26.44	28.38	28.31	26.44	2014-06-11 17:56:06
110	26.88	26.44	28.44	28.31	26.5	2014-06-11 17:57:06
111	26.81	26.5	28.44	28.38	26.56	2014-06-11 17:58:05
112	26.75	26.5	28.5	28.44	26.63	2014-06-11 17:59:05
113	26.69	26.5	28.56	28.44	26.69	2014-06-11 18:00:05
114	26.63	26.5	28.56	28.5	26.69	2014-06-11 18:01:04
115	26.63	26.56	28.63	28.5	26.75	2014-06-11 18:02:04
116	26.63	26.56	28.63	28.38	26.81	2014-06-11 18:03:04
117	26.63	26.63	28.5	28.31	26.88	2014-06-11 18:04:04
118	26.69	26.69	28.5	28.31	26.94	2014-06-11 18:05:03
119	26.69	26.75	28.5	28.31	27	2014-06-11 18:06:03
120	26.75	26.88	28.5	28.31	27.06	2014-06-11 18:07:03
121	26.75	27	28.44	28.31	27.13	2014-06-11 18:08:03
122	27.31	27.38	28.5	28.38	27.19	2014-06-11 18:09:02
123	28.06	28.06	28.56	28.44	27.25	2014-06-11 18:10:02
124	28.69	28.5	28.63	28.5	27.31	2014-06-11 18:11:02
125	29.25	28.94	28.69	28.56	27.44	2014-06-11 18:12:02
126	29.88	29.38	28.75	28.63	27.56	2014-06-11 18:13:01
127	30.44	29.75	28.81	28.63	27.69	2014-06-11 18:14:01
128	31	30.13	28.81	28.69	27.75	2014-06-11 18:15:01
129	31.5	30.44	28.81	28.75	27.94	2014-06-11 18:16:01
130	32	30.75	28.88	28.81	28.06	2014-06-11 18:17:00
131	32.44	31	28.94	28.81	28.19	2014-06-11 18:18:00
132	33.69	32.25	29	28.88	28.38	2014-06-11 18:19:00
133	35.06	33.88	29	28.94	28.5	2014-06-11 18:20:00
134	36.25	35.13	29.06	29	28.69	2014-06-11 18:20:59
135	37.31	36.13	29.13	29	28.94	2014-06-11 18:21:59
136	38	36.94	29.13	29.06	29.13	2014-06-11 18:22:59
137	38.63	37.63	29.19	29.13	29.44	2014-06-11 18:23:58
138	39.13	38.13	29.19	29.13	29.69	2014-06-11 18:24:58
139	39.5	38.5	29.25	29.19	29.94	2014-06-11 18:25:58
140	39.88	38.88	29.31	29.25	30.19	2014-06-11 18:26:58
141	40.13	39.13	29.31	29.25	30.44	2014-06-11 18:27:57
142	40.38	39.31	29.38	29.31	30.69	2014-06-11 18:28:57
143	40.69	39.56	29.38	29.31	31	2014-06-11 18:29:57
144	40.81	39.81	29.44	29.38	31.25	2014-06-11 18:30:57
145	41	40	29.44	29.38	31.5	2014-06-11 18:31:56
146	41.19	40.19	29.44	29.38	31.75	2014-06-11 18:32:56
147	41.44	40.38	29.44	29.38	32	2014-06-11 18:33:56
148	41.63	40.56	29.44	29.38	32.19	2014-06-11 18:34:56
149	41.81	40.81	29.44	29.38	32.38	2014-06-11 18:35:55
150	42	41	29.44	29.38	32.56	2014-06-11 18:36:55
151	42.19	41.19	29.44	29.44	32.75	2014-06-11 18:37:55
152	42.38	41.38	29.5	29.44	32.94	2014-06-11 18:38:55
153	42.56	41.56	29.5	29.5	33.06	2014-06-11 18:39:54
154	42.69	41.75	29.56	29.56	33.25	2014-06-11 18:40:54
155	42.94	41.94	29.63	29.63	33.44	2014-06-11 18:41:54
156	43.06	42.06	29.69	29.69	33.63	2014-06-11 18:42:54
157	43.25	42.19	29.69	29.69	33.81	2014-06-11 18:43:53
158	43.44	42.31	29.81	29.75	33.94	2014-06-11 18:44:53
159	43.56	42.5	29.81	29.81	34.13	2014-06-11 18:45:53
160	43.75	42.63	29.81	29.81	34.31	2014-06-11 18:46:52
161	43.88	42.75	29.88	29.88	34.5	2014-06-11 18:47:52
162	44.06	42.94	29.81	29.75	34.63	2014-06-11 18:48:52
163	44.25	43.06	29.81	29.75	34.81	2014-06-11 18:49:52
164	44.44	43.25	29.81	29.75	35	2014-06-11 18:50:51
165	44.56	41.31	29.81	29.81	35.19	2014-06-11 18:51:51
166	44.75	39.44	29.88	29.81	35.38	2014-06-11 18:52:51
167	44.94	38.81	29.88	29.88	35.56	2014-06-11 18:53:51
168	45.13	38.56	29.94	29.94	35.75	2014-06-11 18:54:50
169	45.31	38.56	29.94	30	35.94	2014-06-11 18:55:50
170	45.5	38.56	30	30	36.13	2014-06-11 18:56:50
171	45.69	38.63	30	30	36.31	2014-06-11 18:57:50
172	45.81	38.69	29.94	30	36.44	2014-06-11 18:58:49
173	46	38.75	29.94	30	36.56	2014-06-11 18:59:49
174	46.13	38.94	29.88	29.94	36.69	2014-06-11 19:00:49
175	46.31	39.06	29.81	29.94	36.88	2014-06-11 19:01:49
176	46.44	39.19	29.81	29.94	37	2014-06-11 19:02:48
177	46.56	39.25	29.81	29.94	37.13	2014-06-11 19:03:48
178	46.69	39.31	29.81	30	37.25	2014-06-11 19:04:48
179	46.81	39.44	29.81	29.94	37.38	2014-06-11 19:05:48
180	46.94	39.5	29.81	29.94	37.5	2014-06-11 19:06:47
181	47.06	39.69	29.81	29.94	37.63	2014-06-11 19:07:47
182	47.13	39.75	29.81	30	37.75	2014-06-11 19:08:47
183	47.31	39.88	29.88	30	37.88	2014-06-11 19:09:46
184	47.44	39.94	29.88	30	38	2014-06-11 19:10:46
185	47.5	40.06	29.88	29.94	38.06	2014-06-11 19:11:46
186	47.56	40.19	29.81	29.94	38.19	2014-06-11 19:12:46
187	47.69	40.25	29.75	29.94	38.31	2014-06-11 19:13:45
188	47.81	40.38	29.69	29.88	38.44	2014-06-11 19:14:45
189	47.94	40.44	29.69	29.88	38.56	2014-06-11 19:15:45
190	48	40.56	29.69	29.88	38.63	2014-06-11 19:16:45
191	48.13	40.69	29.75	29.88	38.75	2014-06-11 19:17:44
192	48.19	40.75	29.75	29.94	38.88	2014-06-11 19:18:44
193	48.25	40.88	29.75	30	38.94	2014-06-11 19:19:44
194	48.31	40.94	29.81	30	39.06	2014-06-11 19:20:44
195	48.38	41.06	29.75	30	39.13	2014-06-11 19:21:43
196	48.44	41.13	29.75	30	39.25	2014-06-11 19:22:43
197	48.5	41.25	29.81	30	39.38	2014-06-11 19:23:43
198	48.56	41.31	29.88	30.06	39.5	2014-06-11 19:24:43
199	48.63	41.44	29.88	30.13	39.56	2014-06-11 19:25:42
200	48.69	41.5	29.94	30.19	39.69	2014-06-11 19:26:42
201	48.75	41.56	30	30.25	39.81	2014-06-11 19:27:42
202	48.88	41.44	30.06	30.31	39.88	2014-06-11 19:28:42
203	48.94	41.44	30.06	30.31	39.94	2014-06-11 19:29:41
204	49	41.5	30.13	30.38	40.06	2014-06-11 19:30:41
205	49.06	41.56	30.19	30.44	40.13	2014-06-11 19:31:41
206	49.19	41.69	30.19	30.44	40.19	2014-06-11 19:32:40
207	49.25	41.69	30.25	30.5	40.31	2014-06-11 19:33:40
208	49.31	41.81	30.25	30.5	40.38	2014-06-11 19:34:40
209	49.38	41.88	30.19	30.5	40.44	2014-06-11 19:35:40
210	49.44	41.94	30.19	30.5	40.5	2014-06-11 19:36:39
211	49.56	42	30.13	30.44	40.56	2014-06-11 19:37:39
212	49.56	42.06	30.19	30.44	40.69	2014-06-11 19:38:39
213	49.69	42.19	30.19	30.44	40.75	2014-06-11 19:39:39
214	49.75	42.19	30.19	30.5	40.88	2014-06-11 19:40:38
215	49.81	42.31	30.19	30.5	40.94	2014-06-11 19:41:38
216	49.88	42.38	30.25	30.5	41	2014-06-11 19:42:38
217	49.94	42.44	30.25	30.56	41.06	2014-06-11 19:43:38
218	50	42.56	30.31	30.63	41.13	2014-06-11 19:44:37
219	50	42.63	30.31	30.56	41.19	2014-06-11 19:45:37
220	50.13	42.63	30.25	30.63	41.25	2014-06-11 19:46:37
221	50.19	42.69	30.25	30.56	41.31	2014-06-11 19:47:37
222	50.25	42.81	30.31	30.56	41.44	2014-06-11 19:48:36
223	50.31	42.81	30.31	30.63	41.5	2014-06-11 19:49:36
224	50.31	42.88	30.31	30.63	41.56	2014-06-11 19:50:36
225	50.38	43	30.38	30.69	41.63	2014-06-11 19:51:36
226	50.44	43.06	30.38	30.75	41.69	2014-06-11 19:52:35
227	50.44	43.13	30.38	30.75	41.75	2014-06-11 19:53:35
228	50.44	43.19	30.38	30.75	41.81	2014-06-11 19:54:35
229	50.44	43.25	30.38	30.69	41.88	2014-06-11 19:55:34
230	50.5	43.25	30.38	30.69	41.94	2014-06-11 19:56:34
231	50.56	43.31	30.38	30.69	42	2014-06-11 19:57:34
232	50.56	43.44	30.38	30.75	42.06	2014-06-11 19:58:34
233	50.63	43.5	30.44	30.75	42.13	2014-06-11 19:59:33
234	50.69	43.5	30.44	30.81	42.19	2014-06-11 20:00:33
235	50.75	43.56	30.44	30.81	42.25	2014-06-11 20:01:33
236	50.75	43.63	30.38	30.81	42.31	2014-06-11 20:02:33
237	50.81	43.63	30.38	30.81	42.38	2014-06-11 20:03:32
238	50.88	43.69	30.38	30.75	42.44	2014-06-11 20:04:32
239	50.94	43.75	30.31	30.75	42.5	2014-06-11 20:05:32
240	51	43.88	30.31	30.75	42.56	2014-06-11 20:06:32
241	51.06	43.94	30.31	30.75	42.56	2014-06-11 20:07:31
242	51.13	44	30.25	30.75	42.69	2014-06-11 20:08:31
243	51.13	44	30.31	30.69	42.69	2014-06-11 20:09:31
244	51.19	44.06	30.25	30.69	42.75	2014-06-11 20:10:31
245	51.25	44.13	30.25	30.63	42.81	2014-06-11 20:11:30
246	51.31	44.19	30.25	30.69	42.88	2014-06-11 20:12:30
247	51.38	44.19	30.25	30.69	42.88	2014-06-11 20:13:30
248	51.44	44.19	30.25	30.63	42.94	2014-06-11 20:14:30
249	51.5	44.31	30.31	30.69	43.06	2014-06-11 20:15:29
250	51.56	44.31	30.25	30.63	43.06	2014-06-11 20:16:29
251	51.56	44.38	30.25	30.63	43.13	2014-06-11 20:17:29
252	51.63	44.44	30.25	30.63	43.19	2014-06-11 20:18:28
253	51.69	44.44	30.19	30.63	43.19	2014-06-11 20:19:27
254	51.75	44.5	30.19	30.63	43.25	2014-06-11 20:20:27
255	51.75	44.56	30.19	30.63	43.31	2014-06-11 20:21:26
256	51.81	44.56	30.19	30.63	43.31	2014-06-11 20:22:25
257	51.88	44.63	30.19	30.63	43.38	2014-06-11 20:23:25
258	51.88	44.63	30.19	30.63	43.44	2014-06-11 20:24:24
259	51.94	44.69	30.19	30.63	43.44	2014-06-11 20:25:23
260	51.94	44.69	30.25	30.56	43.5	2014-06-11 20:26:22
261	52	44.75	30.19	30.63	43.5	2014-06-11 20:27:22
262	52.06	44.81	30.19	30.63	43.56	2014-06-11 20:28:21
263	52.13	44.88	30.19	30.56	43.56	2014-06-11 20:29:20
264	52.13	44.88	30.19	30.56	43.63	2014-06-11 20:30:20
265	52.19	44.94	30.19	30.63	43.69	2014-06-11 20:31:19
266	52.19	45	30.19	30.63	43.69	2014-06-11 20:32:18
267	52.19	45	30.19	30.63	43.75	2014-06-11 20:33:17
268	52.25	45.06	30.25	30.69	43.75	2014-06-11 20:34:17
269	52.25	45.06	30.31	30.81	43.81	2014-06-11 20:35:16
270	52.31	45.13	30.31	30.81	43.81	2014-06-11 20:36:15
271	52.31	45.13	30.25	30.81	43.88	2014-06-11 20:37:15
272	52.38	45.13	30.25	30.81	43.88	2014-06-11 20:38:14
273	52.38	45.19	30.25	30.75	43.94	2014-06-11 20:39:13
274	52.38	45.19	30.31	30.75	43.94	2014-06-11 20:40:12
275	52.44	45.25	30.31	30.75	44	2014-06-11 20:41:12
276	52.5	45.25	30.25	30.75	44.06	2014-06-11 20:42:11
277	52.5	45.31	30.25	30.75	44.06	2014-06-11 20:43:10
278	52.5	45.38	30.25	30.75	44.13	2014-06-11 20:44:10
279	52.56	45.38	30.25	30.69	44.13	2014-06-11 20:45:09
280	52.56	45.44	30.25	30.69	44.13	2014-06-11 20:46:08
281	52.56	45.44	30.25	30.69	44.19	2014-06-11 20:47:07
282	52.56	45.5	30.25	30.69	44.19	2014-06-11 20:48:07
283	52.56	45.5	30.25	30.69	44.25	2014-06-11 20:49:06
284	52.63	45.56	30.19	30.69	44.25	2014-06-11 20:50:05
285	52.63	45.56	30.19	30.69	44.31	2014-06-11 20:51:05
286	52.69	45.63	30.19	30.63	44.31	2014-06-11 20:52:04
287	52.75	45.63	30.19	30.63	44.31	2014-06-11 20:53:03
288	52.75	45.63	30.19	30.63	44.38	2014-06-11 20:54:02
289	52.81	45.69	30.19	30.63	44.38	2014-06-11 20:55:02
290	52.81	45.69	30.19	30.63	44.44	2014-06-11 20:56:01
291	52.81	45.69	30.13	30.56	44.44	2014-06-11 20:57:00
292	52.81	45.69	30.13	30.56	44.5	2014-06-11 20:58:00
293	52.81	45.75	30.13	30.56	44.5	2014-06-11 20:58:59
294	52.88	45.75	30.13	30.56	44.5	2014-06-11 20:59:58
295	52.88	45.75	30.13	30.56	44.56	2014-06-11 21:00:58
296	52.88	45.75	30.19	30.56	44.56	2014-06-11 21:01:57
297	52.94	45.81	30.13	30.56	44.56	2014-06-11 21:02:56
298	52.94	45.81	30.13	30.56	44.63	2014-06-11 21:03:55
299	53	45.81	30.19	30.56	44.63	2014-06-11 21:04:55
300	53	45.88	30.13	30.56	44.69	2014-06-11 21:05:54
301	53	45.94	30.13	30.56	44.69	2014-06-11 21:06:53
302	53.06	45.94	30.06	30.56	44.69	2014-06-11 21:07:53
303	53.06	45.94	30.06	30.56	44.69	2014-06-11 21:08:52
304	53.06	45.94	30.06	30.56	44.75	2014-06-11 21:09:51
305	53.06	45.94	30.06	30.56	44.75	2014-06-11 21:10:50
306	53.06	46	30.06	30.56	44.75	2014-06-11 21:11:50
307	53.06	46	30.13	30.56	44.81	2014-06-11 21:12:49
308	53.13	46	30.13	30.56	44.81	2014-06-11 21:13:48
309	53.13	46.06	30.13	30.63	44.81	2014-06-11 21:14:48
310	53.13	46.06	30.06	30.56	44.88	2014-06-11 21:15:47
311	53.13	46.06	30.06	30.56	44.88	2014-06-11 21:16:46
312	53.13	46.13	30.13	30.56	44.88	2014-06-11 21:17:45
313	53.13	46.06	30.13	30.5	44.88	2014-06-11 21:18:45
314	53.19	46.13	30.13	30.5	44.94	2014-06-11 21:19:44
315	53.19	46.13	30.06	30.5	44.94	2014-06-11 21:20:43
316	53.19	46.19	30	30.5	44.94	2014-06-11 21:21:43
317	53.25	46.19	30	30.5	44.94	2014-06-11 21:22:42
318	53.25	46.19	30	30.5	45	2014-06-11 21:23:41
319	53.31	46.19	30	30.5	45	2014-06-11 21:24:40
320	53.31	46.25	30	30.5	45	2014-06-11 21:25:40
321	53.31	46.25	29.94	30.56	45	2014-06-11 21:26:39
322	53.31	46.25	29.94	30.5	45.06	2014-06-11 21:27:38
323	53.31	46.25	29.94	30.5	45.06	2014-06-11 21:28:38
324	53.31	46.25	29.94	30.5	45.06	2014-06-11 21:29:37
325	53.31	46.25	29.94	30.5	45.06	2014-06-11 21:30:36
326	53.38	46.31	29.88	30.5	45.06	2014-06-11 21:31:36
327	53.38	46.31	29.94	30.5	45.13	2014-06-11 21:32:35
328	53.38	46.31	29.94	30.5	45.13	2014-06-11 21:33:34
329	53.38	46.38	29.94	30.5	45.13	2014-06-11 21:34:33
330	53.38	46.38	30	30.44	45.13	2014-06-11 21:35:33
331	53.38	46.38	30	30.44	45.19	2014-06-11 21:36:32
332	53.38	46.38	29.94	30.44	45.19	2014-06-11 21:37:31
333	53.38	46.38	29.81	30.44	45.19	2014-06-11 21:38:31
334	53.38	46.38	29.81	30.5	45.19	2014-06-11 21:39:30
335	53.44	46.44	29.88	30.5	45.19	2014-06-11 21:40:29
336	53.44	46.44	29.94	30.44	45.19	2014-06-11 21:41:28
337	53.44	46.44	29.94	30.44	45.19	2014-06-11 21:42:28
338	53.5	46.44	29.94	30.44	45.25	2014-06-11 21:43:27
339	53.5	46.44	29.94	30.44	45.25	2014-06-11 21:44:26
340	53.5	46.44	29.94	30.38	45.25	2014-06-11 21:45:26
341	53.5	46.5	29.94	30.38	45.31	2014-06-11 21:46:25
342	53.5	46.5	29.94	30.38	45.25	2014-06-11 21:47:24
343	53.5	46.5	29.94	30.31	45.31	2014-06-11 21:48:23
344	53.56	46.5	29.88	30.31	45.31	2014-06-11 21:49:23
345	53.5	46.5	29.94	30.38	45.31	2014-06-11 21:50:22
346	53.5	46.56	29.88	30.31	45.31	2014-06-11 21:51:21
347	53.5	46.56	29.94	30.31	45.31	2014-06-11 21:52:21
348	53.56	46.5	29.94	30.38	45.38	2014-06-11 21:53:20
349	53.56	46.56	29.81	30.44	45.38	2014-06-11 21:54:19
350	53.56	46.56	29.75	30.44	45.38	2014-06-11 21:55:18
351	53.56	46.56	29.69	30.38	45.38	2014-06-11 21:56:18
352	53.56	46.56	29.69	30.44	45.38	2014-06-11 21:57:17
353	53.63	46.56	29.69	30.44	45.44	2014-06-11 21:58:16
354	53.63	46.63	29.75	30.44	45.38	2014-06-11 21:59:16
355	53.63	46.63	29.75	30.38	45.44	2014-06-11 22:00:15
356	53.63	46.63	29.75	30.31	45.44	2014-06-11 22:01:14
357	53.63	46.63	29.81	30.25	45.44	2014-06-11 22:02:13
358	53.63	46.63	29.81	30.31	45.44	2014-06-11 22:03:13
359	53.63	46.63	29.81	30.38	45.44	2014-06-11 22:04:12
360	53.63	46.63	29.81	30.31	45.44	2014-06-11 22:05:11
361	53.63	46.69	29.81	30.38	45.5	2014-06-11 22:06:11
362	53.69	46.69	29.75	30.38	45.5	2014-06-11 22:07:10
363	53.69	46.69	29.69	30.38	45.5	2014-06-11 22:08:09
364	53.69	46.69	29.69	30.31	45.5	2014-06-11 22:09:09
365	53.69	46.75	29.75	30.31	45.5	2014-06-11 22:10:08
366	53.69	46.75	29.75	30.31	45.5	2014-06-11 22:11:07
367	53.69	46.69	29.75	30.25	45.5	2014-06-11 22:12:06
368	53.69	46.75	29.75	30.31	45.5	2014-06-11 22:13:06
369	53.69	46.75	29.75	30.25	45.56	2014-06-11 22:14:05
370	53.69	46.75	29.69	30.31	45.56	2014-06-11 22:15:04
371	53.69	46.75	29.69	30.31	45.56	2014-06-11 22:16:04
372	53.69	46.69	29.69	30.31	45.56	2014-06-11 22:17:03
373	53.75	46.75	29.69	30.25	45.56	2014-06-11 22:18:02
374	53.75	46.75	29.69	30.31	45.56	2014-06-11 22:19:01
375	53.75	46.75	29.75	30.25	45.56	2014-06-11 22:20:01
376	53.75	46.75	29.69	30.25	45.56	2014-06-11 22:21:00
377	53.75	46.75	29.75	30.31	45.56	2014-06-11 22:21:59
378	53.75	46.75	29.75	30.31	45.56	2014-06-11 22:22:59
379	53.75	46.81	29.69	30.31	45.56	2014-06-11 22:23:58
380	53.75	46.75	29.63	30.25	45.56	2014-06-11 22:24:57
381	53.69	46.75	29.5	30.19	45.56	2014-06-11 22:25:56
382	53.75	46.81	29.5	30.25	45.63	2014-06-11 22:26:56
383	53.75	46.75	29.5	30.25	45.63	2014-06-11 22:27:55
384	53.75	46.81	29.5	30.25	45.63	2014-06-11 22:28:54
385	53.75	46.81	29.56	30.19	45.63	2014-06-11 22:29:54
386	53.75	46.81	29.56	30.25	45.63	2014-06-11 22:30:53
387	53.75	46.81	29.56	30.25	45.63	2014-06-11 22:31:52
388	53.81	46.81	29.5	30.31	45.63	2014-06-11 22:32:51
389	53.81	46.75	29.5	30.25	45.63	2014-06-11 22:33:51
390	53.81	46.81	29.5	30.25	45.63	2014-06-11 22:34:50
391	53.75	46.81	29.44	30.19	45.63	2014-06-11 22:35:49
392	53.75	46.81	29.44	30.19	45.63	2014-06-11 22:36:49
393	53.81	46.88	29.38	30.19	45.63	2014-06-11 22:37:48
394	53.81	46.88	29.38	30.19	45.69	2014-06-11 22:38:47
395	53.81	46.88	29.44	30.19	45.63	2014-06-11 22:39:46
396	53.81	46.88	29.38	30.13	45.69	2014-06-11 22:40:46
397	53.81	46.88	29.38	30.19	45.69	2014-06-11 22:41:45
398	53.81	46.88	29.38	30.13	45.69	2014-06-11 22:42:44
399	53.81	46.88	29.38	30.06	45.69	2014-06-11 22:43:44
400	53.81	46.88	29.38	30.13	45.69	2014-06-11 22:44:43
401	53.88	46.88	29.38	30.19	45.69	2014-06-11 22:45:42
402	53.88	46.88	29.38	30.19	45.69	2014-06-11 22:46:42
403	53.88	46.88	29.38	30.19	45.69	2014-06-11 22:47:41
404	53.88	46.81	29.38	30.13	45.69	2014-06-11 22:48:40
405	53.88	46.88	29.38	30.19	45.69	2014-06-11 22:49:39
406	53.88	46.88	29.38	30.19	45.69	2014-06-11 22:50:39
407	53.81	46.88	29.38	30.13	45.69	2014-06-11 22:51:38
408	53.81	46.88	29.38	30.06	45.69	2014-06-11 22:52:37
409	53.81	46.88	29.38	30.19	45.69	2014-06-11 22:53:37
410	53.88	46.88	29.44	30.13	45.69	2014-06-11 22:54:36
411	53.88	46.88	29.38	30.13	45.69	2014-06-11 22:55:35
412	53.88	46.88	29.38	30.13	45.69	2014-06-11 22:56:34
413	53.88	46.94	29.25	30.06	45.69	2014-06-11 22:57:34
414	53.81	46.88	29.25	30	45.69	2014-06-11 22:58:33
415	53.81	46.94	29.31	30	45.69	2014-06-11 22:59:32
416	53.81	46.94	29.31	29.94	45.69	2014-06-11 23:00:32
417	53.81	46.94	29.25	29.94	45.75	2014-06-11 23:01:31
418	53.81	46.88	29.25	30	45.75	2014-06-11 23:02:30
419	53.88	46.88	29.25	30	45.75	2014-06-11 23:03:29
420	53.88	46.88	29.19	30	45.69	2014-06-11 23:04:29
421	53.88	46.88	29.25	30.06	45.75	2014-06-11 23:05:28
422	53.88	46.88	29.19	30	45.75	2014-06-11 23:06:27
423	53.88	46.88	29.19	29.94	45.75	2014-06-11 23:07:27
424	53.81	46.94	29.25	30	45.75	2014-06-11 23:08:26
425	53.81	46.88	29.25	30	45.69	2014-06-11 23:09:25
426	53.81	46.94	29.25	30	45.69	2014-06-11 23:10:24
427	53.81	46.94	29.19	29.94	45.69	2014-06-11 23:11:24
428	53.81	46.94	29.25	30	45.75	2014-06-11 23:12:23
429	53.88	46.94	29.25	30.06	45.75	2014-06-11 23:13:22
430	53.88	46.94	29.31	30.06	45.75	2014-06-11 23:14:22
431	53.81	46.94	29.25	30	45.75	2014-06-11 23:15:21
432	53.88	46.88	29.25	30	45.75	2014-06-11 23:16:20
433	53.88	46.94	29.25	30	45.75	2014-06-11 23:17:19
434	53.88	46.94	29.31	30	45.75	2014-06-11 23:18:19
435	53.88	46.88	29.31	30.06	45.75	2014-06-11 23:19:18
436	53.88	46.94	29.31	30.06	45.75	2014-06-11 23:20:17
437	53.88	46.94	29.31	30.06	45.75	2014-06-11 23:21:17
438	53.88	46.94	29.25	30.06	45.75	2014-06-11 23:22:16
439	53.88	46.94	29.25	30	45.75	2014-06-11 23:23:15
440	53.88	46.94	29.31	30.06	45.75	2014-06-11 23:24:15
441	53.88	46.94	29.31	30.06	45.75	2014-06-11 23:25:14
442	53.81	46.94	29.31	29.94	45.75	2014-06-11 23:26:13
443	53.88	46.94	29.19	30	45.75	2014-06-11 23:27:12
444	53.88	46.94	29.19	30	45.69	2014-06-11 23:28:12
445	53.88	46.94	29.25	30	45.69	2014-06-11 23:29:11
446	53.88	46.94	29.25	29.94	45.75	2014-06-11 23:30:10
447	53.88	46.94	29.25	30	45.75	2014-06-11 23:31:10
448	53.88	46.94	29.31	30	45.75	2014-06-11 23:32:09
449	53.88	46.88	29.25	29.94	45.75	2014-06-11 23:33:08
450	53.88	46.88	29.19	29.88	45.75	2014-06-11 23:34:07
451	53.88	46.88	29.19	29.88	45.69	2014-06-11 23:35:07
452	53.88	46.88	29.13	29.88	45.75	2014-06-11 23:36:06
453	53.88	46.94	29.13	29.94	45.75	2014-06-11 23:37:05
454	53.88	46.88	29.13	30	45.75	2014-06-11 23:38:05
455	53.88	46.88	29.19	30	45.75	2014-06-11 23:39:04
456	53.88	46.88	29.13	29.94	45.75	2014-06-11 23:40:03
457	53.94	46.88	29.13	29.94	45.75	2014-06-11 23:41:02
458	53.88	46.94	29.13	30	45.75	2014-06-11 23:42:02
459	53.88	46.94	29.13	30	45.75	2014-06-11 23:43:01
460	53.88	46.94	29.19	30.06	45.75	2014-06-11 23:44:00
461	53.94	46.94	29.13	29.94	45.75	2014-06-11 23:45:00
462	53.88	46.94	29.13	29.94	45.75	2014-06-11 23:45:59
463	53.88	46.94	29.13	29.88	45.75	2014-06-11 23:46:58
464	53.88	46.94	29.13	29.88	45.75	2014-06-11 23:47:57
465	53.88	46.88	29.06	29.88	45.75	2014-06-11 23:48:57
466	53.88	46.94	29.06	29.81	45.75	2014-06-11 23:49:56
467	53.88	46.94	29.06	29.81	45.75	2014-06-11 23:50:55
468	53.88	46.94	29.06	29.81	45.75	2014-06-11 23:51:55
469	53.88	46.88	29.06	29.81	45.75	2014-06-11 23:52:54
470	53.81	46.88	29.13	29.88	45.75	2014-06-11 23:53:53
471	53.88	46.88	29.13	29.88	45.75	2014-06-11 23:54:52
472	53.88	46.94	29.13	29.81	45.75	2014-06-11 23:55:52
473	53.94	46.94	29.06	29.81	45.75	2014-06-11 23:56:51
474	53.88	46.94	29.13	29.88	45.75	2014-06-11 23:57:50
475	53.88	46.94	29.19	29.94	45.75	2014-06-11 23:58:50
476	53.88	46.94	29.19	30	45.75	2014-06-11 23:59:49
477	53.88	46.94	29.19	30	45.75	2014-06-12 00:00:48
478	53.88	46.94	29.19	30	45.75	2014-06-12 00:01:47
479	53.88	46.94	29.19	30	45.75	2014-06-12 00:02:47
480	53.88	46.94	29.19	30	45.75	2014-06-12 00:03:46
481	53.88	46.94	29.19	30.06	45.75	2014-06-12 00:04:45
482	53.88	46.94	29.13	30	45.75	2014-06-12 00:05:45
483	53.88	46.94	29.19	30	45.75	2014-06-12 00:06:44
484	53.81	46.88	29.13	30	45.75	2014-06-12 00:07:43
485	53.88	46.88	29.13	30	45.75	2014-06-12 00:08:43
486	53.88	46.88	29.13	30	45.75	2014-06-12 00:09:42
487	53.88	46.88	29.06	29.94	45.75	2014-06-12 00:10:41
488	53.88	46.94	29.06	29.94	45.75	2014-06-12 00:11:40
489	53.88	46.94	29.13	29.94	45.75	2014-06-12 00:12:40
490	53.88	46.94	29.19	29.94	45.75	2014-06-12 00:13:39
491	53.88	46.94	29.13	30	45.75	2014-06-12 00:14:38
492	53.88	46.88	29.13	30	45.75	2014-06-12 00:15:38
493	53.88	46.88	29.13	30	45.75	2014-06-12 00:16:37
494	53.88	46.94	29.13	29.94	45.75	2014-06-12 00:17:36
495	53.94	46.94	29.06	29.94	45.75	2014-06-12 00:18:35
496	53.88	46.94	29.06	30	45.75	2014-06-12 00:19:35
497	53.88	46.94	29.06	29.94	45.75	2014-06-12 00:20:34
498	53.88	46.94	29.06	29.94	45.75	2014-06-12 00:21:33
499	53.94	46.94	29.06	29.94	45.75	2014-06-12 00:22:33
500	53.94	46.94	29.06	29.94	45.75	2014-06-12 00:23:32
501	53.94	46.88	29.06	29.88	45.75	2014-06-12 00:24:31
502	53.88	46.94	29.06	29.94	45.75	2014-06-12 00:25:30
503	53.88	46.88	29.13	30	45.75	2014-06-12 00:26:30
504	53.88	46.94	29.13	29.94	45.75	2014-06-12 00:27:29
505	53.88	46.94	29.13	29.94	45.75	2014-06-12 00:28:28
506	53.88	46.88	29.06	29.88	45.75	2014-06-12 00:29:28
507	53.88	46.88	29.06	29.94	45.75	2014-06-12 00:30:27
508	53.88	46.94	29.06	29.94	45.75	2014-06-12 00:31:26
509	53.88	46.94	29.06	29.88	45.75	2014-06-12 00:32:25
510	53.88	46.94	29	29.88	45.75	2014-06-12 00:33:25
511	53.81	46.94	29	29.88	45.75	2014-06-12 00:34:24
512	53.81	46.94	29	29.81	45.75	2014-06-12 00:35:23
513	53.88	46.94	29	29.81	45.75	2014-06-12 00:36:23
514	53.81	46.94	29	29.81	45.75	2014-06-12 00:37:22
515	53.88	46.94	28.94	29.81	45.75	2014-06-12 00:38:21
516	53.88	46.94	28.94	29.88	45.75	2014-06-12 00:39:20
517	53.88	46.94	28.94	29.81	45.75	2014-06-12 00:40:20
518	53.88	46.94	29	29.88	45.75	2014-06-12 00:41:19
519	53.88	46.94	29	29.88	45.75	2014-06-12 00:42:18
520	53.88	46.88	29	29.88	45.75	2014-06-12 00:43:18
521	53.88	46.88	29	29.81	45.75	2014-06-12 00:44:17
522	53.88	46.88	28.94	29.81	45.75	2014-06-12 00:45:16
523	53.88	46.88	29	29.88	45.75	2014-06-12 00:46:16
524	53.88	46.88	29	29.88	45.69	2014-06-12 00:47:15
525	53.88	46.88	29	29.88	45.75	2014-06-12 00:48:14
526	53.88	46.88	28.94	29.88	45.75	2014-06-12 00:49:13
527	53.88	46.88	29	29.81	45.75	2014-06-12 00:50:13
528	53.88	46.94	28.94	29.81	45.69	2014-06-12 00:51:12
529	53.88	46.88	29	29.81	45.69	2014-06-12 00:52:11
530	53.88	46.88	28.94	29.81	45.69	2014-06-12 00:53:11
531	53.88	46.88	28.94	29.81	45.69	2014-06-12 00:54:10
532	53.88	46.94	29	29.88	45.69	2014-06-12 00:55:09
533	53.88	46.94	29	29.88	45.75	2014-06-12 00:56:08
534	53.88	46.88	29	29.88	45.69	2014-06-12 00:57:08
535	53.88	46.88	29	29.88	45.75	2014-06-12 00:58:07
536	53.88	46.88	29	29.88	45.75	2014-06-12 00:59:06
537	53.88	46.88	29	29.94	45.75	2014-06-12 01:00:06
538	53.88	46.88	29	29.88	45.69	2014-06-12 01:01:05
539	53.88	46.88	29	29.88	45.69	2014-06-12 01:02:04
540	53.88	46.88	28.94	29.88	45.75	2014-06-12 01:03:03
541	53.88	46.88	28.94	29.81	45.75	2014-06-12 01:04:03
542	53.88	46.88	28.94	29.81	45.69	2014-06-12 01:05:02
543	53.88	46.88	28.94	29.81	45.69	2014-06-12 01:06:01
544	53.88	46.88	28.88	29.81	45.69	2014-06-12 01:07:01
545	53.88	46.88	28.88	29.75	45.75	2014-06-12 01:08:00
546	53.88	46.88	28.88	29.81	45.69	2014-06-12 01:08:59
547	53.88	46.88	28.94	29.81	45.75	2014-06-12 01:09:58
548	53.88	46.88	28.88	29.81	45.69	2014-06-12 01:10:58
549	53.88	46.88	28.94	29.81	45.69	2014-06-12 01:11:57
550	53.88	46.88	28.94	29.81	45.69	2014-06-12 01:12:56
551	53.88	46.88	28.94	29.81	45.69	2014-06-12 01:13:56
552	53.88	46.88	28.88	29.81	45.69	2014-06-12 01:14:55
553	53.88	46.88	28.94	29.81	45.69	2014-06-12 01:15:54
554	53.88	46.88	28.94	29.75	45.75	2014-06-12 01:16:53
555	53.88	46.88	28.94	29.81	45.69	2014-06-12 01:17:53
556	53.88	46.81	28.94	29.75	45.69	2014-06-12 01:18:52
557	53.81	46.88	28.88	29.75	45.69	2014-06-12 01:19:51
558	53.81	46.81	28.88	29.75	45.69	2014-06-12 01:20:51
559	53.81	46.88	28.88	29.69	45.69	2014-06-12 01:21:50
560	53.81	46.88	28.88	29.69	45.69	2014-06-12 01:22:49
561	53.81	46.88	28.81	29.63	45.69	2014-06-12 01:23:49
562	53.81	46.88	28.88	29.69	45.69	2014-06-12 01:24:48
563	53.81	46.88	28.81	29.69	45.69	2014-06-12 01:25:47
564	53.81	46.88	28.81	29.69	45.69	2014-06-12 01:26:46
565	53.81	46.88	28.88	29.69	45.69	2014-06-12 01:27:46
566	53.81	46.88	28.88	29.75	45.69	2014-06-12 01:28:45
567	53.81	46.88	28.88	29.75	45.69	2014-06-12 01:29:44
568	53.81	46.88	28.88	29.75	45.69	2014-06-12 01:30:44
569	53.81	46.88	28.88	29.75	45.69	2014-06-12 01:31:43
570	53.81	46.81	28.88	29.75	45.69	2014-06-12 01:32:42
571	53.81	46.88	28.88	29.75	45.69	2014-06-12 01:33:41
572	53.81	46.88	28.94	29.75	45.69	2014-06-12 01:34:41
573	53.81	46.81	28.88	29.75	45.69	2014-06-12 01:35:40
574	53.81	46.88	28.88	29.75	45.69	2014-06-12 01:36:39
575	53.81	46.81	28.88	29.75	45.69	2014-06-12 01:37:39
576	53.81	46.88	28.88	29.75	45.69	2014-06-12 01:38:38
577	53.81	46.88	28.81	29.75	45.69	2014-06-12 01:39:37
578	53.81	46.81	28.81	29.69	45.69	2014-06-12 01:40:36
579	53.81	46.88	28.81	29.69	45.69	2014-06-12 01:41:36
580	53.81	46.88	28.81	29.69	45.69	2014-06-12 01:42:35
581	53.81	46.88	28.81	29.69	45.69	2014-06-12 01:43:34
582	53.81	46.88	28.75	29.69	45.69	2014-06-12 01:44:34
583	53.75	46.81	28.81	29.69	45.69	2014-06-12 01:45:33
584	53.75	46.81	28.81	29.69	45.63	2014-06-12 01:46:32
585	53.75	46.81	28.81	29.69	45.69	2014-06-12 01:47:31
586	53.81	46.81	28.75	29.69	45.63	2014-06-12 01:48:31
587	53.81	46.81	28.75	29.69	45.63	2014-06-12 01:49:30
588	53.81	46.81	28.75	29.69	45.63	2014-06-12 01:50:29
589	53.81	46.81	28.81	29.69	45.63	2014-06-12 01:51:29
590	53.88	46.81	28.75	29.69	45.69	2014-06-12 01:52:28
591	53.81	46.81	28.75	29.69	45.63	2014-06-12 01:53:27
592	53.81	46.81	28.75	29.63	45.63	2014-06-12 01:54:26
593	53.75	46.81	28.75	29.63	45.63	2014-06-12 01:55:26
594	53.75	46.81	28.75	29.69	45.63	2014-06-12 01:56:25
595	53.75	46.81	28.75	29.63	45.63	2014-06-12 01:57:24
596	53.75	46.81	28.75	29.63	45.63	2014-06-12 01:58:24
597	53.75	46.81	28.75	29.63	45.63	2014-06-12 01:59:23
598	53.75	46.81	28.75	29.63	45.63	2014-06-12 02:00:22
599	53.81	46.81	28.69	29.63	45.63	2014-06-12 02:01:21
600	53.81	46.81	28.69	29.63	45.63	2014-06-12 02:02:21
601	53.81	46.81	28.69	29.56	45.63	2014-06-12 02:03:20
602	53.81	46.81	28.69	29.63	45.63	2014-06-12 02:04:19
603	53.81	46.81	28.69	29.63	45.63	2014-06-12 02:05:19
604	53.81	46.81	28.75	29.63	45.63	2014-06-12 02:06:18
605	53.81	46.81	28.69	29.56	45.63	2014-06-12 02:07:17
606	53.75	46.75	28.69	29.56	45.63	2014-06-12 02:08:17
607	53.75	46.81	28.69	29.56	45.63	2014-06-12 02:09:16
608	53.75	46.81	28.69	29.5	45.63	2014-06-12 02:10:15
609	53.75	46.81	28.63	29.5	45.63	2014-06-12 02:11:14
610	53.75	46.81	28.69	29.44	45.63	2014-06-12 02:12:14
611	53.75	46.81	28.69	29.44	45.63	2014-06-12 02:13:13
612	53.75	46.81	28.63	29.38	45.56	2014-06-12 02:14:12
613	53.75	46.81	28.63	29.38	45.63	2014-06-12 02:15:12
614	53.75	46.81	28.63	29.44	45.63	2014-06-12 02:16:11
615	53.81	46.75	28.63	29.44	45.63	2014-06-12 02:17:10
616	53.75	46.75	28.63	29.44	45.63	2014-06-12 02:18:09
617	53.81	46.75	28.69	29.5	45.63	2014-06-12 02:19:09
618	53.81	46.75	28.75	29.56	45.63	2014-06-12 02:20:08
619	53.81	46.81	28.69	29.56	45.63	2014-06-12 02:21:07
620	53.81	46.75	28.69	29.56	45.63	2014-06-12 02:22:07
621	53.75	46.75	28.69	29.56	45.56	2014-06-12 02:23:06
622	53.81	46.75	28.69	29.56	45.56	2014-06-12 02:24:05
623	53.81	46.75	28.69	29.63	45.63	2014-06-12 02:25:04
624	53.81	46.75	28.69	29.63	45.56	2014-06-12 02:26:04
625	53.75	46.75	28.69	29.63	45.63	2014-06-12 02:27:03
626	53.75	46.75	28.69	29.56	45.56	2014-06-12 02:28:02
627	53.75	46.75	28.69	29.56	45.56	2014-06-12 02:29:02
628	53.75	46.69	28.75	29.56	45.63	2014-06-12 02:30:01
629	53.75	46.75	28.69	29.56	45.56	2014-06-12 02:31:00
630	53.75	46.75	28.69	29.56	45.56	2014-06-12 02:32:00
631	53.75	46.75	28.69	29.56	45.56	2014-06-12 02:32:59
632	53.75	46.75	28.69	29.56	45.56	2014-06-12 02:33:58
633	53.75	46.75	28.63	29.56	45.56	2014-06-12 02:34:57
634	53.75	46.75	28.63	29.56	45.56	2014-06-12 02:35:57
635	53.75	46.75	28.63	29.5	45.56	2014-06-12 02:36:56
636	53.75	46.75	28.63	29.56	45.56	2014-06-12 02:37:55
637	53.75	46.75	28.63	29.56	45.56	2014-06-12 02:38:55
638	53.75	46.75	28.63	29.56	45.56	2014-06-12 02:39:54
639	53.75	46.81	28.63	29.5	45.56	2014-06-12 02:40:53
640	53.75	46.75	28.63	29.5	45.56	2014-06-12 02:41:52
641	53.75	46.75	28.63	29.5	45.56	2014-06-12 02:42:52
642	53.75	46.75	28.63	29.5	45.56	2014-06-12 02:43:51
643	53.75	46.75	28.63	29.56	45.56	2014-06-12 02:44:50
644	53.75	46.75	28.63	29.5	45.56	2014-06-12 02:45:50
645	53.75	46.75	28.63	29.5	45.56	2014-06-12 02:46:49
646	53.69	46.69	28.63	29.5	45.56	2014-06-12 02:47:48
647	53.69	46.69	28.63	29.5	45.56	2014-06-12 02:48:47
648	53.75	46.69	28.63	29.5	45.56	2014-06-12 02:49:47
649	53.69	46.75	28.63	29.5	45.56	2014-06-12 02:50:46
650	53.69	46.75	28.63	29.44	45.56	2014-06-12 02:51:45
651	53.69	46.75	28.63	29.5	45.5	2014-06-12 02:52:45
652	53.69	46.75	28.63	29.5	45.56	2014-06-12 02:53:44
653	53.75	46.75	28.63	29.5	45.56	2014-06-12 02:54:43
654	53.75	46.75	28.63	29.5	45.56	2014-06-12 02:55:42
655	53.75	46.69	28.63	29.5	45.5	2014-06-12 02:56:42
656	53.75	46.69	28.63	29.5	45.56	2014-06-12 02:57:41
657	53.75	46.75	28.63	29.5	45.56	2014-06-12 02:58:40
658	53.75	46.69	28.63	29.5	45.56	2014-06-12 02:59:40
659	53.75	46.75	28.63	29.5	45.56	2014-06-12 03:00:39
660	53.75	46.75	28.63	29.5	45.56	2014-06-12 03:01:38
661	53.75	46.75	28.63	29.5	45.56	2014-06-12 03:02:37
662	53.75	46.69	28.63	29.5	45.56	2014-06-12 03:03:37
663	53.69	46.75	28.63	29.5	45.56	2014-06-12 03:04:36
664	53.69	46.69	28.63	29.5	45.56	2014-06-12 03:05:35
665	53.69	46.69	28.63	29.5	45.5	2014-06-12 03:06:35
666	53.69	46.69	28.63	29.5	45.5	2014-06-12 03:07:34
667	53.75	46.69	28.63	29.56	45.5	2014-06-12 03:08:33
668	53.75	46.69	28.63	29.56	45.5	2014-06-12 03:09:32
669	53.69	46.69	28.63	29.56	45.5	2014-06-12 03:10:32
670	53.69	46.69	28.63	29.56	45.5	2014-06-12 03:11:31
671	53.69	46.69	28.63	29.56	45.5	2014-06-12 03:12:30
672	53.69	46.69	28.63	29.5	45.5	2014-06-12 03:13:30
673	53.69	46.69	28.63	29.5	45.5	2014-06-12 03:14:29
674	53.69	46.69	28.63	29.5	45.5	2014-06-12 03:15:28
675	53.69	46.69	28.56	29.5	45.5	2014-06-12 03:16:28
676	53.69	46.69	28.63	29.5	45.5	2014-06-12 03:17:27
677	53.69	46.69	28.63	29.5	45.5	2014-06-12 03:18:26
678	53.69	46.69	28.63	29.5	45.5	2014-06-12 03:19:25
679	53.69	46.69	28.56	29.5	45.5	2014-06-12 03:20:25
680	53.69	46.63	28.56	29.44	45.5	2014-06-12 03:21:24
681	53.69	46.69	28.56	29.44	45.5	2014-06-12 03:22:23
682	53.69	46.69	28.56	29.5	45.5	2014-06-12 03:23:23
683	53.69	46.69	28.56	29.44	45.5	2014-06-12 03:24:22
684	53.69	46.69	28.5	29.44	45.5	2014-06-12 03:25:21
685	53.69	46.69	28.5	29.44	45.5	2014-06-12 03:26:20
686	53.69	46.69	28.56	29.44	45.5	2014-06-12 03:27:20
687	53.69	46.69	28.5	29.44	45.5	2014-06-12 03:28:19
688	53.69	46.69	28.56	29.44	45.5	2014-06-12 03:29:18
689	53.69	46.69	28.5	29.44	45.5	2014-06-12 03:30:18
690	53.69	46.63	28.5	29.44	45.5	2014-06-12 03:31:17
691	53.69	46.63	28.5	29.44	45.5	2014-06-12 03:32:16
692	53.69	46.63	28.5	29.44	45.5	2014-06-12 03:33:15
693	53.69	46.63	28.5	29.44	45.5	2014-06-12 03:34:15
694	53.69	46.69	28.5	29.44	45.44	2014-06-12 03:35:14
695	53.69	46.69	28.5	29.44	45.5	2014-06-12 03:36:13
696	53.69	46.63	28.5	29.44	45.5	2014-06-12 03:37:13
697	53.63	46.63	28.5	29.38	45.5	2014-06-12 03:38:12
698	53.69	46.63	28.5	29.38	45.44	2014-06-12 03:39:11
699	53.63	46.63	28.5	29.38	45.44	2014-06-12 03:40:10
700	53.69	46.63	28.5	29.38	45.5	2014-06-12 03:41:10
701	53.63	46.63	28.44	29.44	45.44	2014-06-12 03:42:09
702	53.63	46.63	28.5	29.38	45.44	2014-06-12 03:43:08
703	53.63	46.69	28.5	29.44	45.44	2014-06-12 03:44:08
704	53.69	46.63	28.5	29.44	45.44	2014-06-12 03:45:07
705	53.63	46.63	28.5	29.38	45.5	2014-06-12 03:46:06
706	53.63	46.63	28.5	29.38	45.44	2014-06-12 03:47:05
707	53.63	46.63	28.44	29.38	45.44	2014-06-12 03:48:05
708	53.63	46.63	28.5	29.44	45.44	2014-06-12 03:49:04
709	53.63	46.63	28.44	29.38	45.44	2014-06-12 03:50:03
710	53.63	46.63	28.5	29.38	45.44	2014-06-12 03:51:03
711	53.63	46.63	28.5	29.38	45.44	2014-06-12 03:52:02
712	53.63	46.63	28.5	29.38	45.44	2014-06-12 03:53:01
713	53.63	46.63	28.5	29.38	45.44	2014-06-12 03:54:00
714	53.63	46.63	28.5	29.44	45.44	2014-06-12 03:55:00
715	53.63	46.63	28.56	29.44	45.44	2014-06-12 03:55:59
716	53.63	46.63	28.56	29.44	45.44	2014-06-12 03:56:58
717	53.56	46.63	28.5	29.38	45.44	2014-06-12 03:57:58
718	53.56	46.56	28.5	29.44	45.44	2014-06-12 03:58:57
719	53.56	46.63	28.5	29.44	45.44	2014-06-12 03:59:56
720	53.63	46.63	28.56	29.44	45.44	2014-06-12 04:00:56
721	53.63	46.63	28.5	29.44	45.44	2014-06-12 04:01:55
722	53.63	46.63	28.5	29.38	45.44	2014-06-12 04:02:54
723	53.63	46.63	28.5	29.38	45.44	2014-06-12 04:03:53
724	53.63	46.63	28.44	29.44	45.44	2014-06-12 04:04:53
725	53.63	46.56	28.44	29.38	45.38	2014-06-12 04:05:52
726	53.63	46.56	28.44	29.38	45.44	2014-06-12 04:06:51
727	53.63	46.63	28.44	29.38	45.44	2014-06-12 04:07:51
728	53.63	46.63	28.44	29.38	45.44	2014-06-12 04:08:50
729	53.63	46.63	28.5	29.38	45.44	2014-06-12 04:09:49
730	53.63	46.56	28.44	29.38	45.44	2014-06-12 04:10:48
731	53.63	46.56	28.44	29.31	45.44	2014-06-12 04:11:48
732	53.69	46.63	28.44	29.38	45.44	2014-06-12 04:12:47
733	53.63	46.63	28.44	29.31	45.44	2014-06-12 04:13:46
734	53.63	46.56	28.44	29.38	45.38	2014-06-12 04:14:46
735	53.56	46.56	28.44	29.38	45.38	2014-06-12 04:15:45
736	53.63	46.56	28.44	29.31	45.38	2014-06-12 04:16:44
737	53.63	46.56	28.44	29.31	45.38	2014-06-12 04:17:43
738	53.63	46.56	28.44	29.31	45.38	2014-06-12 04:18:43
739	53.63	46.56	28.44	29.31	45.44	2014-06-12 04:19:42
740	53.56	46.56	28.44	29.31	45.38	2014-06-12 04:20:41
741	53.63	46.56	28.44	29.31	45.38	2014-06-12 04:21:41
742	53.63	46.56	28.44	29.31	45.38	2014-06-12 04:22:40
743	53.63	46.56	28.44	29.31	45.38	2014-06-12 04:23:39
744	53.63	46.56	28.44	29.31	45.38	2014-06-12 04:24:38
745	53.63	46.56	28.44	29.31	45.38	2014-06-12 04:25:38
746	53.63	46.56	28.44	29.31	45.38	2014-06-12 04:26:37
747	53.56	46.56	28.44	29.31	45.38	2014-06-12 04:27:36
748	53.56	46.56	28.44	29.31	45.38	2014-06-12 04:28:36
749	53.56	46.56	28.38	29.31	45.38	2014-06-12 04:29:35
750	53.56	46.56	28.38	29.31	45.38	2014-06-12 04:30:34
751	53.56	46.56	28.38	29.31	45.38	2014-06-12 04:31:33
752	53.63	46.56	28.44	29.31	45.38	2014-06-12 04:32:33
753	53.63	46.56	28.38	29.31	45.38	2014-06-12 04:33:32
754	53.56	46.56	28.38	29.25	45.38	2014-06-12 04:34:31
755	53.56	46.56	28.38	29.31	45.38	2014-06-12 04:35:31
756	53.56	46.56	28.44	29.31	45.38	2014-06-12 04:36:30
757	53.56	46.5	28.44	29.31	45.38	2014-06-12 04:37:29
758	53.56	46.5	28.44	29.31	45.38	2014-06-12 04:38:29
759	53.56	46.5	28.44	29.31	45.31	2014-06-12 04:39:28
760	53.63	46.5	28.44	29.31	45.38	2014-06-12 04:40:27
761	53.63	46.5	28.44	29.31	45.31	2014-06-12 04:41:26
762	53.63	46.5	28.44	29.25	45.38	2014-06-12 04:42:26
763	53.56	46.5	28.44	29.31	45.38	2014-06-12 04:43:25
764	53.56	46.5	28.44	29.31	45.38	2014-06-12 04:44:24
765	53.56	46.5	28.44	29.38	45.31	2014-06-12 04:45:24
766	53.56	46.5	28.44	29.38	45.31	2014-06-12 04:46:23
767	53.56	46.5	28.5	29.38	45.38	2014-06-12 04:47:22
768	53.56	46.5	28.44	29.31	45.31	2014-06-12 04:48:21
769	53.56	46.5	28.44	29.38	45.38	2014-06-12 04:49:21
770	53.56	46.5	28.44	29.31	45.38	2014-06-12 04:50:20
771	53.56	46.5	28.44	29.31	45.38	2014-06-12 04:51:19
772	53.56	46.5	28.44	29.31	45.38	2014-06-12 04:52:19
773	53.56	46.5	28.44	29.31	45.31	2014-06-12 04:53:18
774	53.56	46.56	28.44	29.31	45.31	2014-06-12 04:54:17
775	53.56	46.5	28.38	29.31	45.31	2014-06-12 04:55:16
776	53.56	46.5	28.38	29.31	45.31	2014-06-12 04:56:16
777	53.56	46.5	28.38	29.31	45.38	2014-06-12 04:57:15
778	53.56	46.5	28.38	29.31	45.31	2014-06-12 04:58:14
779	53.56	46.5	28.38	29.25	45.31	2014-06-12 04:59:14
780	53.56	46.5	28.38	29.25	45.38	2014-06-12 05:00:13
781	53.56	46.5	28.38	29.25	45.31	2014-06-12 05:01:12
782	53.56	46.5	28.31	29.25	45.31	2014-06-12 05:02:11
783	53.56	46.56	28.38	29.25	45.31	2014-06-12 05:03:11
784	53.56	46.5	28.38	29.25	45.31	2014-06-12 05:04:10
785	53.56	46.5	28.38	29.25	45.31	2014-06-12 05:05:09
786	53.56	46.56	28.38	29.25	45.31	2014-06-12 05:06:09
787	53.56	46.5	28.38	29.25	45.31	2014-06-12 05:07:08
788	53.56	46.5	28.38	29.25	45.31	2014-06-12 05:08:07
789	53.56	46.5	28.38	29.25	45.31	2014-06-12 05:09:07
790	53.56	46.5	28.38	29.25	45.31	2014-06-12 05:10:06
791	53.56	46.5	28.31	29.25	45.31	2014-06-12 05:11:05
792	53.56	46.5	28.38	29.25	45.31	2014-06-12 05:12:04
793	53.63	46.5	28.38	29.25	45.31	2014-06-12 05:13:04
794	53.56	46.5	28.31	29.25	45.31	2014-06-12 05:14:03
795	53.56	46.5	28.31	29.25	45.31	2014-06-12 05:15:02
796	53.56	46.5	28.31	29.25	45.31	2014-06-12 05:16:02
797	53.56	46.5	28.31	29.25	45.31	2014-06-12 05:17:01
798	53.5	46.5	28.31	29.25	45.31	2014-06-12 05:18:00
799	53.5	46.5	28.31	29.19	45.31	2014-06-12 05:18:59
800	53.5	46.5	28.31	29.25	45.31	2014-06-12 05:19:59
801	53.5	46.5	28.31	29.19	45.31	2014-06-12 05:20:58
802	53.5	46.5	28.31	29.19	45.31	2014-06-12 05:21:57
803	53.5	46.5	28.31	29.25	45.31	2014-06-12 05:22:57
804	53.5	46.5	28.31	29.19	45.31	2014-06-12 05:23:56
805	53.5	46.5	28.31	29.19	45.31	2014-06-12 05:24:55
806	53.5	46.5	28.31	29.25	45.31	2014-06-12 05:25:54
807	53.5	46.5	28.31	29.19	45.31	2014-06-12 05:26:54
808	53.5	46.44	28.31	29.19	45.31	2014-06-12 05:27:53
809	53.5	46.44	28.31	29.25	45.31	2014-06-12 05:28:52
810	53.44	46.5	28.31	29.25	45.25	2014-06-12 05:29:52
811	53.44	46.5	28.38	29.25	45.31	2014-06-12 05:30:51
812	53.44	46.5	28.31	29.19	45.25	2014-06-12 05:31:50
813	53.44	46.44	28.31	29.25	45.25	2014-06-12 05:32:49
814	53.5	46.44	28.31	29.19	45.31	2014-06-12 05:33:49
815	53.5	46.44	28.31	29.25	45.25	2014-06-12 05:34:48
816	53.5	46.44	28.38	29.25	45.25	2014-06-12 05:35:47
817	53.44	46.44	28.38	29.25	45.25	2014-06-12 05:36:47
818	53.44	46.44	28.38	29.25	45.25	2014-06-12 05:37:46
819	53.5	46.44	28.38	29.25	45.31	2014-06-12 05:38:45
820	53.44	46.44	28.38	29.25	45.25	2014-06-12 05:39:44
821	53.44	46.44	28.38	29.25	45.25	2014-06-12 05:40:44
822	53.5	46.44	28.38	29.19	45.25	2014-06-12 05:41:43
823	53.44	46.44	28.38	29.25	45.25	2014-06-12 05:42:42
824	53.44	46.44	28.38	29.25	45.25	2014-06-12 05:43:42
825	53.44	46.44	28.38	29.25	45.25	2014-06-12 05:44:41
826	53.44	46.44	28.31	29.25	45.25	2014-06-12 05:45:40
827	53.5	46.44	28.38	29.25	45.25	2014-06-12 05:46:39
828	53.44	46.44	28.31	29.25	45.25	2014-06-12 05:47:39
829	53.44	46.44	28.31	29.25	45.25	2014-06-12 05:48:38
830	53.5	46.5	28.31	29.19	45.25	2014-06-12 05:49:37
831	53.5	46.44	28.31	29.19	45.25	2014-06-12 05:50:37
832	53.44	46.44	28.31	29.19	45.25	2014-06-12 05:51:36
833	53.44	46.44	28.31	29.19	45.25	2014-06-12 05:52:35
834	53.44	46.44	28.25	29.19	45.25	2014-06-12 05:53:35
835	53.44	46.44	28.31	29.19	45.25	2014-06-12 05:54:34
836	53.44	46.44	28.25	29.19	45.25	2014-06-12 05:55:33
837	53.44	46.44	28.25	29.19	45.25	2014-06-12 05:56:32
838	53.44	46.44	28.25	29.19	45.25	2014-06-12 05:57:32
839	53.44	46.44	28.31	29.19	45.25	2014-06-12 05:58:31
840	53.44	46.44	28.25	29.19	45.25	2014-06-12 05:59:30
841	53.5	46.38	28.25	29.19	45.25	2014-06-12 06:00:30
842	53.5	46.44	28.25	29.13	45.25	2014-06-12 06:01:29
843	53.5	46.44	28.25	29.13	45.25	2014-06-12 06:02:28
844	53.5	46.44	28.25	29.13	45.19	2014-06-12 06:03:27
845	53.5	46.44	28.25	29.13	45.25	2014-06-12 06:04:27
846	53.5	46.38	28.25	29.13	45.25	2014-06-12 06:05:26
847	53.5	46.38	28.25	29.13	45.25	2014-06-12 06:06:25
848	53.5	46.38	28.25	29.13	45.25	2014-06-12 06:07:25
849	53.44	46.44	28.25	29.13	45.19	2014-06-12 06:08:24
850	53.5	46.44	28.25	29.13	45.25	2014-06-12 06:09:23
851	53.5	46.38	28.25	29.13	45.25	2014-06-12 06:10:22
852	53.5	46.38	28.25	29.13	45.25	2014-06-12 06:11:22
853	53.5	46.38	28.25	29.13	45.25	2014-06-12 06:12:21
854	53.5	46.38	28.25	29.13	45.25	2014-06-12 06:13:20
855	53.44	46.38	28.31	29.19	45.25	2014-06-12 06:14:20
856	53.44	46.38	28.31	29.19	45.25	2014-06-12 06:15:19
857	53.5	46.44	28.31	29.19	45.19	2014-06-12 06:16:18
858	53.44	46.38	28.31	29.25	45.19	2014-06-12 06:17:17
859	53.44	46.38	28.31	29.19	45.25	2014-06-12 06:18:17
860	53.44	46.44	28.31	29.19	45.19	2014-06-12 06:19:16
861	53.44	46.44	28.31	29.19	45.19	2014-06-12 06:20:15
862	53.5	46.44	28.31	29.19	45.19	2014-06-12 06:21:15
863	53.5	46.38	28.31	29.19	45.19	2014-06-12 06:22:14
864	53.5	46.38	28.31	29.19	45.19	2014-06-12 06:23:13
865	53.5	46.38	28.31	29.19	45.19	2014-06-12 06:24:12
866	53.5	46.38	28.31	29.19	45.19	2014-06-12 06:25:12
867	53.44	46.38	28.31	29.19	45.19	2014-06-12 06:26:11
868	53.44	46.38	28.31	29.25	45.19	2014-06-12 06:27:10
869	53.44	46.38	28.31	29.19	45.19	2014-06-12 06:28:10
870	53.44	46.38	28.31	29.19	45.19	2014-06-12 06:29:09
871	53.44	46.38	28.31	29.19	45.19	2014-06-12 06:30:08
872	53.44	46.38	28.25	29.19	45.19	2014-06-12 06:31:07
873	53.44	46.44	28.25	29.19	45.19	2014-06-12 06:32:07
874	53.44	46.38	28.25	29.13	45.19	2014-06-12 06:33:06
875	53.44	46.44	28.25	29.13	45.19	2014-06-12 06:34:05
876	53.38	46.38	28.25	29.13	45.19	2014-06-12 06:35:05
877	53.38	46.38	28.25	29.13	45.19	2014-06-12 06:36:04
878	53.38	46.38	28.25	29.13	45.19	2014-06-12 06:37:03
879	53.38	46.38	28.25	29.13	45.19	2014-06-12 06:38:03
880	53.38	46.38	28.25	29.13	45.19	2014-06-12 06:39:02
881	53.38	46.38	28.19	29.13	45.19	2014-06-12 06:40:01
882	53.44	46.44	28.19	29.06	45.19	2014-06-12 06:41:00
883	53.44	46.44	28.19	29.13	45.19	2014-06-12 06:42:00
884	53.44	46.38	28.19	29.06	45.19	2014-06-12 06:42:59
885	53.44	46.38	28.19	29.06	45.19	2014-06-12 06:43:58
886	53.44	46.38	28.19	29.06	45.19	2014-06-12 06:44:58
887	53.44	46.38	28.19	29.06	45.19	2014-06-12 06:45:57
888	53.44	46.38	28.19	29.06	45.19	2014-06-12 06:46:56
889	53.44	46.38	28.19	29.06	45.19	2014-06-12 06:47:55
890	53.44	46.38	28.19	29.06	45.19	2014-06-12 06:48:55
891	53.44	46.38	28.19	29.06	45.19	2014-06-12 06:49:54
892	53.44	46.38	28.19	29.06	45.19	2014-06-12 06:50:53
893	53.44	46.38	28.19	29.06	45.19	2014-06-12 06:51:53
894	53.44	46.38	28.19	29.06	45.19	2014-06-12 06:52:52
895	53.44	46.44	28.13	29.06	45.19	2014-06-12 06:53:51
896	53.44	46.38	28.13	29.06	45.13	2014-06-12 06:54:50
897	53.44	46.38	28.19	29.06	45.19	2014-06-12 06:55:50
898	53.44	46.38	28.13	29	45.19	2014-06-12 06:56:49
899	53.44	46.38	28.19	29.06	45.19	2014-06-12 06:57:48
900	53.69	46.69	29.5	30.19	45.5	2014-06-12 13:02:51
901	53.69	46.69	29.5	30.19	45.5	2014-06-12 13:03:50
902	53.69	46.69	29.5	30.19	45.5	2014-06-12 13:04:49
903	53.69	46.69	29.5	30.25	45.5	2014-06-12 13:05:49
904	53.69	46.69	29.5	30.19	45.56	2014-06-12 13:06:48
905	53.69	46.69	29.56	30.19	45.56	2014-06-12 13:07:47
906	53.69	46.75	29.5	30.25	45.5	2014-06-12 13:08:47
907	53.75	46.75	29.5	30.25	45.56	2014-06-12 13:09:46
908	53.75	46.75	29.56	30.25	45.56	2014-06-12 13:10:45
909	53.69	46.75	29.56	30.25	45.56	2014-06-12 13:11:44
910	53.75	46.75	29.56	30.31	45.56	2014-06-12 13:12:44
911	53.75	46.75	29.63	30.31	45.56	2014-06-12 13:13:43
912	53.75	46.75	29.69	30.38	45.56	2014-06-12 13:14:42
913	53.75	46.81	29.69	30.38	45.56	2014-06-12 13:15:42
914	53.75	46.75	29.69	30.31	45.56	2014-06-12 13:16:41
915	53.75	46.75	29.75	30.38	45.63	2014-06-12 13:17:40
916	53.75	46.75	29.69	30.38	45.56	2014-06-12 13:18:39
917	53.75	46.81	29.69	30.38	45.56	2014-06-12 13:19:39
918	53.75	46.81	29.81	30.44	45.63	2014-06-12 13:20:38
919	53.75	46.81	29.88	30.44	45.63	2014-06-12 13:21:37
920	53.75	46.81	29.81	30.44	45.63	2014-06-12 13:22:37
921	53.75	46.81	29.81	30.44	45.63	2014-06-12 13:23:36
922	53.75	46.81	29.81	30.44	45.63	2014-06-12 13:24:35
923	53.75	46.81	29.81	30.44	45.63	2014-06-12 13:25:34
924	53.75	46.81	29.88	30.5	45.63	2014-06-12 13:27:18
925	53.75	46.88	29.88	30.5	45.63	2014-06-12 13:28:17
926	53.81	46.81	29.94	30.5	45.69	2014-06-12 13:29:16
927	53.81	46.81	30	30.56	45.69	2014-06-12 13:30:09
928	53.81	46.88	29.94	30.56	45.69	2014-06-12 13:31:09
929	53.81	46.88	29.88	30.63	45.69	2014-06-12 13:32:08
930	53.81	46.94	30.06	30.69	45.69	2014-06-12 13:33:07
931	53.75	46.94	30.13	30.75	45.75	2014-06-12 13:34:07
932	53.81	46.94	30.19	30.75	45.75	2014-06-12 13:35:06
933	53.81	47	30.25	30.81	45.75	2014-06-12 13:36:05
934	53.81	46.94	30.25	30.81	45.75	2014-06-12 13:37:04
935	53.81	46.94	30.25	30.81	45.75	2014-06-12 13:38:04
936	53.81	47	30.25	30.81	45.75	2014-06-12 13:39:03
937	53.88	47	30.25	30.88	45.81	2014-06-12 13:40:02
938	53.94	47	30.25	30.94	45.75	2014-06-12 13:41:02
939	53.94	47	30.31	31	45.81	2014-06-12 13:42:01
940	53.94	47	30.38	31.06	45.81	2014-06-12 13:43:00
941	53.94	47	30.44	31.06	45.81	2014-06-12 13:43:59
942	53.94	47.06	30.38	31.13	45.81	2014-06-12 13:44:59
943	53.94	47.06	30.44	31.13	45.81	2014-06-12 13:45:58
944	53.94	47.06	30.44	31.19	45.81	2014-06-12 13:46:57
945	53.94	47.06	30.44	31.19	45.81	2014-06-12 13:47:57
946	53.94	47.06	30.5	31.13	45.88	2014-06-12 13:48:56
947	53.94	47.06	30.56	31.19	45.88	2014-06-12 13:49:55
948	53.94	47.13	30.56	31.19	45.88	2014-06-12 13:50:54
949	53.94	47.13	30.5	31.19	45.88	2014-06-12 13:51:54
950	53.94	47.13	30.56	31.19	45.88	2014-06-12 13:52:53
951	53.94	47.13	30.56	31.19	45.88	2014-06-12 13:53:52
952	54	47.13	30.5	31.19	45.94	2014-06-12 13:54:52
953	54	47.13	30.56	31.25	45.94	2014-06-12 13:55:51
954	54	47.19	30.5	31.25	45.94	2014-06-12 13:56:50
955	54	47.19	30.56	31.25	45.94	2014-06-12 13:57:49
956	54.06	47.19	30.5	31.25	46	2014-06-12 13:58:49
957	54.06	47.19	30.56	31.25	46	2014-06-12 13:59:48
958	54.13	47.19	30.5	31.25	46	2014-06-12 14:00:47
959	54.13	47.19	30.5	31.25	46	2014-06-12 14:01:47
960	54.13	47.25	30.56	31.25	46	2014-06-12 14:02:46
961	54.13	47.25	30.63	31.31	46	2014-06-12 14:03:45
962	54.13	47.25	30.63	31.31	46.06	2014-06-12 14:04:44
963	54.13	47.25	30.63	31.38	46.06	2014-06-12 14:05:44
964	54.13	47.25	30.69	31.44	46	2014-06-12 14:06:43
965	54.13	47.25	30.81	31.5	46.06	2014-06-12 14:07:42
966	54.13	47.31	30.81	31.5	46.06	2014-06-12 14:08:42
967	54.13	47.31	30.88	31.5	46.06	2014-06-12 14:09:41
968	54.13	47.31	30.88	31.5	46.06	2014-06-12 14:10:40
969	54.13	47.31	30.88	31.5	46.13	2014-06-12 14:11:39
970	54.19	47.31	30.94	31.63	46.13	2014-06-12 14:12:39
971	54.19	47.31	31	31.69	46.13	2014-06-12 14:13:38
972	54.19	47.38	31.06	31.69	46.13	2014-06-12 14:14:37
973	54.19	47.38	31.13	31.75	46.13	2014-06-12 14:15:37
974	54.25	47.38	31.13	31.81	46.19	2014-06-12 14:16:36
975	54.25	47.38	31.13	31.81	46.19	2014-06-12 14:17:35
976	54.25	47.44	31.06	31.81	46.19	2014-06-12 14:18:34
977	54.25	47.38	31.13	31.75	46.19	2014-06-12 14:19:34
978	54.25	47.44	31.13	31.69	46.19	2014-06-12 14:20:33
979	54.25	47.38	31.06	31.69	46.25	2014-06-12 14:21:32
980	54.25	47.44	31.06	31.75	46.25	2014-06-12 14:22:32
981	54.25	47.5	31.13	31.75	46.25	2014-06-12 14:23:31
982	54.25	47.5	31.13	31.81	46.25	2014-06-12 14:24:30
983	54.31	47.5	31.19	31.81	46.25	2014-06-12 14:25:29
984	54.31	47.5	31.19	31.88	46.25	2014-06-12 14:26:29
985	54.31	47.5	31.25	31.94	46.31	2014-06-12 14:27:28
986	54.31	47.56	31.31	32	46.31	2014-06-12 14:28:27
987	54.31	47.5	31.38	32	46.31	2014-06-12 14:29:27
988	54.31	47.5	31.38	32.06	46.31	2014-06-12 14:30:26
989	54.31	47.56	31.44	32.13	46.31	2014-06-12 14:31:25
990	54.38	47.56	31.5	32.13	46.38	2014-06-12 14:32:24
991	54.38	47.63	31.56	32.19	46.38	2014-06-12 14:33:24
992	54.38	47.63	31.63	32.25	46.38	2014-06-12 14:34:23
993	54.38	47.63	31.69	32.31	46.38	2014-06-12 14:35:22
994	54.44	47.69	31.69	32.31	46.44	2014-06-12 14:36:22
995	54.44	47.69	31.69	32.38	46.44	2014-06-12 14:37:21
996	54.5	47.69	31.75	32.44	46.44	2014-06-12 14:38:20
997	54.5	47.69	31.81	32.44	46.44	2014-06-12 14:39:19
998	54.5	47.69	31.81	32.44	46.5	2014-06-12 14:40:19
999	54.5	47.69	31.88	32.44	46.5	2014-06-12 14:41:18
1000	54.5	47.75	31.88	32.44	46.5	2014-06-12 14:42:17
1001	54.56	47.75	31.88	32.44	46.5	2014-06-12 14:43:17
1002	54.5	47.75	31.94	32.5	46.56	2014-06-12 14:44:16
1003	54.56	47.81	31.94	32.56	46.56	2014-06-12 14:45:15
1004	54.56	47.81	32	32.56	46.56	2014-06-12 14:46:14
1005	54.56	47.81	32.13	32.63	46.63	2014-06-12 14:47:14
1006	54.56	47.88	32.13	32.63	46.63	2014-06-12 14:48:13
1007	54.63	47.88	32.25	32.69	46.63	2014-06-12 14:49:12
1008	54.63	47.88	32.25	32.75	46.63	2014-06-12 14:50:12
1009	54.69	47.94	32.25	32.75	46.63	2014-06-12 14:51:11
1010	54.69	47.94	32.25	32.75	46.69	2014-06-12 14:52:10
1011	54.69	47.94	32.25	32.75	46.69	2014-06-12 14:53:09
1012	54.69	47.94	32.31	32.75	46.69	2014-06-12 14:54:09
1013	54.69	47.94	32.25	32.75	46.75	2014-06-12 14:55:08
1014	54.75	47.94	32.19	32.75	46.75	2014-06-12 14:56:07
1015	54.75	47.94	32.13	32.69	46.75	2014-06-12 14:57:07
1016	54.75	48	32.19	32.69	46.75	2014-06-12 14:58:06
1017	54.75	48	32.19	32.69	46.75	2014-06-12 14:59:05
1018	54.81	48.06	32.25	32.69	46.81	2014-06-12 15:00:04
1019	54.81	48.06	32.19	32.75	46.81	2014-06-12 15:01:04
1020	54.81	48.06	32.19	32.75	46.81	2014-06-12 15:02:03
1021	54.81	48.06	32.25	32.75	46.81	2014-06-12 15:03:02
1022	54.81	48.06	32.31	32.81	46.88	2014-06-12 15:04:02
1023	54.81	48.06	32.38	32.88	46.88	2014-06-12 15:05:01
1024	54.81	48.13	32.38	32.88	46.88	2014-06-12 15:06:00
1025	54.88	48.13	32.44	33	46.94	2014-06-12 15:06:59
1026	54.94	48.19	32.5	33.06	46.94	2014-06-12 15:07:59
1027	54.94	48.19	32.56	33.06	46.94	2014-06-12 15:08:58
1028	55	48.19	32.63	33.06	46.94	2014-06-12 15:09:57
1029	54.94	48.19	32.63	33.13	47	2014-06-12 15:10:57
1030	54.94	48.25	32.69	33.13	46.94	2014-06-12 15:11:56
1031	54.94	48.19	32.75	33.19	47	2014-06-12 15:12:55
1032	54.94	48.25	32.63	33.13	47	2014-06-12 15:13:54
1033	55	48.25	32.56	33.06	47	2014-06-12 15:14:54
1034	55	48.25	32.56	33.13	47.06	2014-06-12 15:15:53
1035	55	48.31	32.56	33.13	47.06	2014-06-12 15:16:52
1036	55	48.25	32.44	33.06	47.06	2014-06-12 15:17:52
1037	55.06	48.25	32.44	33	47.06	2014-06-12 15:18:51
1038	55.06	48.31	32.44	33	47.06	2014-06-12 15:19:50
1039	55.06	48.38	32.44	33	47.13	2014-06-12 15:20:49
1040	55.06	48.38	32.38	32.94	47.13	2014-06-12 15:21:49
1041	55.06	48.38	32.38	32.94	47.13	2014-06-12 15:22:48
1042	55.06	48.38	32.31	32.94	47.19	2014-06-12 15:23:47
1043	55.13	48.38	32.25	32.88	47.13	2014-06-12 15:24:47
1044	55.13	48.38	32.25	32.88	47.19	2014-06-12 15:25:46
1045	55.13	48.38	32.25	32.81	47.19	2014-06-12 15:26:45
1046	55.13	48.38	32.25	32.81	47.19	2014-06-12 15:27:44
1047	55.13	48.38	32.19	32.81	47.19	2014-06-12 15:28:44
1048	55.13	48.38	32.19	32.75	47.25	2014-06-12 15:29:43
1049	55.13	48.44	32.13	32.75	47.25	2014-06-12 15:30:42
1050	55.19	48.38	32.13	32.75	47.25	2014-06-12 15:31:42
1051	55.19	48.44	32.13	32.75	47.25	2014-06-12 15:32:41
1052	55.19	48.44	32.13	32.75	47.25	2014-06-12 15:33:40
1053	55.19	48.44	32.13	32.69	47.25	2014-06-12 15:34:40
1054	55.19	48.44	32.13	32.69	47.25	2014-06-12 15:35:39
1055	55.19	48.44	32.13	32.69	47.25	2014-06-12 15:36:38
1056	55.19	48.5	32.13	32.63	47.25	2014-06-12 15:37:37
1057	55.19	48.5	32.06	32.63	47.25	2014-06-12 15:38:37
1058	55.19	48.44	32.06	32.63	47.31	2014-06-12 15:39:36
1059	55.19	48.44	32.06	32.63	47.31	2014-06-12 15:40:35
1060	55.19	48.5	32.06	32.63	47.31	2014-06-12 15:41:35
1061	55.19	48.5	32	32.63	47.31	2014-06-12 15:42:34
1062	55.19	48.5	32	32.63	47.31	2014-06-12 15:43:33
1063	55.19	48.5	32	32.56	47.31	2014-06-12 15:44:32
1064	55.25	48.5	32	32.63	47.31	2014-06-12 15:45:32
1065	55.25	48.5	32	32.56	47.31	2014-06-12 15:46:31
1066	55.25	48.5	32	32.56	47.31	2014-06-12 15:47:30
1067	55.25	48.5	32	32.56	47.31	2014-06-12 15:48:30
1068	55.25	48.5	32	32.56	47.31	2014-06-12 15:49:29
1069	55.25	48.5	32	32.56	47.38	2014-06-12 15:50:28
1070	55.25	48.56	32	32.63	47.38	2014-06-12 15:51:27
1071	55.31	48.56	32	32.63	47.38	2014-06-12 15:52:27
1072	55.31	48.56	32	32.63	47.38	2014-06-12 15:53:26
1073	55.25	48.56	32	32.63	47.38	2014-06-12 15:54:25
1074	55.25	48.63	32	32.63	47.38	2014-06-12 15:55:25
1075	55.31	48.63	32.06	32.69	47.38	2014-06-12 15:56:24
1076	55.31	48.56	32.06	32.69	47.38	2014-06-12 15:57:23
1077	55.31	48.63	32.06	32.69	47.44	2014-06-12 15:58:22
1078	55.38	48.63	32.13	32.69	47.38	2014-06-12 15:59:22
1079	55.38	48.63	32.13	32.69	47.44	2014-06-12 16:00:21
1080	55.38	48.63	32.13	32.69	47.44	2014-06-12 16:01:20
1081	55.38	48.63	32.19	32.69	47.44	2014-06-12 16:02:20
1082	55.38	48.69	32.25	32.75	47.44	2014-06-12 16:03:19
1083	55.38	48.69	32.31	32.88	47.44	2014-06-12 16:04:18
1084	55.31	48.69	32.44	33	47.5	2014-06-12 16:05:17
1085	55.38	48.69	32.5	33.06	47.5	2014-06-12 16:06:17
1086	55.38	48.69	32.56	33.13	47.5	2014-06-12 16:07:16
1087	55.38	48.75	32.63	33.19	47.5	2014-06-12 16:08:15
1088	55.38	48.75	32.63	33.19	47.5	2014-06-12 16:09:15
1089	55.38	48.75	32.69	33.25	47.5	2014-06-12 16:10:14
1090	55.38	48.75	32.75	33.25	47.5	2014-06-12 16:11:13
1091	55.38	48.75	32.81	33.38	47.56	2014-06-12 16:12:12
1092	55.44	48.81	32.88	33.44	47.56	2014-06-12 16:13:12
1093	55.44	48.75	33	33.5	47.56	2014-06-12 16:14:11
1094	55.44	48.81	32.94	33.5	47.56	2014-06-12 16:15:10
1095	55.31	48.81	33	33.56	47.63	2014-06-12 16:16:10
1096	55.25	48.81	33.06	33.63	47.63	2014-06-12 16:17:09
1097	55.25	48.81	33	33.56	47.63	2014-06-12 16:18:08
1098	55.25	48.81	32.88	33.44	47.63	2014-06-12 16:19:07
1099	55.25	48.81	32.81	33.44	47.63	2014-06-12 16:20:07
1100	55.25	48.88	32.94	33.5	47.63	2014-06-12 16:21:06
1101	55.19	48.88	33.06	33.56	47.63	2014-06-12 16:22:05
1102	55.25	48.88	33.19	33.63	47.63	2014-06-12 16:23:05
1103	55.25	48.88	33.19	33.69	47.69	2014-06-12 16:24:04
1104	55.25	48.88	33.19	33.69	47.69	2014-06-12 16:25:03
1105	55.25	48.88	33.13	33.69	47.69	2014-06-12 16:26:02
1106	55.25	48.88	33	33.56	47.69	2014-06-12 16:27:02
1107	55.25	48.88	32.81	33.44	47.69	2014-06-12 16:28:01
1108	55.19	48.88	32.75	33.31	47.69	2014-06-12 16:29:00
1109	55.19	48.94	32.69	33.25	47.69	2014-06-12 16:30:00
1110	55.19	48.94	32.69	33.25	47.69	2014-06-12 16:30:59
1111	55.19	48.94	32.81	33.31	47.69	2014-06-12 16:31:58
1112	55.19	48.94	32.81	33.38	47.69	2014-06-12 16:32:57
1113	55.25	48.94	32.94	33.5	47.69	2014-06-12 16:33:57
1114	55.25	48.94	33.06	33.56	47.75	2014-06-12 16:34:56
1115	55.25	48.94	33.13	33.69	47.75	2014-06-12 16:35:55
1116	55.25	48.94	33.19	33.75	47.75	2014-06-12 16:36:55
1117	55.25	48.94	33.13	33.81	47.75	2014-06-12 16:37:54
1118	55.25	48.94	33.13	33.75	47.75	2014-06-12 16:38:53
1119	55.25	49	33	33.69	47.75	2014-06-12 16:39:52
1120	55.25	49	32.88	33.56	47.75	2014-06-12 16:40:52
1121	55.31	49	32.75	33.44	47.75	2014-06-12 16:41:51
1122	55.31	49	32.81	33.38	47.75	2014-06-12 16:42:50
1123	55.25	48.94	32.81	33.44	47.75	2014-06-12 16:43:50
1124	55.31	48.94	32.81	33.44	47.81	2014-06-12 16:44:49
1125	55.25	49	32.81	33.38	47.75	2014-06-12 16:45:48
1126	55.31	49	32.75	33.38	47.81	2014-06-12 16:46:47
1127	55.31	49	32.81	33.38	47.75	2014-06-12 16:47:47
1128	55.31	49	32.81	33.44	47.81	2014-06-12 16:48:46
1129	55.38	49	32.81	33.44	47.81	2014-06-12 16:49:45
1130	55.38	49	32.88	33.44	47.81	2014-06-12 16:50:45
1131	55.38	49	32.94	33.5	47.81	2014-06-12 16:51:44
1132	55.38	49	33.06	33.63	47.81	2014-06-12 16:52:43
1133	55.38	49.06	33.06	33.63	47.81	2014-06-12 16:53:42
1134	55.38	49.06	33.06	33.69	47.81	2014-06-12 16:54:42
1135	55.38	49.06	33.19	33.75	47.81	2014-06-12 16:55:41
1136	55.38	49.06	33.19	33.81	47.81	2014-06-12 16:56:40
1137	55.38	49.06	33.31	33.88	47.81	2014-06-12 16:57:40
1138	55.44	49.06	33.25	33.88	47.88	2014-06-12 16:58:39
1139	55.44	49.06	33.25	33.88	47.88	2014-06-12 16:59:38
1140	55.44	49.13	33.31	33.94	47.88	2014-06-12 17:00:37
1141	55.44	49.06	33.31	34	47.88	2014-06-12 17:01:37
1142	55.44	49.13	33.44	34	47.88	2014-06-12 17:02:36
1143	55.44	49.13	33.5	34.06	47.94	2014-06-12 17:03:35
1144	55.44	49.13	33.5	34	47.94	2014-06-12 17:04:35
1145	55.44	49.19	33.44	34	47.94	2014-06-12 17:05:34
1146	55.44	49.13	33.44	34	47.94	2014-06-12 17:06:33
1147	55.44	49.13	33.56	34.06	47.94	2014-06-12 17:07:32
1148	55.44	49.19	33.56	34.19	47.94	2014-06-12 17:08:32
1149	55.44	49.19	33.63	34.19	48	2014-06-12 17:09:31
1150	55.44	49.19	33.63	34.19	48	2014-06-12 17:10:30
1151	55.44	49.19	33.63	34.19	48	2014-06-12 17:11:30
1152	55.5	49.19	33.63	34.25	48	2014-06-12 17:12:29
1153	55.5	49.19	33.69	34.25	48	2014-06-12 17:13:28
1154	55.5	49.25	33.75	34.25	48	2014-06-12 17:14:28
1155	55.5	49.25	33.81	34.31	48	2014-06-12 17:15:27
1156	55.56	49.25	33.88	34.38	48.06	2014-06-12 17:16:26
1157	55.56	49.25	33.94	34.44	48.06	2014-06-12 17:17:25
1158	55.63	49.25	33.88	34.44	48.06	2014-06-12 17:18:25
1159	55.63	49.25	33.81	34.44	48.06	2014-06-12 17:19:24
1160	55.63	49.31	33.88	34.44	48.13	2014-06-12 17:20:23
1161	55.63	49.25	33.88	34.44	48.13	2014-06-12 17:21:23
1162	55.63	49.31	33.75	34.38	48.13	2014-06-12 17:22:22
1163	55.63	49.25	33.56	34.25	48.13	2014-06-12 17:23:21
1164	55.63	49.31	33.38	34.06	48.13	2014-06-12 17:24:20
1165	55.63	49.31	33.19	33.88	48.13	2014-06-12 17:25:20
1166	55.63	49.31	33.13	33.75	48.13	2014-06-12 17:26:19
1167	55.63	49.31	33.06	33.69	48.13	2014-06-12 17:27:18
1168	55.63	49.31	33.13	33.69	48.13	2014-06-12 17:28:18
1169	55.63	49.31	33.06	33.69	48.13	2014-06-12 17:29:17
1170	55.63	49.31	33	33.56	48.13	2014-06-12 17:30:16
1171	55.63	49.31	32.94	33.56	48.13	2014-06-12 17:31:15
1172	55.63	49.25	32.94	33.56	48.13	2014-06-12 17:32:15
1173	55.63	49.31	32.94	33.56	48.13	2014-06-12 17:33:14
1174	55.63	49.31	33.13	33.69	48.13	2014-06-12 17:34:13
1175	55.63	49.31	33.25	33.81	48.13	2014-06-12 17:35:13
1176	55.63	49.38	33.44	33.94	48.13	2014-06-12 17:36:12
1177	55.69	49.38	33.56	34	48.19	2014-06-12 17:37:11
1178	55.69	49.38	33.56	34.06	48.19	2014-06-12 17:38:10
1179	55.69	49.38	33.5	34.06	48.19	2014-06-12 17:39:10
1180	55.69	49.38	33.38	34	48.19	2014-06-12 17:40:09
1181	55.69	49.38	33.19	33.88	48.19	2014-06-12 17:41:08
1182	55.69	49.38	33.13	33.75	48.19	2014-06-12 17:42:08
1183	55.69	49.38	33.06	33.63	48.19	2014-06-12 17:43:07
1184	55.69	49.38	33	33.56	48.19	2014-06-12 17:44:06
1185	55.69	49.38	32.94	33.63	48.19	2014-06-12 17:45:05
1186	55.69	49.38	33.13	33.69	48.19	2014-06-12 17:46:05
1187	55.69	49.38	33.25	33.75	48.19	2014-06-12 17:47:04
1188	55.69	49.38	33.38	33.88	48.19	2014-06-12 17:48:03
1189	55.75	49.44	33.38	33.94	48.19	2014-06-12 17:49:03
1190	55.75	49.44	33.25	33.94	48.19	2014-06-12 17:50:02
1191	55.75	49.38	33.13	33.88	48.19	2014-06-12 17:51:01
1192	55.69	49.44	33.06	33.69	48.25	2014-06-12 17:52:00
1193	55.69	49.38	32.94	33.63	48.25	2014-06-12 17:53:00
1194	55.69	49.38	32.81	33.56	48.19	2014-06-12 17:53:59
1195	55.69	49.38	32.75	33.5	48.25	2014-06-12 17:54:58
1196	55.69	49.44	32.69	33.38	48.25	2014-06-12 17:55:58
1197	55.69	49.38	32.69	33.31	48.19	2014-06-12 17:56:57
1198	55.69	49.38	32.69	33.38	48.25	2014-06-12 17:57:56
1199	55.69	49.44	32.69	33.31	48.19	2014-06-12 17:58:55
1200	55.69	49.38	32.69	33.31	48.19	2014-06-12 17:59:55
1201	55.69	49.38	32.75	33.31	48.19	2014-06-12 18:00:54
1202	55.69	49.38	32.75	33.31	48.19	2014-06-12 18:01:53
1203	55.69	49.38	32.81	33.44	48.19	2014-06-12 18:02:53
1204	55.69	49.38	33	33.56	48.19	2014-06-12 18:03:52
1205	55.69	49.38	33.13	33.69	48.25	2014-06-12 18:04:51
1206	55.75	49.38	33.25	33.81	48.25	2014-06-12 18:05:50
1207	55.69	49.38	33.31	33.88	48.25	2014-06-12 18:06:50
1208	55.69	49.38	33.19	33.81	48.19	2014-06-12 18:07:49
1209	55.75	49.38	33.19	33.81	48.25	2014-06-12 18:08:48
1210	55.75	49.38	33.31	33.88	48.25	2014-06-12 18:09:48
1211	55.69	49.44	33.38	33.88	48.25	2014-06-12 18:10:47
1212	55.75	49.38	33.5	34	48.25	2014-06-12 18:11:46
1213	55.75	49.44	33.56	34.06	48.25	2014-06-12 18:12:45
1214	55.75	49.44	33.5	34.06	48.25	2014-06-12 18:13:45
1215	55.75	49.44	33.5	34	48.25	2014-06-12 18:14:44
1216	55.75	49.44	33.44	34	48.25	2014-06-12 18:15:43
1217	55.75	49.44	33.38	34	48.25	2014-06-12 18:16:43
1218	55.75	49.44	33.31	33.88	48.25	2014-06-12 18:17:42
1219	55.81	49.44	33.31	33.88	48.25	2014-06-12 18:18:41
1220	55.75	49.44	33.25	33.88	48.25	2014-06-12 18:19:40
1221	55.75	49.44	33.25	33.81	48.25	2014-06-12 18:20:40
