cod	c02	c04	tent	tsal	c03	fecha
4	30.19	30.19	26.38	26.38	30.19	2014-06-09 16:39:28
5	30.13	30.19	26.38	26.38	30.19	2014-06-09 16:40:28
6	30.13	30.19	26.38	26.38	30.13	2014-06-09 16:41:27
7	30.13	30.13	26.38	26.38	30.13	2014-06-09 16:42:27
8	30.13	30.13	26.44	26.38	30.13	2014-06-09 16:43:27
9	30.13	30.13	26.38	26.38	30.13	2014-06-09 16:44:27
10	30.75	30.69	26.44	26.38	30.13	2014-06-09 16:45:26
11	31	31.13	26.44	26.38	30.13	2014-06-09 16:46:26
12	31.13	31.5	26.38	26.38	30.13	2014-06-09 16:47:26
13	31.25	31.81	26.44	26.38	30.13	2014-06-09 16:48:26
14	31.31	32.13	26.38	26.38	30.13	2014-06-09 16:49:25
15	31.44	32.38	26.5	26.44	30.19	2014-06-09 16:50:25
16	31.5	32.63	26.5	26.44	30.19	2014-06-09 16:51:25
17	31.56	32.81	26.5	26.44	30.25	2014-06-09 16:52:24
18	31.63	33	26.5	26.44	30.31	2014-06-09 16:53:24
19	31.69	33.19	26.5	26.5	30.31	2014-06-09 16:54:24
20	31.75	33.31	26.5	26.5	30.38	2014-06-09 16:55:24
21	32.06	33.75	26.56	26.5	30.44	2014-06-09 16:56:23
22	32.13	34.06	26.5	26.5	30.44	2014-06-09 16:57:23
23	32.06	34.13	26.56	26.5	30.5	2014-06-09 16:58:23
24	32.06	34.19	26.56	26.5	30.56	2014-06-09 16:59:23
25	32.13	34.25	26.56	26.5	30.63	2014-06-09 17:00:22
26	32.13	34.25	26.56	26.56	30.69	2014-06-09 17:01:22
27	32.19	34.31	26.56	26.56	30.69	2014-06-09 17:02:22
28	32.19	34.38	26.56	26.56	30.81	2014-06-09 17:03:22
29	32.25	34.38	26.56	26.56	30.81	2014-06-09 17:04:21
30	32.31	34.44	26.63	26.56	30.88	2014-06-09 17:05:21
31	32.31	34.5	26.63	26.63	30.94	2014-06-09 17:06:21
32	32.38	34.5	26.63	26.63	31	2014-06-09 17:07:21
33	32.44	34.56	26.63	26.63	31.06	2014-06-09 17:08:20
34	32.44	34.56	26.63	26.63	31.06	2014-06-09 17:09:20
35	32.5	34.63	26.56	26.63	31.13	2014-06-09 17:10:20
36	32.56	34.63	26.56	26.63	31.19	2014-06-09 17:11:19
37	32.69	34.94	26.63	26.63	31.25	2014-06-09 17:12:19
38	32.88	35.19	26.63	26.63	31.25	2014-06-09 17:13:19
39	32.81	35.19	26.56	26.56	31.31	2014-06-09 17:14:19
40	32.81	35.19	26.56	26.63	31.38	2014-06-09 17:15:18
41	32.88	35.19	26.63	26.63	31.44	2014-06-09 17:16:18
42	32.88	35.19	26.56	26.63	31.5	2014-06-09 17:17:18
43	32.88	35.19	26.63	26.63	31.5	2014-06-09 17:18:18
44	32.94	35.19	26.63	26.63	31.56	2014-06-09 17:19:17
45	33.19	35.19	26.63	26.63	31.63	2014-06-09 17:20:17
46	33.31	35.25	26.69	26.69	31.63	2014-06-09 17:21:17
47	33.25	35.25	26.69	26.69	31.69	2014-06-09 17:22:17
48	33.19	35.31	26.75	26.69	31.75	2014-06-09 17:23:16
49	33.19	35.31	26.81	26.75	31.75	2014-06-09 17:24:16
50	33.19	35.38	26.75	26.75	31.81	2014-06-09 17:25:16
51	33.25	35.38	26.75	26.69	31.88	2014-06-09 17:26:15
52	33.25	35.44	26.75	26.69	31.88	2014-06-09 17:27:15
53	33.31	35.44	26.69	26.69	31.94	2014-06-09 17:28:15
54	33.31	35.5	26.75	26.75	32	2014-06-09 17:29:15
55	33.31	35.56	26.75	26.69	32.06	2014-06-09 17:30:14
56	33.38	35.63	26.75	26.69	32.06	2014-06-09 17:31:14
57	33.38	35.63	26.69	26.69	32.06	2014-06-09 17:32:14
58	33.44	35.69	26.75	26.75	32.13	2014-06-09 17:33:14
59	33.44	36.13	26.69	26.69	32.19	2014-06-09 17:34:13
60	33.5	36.19	26.75	26.69	32.25	2014-06-09 17:35:13
61	33.5	36.19	26.75	26.69	32.25	2014-06-09 17:36:13
62	33.56	36.19	26.75	26.75	32.25	2014-06-09 17:37:13
63	33.56	36.19	26.75	26.75	32.31	2014-06-09 17:38:12
64	33.63	36.13	26.75	26.75	32.31	2014-06-09 17:39:12
65	33.63	36.13	26.75	26.75	32.38	2014-06-09 17:40:12
66	33.63	36.44	26.75	26.75	32.38	2014-06-09 17:41:12
67	33.69	36.56	26.75	26.75	32.44	2014-06-09 17:42:11
68	33.75	36.5	26.81	26.81	32.44	2014-06-09 17:43:11
69	33.75	36.5	26.81	26.81	32.5	2014-06-09 17:44:11
70	33.75	36.5	26.88	26.88	32.56	2014-06-09 17:45:10
71	33.81	36.44	26.88	26.81	32.56	2014-06-09 17:46:10
72	33.81	36.44	26.81	26.81	32.56	2014-06-09 17:47:10
73	33.88	36.38	26.81	26.81	32.63	2014-06-09 17:48:10
74	33.88	36.38	26.75	26.75	32.69	2014-06-09 17:49:09
75	33.88	36.5	26.81	26.81	32.69	2014-06-09 17:50:09
76	33.94	36.75	26.81	26.81	32.75	2014-06-09 17:51:09
77	34	36.75	26.81	26.81	32.75	2014-06-09 17:52:09
78	34	36.75	26.81	26.81	32.75	2014-06-09 17:53:08
79	34	36.69	26.88	26.88	32.81	2014-06-09 17:54:08
80	34.06	36.69	26.88	26.88	32.81	2014-06-09 17:55:08
81	34.06	36.63	26.81	26.81	32.88	2014-06-09 17:56:08
82	34.13	36.63	26.81	26.81	32.88	2014-06-09 17:57:07
83	34.13	36.63	26.81	26.81	32.94	2014-06-09 17:58:07
84	34.13	36.63	26.81	26.81	32.94	2014-06-09 17:59:07
85	34.19	36.63	26.81	26.75	33	2014-06-09 18:00:06
86	34.19	36.63	26.75	26.81	33	2014-06-09 18:01:06
87	34.25	36.63	26.81	26.81	33	2014-06-09 18:02:06
88	34.25	36.69	26.81	26.81	33.06	2014-06-09 18:03:06
89	34.31	36.69	26.81	26.81	33.06	2014-06-09 18:04:05
90	34.31	36.69	26.81	26.81	33.13	2014-06-09 18:05:05
91	34.31	36.69	26.81	26.81	33.13	2014-06-09 18:06:05
92	34.38	36.75	26.81	26.81	33.13	2014-06-09 18:07:05
93	34.38	36.75	26.81	26.81	33.19	2014-06-09 18:08:04
94	34.44	36.75	26.81	26.81	33.19	2014-06-09 18:09:04
95	34.44	36.75	26.81	26.81	33.19	2014-06-09 18:10:04
96	34.44	36.81	26.81	26.88	33.25	2014-06-09 18:11:04
97	34.44	36.88	26.88	26.88	33.25	2014-06-09 18:12:03
98	34.5	36.88	26.88	26.88	33.31	2014-06-09 18:13:03
99	34.5	36.88	26.88	26.88	33.31	2014-06-09 18:14:03
100	34.5	37.06	26.88	26.88	33.31	2014-06-09 18:15:03
101	34.56	37.38	26.88	26.88	33.38	2014-06-09 18:16:02
102	34.56	37.38	26.88	26.88	33.38	2014-06-09 18:17:02
103	34.63	37.31	26.88	26.88	33.44	2014-06-09 18:18:02
104	34.63	37.25	26.88	26.94	33.44	2014-06-09 18:19:01
105	34.63	37.25	26.94	26.94	33.44	2014-06-09 18:20:01
106	34.63	37.19	26.88	26.94	33.44	2014-06-09 18:21:01
107	34.69	37.19	26.88	26.88	33.5	2014-06-09 18:22:01
108	34.69	37.19	26.88	26.94	33.5	2014-06-09 18:23:00
109	34.75	37.19	26.88	26.88	33.5	2014-06-09 18:24:00
110	34.75	37.13	26.88	26.88	33.56	2014-06-09 18:25:00
111	34.75	37.19	26.88	26.94	33.56	2014-06-09 18:26:00
112	34.75	37.19	27	27.19	33.56	2014-06-09 18:26:59
113	34.81	37.19	27	27.06	33.63	2014-06-09 18:27:59
114	34.81	37.19	26.94	27	33.63	2014-06-09 18:28:59
115	34.81	37.19	26.94	27	33.63	2014-06-09 18:29:59
116	34.88	37.25	26.94	26.94	33.69	2014-06-09 18:30:58
117	34.88	37.25	26.94	26.94	33.69	2014-06-09 18:31:58
118	34.88	37.25	26.94	26.94	33.69	2014-06-09 18:32:58
119	34.88	37.25	26.94	26.94	33.69	2014-06-09 18:33:57
120	34.94	37.25	26.94	26.94	33.75	2014-06-09 18:34:57
121	34.94	37.31	26.94	26.94	33.75	2014-06-09 18:35:57
122	34.94	37.31	26.94	26.94	33.75	2014-06-09 18:36:57
123	34.94	37.31	26.94	26.94	33.81	2014-06-09 18:37:56
124	35	37.31	26.94	26.94	33.81	2014-06-09 18:38:56
125	35	37.31	26.94	27	33.81	2014-06-09 18:39:56
126	35	37.38	26.94	27	33.81	2014-06-09 18:40:56
127	35	37.38	26.94	26.94	33.81	2014-06-09 18:41:55
128	35.06	37.38	27	26.94	33.88	2014-06-09 18:42:55
129	35.06	37.38	27	27	33.88	2014-06-09 18:43:55
130	35.06	37.44	27	27	33.94	2014-06-09 18:44:55
131	35.13	37.44	27	27.06	33.94	2014-06-09 18:45:54
132	35.31	37.44	27.06	27.06	33.94	2014-06-09 18:46:54
133	35.44	37.44	27	27	33.94	2014-06-09 18:47:54
134	35.31	37.44	27.06	27	33.94	2014-06-09 18:48:54
135	35.25	37.5	27.06	27.06	34	2014-06-09 18:49:53
136	35.25	37.63	27.06	27.06	34	2014-06-09 18:50:53
137	35.25	38	27.06	27.06	34	2014-06-09 18:51:53
138	35.25	38	27	27	34.06	2014-06-09 18:52:52
139	35.25	37.94	27	27	34.06	2014-06-09 18:53:52
140	35.25	37.88	27	27	34.06	2014-06-09 18:54:52
141	35.25	37.81	27	27	34.06	2014-06-09 18:55:52
142	35.25	37.81	27	27.06	34.13	2014-06-09 18:56:51
143	35.25	37.81	27	27.06	34.13	2014-06-09 18:57:51
144	35.25	37.81	27	27.06	34.13	2014-06-09 18:58:51
145	35.31	37.75	27.06	27.06	34.13	2014-06-09 18:59:51
146	35.31	37.75	27.06	27.06	34.13	2014-06-09 19:00:50
147	35.31	37.75	27.06	27.06	34.19	2014-06-09 19:01:50
148	35.31	37.75	27.06	27.06	34.19	2014-06-09 19:02:50
149	35.31	37.75	27	27.06	34.19	2014-06-09 19:03:49
150	35.31	37.75	27.06	27.06	34.19	2014-06-09 19:04:49
151	35.31	37.75	27	27.06	34.25	2014-06-09 19:05:49
152	35.38	37.75	27	27.06	34.25	2014-06-09 19:06:49
153	35.38	37.75	27	27.06	34.25	2014-06-09 19:07:48
154	35.38	37.75	27	27.06	34.25	2014-06-09 19:08:48
155	35.44	37.75	27	27.06	34.25	2014-06-09 19:09:48
156	35.38	37.81	27	27	34.25	2014-06-09 19:10:48
157	35.44	38.13	27.06	27.06	34.31	2014-06-09 19:11:47
158	35.44	38.25	27.06	27.06	34.31	2014-06-09 19:12:47
159	35.44	38.19	27.06	27.06	34.31	2014-06-09 19:13:47
160	35.44	38.19	27	27.06	34.31	2014-06-09 19:14:47
161	35.38	38.19	27.06	27.06	34.38	2014-06-09 19:15:46
162	35.38	37.88	27.06	27.06	34.38	2014-06-09 19:16:46
163	35.38	37.38	27	27.06	34.38	2014-06-09 19:17:46
164	35.38	37	27	27.06	34.38	2014-06-09 19:18:46
165	35.38	36.63	27	27.06	34.38	2014-06-09 19:19:45
166	35.25	36.5	27.06	27.06	34.38	2014-06-09 19:20:45
167	34.94	36.94	27.06	27.06	34.38	2014-06-09 19:21:45
168	35	37.13	27.06	27.06	34.38	2014-06-09 19:22:44
169	35.25	37.19	27.06	27.06	34.31	2014-06-09 19:23:44
170	35.25	37.38	27	27.06	34.31	2014-06-09 19:24:44
171	35.25	37.44	27	27.06	34.31	2014-06-09 19:25:44
172	35.25	37.5	27	27.06	34.31	2014-06-09 19:26:43
173	35.25	37.56	27	27.06	34.31	2014-06-09 19:27:43
174	35.25	37.94	27	27.06	34.31	2014-06-09 19:28:43
175	35.25	38.13	27.06	27.06	34.38	2014-06-09 19:29:43
176	35.25	38.13	27.06	27.06	34.38	2014-06-09 19:30:42
177	35.25	38.13	27.06	27.06	34.38	2014-06-09 19:31:42
178	35.31	38.13	27.06	27	34.38	2014-06-09 19:32:42
179	35.31	38.06	27	27.06	34.38	2014-06-09 19:33:42
180	35.31	38.06	27	27.06	34.38	2014-06-09 19:34:41
181	35.31	38.06	27	27.06	34.44	2014-06-09 19:35:41
182	35.31	38.13	27.06	27.06	34.38	2014-06-09 19:36:41
183	35.31	38.5	27	27.06	34.44	2014-06-09 19:37:40
184	35.31	38.5	27.06	27.06	34.44	2014-06-09 19:38:40
185	35.31	38.38	27.06	27.06	34.44	2014-06-09 19:39:40
186	35.38	38.75	27.06	27.06	34.44	2014-06-09 19:40:40
187	35.56	38.69	27.06	27.06	34.44	2014-06-09 19:41:39
188	35.5	38.56	27	27.06	34.5	2014-06-09 19:42:39
189	35.5	38.5	27	27	34.44	2014-06-09 19:43:39
190	35.44	38.44	26.94	27	34.44	2014-06-09 19:44:39
191	35.88	39.25	27	27	34.5	2014-06-09 19:45:38
192	36.38	40.44	26.94	27	34.5	2014-06-09 19:46:38
193	36.63	41.38	26.94	27	34.5	2014-06-09 19:47:38
194	36.81	42.06	26.94	27	34.56	2014-06-09 19:48:38
195	36.94	42.56	26.94	27	34.63	2014-06-09 19:49:37
196	37	42.88	26.94	27	34.69	2014-06-09 19:50:37
197	37.06	42.69	26.94	27	34.75	2014-06-09 19:51:37
198	37.19	39.88	26.88	27.06	34.81	2014-06-09 19:52:37
199	37.31	38.56	26.94	27.06	35	2014-06-09 19:53:36
200	37.44	38.13	26.94	27.06	35.06	2014-06-09 19:54:36
201	37.5	38	27	27.06	35.19	2014-06-09 19:55:36
202	37.56	38	27	27.06	35.25	2014-06-09 19:56:35
203	37.63	37.94	27.06	27.13	35.38	2014-06-09 19:57:35
204	37.75	38.06	27.06	27.13	35.44	2014-06-09 19:58:35
205	37.75	38.06	27.06	27.13	35.5	2014-06-09 19:59:35
206	37.81	38.13	27.06	27.13	35.56	2014-06-09 20:00:34
207	37.94	38.19	27.13	27.13	35.63	2014-06-09 20:01:34
208	38	38.25	27.06	27.19	35.75	2014-06-09 20:02:34
209	38.06	38.31	27.06	27.19	35.81	2014-06-09 20:03:34
210	38.13	38.31	27.06	27.19	35.88	2014-06-09 20:04:33
211	38.19	38.38	27.06	27.19	35.94	2014-06-09 20:05:33
212	38.25	38.44	27.06	27.19	36	2014-06-09 20:06:33
213	38.25	38.5	27.06	27.19	36.06	2014-06-09 20:07:33
214	38.31	38.56	27.06	27.19	36.13	2014-06-09 20:08:32
215	38.31	38.63	27.13	27.19	36.19	2014-06-09 20:09:32
216	38.38	38.69	27.13	27.19	36.25	2014-06-09 20:10:32
217	38.44	38.69	27.06	27.19	36.31	2014-06-09 20:11:31
218	38.5	38.75	27.06	27.19	36.38	2014-06-09 20:12:31
219	38.56	38.81	27.06	27.19	36.44	2014-06-09 20:13:31
220	38.63	38.88	27.06	27.13	36.5	2014-06-09 20:14:31
221	38.63	38.94	27.06	27.19	36.56	2014-06-09 20:15:30
222	38.69	38.94	27.06	27.13	36.56	2014-06-09 20:16:30
223	38.75	39	27.06	27.19	36.63	2014-06-09 20:17:30
224	38.81	39	27.06	27.19	36.69	2014-06-09 20:18:30
225	38.81	39.06	27.06	27.19	36.75	2014-06-09 20:19:29
226	38.88	39.06	27.06	27.13	36.81	2014-06-09 20:20:29
227	38.94	39.19	27.06	27.19	36.88	2014-06-09 20:21:29
228	39	39.25	27.06	27.19	36.88	2014-06-09 20:22:29
229	39	39.25	27.06	27.19	36.94	2014-06-09 20:23:28
230	39.06	39.25	27.06	27.13	37	2014-06-09 20:24:28
231	39.13	39.31	27.06	27.19	37.06	2014-06-09 20:25:28
232	39.13	39.38	27.06	27.19	37.13	2014-06-09 20:26:27
233	39.19	39.38	27.06	27.19	37.13	2014-06-09 20:27:27
234	39.19	39.44	27.06	27.25	37.19	2014-06-09 20:28:27
235	39.25	39.5	27.06	27.19	37.25	2014-06-09 20:29:27
236	39.31	39.5	27.06	27.19	37.31	2014-06-09 20:30:26
237	39.38	39.56	27.06	27.19	37.31	2014-06-09 20:31:26
238	39.38	39.63	27.06	27.13	37.38	2014-06-09 20:32:26
239	39.44	39.63	27.06	27.19	37.44	2014-06-09 20:33:26
240	39.44	39.69	27.06	27.19	37.44	2014-06-09 20:34:25
241	39.5	39.75	27.06	27.19	37.5	2014-06-09 20:35:25
242	39.5	39.75	27.06	27.13	37.56	2014-06-09 20:36:25
243	39.56	39.81	27.06	27.13	37.56	2014-06-09 20:37:25
244	39.56	39.88	27.06	27.19	37.63	2014-06-09 20:38:24
245	39.63	39.88	27.06	27.19	37.63	2014-06-09 20:39:24
246	39.63	39.94	27.06	27.19	37.69	2014-06-09 20:40:24
247	39.69	39.94	27.06	27.19	37.75	2014-06-09 20:41:24
248	39.69	39.94	27.06	27.19	37.75	2014-06-09 20:42:23
249	39.75	40	27.06	27.13	37.81	2014-06-09 20:43:23
250	39.75	40	27.06	27.13	37.88	2014-06-09 20:44:23
251	39.81	40.06	27	27.19	37.88	2014-06-09 20:45:22
252	39.81	40.06	27.06	27.13	37.94	2014-06-09 20:46:22
253	39.88	40.13	27.06	27.13	37.94	2014-06-09 20:47:21
254	39.88	40.13	27	27.13	38	2014-06-09 20:48:20
255	39.94	40.19	27	27.13	38.06	2014-06-09 20:49:20
256	40	40.19	27	27.19	38.06	2014-06-09 20:50:19
257	40	40.19	27	27.13	38.13	2014-06-09 20:51:18
258	40	40.25	27	27.13	38.13	2014-06-09 20:52:17
259	40.06	40.31	27	27.13	38.19	2014-06-09 20:53:17
260	40.06	40.31	27	27.13	38.19	2014-06-09 20:54:16
261	40.06	40.38	27	27.13	38.25	2014-06-09 20:55:15
262	40.06	40.38	27	27.13	38.25	2014-06-09 20:56:15
263	40.13	40.38	27	27.13	38.31	2014-06-09 20:57:14
264	40.13	40.44	27	27.13	38.31	2014-06-09 20:58:13
265	40.13	40.44	27	27.13	38.38	2014-06-09 20:59:12
266	40.19	40.5	27	27.13	38.38	2014-06-09 21:00:12
267	40.19	40.5	27	27.13	38.38	2014-06-09 21:01:11
268	40.19	40.5	27	27.13	38.44	2014-06-09 21:02:10
269	40.19	40.56	27	27.13	38.5	2014-06-09 21:03:10
270	40.25	40.56	27	27.13	38.5	2014-06-09 21:04:09
271	40.25	40.56	27	27.13	38.5	2014-06-09 21:05:08
272	40.31	40.63	27	27.13	38.56	2014-06-09 21:06:07
273	40.31	40.63	27	27.13	38.56	2014-06-09 21:07:07
274	40.31	40.63	27	27.13	38.63	2014-06-09 21:08:06
275	40.38	40.69	27	27.13	38.63	2014-06-09 21:09:05
276	40.38	40.69	27	27.13	38.63	2014-06-09 21:10:05
277	40.38	40.69	27	27.06	38.69	2014-06-09 21:11:04
278	40.38	40.75	27	27.13	38.69	2014-06-09 21:12:03
279	40.38	40.81	26.94	27.13	38.75	2014-06-09 21:13:02
280	40.44	40.75	27	27.13	38.75	2014-06-09 21:14:02
281	40.44	40.75	27	27.13	38.75	2014-06-09 21:15:01
282	40.44	40.81	27	27.13	38.81	2014-06-09 21:16:00
283	40.5	40.81	27	27.13	38.81	2014-06-09 21:17:00
284	40.5	40.81	27	27.13	38.81	2014-06-09 21:17:59
285	40.5	40.81	27	27.13	38.81	2014-06-09 21:18:58
286	40.5	40.88	27	27.13	38.88	2014-06-09 21:19:57
287	40.56	40.88	27	27.13	38.88	2014-06-09 21:20:57
288	40.56	40.88	27	27.13	38.94	2014-06-09 21:21:56
289	40.56	40.94	27	27.13	38.94	2014-06-09 21:22:55
290	40.63	40.94	27	27.13	38.94	2014-06-09 21:23:55
291	40.63	41	27	27.13	39	2014-06-09 21:24:54
292	40.69	41	27	27.06	39	2014-06-09 21:25:53
293	40.69	41	27	27.13	39	2014-06-09 21:26:52
294	40.69	41	27	27.13	39	2014-06-09 21:27:52
295	40.69	41	27	27.06	39	2014-06-09 21:28:51
296	40.69	41.06	27	27.13	39.06	2014-06-09 21:29:50
297	40.75	41.06	27	27.13	39.06	2014-06-09 21:30:50
298	40.75	41	27	27.13	39.13	2014-06-09 21:31:49
299	40.75	41.06	27	27.13	39.13	2014-06-09 21:32:48
300	40.75	41.06	27	27.13	39.13	2014-06-09 21:33:47
301	40.81	41.06	26.94	27.13	39.13	2014-06-09 21:34:47
302	40.81	41.06	26.94	27.13	39.13	2014-06-09 21:35:46
303	40.81	41.13	27	27.06	39.13	2014-06-09 21:36:45
304	40.81	41.13	26.94	27.13	39.19	2014-06-09 21:37:45
305	40.81	41.13	26.94	27.06	39.19	2014-06-09 21:38:44
306	40.88	41.13	27	27.06	39.19	2014-06-09 21:39:43
307	40.88	41.13	27	27.06	39.19	2014-06-09 21:40:42
308	40.88	41.19	26.94	27.06	39.25	2014-06-09 21:41:42
309	40.88	41.19	26.94	27.06	39.25	2014-06-09 21:42:41
310	40.88	41.25	26.94	27.06	39.25	2014-06-09 21:43:40
311	40.94	41.25	26.94	27.06	39.25	2014-06-09 21:44:40
312	40.94	41.25	26.94	27.06	39.31	2014-06-09 21:45:39
313	40.94	41.25	26.94	27.06	39.31	2014-06-09 21:46:38
314	40.94	41.25	26.94	27.06	39.31	2014-06-09 21:47:37
315	40.94	41.25	26.94	27.06	39.31	2014-06-09 21:48:37
316	40.94	41.31	26.94	27.06	39.31	2014-06-09 21:49:36
317	40.94	41.25	26.94	27.06	39.38	2014-06-09 21:50:35
318	41	41.31	26.88	27.06	39.38	2014-06-09 21:51:35
319	41	41.31	26.94	27.06	39.38	2014-06-09 21:52:34
320	41	41.31	26.94	27.06	39.38	2014-06-09 21:53:33
321	41	41.19	26.94	27.06	39.38	2014-06-09 21:54:32
322	41	41.19	26.94	27.06	39.44	2014-06-09 21:55:32
323	41	41.19	26.94	27.06	39.44	2014-06-09 21:56:31
324	41	41.19	26.94	27.06	39.44	2014-06-09 21:57:30
325	41.06	41.19	26.94	27.06	39.44	2014-06-09 21:58:30
326	41.06	41.19	26.94	27.06	39.44	2014-06-09 21:59:29
327	41.06	41.19	26.94	27.06	39.44	2014-06-09 22:00:28
328	41.06	41.19	26.94	27.06	39.44	2014-06-09 22:01:27
329	41.06	41.19	26.94	27.06	39.44	2014-06-09 22:02:27
330	41.06	41.19	26.88	27.06	39.44	2014-06-09 22:03:26
331	41.06	41.19	26.94	27.06	39.44	2014-06-09 22:04:25
332	41.06	41.19	26.88	27	39.5	2014-06-09 22:05:25
333	41.06	41.19	26.94	27.06	39.5	2014-06-09 22:06:24
334	41.06	41.25	26.88	27	39.5	2014-06-09 22:07:23
335	41.06	41.25	26.88	27	39.5	2014-06-09 22:08:22
336	41.13	41.25	26.88	27	39.5	2014-06-09 22:09:22
337	41.13	41.25	26.88	27	39.5	2014-06-09 22:10:21
338	41.13	41.19	26.88	27.06	39.5	2014-06-09 22:11:20
339	41.13	41.19	26.88	27	39.5	2014-06-09 22:12:20
340	41.13	41.19	26.88	27	39.56	2014-06-09 22:13:19
341	41.13	41.19	26.94	27	39.5	2014-06-09 22:14:18
342	41.13	41.13	26.88	27	39.5	2014-06-09 22:15:17
343	41.13	41.13	26.88	27.06	39.56	2014-06-09 22:16:17
344	41.13	41.19	26.88	27.06	39.56	2014-06-09 22:17:16
345	41.13	41.19	26.88	27.06	39.56	2014-06-09 22:18:15
346	41.13	41.19	26.88	27.06	39.56	2014-06-09 22:19:15
347	41.13	41.19	26.88	27.06	39.56	2014-06-09 22:20:14
348	41.13	41.19	26.88	27.06	39.56	2014-06-09 22:21:13
349	41.19	41.19	26.88	27.06	39.56	2014-06-09 22:22:12
350	41.19	41.19	26.88	27.06	39.56	2014-06-09 22:23:12
351	41.19	41.19	26.88	27.06	39.56	2014-06-09 22:24:11
352	41.19	41.19	26.88	27.06	39.56	2014-06-09 22:25:10
353	41.19	41.25	26.88	27.06	39.56	2014-06-09 22:26:10
354	41.19	41.19	26.88	27.06	39.56	2014-06-09 22:27:09
355	41.19	41.25	26.88	27.06	39.56	2014-06-09 22:28:08
356	41.19	41.19	26.88	27.06	39.56	2014-06-09 22:29:07
357	41.19	41.25	26.88	27.06	39.56	2014-06-09 22:30:07
358	41.25	41.19	26.88	27.06	39.56	2014-06-09 22:31:06
359	41.25	41.25	26.88	27.06	39.56	2014-06-09 22:32:05
360	41.25	41.25	26.88	27.06	39.56	2014-06-09 22:33:05
361	41.25	41.25	26.88	27.06	39.63	2014-06-09 22:34:04
362	41.25	41.25	26.88	27.06	39.63	2014-06-09 22:35:03
363	41.25	41.25	26.88	27.06	39.63	2014-06-09 22:36:02
364	41.19	41.25	26.88	27.06	39.63	2014-06-09 22:37:02
365	41.25	41.25	26.88	27.06	39.63	2014-06-09 22:38:01
366	41.25	41.25	26.88	27.06	39.63	2014-06-09 22:39:00
367	41.25	41.25	26.88	27.06	39.63	2014-06-09 22:40:00
368	41.25	41.25	26.88	27	39.63	2014-06-09 22:40:59
369	41.25	41.25	26.88	27	39.63	2014-06-09 22:41:58
370	41.25	41.25	26.88	27	39.63	2014-06-09 22:42:57
371	41.25	41.25	26.88	27	39.63	2014-06-09 22:43:57
372	41.25	41.25	26.88	27.06	39.63	2014-06-09 22:44:56
373	41.25	41.31	26.88	27	39.63	2014-06-09 22:45:55
374	41.25	41.31	26.88	27	39.63	2014-06-09 22:46:55
375	41.25	41.31	26.88	27	39.69	2014-06-09 22:47:54
376	41.25	41.31	26.88	27	39.69	2014-06-09 22:48:53
377	41.25	41.31	26.88	27	39.69	2014-06-09 22:49:52
378	41.31	41.31	26.88	27	39.69	2014-06-09 22:50:52
379	41.25	41.31	26.88	27	39.69	2014-06-09 22:51:51
380	41.31	41.31	26.88	27	39.69	2014-06-09 22:52:50
381	41.31	41.31	26.81	27	39.69	2014-06-09 22:53:50
382	41.31	41.31	26.81	27	39.69	2014-06-09 22:54:49
383	41.31	41.31	26.81	27	39.69	2014-06-09 22:55:48
384	41.31	41.31	26.81	27	39.69	2014-06-09 22:56:47
385	41.31	41.31	26.81	27	39.69	2014-06-09 22:57:47
386	41.31	41.38	26.81	27	39.69	2014-06-09 22:58:46
387	41.31	41.38	26.81	27	39.69	2014-06-09 22:59:45
388	41.31	41.31	26.81	27	39.69	2014-06-09 23:00:45
389	41.31	41.31	26.81	27	39.69	2014-06-09 23:01:44
390	41.31	41.31	26.81	27	39.69	2014-06-09 23:02:43
391	41.31	41.31	26.81	27	39.69	2014-06-09 23:03:42
392	41.31	41.31	26.81	27	39.69	2014-06-09 23:04:42
393	41.31	41.31	26.81	26.94	39.69	2014-06-09 23:05:41
394	41.31	41.38	26.81	26.94	39.69	2014-06-09 23:06:40
395	41.31	41.38	26.81	26.94	39.75	2014-06-09 23:07:40
396	41.31	41.38	26.81	27	39.75	2014-06-09 23:08:39
397	41.31	41.31	26.81	27	39.75	2014-06-09 23:09:38
398	41.38	41.38	26.81	27	39.75	2014-06-09 23:10:37
399	41.38	41.38	26.81	27	39.75	2014-06-09 23:11:37
400	41.38	41.38	26.81	27	39.75	2014-06-09 23:12:36
401	41.38	41.38	26.81	27	39.75	2014-06-09 23:13:35
402	41.38	41.38	26.81	27	39.75	2014-06-09 23:14:35
403	41.38	41.38	26.81	27	39.75	2014-06-09 23:15:34
404	41.38	41.38	26.81	27	39.75	2014-06-09 23:16:33
405	41.38	41.38	26.81	27	39.75	2014-06-09 23:17:32
406	41.38	41.38	26.81	27	39.75	2014-06-09 23:18:32
407	41.38	41.38	26.81	27	39.75	2014-06-09 23:19:31
408	41.38	41.44	26.81	26.94	39.75	2014-06-09 23:20:30
409	41.31	41.38	26.81	26.94	39.75	2014-06-09 23:21:30
410	41.31	41.38	26.81	26.94	39.75	2014-06-09 23:22:29
411	41.38	41.38	26.81	26.94	39.75	2014-06-09 23:23:28
412	41.38	41.38	26.81	26.94	39.81	2014-06-09 23:24:27
413	41.38	41.38	26.81	26.94	39.75	2014-06-09 23:25:27
414	41.38	41.38	26.81	26.94	39.75	2014-06-09 23:26:26
415	41.38	41.38	26.81	26.94	39.81	2014-06-09 23:27:25
416	41.38	41.44	26.81	26.94	39.75	2014-06-09 23:28:25
417	41.38	41.44	26.81	27	39.75	2014-06-09 23:29:24
418	41.44	41.44	26.81	26.94	39.75	2014-06-09 23:30:23
419	41.44	41.44	26.81	26.94	39.81	2014-06-09 23:31:22
420	41.44	41.38	26.75	26.94	39.75	2014-06-09 23:32:22
421	41.44	41.38	26.81	26.94	39.75	2014-06-09 23:33:21
422	41.38	41.44	26.75	26.94	39.75	2014-06-09 23:34:20
423	41.38	41.44	26.75	26.94	39.81	2014-06-09 23:35:20
424	41.38	41.44	26.75	26.94	39.81	2014-06-09 23:36:19
425	41.38	41.44	26.75	26.94	39.81	2014-06-09 23:37:18
426	41.38	41.44	26.75	26.94	39.81	2014-06-09 23:38:17
427	41.38	41.44	26.75	26.94	39.81	2014-06-09 23:39:17
428	41.38	41.44	26.75	26.94	39.81	2014-06-09 23:40:16
429	41.38	41.38	26.75	26.94	39.81	2014-06-09 23:41:15
430	41.38	41.44	26.81	26.94	39.81	2014-06-09 23:42:15
431	41.44	41.44	26.75	26.94	39.81	2014-06-09 23:43:14
432	41.38	41.44	26.75	26.94	39.81	2014-06-09 23:44:13
433	41.38	41.44	26.75	26.94	39.81	2014-06-09 23:45:12
434	41.44	41.44	26.75	26.94	39.81	2014-06-09 23:46:12
435	41.44	41.44	26.75	26.88	39.81	2014-06-09 23:47:11
436	41.38	41.44	26.75	26.94	39.81	2014-06-09 23:48:10
437	41.44	41.44	26.75	26.94	39.81	2014-06-09 23:49:10
438	41.38	41.44	26.69	26.94	39.81	2014-06-09 23:50:09
439	41.38	41.44	26.75	26.94	39.81	2014-06-09 23:51:08
440	41.38	41.44	26.75	26.94	39.81	2014-06-09 23:52:07
441	41.44	41.44	26.75	26.88	39.81	2014-06-09 23:53:07
442	41.44	41.44	26.75	26.94	39.81	2014-06-09 23:54:06
443	41.44	41.44	26.75	26.88	39.81	2014-06-09 23:55:05
444	41.44	41.44	26.75	26.94	39.81	2014-06-09 23:56:05
445	41.44	41.44	26.75	26.88	39.81	2014-06-09 23:57:04
446	41.38	41.44	26.75	26.94	39.81	2014-06-09 23:58:03
447	41.38	41.44	26.75	26.94	39.81	2014-06-09 23:59:02
448	41.44	41.44	26.75	26.94	39.81	2014-06-10 00:00:02
449	41.44	41.44	26.75	26.94	39.81	2014-06-10 00:01:01
450	41.44	41.44	26.81	26.88	39.81	2014-06-10 00:02:00
451	41.44	41.44	26.75	26.94	39.81	2014-06-10 00:03:00
452	41.44	41.44	26.75	26.94	39.81	2014-06-10 00:03:59
453	41.44	41.44	26.75	26.94	39.81	2014-06-10 00:04:58
454	41.44	41.44	26.75	26.94	39.81	2014-06-10 00:05:57
455	41.44	41.44	26.75	26.88	39.81	2014-06-10 00:06:57
456	41.44	41.44	26.75	26.94	39.81	2014-06-10 00:07:56
457	41.44	41.44	26.75	26.88	39.81	2014-06-10 00:08:55
458	41.44	41.44	26.75	26.88	39.81	2014-06-10 00:09:55
459	41.44	41.44	26.75	26.88	39.81	2014-06-10 00:10:54
460	41.44	41.44	26.75	26.88	39.81	2014-06-10 00:11:53
461	41.44	41.44	26.75	26.88	39.88	2014-06-10 00:12:52
462	41.44	41.44	26.75	26.94	39.81	2014-06-10 00:13:52
463	41.44	41.44	26.75	26.88	39.81	2014-06-10 00:14:51
464	41.44	41.44	26.75	26.88	39.81	2014-06-10 00:15:50
465	41.44	41.44	26.69	26.88	39.81	2014-06-10 00:16:50
466	41.44	41.44	26.75	26.88	39.81	2014-06-10 00:17:49
467	41.44	41.5	26.75	26.88	39.81	2014-06-10 00:18:48
468	41.44	41.44	26.69	26.88	39.81	2014-06-10 00:19:47
469	41.44	41.44	26.69	26.88	39.81	2014-06-10 00:20:47
470	41.44	41.44	26.69	26.88	39.81	2014-06-10 00:21:46
471	41.44	41.44	26.69	26.88	39.81	2014-06-10 00:22:45
472	41.44	41.44	26.69	26.88	39.88	2014-06-10 00:23:45
473	41.44	41.5	26.75	26.88	39.81	2014-06-10 00:24:44
474	41.44	41.5	26.75	26.88	39.88	2014-06-10 00:25:43
475	41.44	41.44	26.69	26.88	39.81	2014-06-10 00:26:42
476	41.44	41.44	26.69	26.88	39.88	2014-06-10 00:27:42
477	41.44	41.44	26.69	26.88	39.88	2014-06-10 00:28:41
478	41.44	41.5	26.69	26.88	39.81	2014-06-10 00:29:40
479	41.44	41.44	26.69	26.88	39.81	2014-06-10 00:30:40
480	41.44	41.44	26.69	26.88	39.81	2014-06-10 00:31:39
481	41.44	41.44	26.69	26.88	39.81	2014-06-10 00:32:38
482	41.44	41.44	26.69	26.81	39.81	2014-06-10 00:33:37
483	41.44	41.44	26.69	26.81	39.81	2014-06-10 00:34:37
484	41.44	41.44	26.69	26.88	39.88	2014-06-10 00:35:36
485	41.44	41.5	26.69	26.81	39.88	2014-06-10 00:36:35
486	41.44	41.44	26.69	26.88	39.88	2014-06-10 00:37:35
487	41.44	41.44	26.69	26.88	39.88	2014-06-10 00:38:34
488	41.44	41.44	26.69	26.88	39.81	2014-06-10 00:39:33
489	41.44	41.44	26.69	26.88	39.81	2014-06-10 00:40:32
490	41.44	41.44	26.69	26.81	39.81	2014-06-10 00:41:32
491	41.44	41.44	26.69	26.88	39.81	2014-06-10 00:42:31
492	41.44	41.5	26.69	26.81	39.81	2014-06-10 00:43:30
493	41.44	41.5	26.69	26.81	39.81	2014-06-10 00:44:30
494	41.44	41.5	26.69	26.81	39.81	2014-06-10 00:45:29
495	41.44	41.44	26.63	26.81	39.81	2014-06-10 00:46:28
496	41.44	41.44	26.69	26.81	39.81	2014-06-10 00:47:27
497	41.44	41.44	26.69	26.88	39.88	2014-06-10 00:48:27
498	41.44	41.5	26.69	26.88	39.81	2014-06-10 00:49:26
499	41.44	41.44	26.69	26.88	39.81	2014-06-10 00:50:25
500	41.44	41.44	26.69	26.81	39.81	2014-06-10 00:51:25
501	41.44	41.44	26.69	26.88	39.81	2014-06-10 00:52:24
502	41.44	41.44	26.69	26.88	39.81	2014-06-10 00:53:23
503	41.5	41.44	26.69	26.88	39.88	2014-06-10 00:54:22
504	41.44	41.44	26.69	26.88	39.81	2014-06-10 00:55:22
505	41.44	41.44	26.69	26.88	39.88	2014-06-10 00:56:21
506	41.5	41.44	26.69	26.88	39.88	2014-06-10 00:57:20
507	41.5	41.44	26.69	26.88	39.88	2014-06-10 00:58:20
508	41.44	41.44	26.69	26.81	39.88	2014-06-10 00:59:19
509	41.44	41.5	26.69	26.88	39.81	2014-06-10 01:00:18
510	41.44	41.5	26.69	26.88	39.81	2014-06-10 01:01:17
511	41.44	41.5	26.69	26.88	39.88	2014-06-10 01:02:17
512	41.44	41.44	26.69	26.81	39.81	2014-06-10 01:03:16
513	41.44	41.44	26.69	26.81	39.88	2014-06-10 01:04:15
514	41.44	41.44	26.69	26.88	39.81	2014-06-10 01:05:15
515	41.44	41.44	26.69	26.81	39.88	2014-06-10 01:06:14
516	41.5	41.44	26.69	26.81	39.88	2014-06-10 01:07:13
517	41.5	41.44	26.69	26.81	39.88	2014-06-10 01:08:12
518	41.5	41.44	26.69	26.81	39.81	2014-06-10 01:09:12
519	41.44	41.44	26.63	26.81	39.88	2014-06-10 01:10:11
520	41.5	41.44	26.63	26.81	39.88	2014-06-10 01:11:10
521	41.5	41.44	26.63	26.81	39.81	2014-06-10 01:12:10
522	41.5	41.5	26.69	26.81	39.81	2014-06-10 01:13:09
523	41.5	41.44	26.63	26.81	39.88	2014-06-10 01:14:08
524	41.44	41.5	26.63	26.81	39.81	2014-06-10 01:15:07
525	41.44	41.44	26.63	26.81	39.81	2014-06-10 01:16:07
526	41.44	41.5	26.63	26.81	39.81	2014-06-10 01:17:06
527	41.44	41.5	26.63	26.81	39.81	2014-06-10 01:18:05
528	41.44	41.5	26.63	26.81	39.81	2014-06-10 01:19:05
529	41.44	41.44	26.63	26.81	39.81	2014-06-10 01:20:04
530	41.44	41.5	26.63	26.81	39.81	2014-06-10 01:21:03
531	41.5	41.5	26.63	26.81	39.88	2014-06-10 01:22:02
532	41.5	41.5	26.63	26.81	39.81	2014-06-10 01:23:02
533	41.5	41.5	26.63	26.81	39.81	2014-06-10 01:24:01
534	41.44	41.5	26.63	26.81	39.81	2014-06-10 01:25:00
535	41.44	41.5	26.63	26.81	39.81	2014-06-10 01:26:00
536	41.44	41.44	26.63	26.81	39.81	2014-06-10 01:26:59
537	41.44	41.5	26.63	26.75	39.88	2014-06-10 01:27:58
538	41.44	41.5	26.63	26.81	39.81	2014-06-10 01:28:57
539	41.44	41.5	26.63	26.81	39.81	2014-06-10 01:29:57
540	41.5	41.5	26.63	26.75	39.88	2014-06-10 01:30:56
541	41.44	41.5	26.63	26.75	39.88	2014-06-10 01:31:55
542	41.44	41.5	26.63	26.75	39.81	2014-06-10 01:32:55
543	41.44	41.44	26.63	26.75	39.88	2014-06-10 01:33:54
544	41.5	41.44	26.56	26.75	39.88	2014-06-10 01:34:53
545	41.44	41.44	26.63	26.75	39.88	2014-06-10 01:35:52
546	41.44	41.44	26.63	26.75	39.81	2014-06-10 01:36:52
547	41.44	41.5	26.56	26.75	39.88	2014-06-10 01:37:51
548	41.44	41.5	26.63	26.75	39.81	2014-06-10 01:38:50
549	41.44	41.44	26.56	26.75	39.88	2014-06-10 01:39:50
550	41.44	41.5	26.63	26.75	39.88	2014-06-10 01:40:49
551	41.44	41.5	26.63	26.75	39.81	2014-06-10 01:41:48
552	41.44	41.5	26.63	26.81	39.88	2014-06-10 01:42:47
553	41.5	41.44	26.63	26.75	39.81	2014-06-10 01:43:47
554	41.44	41.44	26.63	26.75	39.81	2014-06-10 01:44:46
555	41.44	41.44	26.63	26.81	39.88	2014-06-10 01:45:45
556	41.44	41.5	26.63	26.81	39.88	2014-06-10 01:46:45
557	41.44	41.44	26.63	26.81	39.88	2014-06-10 01:47:44
558	41.44	41.5	26.63	26.81	39.88	2014-06-10 01:48:43
559	41.44	41.44	26.63	26.81	39.81	2014-06-10 01:49:42
560	41.44	41.5	26.63	26.75	39.88	2014-06-10 01:50:42
561	41.44	41.5	26.63	26.75	39.88	2014-06-10 01:51:41
562	41.44	41.5	26.63	26.75	39.81	2014-06-10 01:52:40
563	41.44	41.5	26.63	26.75	39.81	2014-06-10 01:53:40
564	41.44	41.5	26.63	26.75	39.81	2014-06-10 01:54:39
565	41.44	41.44	26.63	26.75	39.81	2014-06-10 01:55:38
566	41.44	41.44	26.63	26.75	39.81	2014-06-10 01:56:37
567	41.5	41.44	26.63	26.75	39.81	2014-06-10 01:57:37
568	41.44	41.44	26.63	26.69	39.81	2014-06-10 01:58:36
569	41.44	41.44	26.63	26.75	39.81	2014-06-10 01:59:35
570	41.44	41.44	26.63	26.75	39.81	2014-06-10 02:00:35
571	41.44	41.44	26.63	26.75	39.81	2014-06-10 02:01:34
572	41.44	41.44	26.63	26.75	39.81	2014-06-10 02:02:33
573	41.44	41.44	26.63	26.75	39.81	2014-06-10 02:03:32
574	41.44	41.44	26.63	26.75	39.81	2014-06-10 02:04:32
575	41.44	41.44	26.63	26.75	39.81	2014-06-10 02:05:31
576	41.44	41.44	26.63	26.75	39.81	2014-06-10 02:06:30
577	41.44	41.44	26.56	26.75	39.81	2014-06-10 02:07:30
578	41.44	41.5	26.56	26.69	39.81	2014-06-10 02:08:29
579	41.44	41.44	26.56	26.69	39.81	2014-06-10 02:09:28
580	41.44	41.44	26.56	26.75	39.81	2014-06-10 02:10:27
581	41.44	41.5	26.56	26.75	39.81	2014-06-10 02:11:27
582	41.44	41.44	26.63	26.75	39.81	2014-06-10 02:12:26
583	41.44	41.44	26.56	26.69	39.81	2014-06-10 02:13:25
584	41.44	41.5	26.56	26.75	39.81	2014-06-10 02:14:25
585	41.44	41.44	26.63	26.69	39.81	2014-06-10 02:15:24
586	41.44	41.44	26.63	26.75	39.81	2014-06-10 02:16:23
587	41.44	41.44	26.56	26.69	39.81	2014-06-10 02:17:22
588	41.44	41.44	26.56	26.69	39.81	2014-06-10 02:18:22
589	41.44	41.44	26.56	26.69	39.81	2014-06-10 02:19:21
590	41.44	41.44	26.56	26.69	39.81	2014-06-10 02:20:20
591	41.44	41.44	26.56	26.69	39.81	2014-06-10 02:21:20
592	41.44	41.44	26.56	26.69	39.81	2014-06-10 02:22:19
593	41.44	41.44	26.56	26.69	39.81	2014-06-10 02:23:18
594	41.44	41.44	26.56	26.69	39.81	2014-06-10 02:24:17
595	41.44	41.44	26.56	26.75	39.81	2014-06-10 02:25:17
596	41.44	41.44	26.56	26.69	39.81	2014-06-10 02:26:16
597	41.44	41.44	26.5	26.69	39.81	2014-06-10 02:27:15
598	41.44	41.44	26.56	26.69	39.81	2014-06-10 02:28:15
599	41.44	41.44	26.56	26.69	39.81	2014-06-10 02:29:14
600	41.44	41.44	26.56	26.69	39.81	2014-06-10 02:30:13
601	41.44	41.44	26.5	26.69	39.81	2014-06-10 02:31:12
602	41.44	41.44	26.56	26.69	39.81	2014-06-10 02:32:12
603	41.44	41.44	26.5	26.69	39.81	2014-06-10 02:33:11
604	41.44	41.44	26.56	26.69	39.81	2014-06-10 02:34:10
605	41.38	41.44	26.56	26.69	39.81	2014-06-10 02:35:10
606	41.44	41.44	26.56	26.69	39.81	2014-06-10 02:36:09
607	41.44	41.44	26.56	26.69	39.81	2014-06-10 02:37:08
608	41.44	41.44	26.56	26.75	39.81	2014-06-10 02:38:07
609	41.44	41.44	26.5	26.69	39.81	2014-06-10 02:39:07
610	41.44	41.44	26.5	26.75	39.81	2014-06-10 02:40:06
611	41.44	41.44	26.56	26.75	39.81	2014-06-10 02:41:05
612	41.44	41.44	26.5	26.75	39.81	2014-06-10 02:42:05
613	41.44	41.44	26.56	26.69	39.81	2014-06-10 02:43:04
614	41.44	41.44	26.56	26.69	39.81	2014-06-10 02:44:03
615	41.44	41.44	26.5	26.69	39.81	2014-06-10 02:45:02
616	41.44	41.38	26.56	26.69	39.81	2014-06-10 02:46:02
617	41.44	41.44	26.56	26.69	39.81	2014-06-10 02:47:01
618	41.44	41.44	26.5	26.69	39.81	2014-06-10 02:48:00
619	41.44	41.44	26.56	26.69	39.81	2014-06-10 02:49:00
620	41.38	41.44	26.56	26.69	39.81	2014-06-10 02:49:59
621	41.38	41.44	26.56	26.69	39.81	2014-06-10 02:50:58
622	41.38	41.44	26.56	26.69	39.81	2014-06-10 02:51:57
623	41.44	41.44	26.56	26.69	39.81	2014-06-10 02:52:57
624	41.44	41.44	26.56	26.63	39.81	2014-06-10 02:53:56
625	41.44	41.44	26.56	26.69	39.75	2014-06-10 02:54:55
626	41.38	41.44	26.56	26.69	39.81	2014-06-10 02:55:55
627	41.44	41.44	26.56	26.69	39.81	2014-06-10 02:56:54
628	41.44	41.44	26.5	26.69	39.81	2014-06-10 02:57:53
629	41.44	41.44	26.5	26.69	39.75	2014-06-10 02:58:52
630	41.44	41.44	26.5	26.69	39.81	2014-06-10 02:59:52
631	41.38	41.44	26.5	26.69	39.81	2014-06-10 03:00:51
632	41.44	41.44	26.56	26.63	39.75	2014-06-10 03:01:50
633	41.44	41.44	26.5	26.63	39.75	2014-06-10 03:02:50
634	41.44	41.44	26.5	26.63	39.81	2014-06-10 03:03:49
635	41.44	41.44	26.5	26.69	39.75	2014-06-10 03:04:48
636	41.44	41.44	26.5	26.63	39.75	2014-06-10 03:05:47
637	41.44	41.44	26.5	26.63	39.75	2014-06-10 03:06:47
638	41.44	41.44	26.5	26.69	39.81	2014-06-10 03:07:46
639	41.38	41.44	26.5	26.63	39.75	2014-06-10 03:08:45
640	41.38	41.44	26.56	26.63	39.81	2014-06-10 03:09:45
641	41.38	41.44	26.5	26.63	39.81	2014-06-10 03:10:44
642	41.44	41.44	26.5	26.63	39.81	2014-06-10 03:11:43
643	41.44	41.44	26.5	26.63	39.81	2014-06-10 03:12:42
644	41.38	41.44	26.5	26.63	39.75	2014-06-10 03:13:42
645	41.44	41.44	26.5	26.63	39.81	2014-06-10 03:14:41
646	41.44	41.44	26.5	26.63	39.81	2014-06-10 03:15:40
647	41.44	41.44	26.5	26.63	39.81	2014-06-10 03:16:40
648	41.44	41.44	26.5	26.63	39.81	2014-06-10 03:17:39
649	41.38	41.44	26.5	26.63	39.81	2014-06-10 03:18:38
650	41.38	41.44	26.44	26.63	39.75	2014-06-10 03:19:37
651	41.38	41.44	26.5	26.63	39.75	2014-06-10 03:20:37
652	41.38	41.44	26.5	26.63	39.75	2014-06-10 03:21:36
653	41.38	41.44	26.5	26.69	39.75	2014-06-10 03:22:35
654	41.44	41.44	26.5	26.63	39.81	2014-06-10 03:23:35
655	41.38	41.44	26.5	26.63	39.75	2014-06-10 03:24:34
656	41.38	41.38	26.5	26.63	39.81	2014-06-10 03:25:33
657	41.38	41.38	26.5	26.63	39.81	2014-06-10 03:26:32
658	41.38	41.44	26.44	26.63	39.81	2014-06-10 03:27:32
659	41.38	41.44	26.5	26.63	39.75	2014-06-10 03:28:31
660	41.38	41.44	26.5	26.63	39.81	2014-06-10 03:29:30
661	41.38	41.38	26.44	26.63	39.75	2014-06-10 03:30:30
662	41.38	41.44	26.5	26.63	39.75	2014-06-10 03:31:29
663	41.38	41.38	26.5	26.69	39.75	2014-06-10 03:32:28
664	41.38	41.38	26.5	26.69	39.75	2014-06-10 03:33:27
665	41.38	41.38	26.5	26.69	39.75	2014-06-10 03:34:27
666	41.44	41.38	26.5	26.63	39.75	2014-06-10 03:35:26
667	41.38	41.38	26.5	26.63	39.75	2014-06-10 03:36:25
668	41.38	41.38	26.5	26.63	39.75	2014-06-10 03:37:25
669	41.38	41.38	26.5	26.63	39.75	2014-06-10 03:38:24
670	41.38	41.44	26.5	26.63	39.75	2014-06-10 03:39:23
671	41.38	41.38	26.44	26.63	39.75	2014-06-10 03:40:22
672	41.38	41.38	26.44	26.63	39.75	2014-06-10 03:41:22
673	41.44	41.38	26.5	26.63	39.75	2014-06-10 03:42:21
674	41.38	41.44	26.5	26.63	39.75	2014-06-10 03:43:20
675	41.38	41.38	26.5	26.63	39.75	2014-06-10 03:44:20
676	41.38	41.38	26.5	26.63	39.75	2014-06-10 03:45:19
677	41.38	41.38	26.44	26.63	39.75	2014-06-10 03:46:18
678	41.38	41.38	26.5	26.63	39.75	2014-06-10 03:47:17
679	41.38	41.38	26.44	26.63	39.75	2014-06-10 03:48:17
680	41.38	41.38	26.5	26.63	39.75	2014-06-10 03:49:16
681	41.38	41.38	26.5	26.63	39.75	2014-06-10 03:50:15
682	41.38	41.44	26.5	26.56	39.75	2014-06-10 03:51:15
683	41.38	41.44	26.44	26.56	39.75	2014-06-10 03:52:14
684	41.38	41.44	26.44	26.56	39.75	2014-06-10 03:53:13
685	41.38	41.38	26.5	26.63	39.75	2014-06-10 03:54:12
686	41.38	41.38	26.5	26.56	39.75	2014-06-10 03:55:12
687	41.38	41.38	26.44	26.63	39.75	2014-06-10 03:56:11
688	41.38	41.38	26.44	26.56	39.75	2014-06-10 03:57:10
689	41.38	41.38	26.44	26.56	39.75	2014-06-10 03:58:09
690	41.38	41.38	26.5	26.56	39.75	2014-06-10 03:59:09
691	41.38	41.38	26.5	26.56	39.75	2014-06-10 04:00:08
692	41.38	41.31	26.44	26.56	39.75	2014-06-10 04:01:07
693	41.38	41.38	26.44	26.56	39.75	2014-06-10 04:02:07
694	41.38	41.38	26.44	26.56	39.75	2014-06-10 04:03:06
695	41.38	41.38	26.44	26.56	39.75	2014-06-10 04:04:05
696	41.38	41.38	26.44	26.63	39.75	2014-06-10 04:05:04
697	41.38	41.38	26.44	26.56	39.75	2014-06-10 04:06:04
698	41.38	41.44	26.44	26.56	39.69	2014-06-10 04:07:03
699	41.38	41.38	26.44	26.56	39.75	2014-06-10 04:08:02
700	41.38	41.38	26.44	26.56	39.75	2014-06-10 04:09:02
701	41.38	41.31	26.44	26.56	39.75	2014-06-10 04:10:01
702	41.38	41.31	26.44	26.56	39.75	2014-06-10 04:11:00
703	41.38	41.31	26.44	26.56	39.75	2014-06-10 04:11:59
704	41.38	41.38	26.44	26.56	39.75	2014-06-10 04:12:59
705	41.38	41.38	26.44	26.56	39.75	2014-06-10 04:13:58
706	41.31	41.38	26.44	26.56	39.75	2014-06-10 04:14:57
707	41.31	41.38	26.38	26.56	39.75	2014-06-10 04:15:57
708	41.38	41.38	26.38	26.56	39.75	2014-06-10 04:16:56
709	41.38	41.38	26.38	26.56	39.75	2014-06-10 04:17:55
710	41.31	41.38	26.38	26.56	39.75	2014-06-10 04:18:54
711	41.31	41.38	26.44	26.56	39.75	2014-06-10 04:19:54
712	41.31	41.38	26.38	26.56	39.75	2014-06-10 04:20:53
713	41.31	41.38	26.38	26.56	39.75	2014-06-10 04:21:52
714	41.31	41.38	26.38	26.56	39.75	2014-06-10 04:22:52
715	41.38	41.38	26.38	26.56	39.75	2014-06-10 04:23:51
716	41.38	41.38	26.38	26.56	39.69	2014-06-10 04:24:50
717	41.38	41.38	26.38	26.56	39.75	2014-06-10 04:25:49
718	41.31	41.38	26.38	26.56	39.75	2014-06-10 04:26:49
719	41.38	41.38	26.38	26.63	39.69	2014-06-10 04:27:48
720	41.31	41.31	26.38	26.56	39.69	2014-06-10 04:28:47
721	41.31	41.31	26.38	26.56	39.69	2014-06-10 04:29:47
722	41.31	41.31	26.38	26.56	39.69	2014-06-10 04:30:46
723	41.31	41.38	26.38	26.56	39.69	2014-06-10 04:31:45
724	41.31	41.31	26.38	26.5	39.69	2014-06-10 04:32:44
725	41.31	41.31	26.38	26.56	39.75	2014-06-10 04:33:44
726	41.31	41.38	26.44	26.5	39.69	2014-06-10 04:34:43
727	41.31	41.31	26.38	26.56	39.69	2014-06-10 04:35:42
728	41.31	41.38	26.38	26.5	39.69	2014-06-10 04:36:42
729	41.38	41.31	26.38	26.5	39.69	2014-06-10 04:37:41
730	41.31	41.38	26.38	26.5	39.69	2014-06-10 04:38:40
731	41.31	41.38	26.38	26.5	39.69	2014-06-10 04:39:39
732	41.31	41.38	26.38	26.5	39.69	2014-06-10 04:40:39
733	41.31	41.38	26.38	26.5	39.69	2014-06-10 04:41:38
734	41.31	41.31	26.38	26.5	39.69	2014-06-10 04:42:37
735	41.31	41.38	26.38	26.5	39.69	2014-06-10 04:43:37
736	41.31	41.38	26.38	26.5	39.75	2014-06-10 04:44:36
737	41.31	41.38	26.38	26.5	39.69	2014-06-10 04:45:35
738	41.31	41.38	26.38	26.5	39.69	2014-06-10 04:46:34
739	41.31	41.38	26.38	26.5	39.69	2014-06-10 04:47:34
740	41.31	41.38	26.38	26.5	39.69	2014-06-10 04:48:33
741	41.31	41.38	26.38	26.5	39.69	2014-06-10 04:49:32
742	41.31	41.38	26.38	26.5	39.69	2014-06-10 04:50:32
743	41.31	41.31	26.38	26.5	39.69	2014-06-10 04:51:31
744	41.31	41.31	26.38	26.5	39.69	2014-06-10 04:52:30
745	41.31	41.31	26.38	26.5	39.69	2014-06-10 04:53:29
746	41.31	41.31	26.38	26.5	39.69	2014-06-10 04:54:29
747	41.31	41.31	26.38	26.5	39.69	2014-06-10 04:55:28
748	41.25	41.31	26.38	26.5	39.69	2014-06-10 04:56:27
749	41.31	41.38	26.38	26.5	39.69	2014-06-10 04:57:27
750	41.25	41.31	26.38	26.5	39.69	2014-06-10 04:58:26
751	41.25	41.31	26.38	26.5	39.69	2014-06-10 04:59:25
752	41.31	41.31	26.38	26.5	39.69	2014-06-10 05:00:24
753	41.31	41.31	26.38	26.5	39.69	2014-06-10 05:01:24
754	41.31	41.31	26.38	26.5	39.69	2014-06-10 05:02:23
755	41.31	41.31	26.38	26.5	39.69	2014-06-10 05:03:22
756	41.31	41.31	26.38	26.5	39.69	2014-06-10 05:04:22
757	41.31	41.31	26.38	26.5	39.69	2014-06-10 05:05:21
758	41.31	41.31	26.38	26.5	39.69	2014-06-10 05:06:20
759	41.31	41.31	26.31	26.5	39.69	2014-06-10 05:07:19
760	41.31	41.31	26.31	26.5	39.69	2014-06-10 05:08:19
761	41.31	41.31	26.38	26.5	39.69	2014-06-10 05:09:18
762	41.31	41.31	26.38	26.5	39.69	2014-06-10 05:10:17
763	41.31	41.31	26.31	26.5	39.69	2014-06-10 05:11:17
764	41.31	41.31	26.38	26.5	39.69	2014-06-10 05:12:16
765	41.31	41.38	26.38	26.5	39.69	2014-06-10 05:13:15
766	41.31	41.31	26.31	26.5	39.69	2014-06-10 05:14:14
767	41.31	41.31	26.38	26.5	39.69	2014-06-10 05:15:14
768	41.31	41.31	26.38	26.5	39.69	2014-06-10 05:16:13
769	41.31	41.31	26.38	26.5	39.69	2014-06-10 05:17:12
770	41.31	41.31	26.38	26.5	39.69	2014-06-10 05:18:12
771	41.31	41.31	26.31	26.5	39.69	2014-06-10 05:19:11
772	41.31	41.31	26.38	26.5	39.69	2014-06-10 05:20:10
773	41.31	41.31	26.31	26.5	39.63	2014-06-10 05:21:09
774	41.31	41.31	26.38	26.5	39.69	2014-06-10 05:22:09
775	41.31	41.31	26.31	26.5	39.69	2014-06-10 05:23:08
776	41.31	41.31	26.38	26.5	39.69	2014-06-10 05:24:07
777	41.25	41.31	26.31	26.5	39.69	2014-06-10 05:25:07
778	41.31	41.31	26.38	26.44	39.69	2014-06-10 05:26:06
779	41.31	41.31	26.31	26.44	39.69	2014-06-10 05:27:05
780	41.31	41.31	26.31	26.44	39.69	2014-06-10 05:28:04
781	41.25	41.31	26.31	26.5	39.69	2014-06-10 05:29:04
782	41.25	41.31	26.31	26.44	39.69	2014-06-10 05:30:03
783	41.25	41.25	26.31	26.44	39.63	2014-06-10 05:31:02
784	41.25	41.25	26.38	26.44	39.69	2014-06-10 05:32:02
785	41.25	41.31	26.38	26.44	39.63	2014-06-10 05:33:01
786	41.25	41.31	26.31	26.44	39.69	2014-06-10 05:34:00
787	41.31	41.31	26.31	26.44	39.69	2014-06-10 05:34:59
788	41.25	41.31	26.31	26.44	39.63	2014-06-10 05:35:59
789	41.31	41.31	26.31	26.44	39.69	2014-06-10 05:36:58
790	41.25	41.31	26.38	26.44	39.63	2014-06-10 05:37:57
791	41.25	41.31	26.31	26.44	39.63	2014-06-10 05:38:57
792	41.25	41.31	26.31	26.44	39.63	2014-06-10 05:39:56
793	41.31	41.31	26.31	26.44	39.63	2014-06-10 05:40:55
794	41.31	41.31	26.31	26.44	39.69	2014-06-10 05:41:54
795	41.25	41.31	26.31	26.44	39.63	2014-06-10 05:42:54
796	41.25	41.31	26.31	26.44	39.69	2014-06-10 05:43:53
797	41.25	41.31	26.31	26.44	39.63	2014-06-10 05:44:52
798	41.25	41.31	26.31	26.44	39.63	2014-06-10 05:45:52
799	41.25	41.31	26.31	26.44	39.63	2014-06-10 05:46:51
800	41.31	41.31	26.31	26.44	39.63	2014-06-10 05:47:50
801	41.31	41.31	26.31	26.44	39.63	2014-06-10 05:48:49
802	41.25	41.31	26.31	26.44	39.63	2014-06-10 05:49:49
803	41.25	41.31	26.31	26.44	39.63	2014-06-10 05:50:48
804	41.25	41.31	26.31	26.44	39.63	2014-06-10 05:51:47
805	41.25	41.31	26.31	26.44	39.69	2014-06-10 05:52:47
806	41.25	41.31	26.31	26.44	39.63	2014-06-10 05:53:46
807	41.25	41.31	26.31	26.44	39.63	2014-06-10 05:54:45
808	41.25	41.31	26.38	26.44	39.63	2014-06-10 05:55:44
809	41.25	41.31	26.31	26.44	39.63	2014-06-10 05:56:44
810	41.25	41.25	26.31	26.44	39.63	2014-06-10 05:57:43
811	41.25	41.31	26.31	26.44	39.63	2014-06-10 05:58:42
812	41.25	41.25	26.31	26.44	39.63	2014-06-10 05:59:42
813	41.25	41.25	26.31	26.44	39.63	2014-06-10 06:00:41
814	41.25	41.25	26.25	26.38	39.63	2014-06-10 06:01:40
815	41.25	41.25	26.31	26.44	39.63	2014-06-10 06:02:39
816	41.25	41.25	26.25	26.44	39.63	2014-06-10 06:03:39
817	41.25	41.25	26.25	26.44	39.63	2014-06-10 06:04:38
818	41.25	41.25	26.25	26.44	39.63	2014-06-10 06:05:37
819	41.25	41.25	26.31	26.44	39.63	2014-06-10 06:06:37
820	41.25	41.25	26.31	26.5	39.63	2014-06-10 06:07:36
821	41.25	41.25	26.31	26.5	39.63	2014-06-10 06:08:35
822	41.25	41.31	26.31	26.5	39.63	2014-06-10 06:09:34
823	41.25	41.25	26.31	26.5	39.63	2014-06-10 06:10:34
824	41.25	41.25	26.31	26.56	39.63	2014-06-10 06:11:33
825	41.19	41.25	26.31	26.5	39.63	2014-06-10 06:12:32
826	41.25	41.25	26.31	26.5	39.63	2014-06-10 06:13:32
827	41.25	41.25	26.31	26.5	39.63	2014-06-10 06:14:31
828	41.25	41.25	26.31	26.44	39.63	2014-06-10 06:15:30
829	41.25	41.25	26.31	26.44	39.63	2014-06-10 06:16:29
830	41.25	41.25	26.31	26.44	39.63	2014-06-10 06:17:29
831	41.25	41.25	26.31	26.44	39.63	2014-06-10 06:18:28
832	41.25	41.25	26.31	26.44	39.63	2014-06-10 06:19:27
833	41.25	41.25	26.31	26.44	39.63	2014-06-10 06:20:27
834	41.25	41.25	26.31	26.44	39.63	2014-06-10 06:21:26
835	41.25	41.25	26.31	26.44	39.63	2014-06-10 06:22:25
836	41.25	41.25	26.25	26.44	39.63	2014-06-10 06:23:24
837	41.25	41.25	26.25	26.38	39.63	2014-06-10 06:24:24
838	41.25	41.25	26.25	26.38	39.63	2014-06-10 06:25:23
839	41.19	41.25	26.25	26.38	39.63	2014-06-10 06:26:22
840	41.19	41.31	26.25	26.38	39.63	2014-06-10 06:27:22
841	41.19	41.25	26.31	26.38	39.63	2014-06-10 06:28:21
842	41.19	41.25	26.25	26.44	39.56	2014-06-10 06:29:20
843	41.25	41.25	26.31	26.38	39.63	2014-06-10 06:30:19
844	41.25	41.25	26.25	26.38	39.56	2014-06-10 06:31:19
845	41.25	41.25	26.31	26.44	39.56	2014-06-10 06:32:18
846	41.25	41.25	26.25	26.38	39.63	2014-06-10 06:33:17
847	41.25	41.25	26.25	26.38	39.56	2014-06-10 06:34:17
848	41.25	41.25	26.25	26.38	39.63	2014-06-10 06:35:16
849	41.25	41.25	26.25	26.38	39.63	2014-06-10 06:36:15
850	41.25	41.31	26.25	26.38	39.63	2014-06-10 06:37:14
851	41.25	41.25	26.25	26.38	39.56	2014-06-10 06:38:14
852	41.19	41.25	26.31	26.38	39.63	2014-06-10 06:39:13
853	41.19	41.25	26.25	26.38	39.63	2014-06-10 06:40:12
854	41.19	41.25	26.25	26.38	39.63	2014-06-10 06:41:12
855	41.19	41.25	26.25	26.38	39.56	2014-06-10 06:42:11
856	41.25	41.25	26.25	26.38	39.56	2014-06-10 06:43:10
857	41.19	41.25	26.25	26.38	39.63	2014-06-10 06:44:09
858	41.19	41.19	26.31	26.38	39.56	2014-06-10 06:45:09
859	41.25	41.25	26.31	26.38	39.56	2014-06-10 06:46:08
860	41.19	41.25	26.25	26.38	39.56	2014-06-10 06:47:07
861	41.25	41.25	26.25	26.38	39.56	2014-06-10 06:48:07
862	41.19	41.25	26.25	26.38	39.56	2014-06-10 06:49:06
863	41.19	41.19	26.25	26.38	39.56	2014-06-10 06:50:05
864	41.19	41.25	26.25	26.38	39.63	2014-06-10 06:51:04
865	41.19	41.25	26.25	26.38	39.56	2014-06-10 06:52:04
866	41.19	41.25	26.31	26.38	39.56	2014-06-10 06:53:03
867	41.19	41.25	26.25	26.38	39.56	2014-06-10 06:54:02
868	41.19	41.25	26.25	26.38	39.56	2014-06-10 06:55:02
869	41.19	41.25	26.25	26.38	39.56	2014-06-10 06:56:01
870	41.19	41.25	26.31	26.44	39.56	2014-06-10 06:57:00
871	41.19	41.25	26.31	26.44	39.56	2014-06-10 06:57:59
872	41.19	41.19	26.25	26.44	39.56	2014-06-10 06:58:59
873	41.19	41.19	26.25	26.44	39.56	2014-06-10 06:59:58
874	41.19	41.25	26.25	26.44	39.56	2014-06-10 07:00:57
875	41.19	41.25	26.31	26.44	39.56	2014-06-10 07:01:57
876	41.19	41.19	26.31	26.5	39.56	2014-06-10 07:02:56
877	41.19	41.19	26.31	26.5	39.56	2014-06-10 07:03:55
878	41.19	41.19	26.31	26.44	39.56	2014-06-10 07:04:54
879	41.19	41.25	26.25	26.44	39.56	2014-06-10 07:05:54
880	41.19	41.25	26.31	26.44	39.56	2014-06-10 07:06:53
881	41.19	41.25	26.31	26.44	39.56	2014-06-10 07:07:52
882	41.19	41.19	26.31	26.44	39.56	2014-06-10 07:08:52
883	41.19	41.25	26.31	26.44	39.56	2014-06-10 07:09:51
884	41.19	41.19	26.25	26.44	39.56	2014-06-10 07:10:50
885	41.19	41.19	26.25	26.38	39.56	2014-06-10 07:11:49
886	41.19	41.19	26.25	26.38	39.56	2014-06-10 07:12:49
887	41.19	41.19	26.25	26.38	39.56	2014-06-10 07:13:48
888	41.19	41.19	26.25	26.38	39.56	2014-06-10 07:14:47
889	41.19	41.19	26.25	26.38	39.56	2014-06-10 07:15:47
890	41.19	41.19	26.25	26.38	39.56	2014-06-10 07:16:46
891	41.19	41.19	26.25	26.38	39.56	2014-06-10 07:17:45
892	41.19	41.19	26.25	26.38	39.56	2014-06-10 07:18:44
893	41.19	41.19	26.25	26.38	39.56	2014-06-10 07:19:44
894	41.19	41.19	26.25	26.38	39.56	2014-06-10 07:20:43
895	41.19	41.25	26.25	26.38	39.56	2014-06-10 07:21:42
896	41.19	41.19	26.25	26.38	39.56	2014-06-10 07:22:42
897	41.19	41.19	26.19	26.38	39.56	2014-06-10 07:23:41
898	41.19	41.19	26.19	26.31	39.56	2014-06-10 07:24:40
899	41.19	41.19	26.25	26.38	39.56	2014-06-10 07:25:39
900	41.19	41.19	26.25	26.31	39.56	2014-06-10 07:26:39
901	41.19	41.19	26.25	26.38	39.56	2014-06-10 07:27:38
902	41.19	41.19	26.25	26.38	39.56	2014-06-10 07:28:37
903	41.19	41.19	26.25	26.38	39.56	2014-06-10 07:29:37
904	41.19	41.19	26.25	26.31	39.56	2014-06-10 07:30:36
905	41.19	41.19	26.25	26.38	39.56	2014-06-10 07:31:35
906	41.19	41.19	26.25	26.38	39.56	2014-06-10 07:32:34
907	41.19	41.19	26.25	26.31	39.56	2014-06-10 07:33:34
908	41.19	41.19	26.25	26.31	39.56	2014-06-10 07:34:33
909	41.19	41.19	26.19	26.31	39.56	2014-06-10 07:35:32
910	41.19	41.19	26.19	26.31	39.56	2014-06-10 07:36:32
911	41.19	41.19	26.19	26.31	39.56	2014-06-10 07:37:31
912	41.19	41.19	26.25	26.31	39.56	2014-06-10 07:38:30
913	41.19	41.19	26.25	26.31	39.56	2014-06-10 07:39:29
914	41.19	41.19	26.25	26.38	39.5	2014-06-10 07:40:29
915	41.19	41.19	26.25	26.38	39.56	2014-06-10 07:41:28
916	41.19	41.19	26.19	26.31	39.5	2014-06-10 07:42:27
917	41.19	41.13	26.25	26.31	39.56	2014-06-10 07:43:26
918	41.19	41.13	26.25	26.38	39.56	2014-06-10 07:44:26
919	41.19	41.19	26.25	26.38	39.56	2014-06-10 07:45:25
920	41.19	41.19	26.25	26.38	39.5	2014-06-10 07:46:24
921	41.13	41.19	26.25	26.31	39.5	2014-06-10 07:47:24
922	41.13	41.19	26.25	26.31	39.56	2014-06-10 07:48:23
923	41.19	41.19	26.25	26.38	39.5	2014-06-10 07:49:22
924	41.13	41.19	26.19	26.31	39.5	2014-06-10 07:50:21
925	41.19	41.19	26.25	26.31	39.5	2014-06-10 07:51:21
926	41.19	41.19	26.19	26.31	39.5	2014-06-10 07:52:20
927	41.13	41.19	26.25	26.38	39.5	2014-06-10 07:53:19
928	41.13	41.19	26.25	26.38	39.5	2014-06-10 07:54:19
929	41.13	41.19	26.25	26.38	39.5	2014-06-10 07:55:18
930	41.13	41.19	26.25	26.38	39.5	2014-06-10 07:56:17
931	41.19	41.19	26.25	26.38	39.56	2014-06-10 07:57:16
932	41.13	41.19	26.25	26.38	39.5	2014-06-10 07:58:16
933	41.13	41.19	26.25	26.38	39.5	2014-06-10 07:59:15
934	41.13	41.19	26.25	26.38	39.5	2014-06-10 08:00:14
935	41.13	41.13	26.25	26.38	39.5	2014-06-10 08:01:14
936	41.13	41.13	26.25	26.38	39.5	2014-06-10 08:02:13
937	41.13	41.13	26.19	26.38	39.5	2014-06-10 08:03:12
938	41.13	41.13	26.19	26.38	39.5	2014-06-10 08:04:11
939	41.13	41.19	26.19	26.38	39.5	2014-06-10 08:05:11
940	41.13	41.19	26.19	26.38	39.5	2014-06-10 08:06:10
941	41.13	41.19	26.19	26.38	39.5	2014-06-10 08:07:09
942	41.13	41.13	26.19	26.38	39.5	2014-06-10 08:08:09
943	41.13	41.19	26.19	26.31	39.5	2014-06-10 08:09:08
944	41.13	41.19	26.25	26.31	39.5	2014-06-10 08:10:07
945	41.13	41.13	26.25	26.31	39.5	2014-06-10 08:11:06
946	41.13	41.19	26.19	26.31	39.5	2014-06-10 08:12:06
947	41.13	41.19	26.25	26.31	39.5	2014-06-10 08:13:05
948	41.13	41.19	26.19	26.31	39.5	2014-06-10 08:14:04
949	41.13	41.19	26.25	26.38	39.5	2014-06-10 08:15:04
950	41.13	41.19	26.19	26.31	39.5	2014-06-10 08:16:03
951	41.13	41.19	26.19	26.31	39.5	2014-06-10 08:17:02
952	41.13	41.13	26.19	26.38	39.5	2014-06-10 08:18:01
953	41.13	41.13	26.19	26.38	39.5	2014-06-10 08:19:01
954	41.13	41.13	26.19	26.38	39.5	2014-06-10 08:20:00
955	41.13	41.19	26.19	26.31	39.5	2014-06-10 08:20:59
956	41.13	41.19	26.19	26.31	39.5	2014-06-10 08:21:59
957	41.13	41.13	26.19	26.31	39.5	2014-06-10 08:22:58
958	41.13	41.13	26.19	26.31	39.5	2014-06-10 08:23:57
959	41.19	41.13	26.25	26.38	39.5	2014-06-10 08:24:56
960	41.19	41.13	26.25	26.38	39.5	2014-06-10 08:25:56
961	41.19	41.13	26.19	26.38	39.5	2014-06-10 08:26:55
962	41.13	41.13	26.25	26.31	39.5	2014-06-10 08:27:54
963	41.13	41.13	26.25	26.31	39.5	2014-06-10 08:28:54
964	41.13	41.13	26.25	26.31	39.5	2014-06-10 08:29:53
965	41.13	41.19	26.25	26.38	39.5	2014-06-10 08:30:52
966	41.13	41.13	26.25	26.31	39.5	2014-06-10 08:31:51
967	41.13	41.19	26.25	26.38	39.5	2014-06-10 08:32:51
968	41.13	41.19	26.19	26.31	39.5	2014-06-10 08:33:50
969	41.13	41.19	26.19	26.31	39.5	2014-06-10 08:34:49
970	41.13	41.19	26.19	26.31	39.5	2014-06-10 08:35:49
971	41.13	41.13	26.25	26.38	39.5	2014-06-10 08:36:48
972	41.13	41.19	26.19	26.31	39.5	2014-06-10 08:37:47
973	41.13	41.13	26.19	26.31	39.5	2014-06-10 08:38:46
974	41.13	41.19	26.19	26.31	39.5	2014-06-10 08:39:46
975	41.13	41.13	26.19	26.31	39.5	2014-06-10 08:40:45
976	41.13	41.13	26.19	26.31	39.5	2014-06-10 08:41:44
977	41.13	41.13	26.19	26.31	39.5	2014-06-10 08:42:44
978	41.13	41.13	26.25	26.31	39.5	2014-06-10 08:43:43
979	41.13	41.13	26.19	26.38	39.5	2014-06-10 08:44:42
980	41.13	41.13	26.19	26.38	39.5	2014-06-10 08:45:41
981	41.13	41.19	26.19	26.38	39.5	2014-06-10 08:46:41
982	41.13	41.13	26.25	26.38	39.5	2014-06-10 08:47:40
983	41.13	41.13	26.25	26.31	39.5	2014-06-10 08:48:39
984	41.13	41.13	26.19	26.31	39.5	2014-06-10 08:49:39
985	41.13	41.13	26.19	26.31	39.5	2014-06-10 08:50:38
986	41.13	41.13	26.19	26.38	39.5	2014-06-10 08:51:37
987	41.13	41.13	26.25	26.38	39.5	2014-06-10 08:52:36
988	41.13	41.13	26.25	26.38	39.5	2014-06-10 08:53:36
989	41.13	41.13	26.25	26.38	39.5	2014-06-10 08:54:35
990	41.13	41.13	26.19	26.31	39.5	2014-06-10 08:55:34
991	41.13	41.13	26.25	26.38	39.5	2014-06-10 08:56:34
992	41.13	41.13	26.25	26.44	39.5	2014-06-10 08:57:33
993	41.13	41.13	26.25	26.44	39.5	2014-06-10 08:58:32
994	41.13	41.13	26.25	26.44	39.5	2014-06-10 08:59:31
995	41.13	41.13	26.25	26.38	39.5	2014-06-10 09:00:31
996	41.13	41.13	26.25	26.38	39.5	2014-06-10 09:01:30
997	41.13	41.13	26.25	26.44	39.5	2014-06-10 09:02:29
998	41.13	41.13	26.25	26.5	39.5	2014-06-10 09:03:29
999	41.13	41.13	26.19	26.5	39.5	2014-06-10 09:04:28
1000	41.13	41.13	26.25	26.56	39.5	2014-06-10 09:05:27
1001	41.13	41.13	26.25	26.5	39.5	2014-06-10 09:06:26
1002	41.13	41.13	26.25	26.44	39.5	2014-06-10 09:07:26
1003	41.13	41.13	26.25	26.44	39.5	2014-06-10 09:08:25
1004	41.13	41.13	26.25	26.44	39.5	2014-06-10 09:09:24
1005	41.13	41.13	26.25	26.38	39.5	2014-06-10 09:10:24
1006	41.13	41.13	26.25	26.38	39.5	2014-06-10 09:11:23
1007	41.13	41.19	26.25	26.44	39.5	2014-06-10 09:12:22
1008	41.13	41.13	26.25	26.44	39.5	2014-06-10 09:13:21
1009	41.13	41.13	26.25	26.38	39.44	2014-06-10 09:14:21
1010	41.13	41.13	26.25	26.44	39.5	2014-06-10 09:15:20
1011	41.13	41.19	26.25	26.44	39.5	2014-06-10 09:16:19
1012	41.13	41.19	26.25	26.44	39.5	2014-06-10 09:17:19
1013	41.13	41.13	26.25	26.38	39.5	2014-06-10 09:18:18
1014	41.13	41.13	26.31	26.44	39.5	2014-06-10 09:19:17
1015	41.13	41.13	26.31	26.44	39.5	2014-06-10 09:20:16
1016	41.13	41.19	26.25	26.44	39.5	2014-06-10 09:21:16
1017	41.13	41.19	26.25	26.38	39.5	2014-06-10 09:22:15
1018	41.13	41.13	26.25	26.38	39.5	2014-06-10 09:23:14
1019	41.13	41.19	26.25	26.44	39.5	2014-06-10 09:24:14
1020	41.13	41.13	26.25	26.44	39.5	2014-06-10 09:25:13
1021	41.13	41.19	26.25	26.44	39.5	2014-06-10 09:26:12
1022	41.13	41.13	26.25	26.44	39.5	2014-06-10 09:27:11
1023	41.13	41.13	26.25	26.44	39.5	2014-06-10 09:28:11
1024	41.13	41.13	26.25	26.44	39.5	2014-06-10 09:29:10
1025	41.13	41.13	26.25	26.38	39.5	2014-06-10 09:30:09
1026	41.13	41.13	26.25	26.44	39.5	2014-06-10 09:31:09
1027	41.13	41.13	26.25	26.38	39.5	2014-06-10 09:32:08
1028	41.13	41.19	26.31	26.44	39.5	2014-06-10 09:33:07
1029	41.13	41.19	26.31	26.44	39.5	2014-06-10 09:34:06
1030	41.19	41.19	26.25	26.44	39.5	2014-06-10 09:35:06
1031	41.13	41.19	26.25	26.44	39.5	2014-06-10 09:36:05
1032	41.13	41.19	26.25	26.44	39.5	2014-06-10 09:37:04
1033	41.13	41.13	26.31	26.44	39.5	2014-06-10 09:38:04
1034	41.19	41.19	26.31	26.44	39.5	2014-06-10 09:39:03
1035	41.19	41.13	26.31	26.44	39.5	2014-06-10 09:40:02
1036	41.19	41.19	26.31	26.44	39.5	2014-06-10 09:41:01
1037	41.13	41.19	26.31	26.44	39.5	2014-06-10 09:42:01
1038	41.13	41.13	26.31	26.44	39.5	2014-06-10 09:43:00
1039	41.13	41.13	26.31	26.44	39.5	2014-06-10 09:43:59
1040	41.13	41.13	26.31	26.44	39.5	2014-06-10 09:44:59
1041	41.19	41.19	26.31	26.44	39.5	2014-06-10 09:45:58
1042	41.13	41.19	26.31	26.44	39.5	2014-06-10 09:46:57
1043	41.19	41.19	26.31	26.44	39.5	2014-06-10 09:47:56
1044	41.13	41.19	26.31	26.44	39.5	2014-06-10 09:48:56
1045	41.19	41.19	26.38	26.44	39.5	2014-06-10 09:49:55
1046	41.19	41.19	26.31	26.5	39.5	2014-06-10 09:50:54
1047	41.19	41.19	26.31	26.5	39.5	2014-06-10 09:51:54
1048	41.19	41.13	26.31	26.44	39.5	2014-06-10 09:52:53
1049	41.13	41.19	26.38	26.5	39.5	2014-06-10 09:53:52
1050	41.19	41.13	26.31	26.5	39.5	2014-06-10 09:54:51
1051	41.19	41.19	26.31	26.44	39.5	2014-06-10 09:55:51
1052	41.13	41.19	26.31	26.5	39.5	2014-06-10 09:56:50
1053	41.13	41.19	26.31	26.5	39.5	2014-06-10 09:57:49
1054	41.13	41.19	26.31	26.5	39.5	2014-06-10 09:58:49
1055	41.13	41.19	26.38	26.5	39.5	2014-06-10 09:59:48
1056	41.13	41.19	26.38	26.44	39.56	2014-06-10 10:00:47
1057	41.19	41.19	26.38	26.5	39.5	2014-06-10 10:01:46
1058	41.13	41.19	26.38	26.5	39.5	2014-06-10 10:02:46
1059	41.13	41.19	26.31	26.44	39.5	2014-06-10 10:03:45
1060	41.13	41.19	26.31	26.44	39.5	2014-06-10 10:04:44
1061	41.19	41.19	26.31	26.44	39.5	2014-06-10 10:05:44
1062	41.13	41.19	26.31	26.44	39.5	2014-06-10 10:06:43
1063	41.13	41.19	26.31	26.5	39.5	2014-06-10 10:07:42
1064	41.13	41.19	26.31	26.5	39.5	2014-06-10 10:08:41
1065	41.13	41.19	26.31	26.44	39.5	2014-06-10 10:09:41
1066	41.19	41.19	26.31	26.44	39.5	2014-06-10 10:10:40
1067	41.19	41.19	26.31	26.5	39.5	2014-06-10 10:11:39
1068	41.13	41.19	26.31	26.44	39.5	2014-06-10 10:12:39
1069	41.13	41.19	26.31	26.44	39.5	2014-06-10 10:13:38
1070	41.13	41.19	26.31	26.44	39.56	2014-06-10 10:14:37
1071	41.13	41.19	26.31	26.5	39.5	2014-06-10 10:15:36
1072	41.19	41.13	26.38	26.44	39.56	2014-06-10 10:16:36
1073	41.19	41.13	26.38	26.5	39.5	2014-06-10 10:17:35
1074	41.19	41.19	26.31	26.44	39.5	2014-06-10 10:18:34
1075	41.19	41.19	26.31	26.44	39.5	2014-06-10 10:19:34
1076	41.19	41.19	26.31	26.44	39.56	2014-06-10 10:20:33
1077	41.19	41.19	26.31	26.44	39.5	2014-06-10 10:21:32
1078	41.19	41.13	26.31	26.5	39.5	2014-06-10 10:22:31
1079	41.19	41.19	26.31	26.44	39.5	2014-06-10 10:23:31
1080	41.19	41.19	26.31	26.5	39.5	2014-06-10 10:24:30
1081	41.19	41.19	26.31	26.44	39.5	2014-06-10 10:25:29
1082	41.19	41.19	26.38	26.5	39.56	2014-06-10 10:26:29
1083	41.19	41.19	26.38	26.44	39.5	2014-06-10 10:27:28
1084	41.13	41.19	26.31	26.44	39.5	2014-06-10 10:28:27
1085	41.19	41.19	26.38	26.5	39.5	2014-06-10 10:29:26
1086	41.19	41.19	26.38	26.5	39.5	2014-06-10 10:30:26
1087	41.19	41.19	26.38	26.5	39.5	2014-06-10 10:31:25
1088	41.19	41.19	26.38	26.5	39.56	2014-06-10 10:32:24
1089	41.19	41.19	26.38	26.5	39.5	2014-06-10 10:33:24
1090	41.13	41.19	26.31	26.5	39.5	2014-06-10 10:34:23
1091	41.13	41.13	26.38	26.5	39.56	2014-06-10 10:35:22
1092	41.19	41.13	26.38	26.5	39.5	2014-06-10 10:36:21
1093	41.19	41.19	26.38	26.5	39.56	2014-06-10 10:37:21
1094	41.19	41.19	26.38	26.5	39.5	2014-06-10 10:38:20
1095	41.13	41.19	26.38	26.5	39.5	2014-06-10 10:39:19
1096	41.13	41.19	26.38	26.5	39.5	2014-06-10 10:40:19
1097	41.19	41.19	26.38	26.5	39.5	2014-06-10 10:41:18
1098	41.19	41.19	26.38	26.5	39.5	2014-06-10 10:42:17
1099	41.19	41.19	26.38	26.5	39.5	2014-06-10 10:43:16
1100	41.13	41.19	26.31	26.63	39.56	2014-06-10 10:44:16
1101	41.13	41.13	26.31	26.56	39.5	2014-06-10 10:45:15
1102	41.19	41.19	26.31	26.63	39.56	2014-06-10 10:46:14
1103	41.19	41.19	26.38	26.56	39.56	2014-06-10 10:47:14
1104	41.13	41.19	26.38	26.63	39.5	2014-06-10 10:48:13
1105	41.13	41.19	26.31	26.63	39.5	2014-06-10 10:49:12
1106	41.19	41.19	26.31	26.56	39.5	2014-06-10 10:50:11
1107	41.19	41.19	26.38	26.56	39.56	2014-06-10 10:51:11
1108	41.19	41.19	26.38	26.56	39.5	2014-06-10 10:52:10
1109	41.19	41.19	26.38	26.56	39.56	2014-06-10 10:53:09
1110	41.19	41.19	26.44	26.56	39.56	2014-06-10 10:54:09
1111	41.19	41.19	26.44	26.56	39.5	2014-06-10 10:55:08
1112	41.19	41.19	26.44	26.56	39.56	2014-06-10 10:56:07
1113	41.19	41.19	26.44	26.56	39.56	2014-06-10 10:57:06
1114	41.19	41.19	26.44	26.56	39.56	2014-06-10 10:58:06
1115	41.19	41.19	26.5	26.63	39.56	2014-06-10 10:59:05
1116	41.19	41.19	26.5	26.63	39.56	2014-06-10 11:00:04
1117	41.19	41.19	26.5	26.63	39.56	2014-06-10 11:01:04
1118	41.19	41.13	26.5	26.63	39.56	2014-06-10 11:02:03
1119	41.19	41.19	26.5	26.63	39.56	2014-06-10 11:03:02
1120	41.19	41.19	26.5	26.63	39.56	2014-06-10 11:04:01
1121	41.19	41.19	26.5	26.69	39.56	2014-06-10 11:05:01
1122	41.25	41.19	26.5	26.63	39.56	2014-06-10 11:06:00
1123	41.19	41.19	26.5	26.69	39.56	2014-06-10 11:06:59
1124	41.25	41.19	26.56	26.63	39.56	2014-06-10 11:07:59
1125	41.19	41.19	26.56	26.69	39.56	2014-06-10 11:08:58
1126	41.19	41.19	26.56	26.69	39.56	2014-06-10 11:09:57
1127	41.25	41.25	26.56	26.69	39.56	2014-06-10 11:10:56
1128	41.25	41.19	26.56	26.69	39.56	2014-06-10 11:11:56
1129	41.19	41.25	26.56	26.75	39.56	2014-06-10 11:12:55
1130	41.25	41.25	26.56	26.69	39.63	2014-06-10 11:13:54
1131	41.25	41.25	26.56	26.75	39.56	2014-06-10 11:14:53
1132	41.25	41.25	26.56	26.75	39.56	2014-06-10 11:15:53
1133	41.25	41.25	26.63	26.81	39.56	2014-06-10 11:16:52
1134	41.25	41.25	26.63	26.81	39.56	2014-06-10 11:17:51
1135	41.25	41.25	26.63	26.81	39.63	2014-06-10 11:18:51
1136	41.25	41.25	26.63	26.75	39.56	2014-06-10 11:19:50
1137	41.25	41.25	26.63	26.75	39.63	2014-06-10 11:20:49
1138	41.25	41.25	26.63	26.75	39.63	2014-06-10 11:21:48
1139	41.25	41.25	26.63	26.75	39.63	2014-06-10 11:22:48
1140	41.25	41.25	26.63	26.75	39.63	2014-06-10 11:23:47
1141	41.25	41.25	26.56	26.88	39.63	2014-06-10 11:24:46
1142	41.25	41.25	26.63	26.81	39.63	2014-06-10 11:25:46
1143	41.25	41.25	26.63	26.81	39.63	2014-06-10 11:26:45
1144	41.25	41.25	26.63	26.81	39.63	2014-06-10 11:27:44
1145	41.25	41.25	26.63	26.88	39.63	2014-06-10 11:28:44
1146	41.25	41.25	26.69	26.88	39.63	2014-06-10 11:29:43
1147	41.25	41.25	26.69	26.88	39.63	2014-06-10 11:30:42
1148	41.25	41.25	26.69	26.88	39.63	2014-06-10 11:31:41
1149	41.25	41.25	26.69	26.88	39.63	2014-06-10 11:32:41
1150	41.31	41.31	26.69	26.88	39.63	2014-06-10 11:33:40
1151	41.25	41.31	26.75	26.88	39.63	2014-06-10 11:34:39
1152	41.25	41.31	26.75	26.94	39.63	2014-06-10 11:35:38
1153	41.25	41.31	26.75	27	39.63	2014-06-10 11:36:38
1154	41.25	41.31	26.81	27.06	39.69	2014-06-10 11:37:37
1155	41.31	41.25	26.75	27	39.63	2014-06-10 11:38:36
1156	41.31	41.31	26.81	27	39.69	2014-06-10 11:39:36
1157	41.31	41.31	26.81	27	39.63	2014-06-10 11:40:35
1158	41.31	41.31	26.81	27.06	39.69	2014-06-10 11:41:34
1159	41.31	41.25	26.81	27	39.69	2014-06-10 11:42:33
1160	41.25	41.31	26.81	26.94	39.63	2014-06-10 11:43:33
1161	41.31	41.31	26.81	27	39.69	2014-06-10 11:44:32
1162	41.31	41.31	26.81	27.06	39.69	2014-06-10 11:45:31
1163	41.31	41.31	26.81	27.06	39.69	2014-06-10 11:46:31
1164	41.31	41.31	26.81	27	39.69	2014-06-10 11:47:30
1165	41.31	41.25	26.88	27	39.69	2014-06-10 11:48:29
1166	41.31	41.31	26.88	27	39.63	2014-06-10 11:49:28
1167	41.31	41.31	26.81	27.13	39.69	2014-06-10 11:50:28
1168	41.31	41.31	26.81	27.06	39.69	2014-06-10 11:51:27
1169	41.31	41.31	26.81	27.13	39.69	2014-06-10 11:52:26
1170	41.31	41.38	26.88	27.13	39.69	2014-06-10 11:53:26
1171	41.31	41.31	26.81	27.13	39.69	2014-06-10 11:54:25
1172	41.31	41.31	26.88	27.13	39.69	2014-06-10 11:55:24
1173	41.38	41.31	26.88	27.19	39.69	2014-06-10 11:56:23
1174	41.38	41.31	26.94	27.19	39.69	2014-06-10 11:57:23
1175	41.38	41.38	26.94	27.13	39.69	2014-06-10 11:58:22
1176	41.38	41.38	26.94	27.13	39.69	2014-06-10 11:59:21
1177	41.38	41.38	26.94	27.13	39.69	2014-06-10 12:00:21
1178	41.38	41.31	26.94	27.06	39.69	2014-06-10 12:01:20
1179	41.38	41.31	26.88	27.06	39.69	2014-06-10 12:02:19
1180	41.38	41.31	26.94	27.06	39.69	2014-06-10 12:03:18
1181	41.38	41.31	26.88	27.13	39.69	2014-06-10 12:04:18
1182	41.38	41.38	26.88	27.19	39.69	2014-06-10 12:05:17
1183	41.38	41.38	26.88	27.13	39.75	2014-06-10 12:06:16
1184	41.38	41.38	26.88	27.13	39.75	2014-06-10 12:07:16
1185	41.38	41.38	26.94	27.13	39.75	2014-06-10 12:08:15
1186	41.38	41.38	26.94	27.19	39.75	2014-06-10 12:09:14
1187	41.38	41.38	26.94	27.19	39.75	2014-06-10 12:10:13
1188	41.38	41.38	27	27.19	39.75	2014-06-10 12:11:13
1189	41.38	41.38	26.94	27.19	39.75	2014-06-10 12:12:12
1190	41.38	41.38	26.94	27.31	39.75	2014-06-10 12:13:11
1191	41.44	41.44	26.88	27.25	39.75	2014-06-10 12:14:11
1192	41.44	41.44	26.81	27.25	39.75	2014-06-10 12:15:10
1193	41.44	41.38	26.94	27.25	39.75	2014-06-10 12:16:09
1194	41.44	41.44	26.94	27.19	39.75	2014-06-10 12:17:08
1195	41.44	41.44	27	27.19	39.81	2014-06-10 12:18:08
1196	41.44	41.44	27	27.13	39.81	2014-06-10 12:19:07
1197	41.44	41.44	27	27.13	39.75	2014-06-10 12:20:06
1198	41.44	41.44	26.94	27.19	39.81	2014-06-10 12:21:06
1199	41.44	41.44	27	27.19	39.81	2014-06-10 12:22:05
1200	41.44	41.44	27	27.13	39.81	2014-06-10 12:23:04
1201	41.44	41.38	27	27.13	39.81	2014-06-10 12:24:03
1202	41.44	41.38	27	27.13	39.81	2014-06-10 12:25:03
1203	41.44	41.44	27	27.13	39.81	2014-06-10 12:26:02
1204	41.44	41.44	27	27.13	39.81	2014-06-10 12:27:01
1205	41.44	41.44	27	27.13	39.81	2014-06-10 12:28:01
1206	41.44	41.44	27.06	27.13	39.81	2014-06-10 12:29:00
1207	41.44	41.44	27.06	27.19	39.81	2014-06-10 12:29:59
1208	41.44	41.44	27.06	27.19	39.81	2014-06-10 12:30:58
1209	41.44	41.44	27	27.31	39.81	2014-06-10 12:31:58
1210	41.44	41.44	27.06	27.31	39.81	2014-06-10 12:32:57
1211	41.44	41.44	27.06	27.31	39.81	2014-06-10 12:33:56
1212	41.5	41.44	27	27.25	39.81	2014-06-10 12:34:56
1213	41.5	41.44	27	27.19	39.81	2014-06-10 12:35:55
1214	41.44	41.44	27.06	27.19	39.81	2014-06-10 12:36:54
1215	41.5	41.44	27.06	27.19	39.81	2014-06-10 12:37:53
1216	41.5	41.5	27.06	27.19	39.88	2014-06-10 12:38:53
1217	41.44	41.5	27.06	27.19	39.88	2014-06-10 12:39:52
1218	41.44	41.5	27.13	27.19	39.81	2014-06-10 12:40:51
1219	41.44	41.5	27.13	27.19	39.81	2014-06-10 12:41:51
1220	41.44	41.44	27.13	27.25	39.88	2014-06-10 12:42:50
1221	41.5	41.5	27.19	27.19	39.88	2014-06-10 12:43:49
1222	41.5	41.5	27.13	27.25	39.88	2014-06-10 12:44:48
1223	41.5	41.5	27.19	27.19	39.88	2014-06-10 12:45:48
1224	41.5	41.5	27.19	27.25	39.88	2014-06-10 12:46:47
1225	41.5	41.5	27.19	27.31	39.88	2014-06-10 12:47:46
1226	41.5	41.5	27.19	27.31	39.88	2014-06-10 12:48:46
1227	41.5	41.5	27.25	27.31	39.88	2014-06-10 12:49:45
1228	41.5	41.5	27.25	27.31	39.88	2014-06-10 12:50:44
1229	41.5	41.5	27.19	27.25	39.88	2014-06-10 12:51:43
1230	41.5	41.5	27.19	27.25	39.88	2014-06-10 12:52:43
1231	41.5	41.5	27.19	27.25	39.88	2014-06-10 12:53:42
1232	41.5	41.5	27.25	27.38	39.88	2014-06-10 12:54:41
1233	41.5	41.5	27.25	27.38	39.88	2014-06-10 12:55:41
1234	41.56	41.5	27.19	27.31	39.88	2014-06-10 12:56:40
1235	41.56	41.5	27.19	27.31	39.88	2014-06-10 12:57:39
1236	41.5	41.56	27.19	27.25	39.88	2014-06-10 12:58:38
1237	41.56	41.56	27.19	27.31	39.94	2014-06-10 12:59:38
1238	41.5	41.56	27.19	27.25	39.88	2014-06-10 13:00:37
1239	41.5	41.56	27.19	27.31	39.88	2014-06-10 13:01:36
1240	41.56	41.5	27.19	27.31	39.94	2014-06-10 13:02:36
1241	41.56	41.5	27.19	27.31	39.94	2014-06-10 13:03:35
1242	41.56	41.56	27.19	27.31	39.94	2014-06-10 13:04:34
1243	41.56	41.56	27.19	27.38	39.94	2014-06-10 13:05:33
1244	41.56	41.56	27.19	27.38	39.94	2014-06-10 13:06:33
1245	41.56	41.56	27.25	27.38	39.94	2014-06-10 13:07:32
1246	41.56	41.56	27.19	27.38	39.94	2014-06-10 13:08:31
1247	41.63	41.56	27.25	27.44	39.94	2014-06-10 13:09:31
1248	41.63	41.63	27.25	27.44	39.94	2014-06-10 13:10:30
1249	41.63	41.56	27.25	27.38	39.94	2014-06-10 13:11:29
1250	41.63	41.56	27.25	27.38	39.94	2014-06-10 13:12:28
1251	41.63	41.56	27.25	27.38	39.94	2014-06-10 13:13:28
1252	41.63	41.56	27.25	27.38	39.94	2014-06-10 13:14:27
1253	41.63	41.56	27.25	27.38	40	2014-06-10 13:15:26
1254	41.63	41.63	27.25	27.38	40	2014-06-10 13:16:26
1255	41.63	41.63	27.31	27.44	40	2014-06-10 13:17:25
1256	41.63	41.63	27.31	27.44	40	2014-06-10 13:18:24
1257	41.69	41.63	27.38	27.5	40	2014-06-10 13:19:23
1258	41.63	41.56	27.38	27.56	40	2014-06-10 13:20:23
1259	41.69	41.63	27.25	27.56	40	2014-06-10 13:21:22
1260	41.69	41.63	27.25	27.5	40	2014-06-10 13:22:21
1261	41.69	41.63	27.31	27.5	40	2014-06-10 13:23:21
1262	41.69	41.63	27.25	27.56	40	2014-06-10 13:24:20
1263	41.63	41.63	27.31	27.5	40	2014-06-10 13:25:19
1264	41.69	41.63	27.38	27.5	40	2014-06-10 13:26:18
1265	41.69	41.63	27.38	27.5	40	2014-06-10 13:27:18
1266	41.69	41.63	27.38	27.44	40	2014-06-10 13:28:17
1267	41.69	41.63	27.38	27.5	40	2014-06-10 13:29:16
1268	41.69	41.63	27.44	27.5	40	2014-06-10 13:30:16
1269	41.69	41.63	27.44	27.5	40	2014-06-10 13:31:15
1270	41.69	41.63	27.38	27.56	40	2014-06-10 13:32:14
1271	41.69	41.63	27.31	27.63	40.06	2014-06-10 13:33:13
1272	41.69	41.69	27.38	27.63	40.06	2014-06-10 13:34:13
1273	41.69	41.63	27.44	27.63	40.06	2014-06-10 13:35:12
1274	41.69	41.63	27.44	27.63	40.06	2014-06-10 13:36:11
1275	41.69	41.63	27.44	27.56	40.06	2014-06-10 13:37:11
1276	41.69	41.69	27.44	27.56	40.06	2014-06-10 13:38:10
1277	41.69	41.69	27.44	27.56	40.06	2014-06-10 13:39:09
1278	41.69	41.69	27.44	27.56	40.06	2014-06-10 13:40:08
1279	41.69	41.69	27.44	27.56	40.06	2014-06-10 13:41:08
1280	41.69	41.69	27.5	27.56	40.06	2014-06-10 13:42:07
1281	41.75	41.69	27.5	27.63	40.06	2014-06-10 13:43:06
1282	41.75	41.69	27.44	27.63	40.06	2014-06-10 13:44:06
1283	41.75	41.69	27.5	27.63	40.06	2014-06-10 13:45:05
1284	41.75	41.69	27.44	27.63	40.06	2014-06-10 13:46:04
1285	41.75	41.69	27.38	27.69	40.13	2014-06-10 13:47:03
1286	41.75	41.69	27.44	27.69	40.13	2014-06-10 13:48:03
1287	41.75	41.69	27.44	27.69	40.13	2014-06-10 13:49:02
1288	41.75	41.69	27.5	27.69	40.13	2014-06-10 13:50:01
1289	41.75	41.75	27.5	27.69	40.13	2014-06-10 13:51:01
1290	41.75	41.69	27.5	27.69	40.06	2014-06-10 13:52:00
1291	41.75	41.75	27.56	27.69	40.13	2014-06-10 13:52:59
1292	41.75	41.75	27.5	27.69	40.13	2014-06-10 13:53:58
1293	41.75	41.75	27.56	27.69	40.13	2014-06-10 13:54:58
1294	41.81	41.75	27.5	27.69	40.13	2014-06-10 13:55:57
1295	41.75	41.75	27.44	27.75	40.13	2014-06-10 13:56:56
1296	41.75	41.75	27.44	27.75	40.13	2014-06-10 13:57:56
1297	41.75	41.75	27.38	27.75	40.13	2014-06-10 13:58:55
1298	41.75	41.75	27.44	27.75	40.13	2014-06-10 13:59:54
1299	41.81	41.75	27.5	27.69	40.13	2014-06-10 14:00:53
1300	41.81	41.75	27.5	27.75	40.13	2014-06-10 14:01:53
1301	41.81	41.75	27.56	27.75	40.13	2014-06-10 14:02:52
1302	41.81	41.75	27.56	27.75	40.19	2014-06-10 14:03:51
1303	41.81	41.75	27.5	27.81	40.19	2014-06-10 14:04:51
1304	41.81	41.75	27.56	27.75	40.19	2014-06-10 14:05:50
1305	41.81	41.75	27.56	27.69	40.19	2014-06-10 14:06:49
1306	41.81	41.81	27.56	27.81	40.19	2014-06-10 14:07:48
1307	41.81	41.81	27.44	27.81	40.19	2014-06-10 14:08:48
1308	41.81	41.81	27.5	27.81	40.19	2014-06-10 14:09:47
1309	41.81	41.75	27.5	27.81	40.19	2014-06-10 14:10:46
1310	41.88	41.75	27.56	27.81	40.19	2014-06-10 14:11:46
1311	41.88	41.81	27.63	27.75	40.19	2014-06-10 14:12:45
1312	41.88	41.81	27.69	27.81	40.19	2014-06-10 14:13:44
1313	41.88	41.81	27.75	27.88	40.19	2014-06-10 14:14:43
1314	41.81	41.81	27.81	27.88	40.19	2014-06-10 14:15:43
1315	41.88	41.81	27.81	27.88	40.25	2014-06-10 14:16:42
1316	41.88	41.81	27.88	27.94	40.25	2014-06-10 14:17:41
1317	41.88	41.81	27.94	27.94	40.25	2014-06-10 14:18:41
1318	41.88	41.88	27.94	28	40.25	2014-06-10 14:19:40
1319	41.88	41.81	28	28	40.25	2014-06-10 14:20:39
1320	41.88	41.88	27.94	28	40.25	2014-06-10 14:21:38
1321	41.88	41.88	27.94	28	40.25	2014-06-10 14:22:38
1322	41.88	41.88	28	28	40.25	2014-06-10 14:23:37
1323	41.88	41.88	27.94	28	40.25	2014-06-10 14:24:36
1324	41.88	41.88	28	28	40.25	2014-06-10 14:25:36
1325	41.88	41.88	28	28.06	40.25	2014-06-10 14:26:35
1326	41.88	41.88	28	28.06	40.25	2014-06-10 14:27:34
1327	41.94	41.88	28	28.06	40.25	2014-06-10 14:28:33
1328	41.94	41.88	28	28.06	40.31	2014-06-10 14:29:33
1329	41.94	41.88	28.06	28.06	40.31	2014-06-10 14:30:32
1330	41.94	41.88	28.06	28.06	40.31	2014-06-10 14:31:31
1331	41.94	41.88	28.06	28.13	40.31	2014-06-10 14:32:31
1332	41.94	41.94	28.06	28.19	40.31	2014-06-10 14:33:30
1333	41.94	41.88	28	28.19	40.31	2014-06-10 14:34:29
1334	41.94	41.94	28.06	28.19	40.31	2014-06-10 14:35:28
1335	41.94	41.94	28.06	28.13	40.38	2014-06-10 14:36:28
1336	41.94	41.94	28.13	28.19	40.31	2014-06-10 14:37:27
1337	42	41.94	28.13	28.19	40.31	2014-06-10 14:38:26
1338	41.94	41.94	28.13	28.19	40.38	2014-06-10 14:39:26
1339	42	41.94	28.13	28.19	40.38	2014-06-10 14:40:25
1340	42	41.94	28.13	28.19	40.38	2014-06-10 14:41:24
1341	42	41.94	28.19	28.19	40.38	2014-06-10 14:42:23
1342	42	41.94	28.19	28.19	40.38	2014-06-10 14:43:23
1343	42	42	28.19	28.19	40.38	2014-06-10 14:44:22
1344	42	42	28.19	28.25	40.38	2014-06-10 14:45:21
1345	42	42	28.19	28.25	40.38	2014-06-10 14:46:21
1346	42	42	28.19	28.25	40.44	2014-06-10 14:47:20
1347	42	42	28.19	28.25	40.44	2014-06-10 14:48:19
1348	42.06	42	28.19	28.25	40.44	2014-06-10 14:49:18
1349	42.06	42.06	28.25	28.25	40.44	2014-06-10 14:50:18
1350	42.06	42	28.25	28.31	40.44	2014-06-10 14:51:17
1351	42.06	42	28.25	28.31	40.44	2014-06-10 14:52:16
1352	42.06	42.06	28.25	28.31	40.44	2014-06-10 14:53:16
1353	42.06	42.06	28.31	28.31	40.5	2014-06-10 14:54:15
1354	42.06	42.06	28.31	28.38	40.44	2014-06-10 14:55:14
1355	42.06	42.06	28.31	28.31	40.44	2014-06-10 14:56:13
1356	42.13	42.06	28.31	28.38	40.5	2014-06-10 14:57:13
1357	42.13	42.06	28.31	28.38	40.5	2014-06-10 14:58:12
1358	42.13	42.06	28.38	28.44	40.5	2014-06-10 14:59:11
1359	42.13	42.13	28.31	28.44	40.5	2014-06-10 15:00:11
1360	42.13	42.13	28.38	28.44	40.5	2014-06-10 15:01:10
1361	42.13	42.06	28.38	28.38	40.5	2014-06-10 15:02:09
1362	42.19	42.06	28.38	28.44	40.5	2014-06-10 15:03:08
1363	42.19	42.06	28.38	28.44	40.56	2014-06-10 15:04:08
1364	42.19	42.13	28.44	28.5	40.56	2014-06-10 15:05:07
1365	42.19	42.13	28.44	28.5	40.56	2014-06-10 15:06:06
1366	42.19	42.13	28.44	28.56	40.56	2014-06-10 15:07:06
1367	42.19	42.13	28.44	28.56	40.56	2014-06-10 15:08:05
1368	42.19	42.13	28.44	28.56	40.56	2014-06-10 15:09:04
1369	42.19	42.19	28.44	28.5	40.63	2014-06-10 15:10:03
1370	42.25	42.19	28.38	28.5	40.56	2014-06-10 15:11:03
1371	42.19	42.19	28.44	28.5	40.56	2014-06-10 15:12:02
1372	42.25	42.19	28.44	28.5	40.56	2014-06-10 15:13:01
1373	42.25	42.19	28.44	28.5	40.63	2014-06-10 15:14:01
1374	42.25	42.19	28.44	28.5	40.63	2014-06-10 15:15:00
1375	42.25	42.19	28.44	28.5	40.63	2014-06-10 15:15:59
1376	42.25	42.25	28.5	28.5	40.63	2014-06-10 15:16:58
1377	42.25	42.25	28.5	28.5	40.63	2014-06-10 15:17:58
1378	42.25	42.25	28.5	28.56	40.63	2014-06-10 15:18:57
1379	42.25	42.25	28.5	28.5	40.63	2014-06-10 15:19:56
1380	42.25	42.25	28.5	28.56	40.69	2014-06-10 15:20:56
1381	42.31	42.25	28.5	28.56	40.69	2014-06-10 15:21:55
1382	42.25	42.25	28.5	28.56	40.69	2014-06-10 15:22:54
1383	42.25	42.25	28.5	28.56	40.69	2014-06-10 15:23:53
1384	42.25	42.25	28.56	28.56	40.69	2014-06-10 15:24:53
1385	42.31	42.25	28.5	28.63	40.69	2014-06-10 15:25:52
1386	42.31	42.31	28.44	28.63	40.69	2014-06-10 15:26:51
1387	42.31	42.31	28.44	28.56	40.69	2014-06-10 15:27:51
1388	42.31	42.31	28.44	28.56	40.69	2014-06-10 15:28:50
1389	42.31	42.31	28.44	28.5	40.69	2014-06-10 15:29:49
1390	42.31	42.31	28.5	28.56	40.75	2014-06-10 15:30:48
1391	42.31	42.31	28.44	28.56	40.75	2014-06-10 15:31:48
1392	42.31	42.31	28.5	28.56	40.75	2014-06-10 15:32:47
1393	42.31	42.31	28.5	28.56	40.75	2014-06-10 15:33:46
1394	42.38	42.31	28.5	28.56	40.75	2014-06-10 15:34:46
1395	42.38	42.31	28.5	28.63	40.75	2014-06-10 15:35:45
1396	42.38	42.31	28.56	28.63	40.75	2014-06-10 15:36:44
1397	42.38	42.31	28.56	28.63	40.75	2014-06-10 15:37:43
1398	42.38	42.38	28.56	28.63	40.75	2014-06-10 15:38:43
1399	42.38	42.31	28.44	28.63	40.75	2014-06-10 15:39:42
1400	42.38	42.38	28.38	28.56	40.75	2014-06-10 15:40:41
1401	42.38	42.31	28.5	28.63	40.81	2014-06-10 15:41:41
1402	42.38	42.31	28.5	28.56	40.81	2014-06-10 15:42:40
1403	42.38	42.38	28.5	28.56	40.81	2014-06-10 15:43:39
1404	42.38	42.38	28.5	28.56	40.81	2014-06-10 15:44:38
1405	42.38	42.38	28.5	28.56	40.81	2014-06-10 15:45:38
1406	42.38	42.38	28.5	28.56	40.81	2014-06-10 15:46:37
1407	42.44	42.38	28.56	28.63	40.81	2014-06-10 15:47:36
1408	42.44	42.38	28.56	28.56	40.81	2014-06-10 15:48:36
1409	42.44	42.38	28.56	28.63	40.81	2014-06-10 15:49:35
1410	42.44	42.38	28.56	28.63	40.88	2014-06-10 15:50:34
1411	42.44	42.44	28.63	28.69	40.88	2014-06-10 15:51:33
1412	42.44	42.38	28.69	28.75	40.88	2014-06-10 15:52:33
1413	42.44	42.38	28.69	28.75	40.88	2014-06-10 15:53:32
1414	42.44	42.38	28.69	28.75	40.88	2014-06-10 15:54:31
1415	42.44	42.38	28.69	28.75	40.88	2014-06-10 15:55:31
1416	42.44	42.38	28.75	28.81	40.88	2014-06-10 15:56:30
1417	42.44	42.38	28.75	28.81	40.88	2014-06-10 15:57:29
1418	42.5	42.44	28.75	28.81	40.88	2014-06-10 15:58:28
1419	42.5	42.38	28.75	28.81	40.88	2014-06-10 15:59:28
1420	42.5	42.44	28.81	28.88	40.88	2014-06-10 16:00:27
1421	42.5	42.44	28.81	28.81	40.94	2014-06-10 16:01:26
1422	42.5	42.44	28.75	28.81	40.88	2014-06-10 16:02:26
1423	42.5	42.5	28.75	28.81	40.88	2014-06-10 16:03:25
1424	42.5	42.5	28.75	28.81	40.88	2014-06-10 16:04:24
1425	42.5	42.5	28.75	28.88	40.94	2014-06-10 16:05:23
1426	42.56	42.44	28.75	28.81	40.94	2014-06-10 16:06:23
1427	42.56	42.5	28.75	28.88	40.94	2014-06-10 16:07:22
1428	42.56	42.5	28.75	28.81	40.94	2014-06-10 16:08:21
1429	42.56	42.5	28.75	28.81	40.94	2014-06-10 16:09:21
1430	42.56	42.5	28.81	28.88	40.94	2014-06-10 16:10:20
1431	42.56	42.5	28.75	28.88	40.94	2014-06-10 16:11:19
1432	42.56	42.5	28.75	28.88	40.94	2014-06-10 16:12:18
1433	42.56	42.5	28.75	28.88	40.94	2014-06-10 16:13:18
1434	42.56	42.5	28.75	28.88	41	2014-06-10 16:14:17
1435	42.56	42.56	28.81	28.94	40.94	2014-06-10 16:15:16
1436	42.56	42.5	28.81	28.94	41	2014-06-10 16:16:16
1437	42.56	42.5	28.81	28.88	41	2014-06-10 16:17:15
1438	42.56	42.56	28.81	28.88	41	2014-06-10 16:18:14
1439	42.56	42.56	28.81	28.88	41	2014-06-10 16:19:13
1440	42.63	42.56	28.81	28.88	41	2014-06-10 16:20:13
1441	42.63	42.56	28.81	28.88	41	2014-06-10 16:21:12
1442	42.63	42.56	28.81	28.88	41	2014-06-10 16:22:11
1443	42.63	42.56	28.81	28.88	41	2014-06-10 16:23:11
1444	42.63	42.56	28.81	28.94	41.06	2014-06-10 16:24:10
1445	42.63	42.56	28.81	28.88	41.06	2014-06-10 16:25:09
1446	42.63	42.56	28.81	28.88	41.06	2014-06-10 16:26:08
1447	42.63	42.56	28.88	28.94	41.06	2014-06-10 16:27:08
1448	42.63	42.56	28.81	28.94	41	2014-06-10 16:28:07
1449	42.63	42.56	28.81	28.94	41.06	2014-06-10 16:29:06
1450	42.63	42.56	28.81	28.94	41.06	2014-06-10 16:30:06
1451	42.63	42.56	28.81	28.94	41.06	2014-06-10 16:31:05
1452	42.63	42.56	28.81	28.94	41.06	2014-06-10 16:32:04
1453	42.63	42.56	28.81	28.94	41.06	2014-06-10 16:33:03
1454	42.63	42.56	28.81	28.94	41.06	2014-06-10 16:34:03
1455	42.63	42.56	28.81	28.94	41.06	2014-06-10 16:35:02
1456	42.69	42.63	28.88	28.94	41.06	2014-06-10 16:36:01
1457	42.69	42.63	28.81	28.94	41.06	2014-06-10 16:37:01
1458	42.69	42.63	28.81	28.94	41.13	2014-06-10 16:38:00
1459	42.69	42.63	28.88	28.94	41.06	2014-06-10 16:38:59
1460	42.69	42.63	28.94	29	41.13	2014-06-10 16:39:58
1461	42.69	42.63	28.94	29	41.13	2014-06-10 16:40:58
1462	42.69	42.63	28.94	29	41.13	2014-06-10 16:41:57
1463	42.69	42.63	28.94	29	41.13	2014-06-10 16:42:56
1464	42.69	42.63	28.94	29	41.13	2014-06-10 16:43:56
1465	42.75	42.63	28.94	29	41.13	2014-06-10 16:44:55
1466	42.75	42.63	28.88	29.06	41.13	2014-06-10 16:45:54
1467	42.75	42.69	28.88	29.06	41.13	2014-06-10 16:46:53
1468	42.75	42.69	28.94	29.13	41.13	2014-06-10 16:47:53
1469	42.75	42.69	28.94	29.06	41.13	2014-06-10 16:48:52
1470	42.75	42.69	28.94	29	41.19	2014-06-10 16:49:51
1471	42.75	42.69	28.94	29	41.19	2014-06-10 16:50:51
1472	42.75	42.69	28.94	29	41.13	2014-06-10 16:51:50
1473	42.75	42.69	28.94	29	41.19	2014-06-10 16:52:49
1474	42.75	42.69	28.94	29	41.19	2014-06-10 16:53:48
1475	42.75	42.69	28.94	29	41.19	2014-06-10 16:54:48
1476	42.75	42.69	28.94	29.06	41.19	2014-06-10 16:55:47
1477	42.75	42.75	28.88	29.06	41.19	2014-06-10 16:56:46
1478	42.75	42.75	28.94	29.06	41.19	2014-06-10 16:57:46
1479	42.75	42.75	28.94	29	41.19	2014-06-10 16:58:45
1480	42.81	42.69	28.94	29.06	41.19	2014-06-10 16:59:44
1481	42.81	42.75	29	29.06	41.19	2014-06-10 17:00:43
1482	42.81	42.75	29	29.13	41.19	2014-06-10 17:01:43
1483	42.81	42.75	29.06	29.13	41.19	2014-06-10 17:02:42
1484	42.81	42.75	29.06	29.13	41.25	2014-06-10 17:03:41
1485	42.81	42.75	29.06	29.19	41.19	2014-06-10 17:04:41
1486	42.81	42.75	29.06	29.19	41.19	2014-06-10 17:05:40
1487	42.81	42.75	29.06	29.13	41.25	2014-06-10 17:06:39
1488	42.81	42.81	29.06	29.19	41.25	2014-06-10 17:07:38
1489	42.81	42.75	29.06	29.13	41.25	2014-06-10 17:08:38
1490	42.81	42.81	29.06	29.19	41.25	2014-06-10 17:09:37
1491	42.81	42.81	29.13	29.19	41.25	2014-06-10 17:10:36
1492	42.88	42.81	29.13	29.19	41.25	2014-06-10 17:11:36
1493	42.88	42.81	29.13	29.19	41.25	2014-06-10 17:12:35
1494	42.88	42.81	29.06	29.19	41.25	2014-06-10 17:13:34
1495	42.88	42.81	29.13	29.25	41.25	2014-06-10 17:14:33
1496	42.88	42.81	29.13	29.19	41.25	2014-06-10 17:15:33
1497	42.88	42.81	29.13	29.19	41.25	2014-06-10 17:16:32
1498	42.88	42.81	29.13	29.19	41.31	2014-06-10 17:17:31
1499	42.88	42.81	29.13	29.25	41.31	2014-06-10 17:18:31
1500	42.88	42.88	29.13	29.19	41.31	2014-06-10 17:19:30
1501	42.88	42.88	29.13	29.25	41.31	2014-06-10 17:20:29
1502	42.94	42.88	29.13	29.19	41.31	2014-06-10 17:21:28
1503	42.94	42.88	29.13	29.25	41.31	2014-06-10 17:22:28
1504	42.94	42.88	29.13	29.19	41.31	2014-06-10 17:23:27
1505	42.94	42.88	29.13	29.25	41.31	2014-06-10 17:24:26
1506	42.94	42.88	29.13	29.25	41.31	2014-06-10 17:25:26
1507	42.94	42.88	29.19	29.25	41.38	2014-06-10 17:26:25
1508	42.94	42.88	29.19	29.25	41.38	2014-06-10 17:27:24
1509	42.94	42.88	29.19	29.25	41.31	2014-06-10 17:28:23
1510	42.94	42.88	29.19	29.25	41.31	2014-06-10 17:29:23
1511	42.94	42.88	29.19	29.25	41.38	2014-06-10 17:30:22
1512	42.94	42.88	29.25	29.25	41.38	2014-06-10 17:31:21
1513	42.94	42.94	29.25	29.31	41.38	2014-06-10 17:32:21
1514	43	42.88	29.31	29.31	41.38	2014-06-10 17:33:20
1515	43	42.94	29.25	29.25	41.38	2014-06-10 17:34:19
1516	43	42.94	29.19	29.25	41.38	2014-06-10 17:35:18
1517	42.94	42.94	29.19	29.25	41.38	2014-06-10 17:36:18
1518	42.94	42.94	29.19	29.25	41.38	2014-06-10 17:37:17
1519	43	42.94	29.19	29.25	41.38	2014-06-10 17:38:16
1520	43	42.94	29.25	29.31	41.44	2014-06-10 17:39:16
1521	43	42.94	29.25	29.31	41.38	2014-06-10 17:40:15
1522	42.94	42.94	29.19	29.31	41.38	2014-06-10 17:41:14
1523	43	42.94	29.19	29.25	41.38	2014-06-10 17:42:13
1524	43	42.94	29.19	29.25	41.38	2014-06-10 17:43:13
1525	43	42.94	29.19	29.25	41.44	2014-06-10 17:44:12
1526	43	42.94	29.19	29.25	41.38	2014-06-10 17:45:11
1527	43	43	29.19	29.25	41.44	2014-06-10 17:46:11
1528	43	43	29.19	29.25	41.44	2014-06-10 17:47:10
1529	43	42.94	29.19	29.25	41.44	2014-06-10 17:48:09
1530	43	42.94	29.19	29.31	41.44	2014-06-10 17:49:08
1531	43.06	42.94	29.19	29.31	41.44	2014-06-10 17:50:08
1532	43.06	43	29.19	29.31	41.44	2014-06-10 17:51:07
1533	43.06	42.94	29.19	29.31	41.44	2014-06-10 17:52:06
1534	43.06	43	29.19	29.31	41.44	2014-06-10 17:53:06
1535	43.06	43	29.19	29.31	41.44	2014-06-10 17:54:05
1536	43.06	43	29.19	29.31	41.44	2014-06-10 17:55:04
1537	43.06	43	29.13	29.31	41.44	2014-06-10 17:56:03
1538	43.06	43	29.13	29.31	41.5	2014-06-10 17:57:03
1539	43.06	43	29.19	29.31	41.5	2014-06-10 17:58:02
1540	43.06	43	29.19	29.25	41.5	2014-06-10 17:59:01
1541	43.06	42.94	29.19	29.25	41.44	2014-06-10 18:00:01
1542	43.06	43	29.19	29.25	41.5	2014-06-10 18:01:00
1543	43.06	43	29.19	29.25	41.5	2014-06-10 18:01:59
1544	43.06	43	29.13	29.25	41.5	2014-06-10 18:02:58
1545	43.06	43	29.13	29.25	41.5	2014-06-10 18:03:58
1546	43.06	43	29.13	29.25	41.5	2014-06-10 18:04:57
1547	43.06	43	29.13	29.25	41.5	2014-06-10 18:05:56
1548	43.06	43.06	29.13	29.25	41.5	2014-06-10 18:06:56
1549	43.06	43	29.19	29.25	41.5	2014-06-10 18:07:55
1550	43.06	43	29.19	29.31	41.5	2014-06-10 18:08:54
1551	43.06	43	29.13	29.25	41.5	2014-06-10 18:09:53
1552	43.13	43.06	29.19	29.25	41.5	2014-06-10 18:10:53
1553	43.06	43	29.13	29.25	41.5	2014-06-10 18:11:52
1554	43.13	43.06	29.13	29.25	41.5	2014-06-10 18:12:51
1555	43.13	43.06	29.13	29.25	41.56	2014-06-10 18:13:51
1556	43.13	43.06	29.19	29.25	41.56	2014-06-10 18:14:50
1557	43.13	43.06	29.19	29.25	41.5	2014-06-10 18:15:49
1558	43.13	43.06	29.13	29.31	41.5	2014-06-10 18:16:48
1559	43.13	43	29.19	29.31	41.5	2014-06-10 18:17:48
1560	43.13	43	29.25	29.31	41.5	2014-06-10 18:18:47
1561	43.13	43	29.25	29.31	41.56	2014-06-10 18:19:46
1562	43.13	43.06	29.25	29.25	41.56	2014-06-10 18:20:46
1563	43.13	43.06	29.19	29.31	41.5	2014-06-10 18:21:45
1564	43.13	43.06	29.19	29.31	41.5	2014-06-10 18:22:44
1565	43.13	43.06	29.19	29.31	41.56	2014-06-10 18:23:43
1566	43.13	43.06	29.19	29.31	41.56	2014-06-10 18:24:43
1567	43.13	43.06	29.19	29.25	41.56	2014-06-10 18:25:42
1568	43.13	43.06	29.19	29.25	41.56	2014-06-10 18:26:41
1569	43.13	43.06	29.19	29.31	41.56	2014-06-10 18:27:41
1570	43.13	43.06	29.19	29.38	41.56	2014-06-10 18:28:40
1571	43.13	43.13	29.25	29.38	41.56	2014-06-10 18:29:39
1572	43.13	43.06	29.25	29.38	41.56	2014-06-10 18:30:39
1573	43.13	43.06	29.25	29.38	41.56	2014-06-10 18:31:38
1574	43.13	43.06	29.19	29.38	41.56	2014-06-10 18:32:37
1575	43.13	43.06	29.25	29.38	41.56	2014-06-10 18:33:36
1576	43.13	43.06	29.25	29.38	41.56	2014-06-10 18:34:36
1577	43.13	43.06	29.25	29.38	41.56	2014-06-10 18:35:35
1578	43.13	43.13	29.25	29.38	41.56	2014-06-10 18:36:34
1579	43.13	43.06	29.25	29.38	41.56	2014-06-10 18:37:34
1580	43.13	43.06	29.31	29.38	41.56	2014-06-10 18:38:33
1581	43.13	43.13	29.31	29.38	41.56	2014-06-10 18:39:32
1582	43.13	43.06	29.31	29.38	41.56	2014-06-10 18:40:31
1583	43.13	43.06	29.31	29.38	41.56	2014-06-10 18:41:31
1584	43.19	43.06	29.31	29.38	41.56	2014-06-10 18:42:30
1585	43.19	43.06	29.31	29.38	41.56	2014-06-10 18:43:29
1586	43.19	43.06	29.25	29.31	41.56	2014-06-10 18:44:29
1587	43.19	43.13	29.25	29.38	41.56	2014-06-10 18:45:28
1588	43.13	43.13	29.25	29.31	41.63	2014-06-10 18:46:27
1589	43.13	43.06	29.25	29.31	41.56	2014-06-10 18:47:26
1590	43.19	43.06	29.25	29.31	41.56	2014-06-10 18:48:26
1591	43.19	43.06	29.19	29.31	41.56	2014-06-10 18:49:25
1592	43.19	43.06	29.19	29.25	41.56	2014-06-10 18:50:24
1593	43.19	43.06	29.25	29.25	41.63	2014-06-10 18:51:24
1594	43.19	43.13	29.25	29.31	41.56	2014-06-10 18:52:23
1595	43.19	43.13	29.19	29.25	41.63	2014-06-10 18:53:22
1596	43.19	43.13	29.19	29.25	41.56	2014-06-10 18:54:21
1597	43.19	43.13	29.19	29.31	41.63	2014-06-10 18:55:21
1598	43.19	43.13	29.25	29.31	41.56	2014-06-10 18:56:20
1599	43.19	43.13	29.19	29.31	41.56	2014-06-10 18:57:19
1600	43.19	43.06	29.25	29.31	41.63	2014-06-10 18:58:19
1601	43.19	43.06	29.25	29.38	41.63	2014-06-10 18:59:18
1602	43.19	43.13	29.25	29.38	41.63	2014-06-10 19:00:17
1603	43.19	43.13	29.25	29.38	41.63	2014-06-10 19:01:16
1604	43.19	43.06	29.31	29.31	41.63	2014-06-10 19:02:16
1605	43.19	43.13	29.31	29.38	41.63	2014-06-10 19:03:15
1606	43.19	43.13	29.31	29.38	41.63	2014-06-10 19:04:14
1607	43.19	43.13	29.31	29.38	41.63	2014-06-10 19:05:14
1608	43.19	43.13	29.31	29.38	41.63	2014-06-10 19:06:13
1609	43.19	43.13	29.31	29.38	41.63	2014-06-10 19:07:12
1610	43.19	43.13	29.31	29.38	41.63	2014-06-10 19:08:11
1611	43.19	43.19	29.31	29.38	41.63	2014-06-10 19:09:11
1612	43.19	43.13	29.31	29.38	41.63	2014-06-10 19:10:10
1613	43.19	43.13	29.31	29.38	41.63	2014-06-10 19:11:09
1614	43.25	43.13	29.31	29.38	41.63	2014-06-10 19:12:09
1615	43.19	43.13	29.31	29.31	41.63	2014-06-10 19:13:08
1616	43.25	43.13	29.31	29.38	41.63	2014-06-10 19:14:07
1617	43.25	43.13	29.31	29.38	41.63	2014-06-10 19:15:06
1618	43.25	43.13	29.25	29.31	41.63	2014-06-10 19:16:06
1619	43.19	43.19	29.25	29.38	41.63	2014-06-10 19:17:05
1620	43.19	43.19	29.31	29.38	41.63	2014-06-10 19:18:04
1621	43.19	43.13	29.25	29.31	41.63	2014-06-10 19:19:04
1622	43.25	43.13	29.19	29.31	41.69	2014-06-10 19:20:03
1623	43.19	43.13	29.19	29.31	41.63	2014-06-10 19:21:02
1624	43.19	43.13	29.25	29.31	41.69	2014-06-10 19:22:01
1625	43.19	43.13	29.25	29.31	41.63	2014-06-10 19:23:01
1626	43.19	43.13	29.19	29.31	41.69	2014-06-10 19:24:00
1627	43.19	43.19	29.19	29.25	41.63	2014-06-10 19:24:59
1628	43.19	43.13	29.19	29.31	41.63	2014-06-10 19:25:59
1629	43.25	43.19	29.13	29.31	41.63	2014-06-10 19:26:58
1630	43.19	43.19	29.19	29.31	41.63	2014-06-10 19:27:57
1631	43.19	43.13	29.19	29.31	41.63	2014-06-10 19:28:56
1632	43.19	43.19	29.13	29.25	41.63	2014-06-10 19:29:56
1633	43.25	43.19	29.13	29.25	41.63	2014-06-10 19:30:55
1634	43.25	43.13	29.13	29.25	41.63	2014-06-10 19:31:54
1635	43.19	43.19	29.13	29.25	41.69	2014-06-10 19:32:54
1636	43.25	43.19	29.06	29.25	41.63	2014-06-10 19:33:53
1637	43.19	43.19	29.06	29.19	41.69	2014-06-10 19:34:52
1638	43.25	43.13	29.06	29.19	41.63	2014-06-10 19:35:51
1639	43.25	43.19	29.06	29.19	41.63	2014-06-10 19:36:51
1640	43.25	43.19	29.06	29.19	41.69	2014-06-10 19:37:50
1641	43.25	43.13	29	29.19	41.63	2014-06-10 19:38:49
1642	43.25	43.19	29	29.19	41.69	2014-06-10 19:39:49
1643	43.25	43.19	29.06	29.19	41.63	2014-06-10 19:40:48
1644	43.25	43.13	29.06	29.25	41.63	2014-06-10 19:41:47
1645	43.25	43.13	29.06	29.25	41.63	2014-06-10 19:42:46
1646	43.19	43.13	29	29.19	41.63	2014-06-10 19:43:46
1647	43.25	43.19	29	29.19	41.69	2014-06-10 19:44:45
1648	43.25	43.19	29.06	29.19	41.63	2014-06-10 19:45:44
1649	43.25	43.13	29.06	29.19	41.63	2014-06-10 19:46:44
1650	43.25	43.13	29.06	29.19	41.69	2014-06-10 19:47:43
1651	43.19	43.13	29.06	29.19	41.63	2014-06-10 19:48:42
1652	43.19	43.13	29.13	29.19	41.63	2014-06-10 19:49:41
1653	43.19	43.19	29.13	29.19	41.63	2014-06-10 19:50:41
